Device being used: cuda:0
Number of train videos: 493, train keys: ['video_15446', 'video_28524', 'video_17946', 'video_23782', 'video_28531', 'video_2286', 'video_24593', 'video_13864', 'video_21008', 'video_1198', 'video_21003', 'video_22350', 'video_12846', 'video_2293', 'video_11584', 'video_24511', 'video_2295', 'video_27372', 'video_4974', 'video_15062', 'video_24956', 'video_12643', 'video_1849', 'video_13830', 'video_28526', 'video_15060', 'video_13836', 'video_24979', 'video_14727', 'video_27387', 'video_12841', 'video_2287', 'video_22369', 'video_2289', 'video_22360', 'video_5738', 'video_17939', 'video_22368', 'video_1860', 'video_28521', 'video_5740', 'video_4962', 'video_4960', 'video_4968', 'video_19216', 'video_23793', 'video_14732', 'video_19218', 'video_1851', 'video_11559', 'video_12644', 'video_11574', 'video_12844', 'video_13835', 'video_4973', 'video_15057', 'video_1188', 'video_15452', 'video_15447', 'video_14725', 'video_15055', 'video_22358', 'video_20988', 'video_1197', 'video_18851', 'video_28505', 'video_5748', 'video_15449', 'video_15184', 'video_1184', 'video_4971', 'video_23781', 'video_13871', 'video_13885', 'video_15181', 'video_2288', 'video_14736', 'video_11565', 'video_28512', 'video_12860', 'video_14735', 'video_28502', 'video_20991', 'video_2285', 'video_11585', 'video_15448', 'video_17927', 'video_1858', 'video_27386', 'video_12850', 'video_5749', 'video_1191', 'video_1196', 'video_21014', 'video_28516', 'video_14726', 'video_13867', 'video_12660', 'video_20992', 'video_28523', 'video_24523', 'video_1856', 'video_24978', 'video_1200', 'video_13869', 'video_13831', 'video_28508', 'video_28497', 'video_11571', 'video_15172', 'video_28513', 'video_18845', 'video_23785', 'video_24962', 'video_19212', 'video_15170', 'video_15166', 'video_1855', 'video_21012', 'video_14734', 'video_13868', 'video_1863', 'video_17936', 'video_1857', 'video_24517', 'video_24520', 'video_20989', 'video_18857', 'video_14721', 'video_12848', 'video_23798', 'video_14720', 'video_1193', 'video_22361', 'video_28506', 'video_18859', 'video_19208', 'video_12646', 'video_27375', 'video_15180', 'video_24954', 'video_11575', 'video_13879', 'video_20990', 'video_14719', 'video_15442', 'video_11581', 'video_11582', 'video_21015', 'video_21010', 'video_23776', 'video_12648', 'video_13876', 'video_18860', 'video_27374', 'video_12658', 'video_15167', 'video_4970', 'video_27381', 'video_24961', 'video_24968', 'video_24963', 'video_15059', 'video_15185', 'video_1181', 'video_28499', 'video_13841', 'video_28520', 'video_24952', 'video_24967', 'video_14741', 'video_21000', 'video_13880', 'video_5739', 'video_15441', 'video_12858', 'video_28533', 'video_11569', 'video_1866', 'video_2296', 'video_15178', 'video_21001', 'video_24969', 'video_12656', 'video_17944', 'video_17943', 'video_22367', 'video_24970', 'video_27383', 'video_22355', 'video_22365', 'video_4976', 'video_15051', 'video_19209', 'video_17945', 'video_23777', 'video_13832', 'video_14729', 'video_18852', 'video_14724', 'video_12647', 'video_26936', 'video_18864', 'video_5752', 'video_28504', 'video_11563', 'video_13870', 'video_28500', 'video_1182', 'video_24592', 'video_24586', 'video_13877', 'video_17937', 'video_12650', 'video_12843', 'video_12840', 'video_23786', 'video_1183', 'video_14718', 'video_14740', 'video_20995', 'video_19207', 'video_12836', 'video_23790', 'video_18854', 'video_28511', 'video_17932', 'video_12854', 'video_14717', 'video_12645', 'video_12845', 'video_15450', 'video_2290', 'video_28517', 'video_23788', 'video_12842', 'video_12839', 'video_11561', 'video_13837', 'video_23778', 'video_26941', 'video_12859', 'video_19214', 'video_1195', 'video_23784', 'video_5746', 'video_21011', 'video_15169', 'video_1854', 'video_5742', 'video_1194', 'video_24529', 'video_28507', 'video_18856', 'video_24973', 'video_23801', 'video_14737', 'video_13884', 'video_23789', 'video_24584', 'video_2298', 'video_28496', 'video_24960', 'video_20993', 'video_19219', 'video_26944', 'video_18863', 'video_24512', 'video_20997', 'video_1189', 'video_24966', 'video_1199', 'video_24519', 'video_28518', 'video_4963', 'video_23779', 'video_12654', 'video_23799', 'video_26942', 'video_26945', 'video_12857', 'video_28498', 'video_12663', 'video_2292', 'video_13886', 'video_13878', 'video_24591', 'video_15183', 'video_1187', 'video_11573', 'video_5747', 'video_21007', 'video_2294', 'video_28509', 'video_11577', 'video_13874', 'video_18849', 'video_13872', 'video_4967', 'video_13834', 'video_26937', 'video_19210', 'video_19213', 'video_23794', 'video_1862', 'video_17947', 'video_23787', 'video_15174', 'video_15177', 'video_18853', 'video_12653', 'video_18846', 'video_15053', 'video_12666', 'video_21002', 'video_24949', 'video_14730', 'video_18848', 'video_24509', 'video_18858', 'video_24953', 'video_18855', 'video_17942', 'video_11580', 'video_5741', 'video_24585', 'video_1186', 'video_12641', 'video_28522', 'video_22351', 'video_24510', 'video_24976', 'video_24972', 'video_15058', 'video_12655', 'video_22364', 'video_24515', 'video_12651', 'video_23783', 'video_1859', 'video_27382', 'video_13866', 'video_27378', 'video_12856', 'video_21004', 'video_17929', 'video_24514', 'video_28514', 'video_11578', 'video_4965', 'video_24971', 'video_20998', 'video_24974', 'video_28534', 'video_28525', 'video_2291', 'video_15168', 'video_17940', 'video_27371', 'video_14733', 'video_24955', 'video_24513', 'video_4966', 'video_14738', 'video_22354', 'video_12665', 'video_17928', 'video_1850', 'video_19215', 'video_11570', 'video_24975', 'video_11567', 'video_12863', 'video_4975', 'video_12851', 'video_24589', 'video_24950', 'video_13883', 'video_28530', 'video_28510', 'video_13881', 'video_2300', 'video_4979', 'video_24964', 'video_15445', 'video_15182', 'video_11576', 'video_17938', 'video_2297', 'video_22352', 'video_1192', 'video_18862', 'video_5753', 'video_19217', 'video_17933', 'video_12662', 'video_24957', 'video_27377', 'video_17941', 'video_17930', 'video_27373', 'video_24959', 'video_22349', 'video_24590', 'video_24516', 'video_1185', 'video_22372', 'video_4964', 'video_28515', 'video_15173', 'video_28527', 'video_4969', 'video_5743', 'video_11579', 'video_17931', 'video_18847', 'video_2299', 'video_14739', 'video_12667', 'video_20994', 'video_13873', 'video_17935', 'video_12664', 'video_27376', 'video_15061', 'video_12847', 'video_4959', 'video_28529', 'video_12849', 'video_24527', 'video_24526', 'video_15453', 'video_11566', 'video_15176', 'video_4961', 'video_17926', 'video_24965', 'video_27384', 'video_26940', 'video_2301', 'video_12837', 'video_22357', 'video_26938', 'video_21005', 'video_12861', 'video_24521', 'video_23780', 'video_21013', 'video_5744', 'video_23797', 'video_28532', 'video_26939', 'video_14722', 'video_4972', 'video_11572', 'video_12862', 'video_20996', 'video_2302', 'video_5750', 'video_12652', 'video_11564', 'video_4977', 'video_22362', 'video_13802', 'video_23796', 'video_12657', 'video_24528', 'video_13833', 'video_13838', 'video_24588', 'video_13829', 'video_15451', 'video_24977', 'video_19205', 'video_28528', 'video_28503', 'video_27379', 'video_13882', 'video_13840', 'video_22363', 'video_22359', 'video_15056', 'video_28519', 'video_21009', 'video_28501', 'video_22356', 'video_24525', 'video_18861', 'video_12838', 'video_4980', 'video_21006', 'video_24583', 'video_15171']
Number of val videos: 33, val keys: ['video_12853', 'video_20999', 'video_18850', 'video_5751', 'video_1864', 'video_15179', 'video_5745', 'video_23795', 'video_24524', 'video_13839', 'video_5754', 'video_15443', 'video_17934', 'video_15186', 'video_12852', 'video_1861', 'video_13865', 'video_26943', 'video_14723', 'video_11562', 'video_1852', 'video_19211', 'video_22370', 'video_4978', 'video_15444', 'video_22353', 'video_4981', 'video_15054', 'video_12855', 'video_15175', 'video_1848', 'video_12661', 'video_23791']
Number of test videos: 29, test keys: ['video_13875', 'video_11560', 'video_12642', 'video_11568', 'video_26935', 'video_12659', 'video_22366', 'video_19206', 'video_24522', 'video_13842', 'video_11583', 'video_24951', 'video_24587', 'video_24582', 'video_1853', 'video_27380', 'video_15454', 'video_1865', 'video_14731', 'video_23800', 'video_23792', 'video_27385', 'video_1190', 'video_12649', 'video_14728', 'video_15052', 'video_22371', 'video_24518', 'video_24958']
Loading CLIP models
[Epoch: 0/200 ]
Loss: 1.398681402206421 | PLCC: -0.03626656532287598
Loss: 1.2221548557281494 | PLCC: -0.048764944076538086
Loss: 1.1922694444656372 | PLCC: 0.01707315444946289
Loss: 1.1873552799224854 | PLCC: 0.0354573130607605
Avg PLCC -0.00411850749514997
   [Epoch 0] Train loss: 1.25012
    VAL  F-score 48.821 | MAP50 0.55319 | MAP15 0.20061
[Epoch: 1/200 ]
Loss: 1.1819372177124023 | PLCC: 0.004599452018737793
Loss: 1.1521295309066772 | PLCC: -0.003901839256286621
Loss: 1.1271944046020508 | PLCC: 0.01437920331954956
Loss: 1.1068222522735596 | PLCC: 0.03934222459793091
Avg PLCC -0.004856072606123758
   [Epoch 1] Train loss: 1.14202
    VAL  F-score 40.525 | MAP50 0.5515 | MAP15 0.20712
[Epoch: 2/200 ]
Loss: 1.0791300535202026 | PLCC: 0.07008963823318481
Loss: 1.0841745138168335 | PLCC: 0.07456326484680176
Loss: 1.1640121936798096 | PLCC: -0.017104148864746094
Loss: 1.021008849143982 | PLCC: 0.10575735569000244
Avg PLCC 0.013433616262663043
   [Epoch 2] Train loss: 1.08708
    VAL  F-score 47.683 | MAP50 0.56278 | MAP15 0.22094
[Epoch: 3/200 ]
Loss: 1.0783047676086426 | PLCC: 0.04262751340866089
Loss: 1.0914123058319092 | PLCC: 0.028146684169769287
Loss: 1.1393824815750122 | PLCC: -0.0006859302520751953
Loss: 1.1155422925949097 | PLCC: 0.023961186408996582
Avg PLCC 0.020911046219143
   [Epoch 3] Train loss: 1.10616
    VAL  F-score 49.866 | MAP50 0.56476 | MAP15 0.23408
[Epoch: 4/200 ]
Loss: 1.067535638809204 | PLCC: 0.06652712821960449
Loss: 1.132718563079834 | PLCC: -0.009336471557617188
Loss: 1.0765528678894043 | PLCC: 0.037222087383270264
Loss: 1.0945430994033813 | PLCC: 0.027242004871368408
Avg PLCC 0.017765671462808368
   [Epoch 4] Train loss: 1.09284
    VAL  F-score 48.433 | MAP50 0.55586 | MAP15 0.22203
[Epoch: 5/200 ]
Loss: 1.0334919691085815 | PLCC: 0.08195209503173828
Loss: 1.11319899559021 | PLCC: 0.018521547317504883
Loss: 1.0400707721710205 | PLCC: 0.07981216907501221
Loss: 1.1247566938400269 | PLCC: -0.012629866600036621
Avg PLCC 0.016728530172258615
   [Epoch 5] Train loss: 1.07788
    VAL  F-score 47.716 | MAP50 0.55376 | MAP15 0.22336
[Epoch: 6/200 ]
Loss: 0.9852545857429504 | PLCC: 0.13136959075927734
Loss: 1.0469834804534912 | PLCC: 0.06618738174438477
Loss: 0.9915441274642944 | PLCC: 0.11754035949707031
Loss: 0.9998461008071899 | PLCC: 0.11143743991851807
Avg PLCC 0.015337662503236172
   [Epoch 6] Train loss: 1.00591
    VAL  F-score 49.32 | MAP50 0.5494 | MAP15 0.22181
[Epoch: 7/200 ]
Loss: 1.0593959093093872 | PLCC: 0.05333590507507324
Loss: 1.0162420272827148 | PLCC: 0.09911304712295532
Loss: 1.0485717058181763 | PLCC: 0.06186521053314209
Loss: 1.0420582294464111 | PLCC: 0.0687517523765564
Avg PLCC 0.010307719255444792
   [Epoch 7] Train loss: 1.04157
    VAL  F-score 49.387 | MAP50 0.54543 | MAP15 0.21393
[Epoch: 8/200 ]
Loss: 1.0008330345153809 | PLCC: 0.10636615753173828
Loss: 1.03689444065094 | PLCC: 0.07766258716583252
Loss: 1.0128570795059204 | PLCC: 0.09981989860534668
Loss: 0.9956669211387634 | PLCC: 0.11764460802078247
Avg PLCC 0.01820742598537243
   [Epoch 8] Train loss: 1.01156
    VAL  F-score 47.793 | MAP50 0.55504 | MAP15 0.22436
[Epoch: 9/200 ]
Loss: 1.0315879583358765 | PLCC: 0.08830350637435913
Loss: 1.0026371479034424 | PLCC: 0.10894221067428589
Loss: 0.9483750462532043 | PLCC: 0.16572916507720947
Loss: 0.9953661561012268 | PLCC: 0.1168397068977356
Avg PLCC 0.033983760005371136
   [Epoch 9] Train loss: 0.99449
    VAL  F-score 48.289 | MAP50 0.56129 | MAP15 0.22058
[Epoch: 10/200]
Loss: 0.9249111413955688 | PLCC: 0.1798245906829834
Loss: 0.9417765140533447 | PLCC: 0.16138029098510742
Loss: 0.9420692324638367 | PLCC: 0.16074836254119873
Loss: 0.8767657279968262 | PLCC: 0.23921239376068115
Avg PLCC 0.05028711578625283
   [Epoch 10] Train loss: 0.92138
    VAL  F-score 49.232 | MAP50 0.56986 | MAP15 0.22627
[Epoch: 11/200]
Loss: 1.0203931331634521 | PLCC: 0.09198355674743652
Loss: 0.9231704473495483 | PLCC: 0.18405789136886597
Loss: 0.9237250089645386 | PLCC: 0.18008822202682495
Loss: 0.9617891907691956 | PLCC: 0.15491235256195068
Avg PLCC 0.062228865568723646
   [Epoch 11] Train loss: 0.95727
    VAL  F-score 51.23 | MAP50 0.57199 | MAP15 0.22604
[Epoch: 12/200]
Loss: 0.9317575097084045 | PLCC: 0.16539806127548218
Loss: 0.9590439796447754 | PLCC: 0.15047436952590942
Loss: 0.8708487749099731 | PLCC: 0.2339566946029663
Loss: 0.9224872589111328 | PLCC: 0.18797922134399414
Avg PLCC 0.06482951952652498
   [Epoch 12] Train loss: 0.92103
    VAL  F-score 51.609 | MAP50 0.56782 | MAP15 0.22651
[Epoch: 13/200]
Loss: 0.9304202795028687 | PLCC: 0.16670459508895874
Loss: 0.8940780162811279 | PLCC: 0.20893877744674683
Loss: 0.9011357426643372 | PLCC: 0.20346486568450928
Loss: 0.8941218256950378 | PLCC: 0.21082556247711182
Avg PLCC 0.06327264421534809
   [Epoch 13] Train loss: 0.90494
    VAL  F-score 51.958 | MAP50 0.56664 | MAP15 0.2262
[Epoch: 14/200]
Loss: 0.8755420446395874 | PLCC: 0.22218281030654907
Loss: 0.9428452253341675 | PLCC: 0.1579054594039917
Loss: 0.8284048438072205 | PLCC: 0.2670879364013672
Loss: 0.8992018699645996 | PLCC: 0.19694793224334717
Avg PLCC 0.059468076564371586
   [Epoch 14] Train loss: 0.88650
    VAL  F-score 50.174 | MAP50 0.57157 | MAP15 0.23049
[Epoch: 15/200]
Loss: 0.8674229979515076 | PLCC: 0.22981590032577515
Loss: 0.9310941696166992 | PLCC: 0.16726112365722656
Loss: 0.8797862529754639 | PLCC: 0.22632062435150146
Loss: 0.8705806136131287 | PLCC: 0.2331395149230957
Avg PLCC 0.05677805846613465
   [Epoch 15] Train loss: 0.88722
    VAL  F-score 48.209 | MAP50 0.56576 | MAP15 0.22383
[Epoch: 16/200]
Loss: 0.8830018043518066 | PLCC: 0.20809829235076904
Loss: 0.7844326496124268 | PLCC: 0.3132835626602173
Loss: 0.9303144216537476 | PLCC: 0.17526620626449585
Loss: 0.8633521795272827 | PLCC: 0.2358095645904541
Avg PLCC 0.055679709537688526
   [Epoch 16] Train loss: 0.86528
    VAL  F-score 51.554 | MAP50 0.56758 | MAP15 0.2278
[Epoch: 17/200]
Loss: 0.8426797389984131 | PLCC: 0.25811266899108887
Loss: 0.936972439289093 | PLCC: 0.16199278831481934
Loss: 0.78173828125 | PLCC: 0.33135366439819336
Loss: 0.8614785075187683 | PLCC: 0.2447570562362671
Avg PLCC 0.0669222716242075
   [Epoch 17] Train loss: 0.85572
    VAL  F-score 45.09 | MAP50 0.56685 | MAP15 0.22253
[Epoch: 18/200]
Loss: 0.8346161246299744 | PLCC: 0.26533782482147217
Loss: 0.8250383734703064 | PLCC: 0.2699121832847595
Loss: 0.761486828327179 | PLCC: 0.33525800704956055
Loss: 0.8007925748825073 | PLCC: 0.2955288887023926
Avg PLCC 0.07644801145193703
   [Epoch 18] Train loss: 0.80548
    VAL  F-score 38.734 | MAP50 0.56896 | MAP15 0.22168
[Epoch: 19/200]
Loss: 0.7963762283325195 | PLCC: 0.31144970655441284
Loss: 0.7988240718841553 | PLCC: 0.29234468936920166
Loss: 0.7631615400314331 | PLCC: 0.3352311849594116
Loss: 0.8105412721633911 | PLCC: 0.2836601734161377
Avg PLCC 0.07897633531441291
   [Epoch 19] Train loss: 0.79223
    VAL  F-score 45.852 | MAP50 0.57422 | MAP15 0.23455
[Epoch: 20/200]
Loss: 0.8143813014030457 | PLCC: 0.274594247341156
Loss: 0.791627824306488 | PLCC: 0.31423747539520264
Loss: 0.7519783973693848 | PLCC: 0.3497934937477112
Loss: 0.7807306051254272 | PLCC: 0.31284618377685547
Avg PLCC 0.07982179361649534
   [Epoch 20] Train loss: 0.78468
    VAL  F-score 39.65 | MAP50 0.57664 | MAP15 0.22984
[Epoch: 21/200]
Loss: 0.7721015214920044 | PLCC: 0.3172416687011719
Loss: 0.7650313973426819 | PLCC: 0.3309577703475952
Loss: 0.751853346824646 | PLCC: 0.34018802642822266
Loss: 0.782227635383606 | PLCC: 0.3147432804107666
Avg PLCC 0.07918917294591665
   [Epoch 21] Train loss: 0.76780
    VAL  F-score 45.522 | MAP50 0.58093 | MAP15 0.23141
[Epoch: 22/200]
Loss: 0.7583837509155273 | PLCC: 0.33339834213256836
Loss: 0.7800403833389282 | PLCC: 0.3113926649093628
Loss: 0.6995277404785156 | PLCC: 0.3995015621185303
Loss: 0.7938750982284546 | PLCC: 0.30055201053619385
Avg PLCC 0.07713145762681961
   [Epoch 22] Train loss: 0.75796
    VAL  F-score 44.48 | MAP50 0.58193 | MAP15 0.22577
[Epoch: 23/200]
Loss: 0.7997905015945435 | PLCC: 0.28847384452819824
Loss: 0.7031692266464233 | PLCC: 0.3817470073699951
Loss: 0.7677965760231018 | PLCC: 0.3231987953186035
Loss: 0.7108811140060425 | PLCC: 0.3743501901626587
Avg PLCC 0.0775211510869364
   [Epoch 23] Train loss: 0.74541
    VAL  F-score 43.847 | MAP50 0.58027 | MAP15 0.23005
[Epoch: 24/200]
Loss: 0.7690883874893188 | PLCC: 0.3132205009460449
Loss: 0.7043775320053101 | PLCC: 0.38060498237609863
Loss: 0.7091938853263855 | PLCC: 0.37726497650146484
Loss: 0.7045539021492004 | PLCC: 0.3881514072418213
Avg PLCC 0.08148219179587834
   [Epoch 24] Train loss: 0.72180
    VAL  F-score 45.414 | MAP50 0.57482 | MAP15 0.22189
[Epoch: 25/200]
Loss: 0.7719202041625977 | PLCC: 0.31328171491622925
Loss: 0.6729601621627808 | PLCC: 0.41400790214538574
Loss: 0.7127777338027954 | PLCC: 0.3645631670951843
Loss: 0.7093207836151123 | PLCC: 0.3747103214263916
Avg PLCC 0.08281130738253
   [Epoch 25] Train loss: 0.71674
    VAL  F-score 42.309 | MAP50 0.57736 | MAP15 0.22388
[Epoch: 26/200]
Loss: 0.7223751544952393 | PLCC: 0.3597525358200073
Loss: 0.7879965305328369 | PLCC: 0.29401594400405884
Loss: 0.6741114854812622 | PLCC: 0.4033137559890747
Loss: 0.6476097702980042 | PLCC: 0.4348388910293579
Avg PLCC 0.07974021955195701
   [Epoch 26] Train loss: 0.70802
    VAL  F-score 44.13 | MAP50 0.57461 | MAP15 0.22719
[Epoch: 27/200]
Loss: 0.6564083099365234 | PLCC: 0.4311025142669678
Loss: 0.7063695192337036 | PLCC: 0.3681286573410034
Loss: 0.7235944271087646 | PLCC: 0.3575267195701599
Loss: 0.7467025518417358 | PLCC: 0.3313642144203186
Avg PLCC 0.07940244076378418
   [Epoch 27] Train loss: 0.70827
    VAL  F-score 43.373 | MAP50 0.57777 | MAP15 0.23079
[Epoch: 28/200]
Loss: 0.7770528197288513 | PLCC: 0.3011496067047119
Loss: 0.7224476337432861 | PLCC: 0.36222612857818604
Loss: 0.7037821412086487 | PLCC: 0.37683993577957153
Loss: 0.6318011283874512 | PLCC: 0.45658552646636963
Avg PLCC 0.08958464420654556
   [Epoch 28] Train loss: 0.70877
    VAL  F-score 43.835 | MAP50 0.58614 | MAP15 0.23236
[Epoch: 29/200]
Loss: 0.6524483561515808 | PLCC: 0.4287090301513672
Loss: 0.6680809259414673 | PLCC: 0.4052410125732422
Loss: 0.6696269512176514 | PLCC: 0.4181789755821228
Loss: 0.7386802434921265 | PLCC: 0.3379533886909485
Avg PLCC 0.09880379852697704
   [Epoch 29] Train loss: 0.68221
    VAL  F-score 44.056 | MAP50 0.5909 | MAP15 0.24084
[Epoch: 30/200]
Loss: 0.7078254222869873 | PLCC: 0.3695199489593506
Loss: 0.6848914623260498 | PLCC: 0.39180290699005127
Loss: 0.6505792140960693 | PLCC: 0.4267759323120117
Loss: 0.6597904562950134 | PLCC: 0.4114390015602112
Avg PLCC 0.1047756809628371
   [Epoch 30] Train loss: 0.67577
    VAL  F-score 44.12 | MAP50 0.59312 | MAP15 0.24323
[Epoch: 31/200]
Loss: 0.6716412901878357 | PLCC: 0.40946048498153687
Loss: 0.7003664970397949 | PLCC: 0.3772599697113037
Loss: 0.6886390447616577 | PLCC: 0.38850897550582886
Loss: 0.6307073831558228 | PLCC: 0.4456527829170227
Avg PLCC 0.10828033625853783
   [Epoch 31] Train loss: 0.67284
    VAL  F-score 44.634 | MAP50 0.59177 | MAP15 0.23909
[Epoch: 32/200]
Loss: 0.6201521754264832 | PLCC: 0.4553443193435669
Loss: 0.687821626663208 | PLCC: 0.38776177167892456
Loss: 0.6067266464233398 | PLCC: 0.46850067377090454
Loss: 0.7343480587005615 | PLCC: 0.3420335054397583
Avg PLCC 0.10984582460845228
   [Epoch 32] Train loss: 0.66226
    VAL  F-score 43.456 | MAP50 0.59244 | MAP15 0.2385
[Epoch: 33/200]
Loss: 0.6292968988418579 | PLCC: 0.44206511974334717
Loss: 0.6234867572784424 | PLCC: 0.4544633626937866
Loss: 0.7038364410400391 | PLCC: 0.3705192804336548
Loss: 0.716981053352356 | PLCC: 0.36550837755203247
Avg PLCC 0.11056813968797073
   [Epoch 33] Train loss: 0.66840
    VAL  F-score 45.044 | MAP50 0.59756 | MAP15 0.2424
[Epoch: 34/200]
Loss: 0.6552257537841797 | PLCC: 0.4205514192581177
Loss: 0.6467781066894531 | PLCC: 0.42912983894348145
Loss: 0.6525924801826477 | PLCC: 0.42034292221069336
Loss: 0.6311236619949341 | PLCC: 0.44830769300460815
Avg PLCC 0.10630126983265985
   [Epoch 34] Train loss: 0.64643
    VAL  F-score 45.899 | MAP50 0.5983 | MAP15 0.24992
[Epoch: 35/200]
Loss: 0.6282217502593994 | PLCC: 0.44816362857818604
Loss: 0.6816887855529785 | PLCC: 0.3893231153488159
Loss: 0.6251997947692871 | PLCC: 0.4444620609283447
Loss: 0.6191308498382568 | PLCC: 0.45225703716278076
Avg PLCC 0.10748953250533139
   [Epoch 35] Train loss: 0.63856
    VAL  F-score 47.888 | MAP50 0.59971 | MAP15 0.24812
[Epoch: 36/200]
Loss: 0.634882926940918 | PLCC: 0.44447553157806396
Loss: 0.6128743886947632 | PLCC: 0.45285117626190186
Loss: 0.7446740865707397 | PLCC: 0.32440656423568726
Loss: 0.5694440603256226 | PLCC: 0.4978832006454468
Avg PLCC 0.11454762981245012
   [Epoch 36] Train loss: 0.64047
    VAL  F-score 46.809 | MAP50 0.60083 | MAP15 0.24712
[Epoch: 37/200]
Loss: 0.6447139382362366 | PLCC: 0.42839884757995605
Loss: 0.5940014123916626 | PLCC: 0.4762192964553833
Loss: 0.7002741694450378 | PLCC: 0.36949384212493896
Loss: 0.5830669403076172 | PLCC: 0.4847449064254761
Avg PLCC 0.1200771972988591
   [Epoch 37] Train loss: 0.63051
    VAL  F-score 44.848 | MAP50 0.60228 | MAP15 0.24766
[Epoch: 38/200]
Loss: 0.6310101747512817 | PLCC: 0.43268728256225586
Loss: 0.6179346442222595 | PLCC: 0.4550970792770386
Loss: 0.6194350123405457 | PLCC: 0.4577481746673584
Loss: 0.6710448265075684 | PLCC: 0.3998795747756958
Avg PLCC 0.12488570493279082
   [Epoch 38] Train loss: 0.63486
    VAL  F-score 48.248 | MAP50 0.60175 | MAP15 0.23639
[Epoch: 39/200]
Loss: 0.5939112901687622 | PLCC: 0.4743257164955139
Loss: 0.6526894569396973 | PLCC: 0.4173029661178589
Loss: 0.5935067534446716 | PLCC: 0.4742337465286255
Loss: 0.6465526223182678 | PLCC: 0.4270349144935608
Avg PLCC 0.12527815495250802
   [Epoch 39] Train loss: 0.62167
    VAL  F-score 46.977 | MAP50 0.60391 | MAP15 0.24178
[Epoch: 40/200]
Loss: 0.5654392242431641 | PLCC: 0.5022891163825989
Loss: 0.6172854900360107 | PLCC: 0.4513746500015259
Loss: 0.6470978856086731 | PLCC: 0.4189455509185791
Loss: 0.6582651734352112 | PLCC: 0.4089163541793823
Avg PLCC 0.1250462546436624
   [Epoch 40] Train loss: 0.62202
    VAL  F-score 47.575 | MAP50 0.60067 | MAP15 0.24228
[Epoch: 41/200]
Loss: 0.5988689661026001 | PLCC: 0.47246575355529785
Loss: 0.6305602788925171 | PLCC: 0.436814546585083
Loss: 0.6215549111366272 | PLCC: 0.4463653564453125
Loss: 0.6282595992088318 | PLCC: 0.43524688482284546
Avg PLCC 0.12502329226470354
   [Epoch 41] Train loss: 0.61981
    VAL  F-score 48.197 | MAP50 0.60457 | MAP15 0.25073
[Epoch: 42/200]
Loss: 0.6289188861846924 | PLCC: 0.43460309505462646
Loss: 0.5800792574882507 | PLCC: 0.48946166038513184
Loss: 0.6605126261711121 | PLCC: 0.4072200059890747
Loss: 0.5873112678527832 | PLCC: 0.4829145073890686
Avg PLCC 0.12648800173492142
   [Epoch 42] Train loss: 0.61421
    VAL  F-score 47.807 | MAP50 0.60393 | MAP15 0.24965
[Epoch: 43/200]
Loss: 0.5959154963493347 | PLCC: 0.47181040048599243
Loss: 0.6431464552879333 | PLCC: 0.4212456941604614
Loss: 0.6437002420425415 | PLCC: 0.4208306074142456
Loss: 0.5412629842758179 | PLCC: 0.5236092805862427
Avg PLCC 0.13318703865463083
   [Epoch 43] Train loss: 0.60601
    VAL  F-score 47.927 | MAP50 0.60541 | MAP15 0.24729
[Epoch: 44/200]
Loss: 0.5425785779953003 | PLCC: 0.5208263993263245
Loss: 0.6277698874473572 | PLCC: 0.43617457151412964
Loss: 0.6668740510940552 | PLCC: 0.3995009660720825
Loss: 0.5565386414527893 | PLCC: 0.5107471942901611
Avg PLCC 0.1366007190310594
   [Epoch 44] Train loss: 0.59844
    VAL  F-score 48.755 | MAP50 0.60632 | MAP15 0.25011
[Epoch: 45/200]
Loss: 0.5660563111305237 | PLCC: 0.4966200590133667
Loss: 0.6717801094055176 | PLCC: 0.3970233201980591
Loss: 0.5744876265525818 | PLCC: 0.4892253875732422
Loss: 0.6156305074691772 | PLCC: 0.45230603218078613
Avg PLCC 0.13928884595181001
   [Epoch 45] Train loss: 0.60699
    VAL  F-score 48.145 | MAP50 0.60948 | MAP15 0.24875
[Epoch: 46/200]
Loss: 0.5935434103012085 | PLCC: 0.4719364643096924
Loss: 0.5938910841941833 | PLCC: 0.47102904319763184
Loss: 0.5678287744522095 | PLCC: 0.4977021813392639
Loss: 0.6395441889762878 | PLCC: 0.42670392990112305
Avg PLCC 0.14181358073696945
   [Epoch 46] Train loss: 0.59870
    VAL  F-score 46.795 | MAP50 0.60683 | MAP15 0.25115
[Epoch: 47/200]
Loss: 0.5744191408157349 | PLCC: 0.49209320545196533
Loss: 0.6041315197944641 | PLCC: 0.46377503871917725
Loss: 0.5898563265800476 | PLCC: 0.47811806201934814
Loss: 0.6529892683029175 | PLCC: 0.41114991903305054
Avg PLCC 0.14389940531867923
   [Epoch 47] Train loss: 0.60535
    VAL  F-score 48.116 | MAP50 0.60701 | MAP15 0.24728
[Epoch: 48/200]
Loss: 0.6135339140892029 | PLCC: 0.45527184009552
Loss: 0.5962954759597778 | PLCC: 0.4695904850959778
Loss: 0.5806350111961365 | PLCC: 0.48148685693740845
Loss: 0.5848485231399536 | PLCC: 0.4789320230484009
Avg PLCC 0.14601205921534335
   [Epoch 48] Train loss: 0.59383
    VAL  F-score 48.266 | MAP50 0.60625 | MAP15 0.24225
[Epoch: 49/200]
Loss: 0.5843997001647949 | PLCC: 0.477361798286438
Loss: 0.5788761377334595 | PLCC: 0.488117516040802
Loss: 0.5946619510650635 | PLCC: 0.4705008268356323
Loss: 0.5799257159233093 | PLCC: 0.4832739233970642
Avg PLCC 0.14585329276142697
   [Epoch 49] Train loss: 0.58447
    VAL  F-score 46.995 | MAP50 0.61038 | MAP15 0.24424
[Epoch: 50/200]
Loss: 0.6099649667739868 | PLCC: 0.45499634742736816
Loss: 0.5807097554206848 | PLCC: 0.4836543798446655
Loss: 0.5958289504051208 | PLCC: 0.4686601161956787
Loss: 0.5832965970039368 | PLCC: 0.482188880443573
Avg PLCC 0.14779334893506585
   [Epoch 50] Train loss: 0.59245
    VAL  F-score 47.719 | MAP50 0.611 | MAP15 0.24625
[Epoch: 51/200]
Loss: 0.6365586519241333 | PLCC: 0.42519742250442505
Loss: 0.622786283493042 | PLCC: 0.4431437849998474
Loss: 0.564822256565094 | PLCC: 0.497342586517334
Loss: 0.5379768013954163 | PLCC: 0.5265893340110779
Avg PLCC 0.14689019217974308
   [Epoch 51] Train loss: 0.59054
    VAL  F-score 46.961 | MAP50 0.60999 | MAP15 0.24283
[Epoch: 52/200]
Loss: 0.5387952327728271 | PLCC: 0.5277577638626099
Loss: 0.6447581648826599 | PLCC: 0.4175419807434082
Loss: 0.5676560997962952 | PLCC: 0.4985356330871582
Loss: 0.6240476369857788 | PLCC: 0.4353243112564087
Avg PLCC 0.14696595870720391
   [Epoch 52] Train loss: 0.59381
    VAL  F-score 48.418 | MAP50 0.61068 | MAP15 0.24593
[Epoch: 53/200]
Loss: 0.5733004808425903 | PLCC: 0.4901388883590698
Loss: 0.5361009836196899 | PLCC: 0.5280709862709045
Loss: 0.6460228562355042 | PLCC: 0.41195082664489746
Loss: 0.5823862552642822 | PLCC: 0.48067140579223633
Avg PLCC 0.14640663713781218
   [Epoch 53] Train loss: 0.58445
    VAL  F-score 48.707 | MAP50 0.61042 | MAP15 0.24557
[Epoch: 54/200]
Loss: 0.558321475982666 | PLCC: 0.5052099227905273
Loss: 0.5420181155204773 | PLCC: 0.518889844417572
Loss: 0.6384279131889343 | PLCC: 0.41815030574798584
Loss: 0.5681982040405273 | PLCC: 0.4959524869918823
Avg PLCC 0.14846424414127163
   [Epoch 54] Train loss: 0.57674
    VAL  F-score 48.759 | MAP50 0.61209 | MAP15 0.24161
[Epoch: 55/200]
Loss: 0.5126802921295166 | PLCC: 0.549579918384552
Loss: 0.638534426689148 | PLCC: 0.4235652685165405
Loss: 0.6048474907875061 | PLCC: 0.4559779167175293
Loss: 0.5875661373138428 | PLCC: 0.47380006313323975
Avg PLCC 0.15290283135166674
   [Epoch 55] Train loss: 0.58591
    VAL  F-score 48.579 | MAP50 0.6152 | MAP15 0.24708
[Epoch: 56/200]
Loss: 0.5626000165939331 | PLCC: 0.49744534492492676
Loss: 0.5376532673835754 | PLCC: 0.5259837508201599
Loss: 0.6080026626586914 | PLCC: 0.45229506492614746
Loss: 0.5919901728630066 | PLCC: 0.4663187265396118
Avg PLCC 0.15793248836063978
   [Epoch 56] Train loss: 0.57506
    VAL  F-score 48.132 | MAP50 0.61524 | MAP15 0.25167
[Epoch: 57/200]
Loss: 0.534902036190033 | PLCC: 0.524804949760437
Loss: 0.5660011768341064 | PLCC: 0.498582661151886
Loss: 0.5921178460121155 | PLCC: 0.46968162059783936
Loss: 0.629892885684967 | PLCC: 0.4344511032104492
Avg PLCC 0.1638222158688939
   [Epoch 57] Train loss: 0.58073
    VAL  F-score 47.96 | MAP50 0.61942 | MAP15 0.25606
[Epoch: 58/200]
Loss: 0.5661638975143433 | PLCC: 0.4955650568008423
Loss: 0.5857367515563965 | PLCC: 0.4744950532913208
Loss: 0.5389402508735657 | PLCC: 0.5238181948661804
Loss: 0.5926437973976135 | PLCC: 0.46954214572906494
Avg PLCC 0.16805515820724945
   [Epoch 58] Train loss: 0.57087
    VAL  F-score 47.308 | MAP50 0.62297 | MAP15 0.25309
[Epoch: 59/200]
Loss: 0.580524206161499 | PLCC: 0.4806176424026489
Loss: 0.6089664697647095 | PLCC: 0.4538562297821045
Loss: 0.5262678265571594 | PLCC: 0.5342472195625305
Loss: 0.5660598278045654 | PLCC: 0.4932889938354492
Avg PLCC 0.17170697152896813
   [Epoch 59] Train loss: 0.57045
    VAL  F-score 48.144 | MAP50 0.62443 | MAP15 0.25498
[Epoch: 60/200]
Loss: 0.598147451877594 | PLCC: 0.4627887010574341
Loss: 0.5619716644287109 | PLCC: 0.49635958671569824
Loss: 0.560002863407135 | PLCC: 0.5053315758705139
Loss: 0.5713176131248474 | PLCC: 0.48795270919799805
Avg PLCC 0.17503321481247744
   [Epoch 60] Train loss: 0.57286
    VAL  F-score 47.875 | MAP50 0.62882 | MAP15 0.25767
[Epoch: 61/200]
Loss: 0.6243405342102051 | PLCC: 0.4347405433654785
Loss: 0.5165749192237854 | PLCC: 0.5428376793861389
Loss: 0.5370863080024719 | PLCC: 0.520626962184906
Loss: 0.5788650512695312 | PLCC: 0.4830824136734009
Avg PLCC 0.17725143559051282
   [Epoch 61] Train loss: 0.56422
    VAL  F-score 47.662 | MAP50 0.63222 | MAP15 0.25569
[Epoch: 62/200]
Loss: 0.5522021055221558 | PLCC: 0.5087610483169556
Loss: 0.5542701482772827 | PLCC: 0.5053099393844604
Loss: 0.5645310282707214 | PLCC: 0.4940286874771118
Loss: 0.5869869589805603 | PLCC: 0.46994733810424805
Avg PLCC 0.17778264290907167
   [Epoch 62] Train loss: 0.56450
    VAL  F-score 46.999 | MAP50 0.63284 | MAP15 0.25475
[Epoch: 63/200]
Loss: 0.6079539060592651 | PLCC: 0.4493938088417053
Loss: 0.5396728515625 | PLCC: 0.5172147154808044
Loss: 0.5628213286399841 | PLCC: 0.49561113119125366
Loss: 0.5392540097236633 | PLCC: 0.5258126854896545
Avg PLCC 0.17830503461035815
   [Epoch 63] Train loss: 0.56243
    VAL  F-score 46.703 | MAP50 0.6327 | MAP15 0.25432
[Epoch: 64/200]
Loss: 0.5544908046722412 | PLCC: 0.5043957233428955
Loss: 0.5058475136756897 | PLCC: 0.5530293583869934
Loss: 0.5863108038902283 | PLCC: 0.4717823266983032
Loss: 0.6241050958633423 | PLCC: 0.43628424406051636
Avg PLCC 0.17862384924382874
   [Epoch 64] Train loss: 0.56769
    VAL  F-score 46.703 | MAP50 0.63018 | MAP15 0.25434
[Epoch: 65/200]
Loss: 0.5944822430610657 | PLCC: 0.4631474018096924
Loss: 0.49895918369293213 | PLCC: 0.5596522092819214
Loss: 0.6033489108085632 | PLCC: 0.45477551221847534
Loss: 0.5561177134513855 | PLCC: 0.506957471370697
Avg PLCC 0.17986911964235883
   [Epoch 65] Train loss: 0.56323
    VAL  F-score 47.516 | MAP50 0.63529 | MAP15 0.25859
[Epoch: 66/200]
Loss: 0.49848759174346924 | PLCC: 0.5625120997428894
Loss: 0.5444921255111694 | PLCC: 0.5146821737289429
Loss: 0.5752783417701721 | PLCC: 0.482006311416626
Loss: 0.6494116187095642 | PLCC: 0.4073617458343506
Avg PLCC 0.180092076573408
   [Epoch 66] Train loss: 0.56692
    VAL  F-score 47.074 | MAP50 0.6334 | MAP15 0.25896
[Epoch: 67/200]
Loss: 0.5360060930252075 | PLCC: 0.5213047862052917
Loss: 0.5205901265144348 | PLCC: 0.5364959836006165
Loss: 0.5818036794662476 | PLCC: 0.4767831563949585
Loss: 0.559741735458374 | PLCC: 0.49852311611175537
Avg PLCC 0.18138710860953186
   [Epoch 67] Train loss: 0.54954
    VAL  F-score 48.27 | MAP50 0.63467 | MAP15 0.25258
[Epoch: 68/200]
Loss: 0.5881778001785278 | PLCC: 0.47213101387023926
Loss: 0.5197066068649292 | PLCC: 0.5400014519691467
Loss: 0.5262527465820312 | PLCC: 0.5299808979034424
Loss: 0.5885533690452576 | PLCC: 0.4702221155166626
Avg PLCC 0.18421549733841058
   [Epoch 68] Train loss: 0.55567
    VAL  F-score 48.635 | MAP50 0.63477 | MAP15 0.25538
[Epoch: 69/200]
Loss: 0.5119338631629944 | PLCC: 0.5429385900497437
Loss: 0.5511777997016907 | PLCC: 0.507128894329071
Loss: 0.5830910801887512 | PLCC: 0.47736304998397827
Loss: 0.5615933537483215 | PLCC: 0.49898386001586914
Avg PLCC 0.1859112290496176
   [Epoch 69] Train loss: 0.55195
    VAL  F-score 47.99 | MAP50 0.63396 | MAP15 0.25685
[Epoch: 70/200]
Loss: 0.5142629742622375 | PLCC: 0.5406622886657715
Loss: 0.5374189615249634 | PLCC: 0.5196047425270081
Loss: 0.5641475915908813 | PLCC: 0.4960213899612427
Loss: 0.5815085768699646 | PLCC: 0.47750115394592285
Avg PLCC 0.18909938785840164
   [Epoch 70] Train loss: 0.54933
    VAL  F-score 48.059 | MAP50 0.63448 | MAP15 0.25838
[Epoch: 71/200]
Loss: 0.521976113319397 | PLCC: 0.533980131149292
Loss: 0.5575094223022461 | PLCC: 0.5003682374954224
Loss: 0.5600790977478027 | PLCC: 0.4979652166366577
Loss: 0.5462366938591003 | PLCC: 0.5106369853019714
Avg PLCC 0.1908778842030601
   [Epoch 71] Train loss: 0.54645
    VAL  F-score 48.101 | MAP50 0.63605 | MAP15 0.25894
[Epoch: 72/200]
Loss: 0.5452769994735718 | PLCC: 0.5140227675437927
Loss: 0.551498532295227 | PLCC: 0.5044631361961365
Loss: 0.5357602834701538 | PLCC: 0.5238373875617981
Loss: 0.5699759721755981 | PLCC: 0.4839301109313965
Avg PLCC 0.19263666828699183
   [Epoch 72] Train loss: 0.55063
    VAL  F-score 48.329 | MAP50 0.63631 | MAP15 0.25922
[Epoch: 73/200]
Loss: 0.5066771507263184 | PLCC: 0.5524848103523254
Loss: 0.5573797821998596 | PLCC: 0.49601519107818604
Loss: 0.5582905411720276 | PLCC: 0.5016078948974609
Loss: 0.5582049489021301 | PLCC: 0.49887651205062866
Avg PLCC 0.19360964175200823
   [Epoch 73] Train loss: 0.54514
    VAL  F-score 48.54 | MAP50 0.63592 | MAP15 0.25678
[Epoch: 74/200]
Loss: 0.5453299880027771 | PLCC: 0.5130093693733215
Loss: 0.5365091562271118 | PLCC: 0.5192801356315613
Loss: 0.5642518997192383 | PLCC: 0.49167031049728394
Loss: 0.5356436371803284 | PLCC: 0.5209812521934509
Avg PLCC 0.19535780235221892
   [Epoch 74] Train loss: 0.54543
    VAL  F-score 48.54 | MAP50 0.6366 | MAP15 0.25919
[Epoch: 75/200]
Loss: 0.5170494914054871 | PLCC: 0.5406928062438965
Loss: 0.5625895857810974 | PLCC: 0.4968684911727905
Loss: 0.5362545251846313 | PLCC: 0.5166986584663391
Loss: 0.5689035654067993 | PLCC: 0.48791635036468506
Avg PLCC 0.19630861282348633
   [Epoch 75] Train loss: 0.54620
    VAL  F-score 48.648 | MAP50 0.63415 | MAP15 0.25832
[Epoch: 76/200]
Loss: 0.5029187202453613 | PLCC: 0.5517731308937073
Loss: 0.5423277020454407 | PLCC: 0.5139071345329285
Loss: 0.5736143589019775 | PLCC: 0.4830840826034546
Loss: 0.5488627552986145 | PLCC: 0.5073263645172119
Avg PLCC 0.19730229675769806
   [Epoch 76] Train loss: 0.54193
    VAL  F-score 48.648 | MAP50 0.63408 | MAP15 0.25895
[Epoch: 77/200]
Loss: 0.5534025430679321 | PLCC: 0.5035894513130188
Loss: 0.5283344984054565 | PLCC: 0.5316402912139893
Loss: 0.5688377618789673 | PLCC: 0.485823392868042
Loss: 0.517156183719635 | PLCC: 0.5370572805404663
Avg PLCC 0.19878871592156816
   [Epoch 77] Train loss: 0.54193
    VAL  F-score 48.648 | MAP50 0.63715 | MAP15 0.26705
[Epoch: 78/200]
Loss: 0.5228480696678162 | PLCC: 0.5341377854347229
Loss: 0.5568503737449646 | PLCC: 0.49939894676208496
Loss: 0.5499376654624939 | PLCC: 0.5082671642303467
Loss: 0.5374562740325928 | PLCC: 0.5176382660865784
Avg PLCC 0.19911084730516782
   [Epoch 78] Train loss: 0.54177
    VAL  F-score 48.648 | MAP50 0.63458 | MAP15 0.26002
[Epoch: 79/200]
Loss: 0.5634480714797974 | PLCC: 0.49172496795654297
Loss: 0.5191409587860107 | PLCC: 0.5395651459693909
Loss: 0.5786333084106445 | PLCC: 0.47852325439453125
Loss: 0.49809730052948 | PLCC: 0.5583375096321106
Avg PLCC 0.1985038308934732
   [Epoch 79] Train loss: 0.53983
    VAL  F-score 48.648 | MAP50 0.63362 | MAP15 0.25576
[Epoch: 80/200]
Loss: 0.542751133441925 | PLCC: 0.5136781930923462
Loss: 0.5455965995788574 | PLCC: 0.5095195770263672
Loss: 0.5528920292854309 | PLCC: 0.5027503967285156
Loss: 0.49762967228889465 | PLCC: 0.5609925985336304
Avg PLCC 0.1983211049527833
   [Epoch 80] Train loss: 0.53472
    VAL  F-score 48.648 | MAP50 0.63378 | MAP15 0.25538
[Epoch: 81/200]
Loss: 0.4971863627433777 | PLCC: 0.5569727420806885
Loss: 0.5743993520736694 | PLCC: 0.4824178218841553
Loss: 0.5262560844421387 | PLCC: 0.5287894010543823
Loss: 0.5460361242294312 | PLCC: 0.5103795528411865
Avg PLCC 0.19930002827084425
   [Epoch 81] Train loss: 0.53597
    VAL  F-score 49.566 | MAP50 0.63418 | MAP15 0.253
[Epoch: 82/200]
Loss: 0.5477303266525269 | PLCC: 0.5060157775878906
Loss: 0.55462646484375 | PLCC: 0.5016278028488159
Loss: 0.5117494463920593 | PLCC: 0.5441140532493591
Loss: 0.5156735777854919 | PLCC: 0.5419018864631653
Avg PLCC 0.1997779104294199
   [Epoch 82] Train loss: 0.53244
    VAL  F-score 48.113 | MAP50 0.63453 | MAP15 0.2561
[Epoch: 83/200]
Loss: 0.5282992124557495 | PLCC: 0.5265350937843323
Loss: 0.5678256154060364 | PLCC: 0.4890559911727905
Loss: 0.5525034070014954 | PLCC: 0.5018965601921082
Loss: 0.4871036112308502 | PLCC: 0.5672310590744019
Avg PLCC 0.1993698701826912
   [Epoch 83] Train loss: 0.53393
    VAL  F-score 47.601 | MAP50 0.63201 | MAP15 0.24884
[Epoch: 84/200]
Loss: 0.5331843495368958 | PLCC: 0.5192505717277527
Loss: 0.48469725251197815 | PLCC: 0.5749298334121704
Loss: 0.5851222276687622 | PLCC: 0.46992015838623047
Loss: 0.5587579011917114 | PLCC: 0.49664974212646484
Avg PLCC 0.1989594598893415
   [Epoch 84] Train loss: 0.54044
    VAL  F-score 48.187 | MAP50 0.63186 | MAP15 0.24786
[Epoch: 85/200]
Loss: 0.5379998683929443 | PLCC: 0.5177158117294312
Loss: 0.5472200512886047 | PLCC: 0.5052237510681152
Loss: 0.5605616569519043 | PLCC: 0.49804019927978516
Loss: 0.49439123272895813 | PLCC: 0.5643896460533142
Avg PLCC 0.2000438334476767
   [Epoch 85] Train loss: 0.53504
    VAL  F-score 49.322 | MAP50 0.63007 | MAP15 0.24801
[Epoch: 86/200]
Loss: 0.6176708936691284 | PLCC: 0.43882912397384644
Loss: 0.5060473680496216 | PLCC: 0.5527511239051819
Loss: 0.5001173615455627 | PLCC: 0.5543045401573181
Loss: 0.5239027142524719 | PLCC: 0.5307600498199463
Avg PLCC 0.19962825676934284
   [Epoch 86] Train loss: 0.53693
    VAL  F-score 48.46 | MAP50 0.631 | MAP15 0.25227
[Epoch: 87/200]
Loss: 0.555221438407898 | PLCC: 0.5036814212799072
Loss: 0.5539818406105042 | PLCC: 0.5000021457672119
Loss: 0.49671030044555664 | PLCC: 0.5591234564781189
Loss: 0.5117427706718445 | PLCC: 0.5401285886764526
Avg PLCC 0.1982561851089651
   [Epoch 87] Train loss: 0.52941
    VAL  F-score 48.828 | MAP50 0.62905 | MAP15 0.25432
[Epoch: 88/200]
Loss: 0.49921944737434387 | PLCC: 0.5568965673446655
Loss: 0.5311600565910339 | PLCC: 0.5222814083099365
Loss: 0.5572453737258911 | PLCC: 0.49856245517730713
Loss: 0.5292337536811829 | PLCC: 0.5244457125663757
Avg PLCC 0.19814665265607112
   [Epoch 88] Train loss: 0.52921
    VAL  F-score 49.212 | MAP50 0.62821 | MAP15 0.25477
[Epoch: 89/200]
Loss: 0.5189419388771057 | PLCC: 0.5364850759506226
Loss: 0.5388209223747253 | PLCC: 0.5141438245773315
Loss: 0.5181595087051392 | PLCC: 0.5368161201477051
Loss: 0.5261023640632629 | PLCC: 0.5274899005889893
Avg PLCC 0.1981096507586313
   [Epoch 89] Train loss: 0.52551
    VAL  F-score 48.064 | MAP50 0.62536 | MAP15 0.25483
[Epoch: 90/200]
Loss: 0.5498740077018738 | PLCC: 0.5051875710487366
Loss: 0.557244598865509 | PLCC: 0.4976787567138672
Loss: 0.4933655261993408 | PLCC: 0.5601373314857483
Loss: 0.49874502420425415 | PLCC: 0.5537068247795105
Avg PLCC 0.19723903212809202
   [Epoch 90] Train loss: 0.52481
    VAL  F-score 48.152 | MAP50 0.62392 | MAP15 0.25448
[Epoch: 91/200]
Loss: 0.5271083116531372 | PLCC: 0.5268005728721619
Loss: 0.5433939695358276 | PLCC: 0.511180579662323
Loss: 0.483298122882843 | PLCC: 0.5694893598556519
Loss: 0.5495153069496155 | PLCC: 0.504216730594635
Avg PLCC 0.19639064964245667
   [Epoch 91] Train loss: 0.52583
    VAL  F-score 48.273 | MAP50 0.62298 | MAP15 0.25345
[Epoch: 92/200]
Loss: 0.520961582660675 | PLCC: 0.5316792726516724
Loss: 0.5332550406455994 | PLCC: 0.5196399688720703
Loss: 0.5165242552757263 | PLCC: 0.5397105813026428
Loss: 0.5156567692756653 | PLCC: 0.5408597588539124
Avg PLCC 0.19502131368569803
   [Epoch 92] Train loss: 0.52160
    VAL  F-score 47.91 | MAP50 0.62301 | MAP15 0.24657
[Epoch: 93/200]
Loss: 0.5125236511230469 | PLCC: 0.5405895709991455
Loss: 0.521725058555603 | PLCC: 0.5340722799301147
Loss: 0.4913223385810852 | PLCC: 0.5646865367889404
Loss: 0.5818012952804565 | PLCC: 0.47242510318756104
Avg PLCC 0.1938191330286138
   [Epoch 93] Train loss: 0.52684
    VAL  F-score 47.915 | MAP50 0.62219 | MAP15 0.24529
[Epoch: 94/200]
Loss: 0.5053523182868958 | PLCC: 0.5466994643211365
Loss: 0.4998941719532013 | PLCC: 0.5574642419815063
Loss: 0.5395799279212952 | PLCC: 0.5153725743293762
Loss: 0.5332763195037842 | PLCC: 0.5195736289024353
Avg PLCC 0.1923233097644918
   [Epoch 94] Train loss: 0.51953
    VAL  F-score 47.684 | MAP50 0.61947 | MAP15 0.24278
[Epoch: 95/200]
Loss: 0.5272459983825684 | PLCC: 0.5250757336616516
Loss: 0.5611493587493896 | PLCC: 0.4948790669441223
Loss: 0.494687557220459 | PLCC: 0.5612786412239075
Loss: 0.49780958890914917 | PLCC: 0.5542656183242798
Avg PLCC 0.19064984683152006
   [Epoch 95] Train loss: 0.52022
    VAL  F-score 47.451 | MAP50 0.6185 | MAP15 0.24386
[Epoch: 96/200]
Loss: 0.5277571082115173 | PLCC: 0.5277780890464783
Loss: 0.5324497222900391 | PLCC: 0.5229204893112183
Loss: 0.4856499135494232 | PLCC: 0.5649253129959106
Loss: 0.518376350402832 | PLCC: 0.5339609980583191
Avg PLCC 0.18657979922312679
   [Epoch 96] Train loss: 0.51606
    VAL  F-score 47.451 | MAP50 0.61048 | MAP15 0.24728
[Epoch: 97/200]
Loss: 0.4853467643260956 | PLCC: 0.5675838589668274
Loss: 0.5405601859092712 | PLCC: 0.514768660068512
Loss: 0.5506125688552856 | PLCC: 0.5030968189239502
Loss: 0.48589736223220825 | PLCC: 0.5653548836708069
Avg PLCC 0.18145897422888965
   [Epoch 97] Train loss: 0.51560
    VAL  F-score 48.104 | MAP50 0.60882 | MAP15 0.24898
[Epoch: 98/200]
Loss: 0.5123406052589417 | PLCC: 0.5431205034255981
Loss: 0.4886687397956848 | PLCC: 0.5619243383407593
Loss: 0.5435949563980103 | PLCC: 0.508859395980835
Loss: 0.5190589427947998 | PLCC: 0.5352784395217896
Avg PLCC 0.17713374583223468
   [Epoch 98] Train loss: 0.51592
    VAL  F-score 47.894 | MAP50 0.60582 | MAP15 0.24827
[Epoch: 99/200]
Loss: 0.47680991888046265 | PLCC: 0.5767874121665955
Loss: 0.4937034249305725 | PLCC: 0.5565032958984375
Loss: 0.5239378809928894 | PLCC: 0.5303568840026855
Loss: 0.5537656545639038 | PLCC: 0.49948394298553467
Avg PLCC 0.17219216028002626
   [Epoch 99] Train loss: 0.51205
    VAL  F-score 47.894 | MAP50 0.60421 | MAP15 0.24671
[Epoch: 100/200]
Loss: 0.4793747067451477 | PLCC: 0.571307361125946
Loss: 0.4991939961910248 | PLCC: 0.5546149015426636
Loss: 0.5756592154502869 | PLCC: 0.4771275520324707
Loss: 0.5068997740745544 | PLCC: 0.5462270975112915
Avg PLCC 0.16673741224362995
   [Epoch 100] Train loss: 0.51528
    VAL  F-score 47.907 | MAP50 0.60427 | MAP15 0.24786
[Epoch: 101/200]
Loss: 0.5040498971939087 | PLCC: 0.5456097722053528
Loss: 0.5081644654273987 | PLCC: 0.5441991090774536
Loss: 0.5184366703033447 | PLCC: 0.5375482439994812
Loss: 0.5165899991989136 | PLCC: 0.5388662219047546
Avg PLCC 0.16163174051678542
   [Epoch 101] Train loss: 0.51181
    VAL  F-score 47.713 | MAP50 0.60332 | MAP15 0.248
[Epoch: 102/200]
Loss: 0.54707270860672 | PLCC: 0.5060901641845703
Loss: 0.49035385251045227 | PLCC: 0.564187228679657
Loss: 0.4765430688858032 | PLCC: 0.575682520866394
Loss: 0.52632075548172 | PLCC: 0.526666522026062
Avg PLCC 0.1551052314426863
   [Epoch 102] Train loss: 0.51007
    VAL  F-score 47.651 | MAP50 0.59944 | MAP15 0.24742
[Epoch: 103/200]
Loss: 0.5048971772193909 | PLCC: 0.5491853952407837
Loss: 0.4824448823928833 | PLCC: 0.5695995092391968
Loss: 0.5170731544494629 | PLCC: 0.5362937450408936
Loss: 0.5249775648117065 | PLCC: 0.5271263718605042
Avg PLCC 0.15142947203959478
   [Epoch 103] Train loss: 0.50735
    VAL  F-score 48.227 | MAP50 0.59845 | MAP15 0.24792
[Epoch: 104/200]
Loss: 0.5450226068496704 | PLCC: 0.509216845035553
Loss: 0.5056235790252686 | PLCC: 0.5470024347305298
Loss: 0.478333979845047 | PLCC: 0.5724997520446777
Loss: 0.5134997963905334 | PLCC: 0.5375606417655945
Avg PLCC 0.14767590300603348
   [Epoch 104] Train loss: 0.51062
    VAL  F-score 48.74 | MAP50 0.59532 | MAP15 0.24891
[Epoch: 105/200]
Loss: 0.4855818748474121 | PLCC: 0.5685356855392456
Loss: 0.6090261340141296 | PLCC: 0.4432939291000366
Loss: 0.4658990502357483 | PLCC: 0.5846158862113953
Loss: 0.49698930978775024 | PLCC: 0.5554425120353699
Avg PLCC 0.14498402934634325
   [Epoch 105] Train loss: 0.51437
    VAL  F-score 48.393 | MAP50 0.59301 | MAP15 0.24879
[Epoch: 106/200]
Loss: 0.5315388441085815 | PLCC: 0.5209596157073975
Loss: 0.4525544047355652 | PLCC: 0.600652813911438
Loss: 0.5139495730400085 | PLCC: 0.5371639132499695
Loss: 0.5602051019668579 | PLCC: 0.4939000606536865
Avg PLCC 0.14277215172169785
   [Epoch 106] Train loss: 0.51456
    VAL  F-score 47.93 | MAP50 0.58958 | MAP15 0.25292
[Epoch: 107/200]
Loss: 0.4782159626483917 | PLCC: 0.573489248752594
Loss: 0.5356841087341309 | PLCC: 0.5165462493896484
Loss: 0.5070774555206299 | PLCC: 0.5439721941947937
Loss: 0.5030162334442139 | PLCC: 0.5522390604019165
Avg PLCC 0.13989853779926445
   [Epoch 107] Train loss: 0.50600
    VAL  F-score 47.93 | MAP50 0.58734 | MAP15 0.25395
[Epoch: 108/200]
Loss: 0.4924522340297699 | PLCC: 0.5601381659507751
Loss: 0.487644225358963 | PLCC: 0.5643870830535889
Loss: 0.5298821330070496 | PLCC: 0.5200917720794678
Loss: 0.5004696249961853 | PLCC: 0.5529725551605225
Avg PLCC 0.13495768442975753
   [Epoch 108] Train loss: 0.50261
    VAL  F-score 47.93 | MAP50 0.58327 | MAP15 0.25269
[Epoch: 109/200]
Loss: 0.4979572594165802 | PLCC: 0.5549967288970947
Loss: 0.5293692350387573 | PLCC: 0.5236061215400696
Loss: 0.523709237575531 | PLCC: 0.5263184905052185
Loss: 0.46329599618911743 | PLCC: 0.5875726938247681
Avg PLCC 0.12958862160501833
   [Epoch 109] Train loss: 0.50358
    VAL  F-score 47.981 | MAP50 0.58026 | MAP15 0.25326
[Epoch: 110/200]
Loss: 0.4649948477745056 | PLCC: 0.5855154991149902
Loss: 0.5076612830162048 | PLCC: 0.5412983298301697
Loss: 0.5038406848907471 | PLCC: 0.5486185550689697
Loss: 0.5358045697212219 | PLCC: 0.517660915851593
Avg PLCC 0.12654847262963426
   [Epoch 110] Train loss: 0.50308
    VAL  F-score 47.728 | MAP50 0.57986 | MAP15 0.25799
[Epoch: 111/200]
Loss: 0.5077863335609436 | PLCC: 0.5451346635818481
Loss: 0.46284419298171997 | PLCC: 0.5887002944946289
Loss: 0.5223010778427124 | PLCC: 0.5307930707931519
Loss: 0.51680588722229 | PLCC: 0.5340148210525513
Avg PLCC 0.12481673169090893
   [Epoch 111] Train loss: 0.50243
    VAL  F-score 48.934 | MAP50 0.57341 | MAP15 0.25123
[Epoch: 112/200]
Loss: 0.4316014349460602 | PLCC: 0.619319498538971
Loss: 0.5300428867340088 | PLCC: 0.5229701399803162
Loss: 0.5403360724449158 | PLCC: 0.511432409286499
Loss: 0.5084527730941772 | PLCC: 0.5434779524803162
Avg PLCC 0.12261717018643112
   [Epoch 112] Train loss: 0.50261
    VAL  F-score 49.23 | MAP50 0.57049 | MAP15 0.25581
[Epoch: 113/200]
Loss: 0.5165932774543762 | PLCC: 0.5338969826698303
Loss: 0.48464450240135193 | PLCC: 0.5662444829940796
Loss: 0.49865758419036865 | PLCC: 0.5555505156517029
Loss: 0.4732324779033661 | PLCC: 0.5777713656425476
Avg PLCC 0.11765291047931621
   [Epoch 113] Train loss: 0.49328
    VAL  F-score 49.07 | MAP50 0.57083 | MAP15 0.26171
[Epoch: 114/200]
Loss: 0.4896225333213806 | PLCC: 0.5612501502037048
Loss: 0.49555689096450806 | PLCC: 0.5576696991920471
Loss: 0.46168848872184753 | PLCC: 0.5874593257904053
Loss: 0.538568377494812 | PLCC: 0.5131707787513733
Avg PLCC 0.11355128908304102
   [Epoch 114] Train loss: 0.49636
    VAL  F-score 49.542 | MAP50 0.56909 | MAP15 0.26577
[Epoch: 115/200]
Loss: 0.5090444684028625 | PLCC: 0.5412666201591492
Loss: 0.48854735493659973 | PLCC: 0.5617650151252747
Loss: 0.4780464172363281 | PLCC: 0.5750443339347839
Loss: 0.4884769916534424 | PLCC: 0.5619163513183594
Avg PLCC 0.11418774477373739
   [Epoch 115] Train loss: 0.49103
    VAL  F-score 50.117 | MAP50 0.56471 | MAP15 0.262
[Epoch: 116/200]
Loss: 0.5307677984237671 | PLCC: 0.5218874216079712
Loss: 0.49518123269081116 | PLCC: 0.5566158294677734
Loss: 0.4628101587295532 | PLCC: 0.5869452357292175
Loss: 0.4837382137775421 | PLCC: 0.5656321048736572
Avg PLCC 0.11147870775312185
   [Epoch 116] Train loss: 0.49312
    VAL  F-score 48.826 | MAP50 0.56194 | MAP15 0.26437
[Epoch: 117/200]
Loss: 0.5960320234298706 | PLCC: 0.4565613269805908
Loss: 0.4448651671409607 | PLCC: 0.603303074836731
Loss: 0.4856279790401459 | PLCC: 0.5636003613471985
Loss: 0.4637984335422516 | PLCC: 0.5896287560462952
Avg PLCC 0.1110945429201379
   [Epoch 117] Train loss: 0.49758
    VAL  F-score 48.841 | MAP50 0.56314 | MAP15 0.26484
[Epoch: 118/200]
Loss: 0.49486303329467773 | PLCC: 0.5587758421897888
Loss: 0.48427972197532654 | PLCC: 0.5632011294364929
Loss: 0.5018797516822815 | PLCC: 0.5477527976036072
Loss: 0.48077645897865295 | PLCC: 0.5706300139427185
Avg PLCC 0.11156384644070358
   [Epoch 118] Train loss: 0.49045
    VAL  F-score 48.775 | MAP50 0.56479 | MAP15 0.26612
[Epoch: 119/200]
Loss: 0.4773441255092621 | PLCC: 0.5755370259284973
Loss: 0.5504953861236572 | PLCC: 0.5024027228355408
Loss: 0.42870771884918213 | PLCC: 0.6205362677574158
Loss: 0.4978247284889221 | PLCC: 0.5533186793327332
Avg PLCC 0.10775526618288661
   [Epoch 119] Train loss: 0.48859
    VAL  F-score 50.719 | MAP50 0.56642 | MAP15 0.2637
[Epoch: 120/200]
Loss: 0.47419536113739014 | PLCC: 0.5756880640983582
Loss: 0.4794923961162567 | PLCC: 0.5703229904174805
Loss: 0.491849422454834 | PLCC: 0.5621837377548218
Loss: 0.5028153657913208 | PLCC: 0.547391414642334
Avg PLCC 0.09768181316427547
   [Epoch 120] Train loss: 0.48709
    VAL  F-score 48.593 | MAP50 0.56285 | MAP15 0.26292
[Epoch: 121/200]
Loss: 0.5074827671051025 | PLCC: 0.5446677803993225
Loss: 0.44752246141433716 | PLCC: 0.6009143590927124
Loss: 0.548473060131073 | PLCC: 0.5052743554115295
Loss: 0.43265530467033386 | PLCC: 0.6160873770713806
Avg PLCC 0.09780217563225464
   [Epoch 121] Train loss: 0.48403
    VAL  F-score 49.533 | MAP50 0.5676 | MAP15 0.2662
[Epoch: 122/200]
Loss: 0.5284656286239624 | PLCC: 0.5207618474960327
Loss: 0.45215412974357605 | PLCC: 0.5981854796409607
Loss: 0.4562039077281952 | PLCC: 0.5940538644790649
Loss: 0.5085773468017578 | PLCC: 0.5443879961967468
Avg PLCC 0.10057452016256073
   [Epoch 122] Train loss: 0.48635
    VAL  F-score 50.021 | MAP50 0.57091 | MAP15 0.26242
[Epoch: 123/200]
Loss: 0.5141928195953369 | PLCC: 0.5351781845092773
Loss: 0.43925705552101135 | PLCC: 0.6113078594207764
Loss: 0.48642420768737793 | PLCC: 0.5654351115226746
Loss: 0.4798597991466522 | PLCC: 0.5660915374755859
Avg PLCC 0.0988048669515234
   [Epoch 123] Train loss: 0.47993
    VAL  F-score 50.407 | MAP50 0.57037 | MAP15 0.26791
[Epoch: 124/200]
Loss: 0.49465954303741455 | PLCC: 0.5545603036880493
Loss: 0.4314664900302887 | PLCC: 0.6178987622261047
Loss: 0.48243874311447144 | PLCC: 0.5665340423583984
Loss: 0.5238138437271118 | PLCC: 0.527856171131134
Avg PLCC 0.08793603719183893
   [Epoch 124] Train loss: 0.48309
    VAL  F-score 50.168 | MAP50 0.57064 | MAP15 0.27079
[Epoch: 125/200]
Loss: 0.4981447160243988 | PLCC: 0.5533984899520874
Loss: 0.45425930619239807 | PLCC: 0.5944096446037292
Loss: 0.48823559284210205 | PLCC: 0.5625669956207275
Loss: 0.4552122950553894 | PLCC: 0.5943999886512756
Avg PLCC 0.09237602897778605
   [Epoch 125] Train loss: 0.47396
    VAL  F-score 49.812 | MAP50 0.56961 | MAP15 0.26644
[Epoch: 126/200]
Loss: 0.4706439971923828 | PLCC: 0.5790090560913086
Loss: 0.4246351420879364 | PLCC: 0.6233615875244141
Loss: 0.4933529198169708 | PLCC: 0.5593482851982117
Loss: 0.5308517217636108 | PLCC: 0.5195509195327759
Avg PLCC 0.09774128288369287
   [Epoch 126] Train loss: 0.47987
    VAL  F-score 49.566 | MAP50 0.56758 | MAP15 0.27117
[Epoch: 127/200]
Loss: 0.46013757586479187 | PLCC: 0.5904113054275513
Loss: 0.4959101676940918 | PLCC: 0.5527570247650146
Loss: 0.4606768786907196 | PLCC: 0.5891443490982056
Loss: 0.475005179643631 | PLCC: 0.572272002696991
Avg PLCC 0.09728373903216737
   [Epoch 127] Train loss: 0.47293
    VAL  F-score 50.264 | MAP50 0.56862 | MAP15 0.26677
[Epoch: 128/200]
Loss: 0.4580603241920471 | PLCC: 0.5933783650398254
Loss: 0.48209595680236816 | PLCC: 0.566773533821106
Loss: 0.5059746503829956 | PLCC: 0.5438331961631775
Loss: 0.43871134519577026 | PLCC: 0.6127487421035767
Avg PLCC 0.09844661458875194
   [Epoch 128] Train loss: 0.47121
    VAL  F-score 48.463 | MAP50 0.5698 | MAP15 0.26725
[Epoch: 129/200]
Loss: 0.45506149530410767 | PLCC: 0.5952322483062744
Loss: 0.5278673768043518 | PLCC: 0.5253073573112488
Loss: 0.4231157600879669 | PLCC: 0.6237457990646362
Loss: 0.4539329409599304 | PLCC: 0.5930551886558533
Avg PLCC 0.0986520666911295
   [Epoch 129] Train loss: 0.46499
    VAL  F-score 49.973 | MAP50 0.57203 | MAP15 0.27356
[Epoch: 130/200]
Loss: 0.47119438648223877 | PLCC: 0.5799626111984253
Loss: 0.5216066241264343 | PLCC: 0.5272219777107239
Loss: 0.4514198899269104 | PLCC: 0.5964146256446838
Loss: 0.4259970486164093 | PLCC: 0.6213750243186951
Avg PLCC 0.09181447897219297
   [Epoch 130] Train loss: 0.46755
    VAL  F-score 50.197 | MAP50 0.57008 | MAP15 0.27095
[Epoch: 131/200]
Loss: 0.4863380491733551 | PLCC: 0.5643906593322754
Loss: 0.4698288142681122 | PLCC: 0.5783441662788391
Loss: 0.44159966707229614 | PLCC: 0.6068121194839478
Loss: 0.46225348114967346 | PLCC: 0.5887234807014465
Avg PLCC 0.08993286673318256
   [Epoch 131] Train loss: 0.46501
    VAL  F-score 48.58 | MAP50 0.57178 | MAP15 0.27314
[Epoch: 132/200]
Loss: 0.4738318920135498 | PLCC: 0.5754750370979309
Loss: 0.44030895829200745 | PLCC: 0.6082687377929688
Loss: 0.4613933265209198 | PLCC: 0.5885233283042908
Loss: 0.48337432742118835 | PLCC: 0.566787600517273
Avg PLCC 0.08446134309369055
   [Epoch 132] Train loss: 0.46473
    VAL  F-score 48.801 | MAP50 0.56986 | MAP15 0.27098
[Epoch: 133/200]
Loss: 0.47812288999557495 | PLCC: 0.5709593892097473
Loss: 0.4378640353679657 | PLCC: 0.6090796589851379
Loss: 0.4594447910785675 | PLCC: 0.5890723466873169
Loss: 0.467770516872406 | PLCC: 0.5839242935180664
Avg PLCC 0.0853585324137274
   [Epoch 133] Train loss: 0.46080
    VAL  F-score 50.011 | MAP50 0.57301 | MAP15 0.28229
[Epoch: 134/200]
Loss: 0.45984113216400146 | PLCC: 0.5889226198196411
Loss: 0.5012989640235901 | PLCC: 0.5468716621398926
Loss: 0.4377463459968567 | PLCC: 0.6116780638694763
Loss: 0.4378856420516968 | PLCC: 0.610418975353241
Avg PLCC 0.08589657221102354
   [Epoch 134] Train loss: 0.45919
    VAL  F-score 48.836 | MAP50 0.57133 | MAP15 0.27487
[Epoch: 135/200]
Loss: 0.4341903030872345 | PLCC: 0.6129888296127319
Loss: 0.46778199076652527 | PLCC: 0.5830296874046326
Loss: 0.46351826190948486 | PLCC: 0.588045597076416
Loss: 0.4791697561740875 | PLCC: 0.5697165131568909
Avg PLCC 0.09410560255249341
   [Epoch 135] Train loss: 0.46117
    VAL  F-score 48.021 | MAP50 0.57486 | MAP15 0.28566
[Epoch: 136/200]
Loss: 0.46931731700897217 | PLCC: 0.5818145275115967
Loss: 0.4333135783672333 | PLCC: 0.6152844429016113
Loss: 0.4752666652202606 | PLCC: 0.573333740234375
Loss: 0.45367705821990967 | PLCC: 0.5914965271949768
Avg PLCC 0.08926301093941386
   [Epoch 136] Train loss: 0.45789
    VAL  F-score 50.117 | MAP50 0.57332 | MAP15 0.28029
[Epoch: 137/200]
Loss: 0.4335213303565979 | PLCC: 0.6133731007575989
Loss: 0.4850824475288391 | PLCC: 0.5644252300262451
Loss: 0.5069762468338013 | PLCC: 0.5441802144050598
Loss: 0.4019678235054016 | PLCC: 0.6430594325065613
Avg PLCC 0.09310655502045076
   [Epoch 137] Train loss: 0.45689
    VAL  F-score 49.688 | MAP50 0.57375 | MAP15 0.27922
[Epoch: 138/200]
Loss: 0.45437970757484436 | PLCC: 0.5932795405387878
Loss: 0.48423847556114197 | PLCC: 0.5621739625930786
Loss: 0.41631555557250977 | PLCC: 0.6321072578430176
Loss: 0.49093398451805115 | PLCC: 0.5617444515228271
Avg PLCC 0.09498335655327096
   [Epoch 138] Train loss: 0.46147
    VAL  F-score 48.791 | MAP50 0.57533 | MAP15 0.28286
[Epoch: 139/200]
Loss: 0.4868486225605011 | PLCC: 0.562523603439331
Loss: 0.43094417452812195 | PLCC: 0.6192280054092407
Loss: 0.44918328523635864 | PLCC: 0.5994195938110352
Loss: 0.438138484954834 | PLCC: 0.6102428436279297
Avg PLCC 0.09188457916818814
   [Epoch 139] Train loss: 0.45128
    VAL  F-score 50.038 | MAP50 0.57379 | MAP15 0.28457
[Epoch: 140/200]
Loss: 0.46090662479400635 | PLCC: 0.5867558717727661
Loss: 0.4153793454170227 | PLCC: 0.6322988867759705
Loss: 0.526198148727417 | PLCC: 0.5240069031715393
Loss: 0.42730578780174255 | PLCC: 0.6186518669128418
Avg PLCC 0.09183352797602613
   [Epoch 140] Train loss: 0.45745
    VAL  F-score 50.349 | MAP50 0.57502 | MAP15 0.29121
[Epoch: 141/200]
Loss: 0.4603014588356018 | PLCC: 0.5853412747383118
Loss: 0.45259493589401245 | PLCC: 0.5959814190864563
Loss: 0.4868212640285492 | PLCC: 0.5615224838256836
Loss: 0.40423649549484253 | PLCC: 0.6426309943199158
Avg PLCC 0.0924878943125915
   [Epoch 141] Train loss: 0.45099
    VAL  F-score 49.091 | MAP50 0.57657 | MAP15 0.27376
[Epoch: 142/200]
Loss: 0.452899694442749 | PLCC: 0.5963209271430969
Loss: 0.42361849546432495 | PLCC: 0.6235436797142029
Loss: 0.4416338801383972 | PLCC: 0.6030378341674805
Loss: 0.464598149061203 | PLCC: 0.583154022693634
Avg PLCC 0.0938648044159918
   [Epoch 142] Train loss: 0.44569
    VAL  F-score 50.301 | MAP50 0.57797 | MAP15 0.297
[Epoch: 143/200]
Loss: 0.44665127992630005 | PLCC: 0.6003960371017456
Loss: 0.4573870003223419 | PLCC: 0.5913547277450562
Loss: 0.4175240993499756 | PLCC: 0.6280715465545654
Loss: 0.4647338390350342 | PLCC: 0.5814077258110046
Avg PLCC 0.09170121456863302
   [Epoch 143] Train loss: 0.44657
    VAL  F-score 50.47 | MAP50 0.57282 | MAP15 0.30081
[Epoch: 144/200]
Loss: 0.4701622724533081 | PLCC: 0.5800093412399292
Loss: 0.41846418380737305 | PLCC: 0.6284939646720886
Loss: 0.45320117473602295 | PLCC: 0.5933566093444824
Loss: 0.45802903175354004 | PLCC: 0.5879068970680237
Avg PLCC 0.09187898073684085
   [Epoch 144] Train loss: 0.44996
    VAL  F-score 49.943 | MAP50 0.57289 | MAP15 0.29802
[Epoch: 145/200]
Loss: 0.4068359136581421 | PLCC: 0.6375615000724792
Loss: 0.4321170747280121 | PLCC: 0.6149706244468689
Loss: 0.4746509790420532 | PLCC: 0.5725662708282471
Loss: 0.4661889672279358 | PLCC: 0.5829522013664246
Avg PLCC 0.09577773319500865
   [Epoch 145] Train loss: 0.44495
    VAL  F-score 48.72 | MAP50 0.5745 | MAP15 0.3056
[Epoch: 146/200]
Loss: 0.4765946865081787 | PLCC: 0.5731551051139832
Loss: 0.4580484628677368 | PLCC: 0.5874109864234924
Loss: 0.41649553179740906 | PLCC: 0.6317481398582458
Loss: 0.41729632019996643 | PLCC: 0.6304253935813904
Avg PLCC 0.09914517833032843
   [Epoch 146] Train loss: 0.44211
    VAL  F-score 49.711 | MAP50 0.57602 | MAP15 0.29455
[Epoch: 147/200]
Loss: 0.462575763463974 | PLCC: 0.58460932970047
Loss: 0.4415496587753296 | PLCC: 0.6068823933601379
Loss: 0.4235879182815552 | PLCC: 0.6233664155006409
Loss: 0.4468245208263397 | PLCC: 0.6002926230430603
Avg PLCC 0.09744866926110152
   [Epoch 147] Train loss: 0.44363
    VAL  F-score 49.082 | MAP50 0.57558 | MAP15 0.30264
[Epoch: 148/200]
Loss: 0.4182986617088318 | PLCC: 0.6293691992759705
Loss: 0.5043594241142273 | PLCC: 0.5446788668632507
Loss: 0.45476827025413513 | PLCC: 0.5934514999389648
Loss: 0.4132484197616577 | PLCC: 0.6322269439697266
Avg PLCC 0.10138633463418845
   [Epoch 148] Train loss: 0.44767
    VAL  F-score 49.11 | MAP50 0.58159 | MAP15 0.30328
[Epoch: 149/200]
Loss: 0.44850653409957886 | PLCC: 0.5962682366371155
Loss: 0.43573659658432007 | PLCC: 0.6121923923492432
Loss: 0.4473181664943695 | PLCC: 0.6002580523490906
Loss: 0.42617136240005493 | PLCC: 0.6225026845932007
Avg PLCC 0.10631365402404105
   [Epoch 149] Train loss: 0.43943
    VAL  F-score 50.508 | MAP50 0.5812 | MAP15 0.30979
[Epoch: 150/200]
Loss: 0.38632526993751526 | PLCC: 0.6587202548980713
Loss: 0.4742986857891083 | PLCC: 0.5714066624641418
Loss: 0.4587719738483429 | PLCC: 0.5881072878837585
Loss: 0.45309093594551086 | PLCC: 0.5924217104911804
Avg PLCC 0.10506179533673055
   [Epoch 150] Train loss: 0.44312
    VAL  F-score 50.827 | MAP50 0.57934 | MAP15 0.30397
[Epoch: 151/200]
Loss: 0.4163123667240143 | PLCC: 0.6291337013244629
Loss: 0.47091373801231384 | PLCC: 0.5774248838424683
Loss: 0.43192094564437866 | PLCC: 0.6142153739929199
Loss: 0.4523370862007141 | PLCC: 0.5967802405357361
Avg PLCC 0.0988648866839481
   [Epoch 151] Train loss: 0.44287
    VAL  F-score 49.478 | MAP50 0.5802 | MAP15 0.29799
[Epoch: 152/200]
Loss: 0.4614379405975342 | PLCC: 0.5868459343910217
Loss: 0.4390859603881836 | PLCC: 0.6083885431289673
Loss: 0.41300585865974426 | PLCC: 0.6326466202735901
Loss: 0.43314629793167114 | PLCC: 0.6117691993713379
Avg PLCC 0.10708616217369016
   [Epoch 152] Train loss: 0.43667
    VAL  F-score 49.649 | MAP50 0.57821 | MAP15 0.31693
[Epoch: 153/200]
Loss: 0.4110194444656372 | PLCC: 0.6353008151054382
Loss: 0.4399398863315582 | PLCC: 0.6026881337165833
Loss: 0.44187742471694946 | PLCC: 0.6056214570999146
Loss: 0.4593682587146759 | PLCC: 0.5882681012153625
Avg PLCC 0.10189664877499595
   [Epoch 153] Train loss: 0.43805
    VAL  F-score 50.768 | MAP50 0.57645 | MAP15 0.30778
[Epoch: 154/200]
Loss: 0.4288923740386963 | PLCC: 0.6158992052078247
Loss: 0.4255642294883728 | PLCC: 0.6188549995422363
Loss: 0.4446512460708618 | PLCC: 0.6050926446914673
Loss: 0.4582907259464264 | PLCC: 0.5885887145996094
Avg PLCC 0.10826106589626182
   [Epoch 154] Train loss: 0.43935
    VAL  F-score 48.83 | MAP50 0.57567 | MAP15 0.31018
[Epoch: 155/200]
Loss: 0.46969980001449585 | PLCC: 0.5783610343933105
Loss: 0.4315459132194519 | PLCC: 0.615804135799408
Loss: 0.3996994197368622 | PLCC: 0.6476559042930603
Loss: 0.45457080006599426 | PLCC: 0.5919427871704102
Avg PLCC 0.09671319139923787
   [Epoch 155] Train loss: 0.43888
    VAL  F-score 48.828 | MAP50 0.57582 | MAP15 0.30754
[Epoch: 156/200]
Loss: 0.4566258490085602 | PLCC: 0.5913835167884827
Loss: 0.41405177116394043 | PLCC: 0.630730390548706
Loss: 0.4350704550743103 | PLCC: 0.6125807762145996
Loss: 0.4242912232875824 | PLCC: 0.6205414533615112
Avg PLCC 0.10324273540666609
   [Epoch 156] Train loss: 0.43251
    VAL  F-score 49.052 | MAP50 0.57604 | MAP15 0.30934
[Epoch: 157/200]
Loss: 0.4285370707511902 | PLCC: 0.6167744994163513
Loss: 0.4257718324661255 | PLCC: 0.6214901208877563
Loss: 0.41948968172073364 | PLCC: 0.6244025230407715
Loss: 0.48511600494384766 | PLCC: 0.5654073357582092
Avg PLCC 0.09645322619965582
   [Epoch 157] Train loss: 0.43973
    VAL  F-score 49.705 | MAP50 0.57355 | MAP15 0.30444
[Epoch: 158/200]
Loss: 0.3908751904964447 | PLCC: 0.6546646952629089
Loss: 0.43199223279953003 | PLCC: 0.6108623147010803
Loss: 0.46668413281440735 | PLCC: 0.5808498859405518
Loss: 0.4490945339202881 | PLCC: 0.5979346632957458
Avg PLCC 0.10084881768985228
   [Epoch 158] Train loss: 0.43466
    VAL  F-score 49.502 | MAP50 0.57346 | MAP15 0.30622
[Epoch: 159/200]
Loss: 0.47602710127830505 | PLCC: 0.570633053779602
Loss: 0.4162652790546417 | PLCC: 0.6315744519233704
Loss: 0.43969592452049255 | PLCC: 0.6071369051933289
Loss: 0.4045327305793762 | PLCC: 0.6389809846878052
Avg PLCC 0.08921660026250967
   [Epoch 159] Train loss: 0.43413
    VAL  F-score 48.978 | MAP50 0.57266 | MAP15 0.28342
[Epoch: 160/200]
Loss: 0.4721772074699402 | PLCC: 0.5737344622612
Loss: 0.45438504219055176 | PLCC: 0.5923857092857361
Loss: 0.41737234592437744 | PLCC: 0.6269024610519409
Loss: 0.3756735026836395 | PLCC: 0.6689323782920837
Avg PLCC 0.10176817039874467
   [Epoch 160] Train loss: 0.42990
    VAL  F-score 48.623 | MAP50 0.57524 | MAP15 0.30803
[Epoch: 161/200]
Loss: 0.44061076641082764 | PLCC: 0.606863260269165
Loss: 0.44695889949798584 | PLCC: 0.5997785329818726
Loss: 0.42049384117126465 | PLCC: 0.6248917579650879
Loss: 0.4071708023548126 | PLCC: 0.6362618803977966
Avg PLCC 0.09845253421967341
   [Epoch 161] Train loss: 0.42881
    VAL  F-score 50.12 | MAP50 0.57455 | MAP15 0.29496
[Epoch: 162/200]
Loss: 0.4145333170890808 | PLCC: 0.6293699741363525
Loss: 0.47861143946647644 | PLCC: 0.5689622163772583
Loss: 0.4124816358089447 | PLCC: 0.6330346465110779
Loss: 0.41452425718307495 | PLCC: 0.6294901371002197
Avg PLCC 0.09812466684503085
   [Epoch 162] Train loss: 0.43004
    VAL  F-score 49.805 | MAP50 0.57417 | MAP15 0.29888
[Epoch: 163/200]
Loss: 0.4292386472225189 | PLCC: 0.6160051226615906
Loss: 0.45841461420059204 | PLCC: 0.5865045785903931
Loss: 0.4547698497772217 | PLCC: 0.5918018817901611
Loss: 0.3840087354183197 | PLCC: 0.6627865433692932
Avg PLCC 0.091348678402772
   [Epoch 163] Train loss: 0.43161
    VAL  F-score 46.195 | MAP50 0.57408 | MAP15 0.29008
[Epoch: 164/200]
Loss: 0.4177083671092987 | PLCC: 0.6273768544197083
Loss: 0.43863627314567566 | PLCC: 0.6049004793167114
Loss: 0.41974329948425293 | PLCC: 0.6270086169242859
Loss: 0.4270429015159607 | PLCC: 0.6214687824249268
Avg PLCC 0.09729911889316457
   [Epoch 164] Train loss: 0.42578
    VAL  F-score 48.285 | MAP50 0.57328 | MAP15 0.30187
[Epoch: 165/200]
Loss: 0.46873635053634644 | PLCC: 0.5777203440666199
Loss: 0.43275338411331177 | PLCC: 0.6114488840103149
Loss: 0.40720292925834656 | PLCC: 0.6384490728378296
Loss: 0.4012204110622406 | PLCC: 0.6431035399436951
Avg PLCC 0.09160941051827236
   [Epoch 165] Train loss: 0.42748
    VAL  F-score 48.551 | MAP50 0.57706 | MAP15 0.29638
[Epoch: 166/200]
Loss: 0.4064271152019501 | PLCC: 0.6386576890945435
Loss: 0.4181915819644928 | PLCC: 0.6280010342597961
Loss: 0.44207897782325745 | PLCC: 0.6026849746704102
Loss: 0.43559756875038147 | PLCC: 0.6100425720214844
Avg PLCC 0.09223152736596989
   [Epoch 166] Train loss: 0.42557
    VAL  F-score 48.635 | MAP50 0.57852 | MAP15 0.29403
[Epoch: 167/200]
Loss: 0.4230731129646301 | PLCC: 0.6220943927764893
Loss: 0.3718658685684204 | PLCC: 0.6715884208679199
Loss: 0.4913347363471985 | PLCC: 0.5557579398155212
Loss: 0.42411690950393677 | PLCC: 0.6214532256126404
Avg PLCC 0.10086927627862403
   [Epoch 167] Train loss: 0.42760
    VAL  F-score 47.697 | MAP50 0.57978 | MAP15 0.29575
[Epoch: 168/200]
Loss: 0.44238752126693726 | PLCC: 0.6033322811126709
Loss: 0.4409089684486389 | PLCC: 0.6062939763069153
Loss: 0.368809312582016 | PLCC: 0.6757136583328247
Loss: 0.4633270800113678 | PLCC: 0.5792554020881653
Avg PLCC 0.10272521127692678
   [Epoch 168] Train loss: 0.42886
    VAL  F-score 50.042 | MAP50 0.57852 | MAP15 0.29882
[Epoch: 169/200]
Loss: 0.41326597332954407 | PLCC: 0.6299421787261963
Loss: 0.449263334274292 | PLCC: 0.5974443554878235
Loss: 0.42481711506843567 | PLCC: 0.6214644908905029
Loss: 0.39343851804733276 | PLCC: 0.6504294276237488
Avg PLCC 0.10561376777618672
   [Epoch 169] Train loss: 0.42020
    VAL  F-score 47.859 | MAP50 0.57798 | MAP15 0.30806
[Epoch: 170/200]
Loss: 0.41759032011032104 | PLCC: 0.627793550491333
Loss: 0.4493870735168457 | PLCC: 0.5992081165313721
Loss: 0.4211907982826233 | PLCC: 0.6221942901611328
Loss: 0.4100683927536011 | PLCC: 0.6337382793426514
Avg PLCC 0.10063820041603211
   [Epoch 170] Train loss: 0.42456
    VAL  F-score 48.15 | MAP50 0.57879 | MAP15 0.29877
[Epoch: 171/200]
Loss: 0.4217461943626404 | PLCC: 0.6224075555801392
Loss: 0.43296849727630615 | PLCC: 0.615407407283783
Loss: 0.41317644715309143 | PLCC: 0.6334932446479797
Loss: 0.42005598545074463 | PLCC: 0.6249023675918579
Avg PLCC 0.1047350803503033
   [Epoch 171] Train loss: 0.42199
    VAL  F-score 48.269 | MAP50 0.58023 | MAP15 0.31046
[Epoch: 172/200]
Loss: 0.41748157143592834 | PLCC: 0.6281867027282715
Loss: 0.4080762267112732 | PLCC: 0.6347533464431763
Loss: 0.45155438780784607 | PLCC: 0.5943818092346191
Loss: 0.4092642068862915 | PLCC: 0.6352489590644836
Avg PLCC 0.10040895838403341
   [Epoch 172] Train loss: 0.42159
    VAL  F-score 48.886 | MAP50 0.57819 | MAP15 0.30614
[Epoch: 173/200]
Loss: 0.43361741304397583 | PLCC: 0.611821174621582
Loss: 0.4389406442642212 | PLCC: 0.6070587635040283
Loss: 0.39630407094955444 | PLCC: 0.648421049118042
Loss: 0.42468881607055664 | PLCC: 0.6206406354904175
Avg PLCC 0.09224499544749658
   [Epoch 173] Train loss: 0.42339
    VAL  F-score 48.886 | MAP50 0.57591 | MAP15 0.28251
[Epoch: 174/200]
Loss: 0.4513888359069824 | PLCC: 0.5953380465507507
Loss: 0.4124034643173218 | PLCC: 0.6318286061286926
Loss: 0.4128466844558716 | PLCC: 0.6327612996101379
Loss: 0.4026394486427307 | PLCC: 0.6383116841316223
Avg PLCC 0.10214529666259434
   [Epoch 174] Train loss: 0.41982
    VAL  F-score 48.049 | MAP50 0.5774 | MAP15 0.30119
[Epoch: 175/200]
Loss: 0.4284980297088623 | PLCC: 0.6140734553337097
Loss: 0.39923813939094543 | PLCC: 0.6446991562843323
Loss: 0.4426731467247009 | PLCC: 0.6052166223526001
Loss: 0.40240445733070374 | PLCC: 0.641792356967926
Avg PLCC 0.09588017803616822
   [Epoch 175] Train loss: 0.41820
    VAL  F-score 49.032 | MAP50 0.57751 | MAP15 0.28331
[Epoch: 176/200]
Loss: 0.45986929535865784 | PLCC: 0.5864803791046143
Loss: 0.36562108993530273 | PLCC: 0.676292896270752
Loss: 0.46053552627563477 | PLCC: 0.5835517644882202
Loss: 0.39057308435440063 | PLCC: 0.6542819738388062
Avg PLCC 0.11272650178183209
   [Epoch 176] Train loss: 0.41915
    VAL  F-score 48.094 | MAP50 0.58213 | MAP15 0.31092
[Epoch: 177/200]
Loss: 0.42718735337257385 | PLCC: 0.6169690489768982
Loss: 0.3918125331401825 | PLCC: 0.6537326574325562
Loss: 0.40690940618515015 | PLCC: 0.6370844841003418
Loss: 0.4310796856880188 | PLCC: 0.6139386892318726
Avg PLCC 0.10622166184652032
   [Epoch 177] Train loss: 0.41425
    VAL  F-score 49.263 | MAP50 0.5808 | MAP15 0.29773
[Epoch: 178/200]
Loss: 0.40752536058425903 | PLCC: 0.6374585032463074
Loss: 0.4468979239463806 | PLCC: 0.5981488227844238
Loss: 0.4043937623500824 | PLCC: 0.6384532451629639
Loss: 0.39627590775489807 | PLCC: 0.6467488408088684
Avg PLCC 0.11049463532187721
   [Epoch 178] Train loss: 0.41377
    VAL  F-score 49.261 | MAP50 0.58378 | MAP15 0.3023
[Epoch: 179/200]
Loss: 0.4613445997238159 | PLCC: 0.5860552191734314
Loss: 0.3870871365070343 | PLCC: 0.6557052731513977
Loss: 0.39495858550071716 | PLCC: 0.6482551097869873
Loss: 0.41134709119796753 | PLCC: 0.63274747133255
Avg PLCC 0.11306913377660693
   [Epoch 179] Train loss: 0.41368
    VAL  F-score 49.391 | MAP50 0.58389 | MAP15 0.30248
[Epoch: 180/200]
Loss: 0.3845972418785095 | PLCC: 0.6613023281097412
Loss: 0.40571925044059753 | PLCC: 0.6385793685913086
Loss: 0.4777328073978424 | PLCC: 0.5678489804267883
Loss: 0.4209299087524414 | PLCC: 0.6211093664169312
Avg PLCC 0.11228690290767135
   [Epoch 180] Train loss: 0.42224
    VAL  F-score 49.773 | MAP50 0.5821 | MAP15 0.30655
[Epoch: 181/200]
Loss: 0.38828882575035095 | PLCC: 0.6533492803573608
Loss: 0.41732311248779297 | PLCC: 0.6283329725265503
Loss: 0.40889889001846313 | PLCC: 0.6368930339813232
Loss: 0.4304206073284149 | PLCC: 0.6141209602355957
Avg PLCC 0.11321100039464055
   [Epoch 181] Train loss: 0.41123
    VAL  F-score 49.42 | MAP50 0.58354 | MAP15 0.31132
[Epoch: 182/200]
Loss: 0.4120422899723053 | PLCC: 0.6294949650764465
Loss: 0.41223064064979553 | PLCC: 0.6339102983474731
Loss: 0.4085363447666168 | PLCC: 0.6352142691612244
Loss: 0.4038914442062378 | PLCC: 0.639732301235199
Avg PLCC 0.10593332073679476
   [Epoch 182] Train loss: 0.40918
    VAL  F-score 49.188 | MAP50 0.58221 | MAP15 0.31135
[Epoch: 183/200]
Loss: 0.3852338492870331 | PLCC: 0.6568918824195862
Loss: 0.41277816891670227 | PLCC: 0.6321035623550415
Loss: 0.4211282432079315 | PLCC: 0.624297022819519
Loss: 0.4263964891433716 | PLCC: 0.617570698261261
Avg PLCC 0.11540545631820957
   [Epoch 183] Train loss: 0.41138
    VAL  F-score 49.602 | MAP50 0.58661 | MAP15 0.3258
[Epoch: 184/200]
Loss: 0.4264026880264282 | PLCC: 0.6175965666770935
Loss: 0.4171658158302307 | PLCC: 0.624727189540863
Loss: 0.38864871859550476 | PLCC: 0.6546729803085327
Loss: 0.4041971266269684 | PLCC: 0.638889729976654
Avg PLCC 0.10595221117590413
   [Epoch 184] Train loss: 0.40910
    VAL  F-score 49.048 | MAP50 0.58366 | MAP15 0.30949
[Epoch: 185/200]
Loss: 0.3972392678260803 | PLCC: 0.6447387337684631
Loss: 0.44749975204467773 | PLCC: 0.5994281768798828
Loss: 0.40083006024360657 | PLCC: 0.6437199115753174
Loss: 0.39247745275497437 | PLCC: 0.6523739695549011
Avg PLCC 0.12001870988839955
   [Epoch 185] Train loss: 0.40951
    VAL  F-score 50.03 | MAP50 0.58976 | MAP15 0.32945
[Epoch: 186/200]
Loss: 0.45249056816101074 | PLCC: 0.5915309190750122
Loss: 0.43795397877693176 | PLCC: 0.6049322485923767
Loss: 0.37616220116615295 | PLCC: 0.6667981147766113
Loss: 0.3712703287601471 | PLCC: 0.6718884706497192
Avg PLCC 0.11198807756106059
   [Epoch 186] Train loss: 0.40947
    VAL  F-score 49.352 | MAP50 0.58593 | MAP15 0.32424
[Epoch: 187/200]
Loss: 0.3471137583255768 | PLCC: 0.6936870813369751
Loss: 0.4010263681411743 | PLCC: 0.6430267691612244
Loss: 0.46902015805244446 | PLCC: 0.5743950605392456
Loss: 0.41138991713523865 | PLCC: 0.6321992874145508
Avg PLCC 0.1223124836458627
   [Epoch 187] Train loss: 0.40714
    VAL  F-score 49.567 | MAP50 0.5916 | MAP15 0.33204
[Epoch: 188/200]
Loss: 0.40227237343788147 | PLCC: 0.6423329710960388
Loss: 0.4044700860977173 | PLCC: 0.6383250951766968
Loss: 0.424981951713562 | PLCC: 0.6181702613830566
Loss: 0.3808151185512543 | PLCC: 0.660932719707489
Avg PLCC 0.10993742479970961
   [Epoch 188] Train loss: 0.40313
    VAL  F-score 48.594 | MAP50 0.5827 | MAP15 0.31232
[Epoch: 189/200]
Loss: 0.4068661630153656 | PLCC: 0.6346535682678223
Loss: 0.42379653453826904 | PLCC: 0.6213123798370361
Loss: 0.3936447203159332 | PLCC: 0.649048388004303
Loss: 0.3904005289077759 | PLCC: 0.6542264819145203
Avg PLCC 0.11468028638399008
   [Epoch 189] Train loss: 0.40368
    VAL  F-score 50.068 | MAP50 0.58569 | MAP15 0.32591
[Epoch: 190/200]
Loss: 0.45085757970809937 | PLCC: 0.5928833484649658
Loss: 0.3901372253894806 | PLCC: 0.6530075073242188
Loss: 0.36912140250205994 | PLCC: 0.6731860041618347
Loss: 0.4138035178184509 | PLCC: 0.6297971606254578
Avg PLCC 0.11490368961610577
   [Epoch 190] Train loss: 0.40598
    VAL  F-score 48.705 | MAP50 0.58552 | MAP15 0.32439
[Epoch: 191/200]
Loss: 0.39883953332901 | PLCC: 0.6443412899971008
Loss: 0.38322171568870544 | PLCC: 0.657535195350647
Loss: 0.3987067639827728 | PLCC: 0.6448009014129639
Loss: 0.40470314025878906 | PLCC: 0.6377096176147461
Avg PLCC 0.11648411467445619
   [Epoch 191] Train loss: 0.39637
    VAL  F-score 48.768 | MAP50 0.58482 | MAP15 0.31871
[Epoch: 192/200]
Loss: 0.41888120770454407 | PLCC: 0.6226490139961243
Loss: 0.4030829071998596 | PLCC: 0.63918137550354
Loss: 0.39560019969940186 | PLCC: 0.6477441787719727
Loss: 0.37448087334632874 | PLCC: 0.667502224445343
Avg PLCC 0.1202568296117313
   [Epoch 192] Train loss: 0.39801
    VAL  F-score 48.566 | MAP50 0.5858 | MAP15 0.31274
[Epoch: 193/200]
Loss: 0.39024806022644043 | PLCC: 0.6535608172416687
Loss: 0.39919930696487427 | PLCC: 0.6429593563079834
Loss: 0.43088653683662415 | PLCC: 0.6151790022850037
Loss: 0.36843928694725037 | PLCC: 0.6730477809906006
Avg PLCC 0.12408724133715485
   [Epoch 193] Train loss: 0.39719
    VAL  F-score 50.468 | MAP50 0.58838 | MAP15 0.31858
[Epoch: 194/200]
Loss: 0.40079110860824585 | PLCC: 0.6398949027061462
Loss: 0.41362228989601135 | PLCC: 0.6286733746528625
Loss: 0.4132438004016876 | PLCC: 0.6317709684371948
Loss: 0.3639844059944153 | PLCC: 0.6778203845024109
Avg PLCC 0.11650981658110113
   [Epoch 194] Train loss: 0.39791
    VAL  F-score 48.046 | MAP50 0.58166 | MAP15 0.31509
[Epoch: 195/200]
Loss: 0.36266469955444336 | PLCC: 0.679811954498291
Loss: 0.40146303176879883 | PLCC: 0.6399140954017639
Loss: 0.3770197033882141 | PLCC: 0.66487056016922
Loss: 0.4458330273628235 | PLCC: 0.5988337397575378
Avg PLCC 0.12418566367617159
   [Epoch 195] Train loss: 0.39675
    VAL  F-score 49.42 | MAP50 0.58868 | MAP15 0.31718
[Epoch: 196/200]
Loss: 0.36423271894454956 | PLCC: 0.6769850254058838
Loss: 0.4111905097961426 | PLCC: 0.6300116777420044
Loss: 0.410075843334198 | PLCC: 0.6337469816207886
Loss: 0.37888583540916443 | PLCC: 0.661440908908844
Avg PLCC 0.12410144067623398
   [Epoch 196] Train loss: 0.39110
    VAL  F-score 48.941 | MAP50 0.58676 | MAP15 0.31918
[Epoch: 197/200]
Loss: 0.3783950209617615 | PLCC: 0.6625241637229919
Loss: 0.3740099370479584 | PLCC: 0.6673455238342285
Loss: 0.3967382311820984 | PLCC: 0.6448547840118408
Loss: 0.41234010457992554 | PLCC: 0.6304705739021301
Avg PLCC 0.11858976426336801
   [Epoch 197] Train loss: 0.39037
    VAL  F-score 46.264 | MAP50 0.58689 | MAP15 0.31861
[Epoch: 198/200]
Loss: 0.41651445627212524 | PLCC: 0.6279208660125732
Loss: 0.3845345377922058 | PLCC: 0.6571479439735413
Loss: 0.4415407180786133 | PLCC: 0.6018061637878418
Loss: 0.3409309685230255 | PLCC: 0.699899435043335
Avg PLCC 0.12874122167175467
   [Epoch 198] Train loss: 0.39588
    VAL  F-score 49.872 | MAP50 0.59676 | MAP15 0.32669
[Epoch: 199/200]
Loss: 0.4374411404132843 | PLCC: 0.6046451330184937
Loss: 0.37868785858154297 | PLCC: 0.663685142993927
Loss: 0.37517672777175903 | PLCC: 0.6656926870346069
Loss: 0.3755752742290497 | PLCC: 0.6655874252319336
Avg PLCC 0.10976872965693474
   [Epoch 199] Train loss: 0.39172
    VAL  F-score 47.086 | MAP50 0.59037 | MAP15 0.32255
   Best Val F1 score 51.958 @ epoch13
   Best Val MAP-50   0.63715 @ epoch77
   Best Val MAP-15   0.33204 @ epoch187
   Best Val PLCC   0.20004 @ epoch85

Testing Model:  Summaries/DETR/dev/best_f1score_model/best_f1.pkl
Device:  cuda:0
------------------------------------------------------
   TEST RESULT on Summaries/DETR/dev/best_f1score_model/best_f1.pkl: 
   TEST MRHiSum F-score 47.93 | MAP50 0.56269 | MAP15 0.22163
------------------------------------------------------
Testing Model:  Summaries/DETR/dev/best_mAP50_model/best_map50.pkl
Device:  cuda:0
------------------------------------------------------
   TEST RESULT on Summaries/DETR/dev/best_mAP50_model/best_map50.pkl: 
   TEST MRHiSum F-score 45.152 | MAP50 0.58475 | MAP15 0.20411
------------------------------------------------------
Testing Model:  Summaries/DETR/dev/best_mAP15_model/best_map15.pkl
Device:  cuda:0
------------------------------------------------------
   TEST RESULT on Summaries/DETR/dev/best_mAP15_model/best_map15.pkl: 
   TEST MRHiSum F-score 45.43 | MAP50 0.59361 | MAP15 0.35705
------------------------------------------------------
