Device being used: cuda:0
Number of train videos: 493, train keys: ['video_15446', 'video_28524', 'video_17946', 'video_23782', 'video_28531', 'video_2286', 'video_24593', 'video_13864', 'video_21008', 'video_1198', 'video_21003', 'video_22350', 'video_12846', 'video_2293', 'video_11584', 'video_24511', 'video_2295', 'video_27372', 'video_4974', 'video_15062', 'video_24956', 'video_12643', 'video_1849', 'video_13830', 'video_28526', 'video_15060', 'video_13836', 'video_24979', 'video_14727', 'video_27387', 'video_12841', 'video_2287', 'video_22369', 'video_2289', 'video_22360', 'video_5738', 'video_17939', 'video_22368', 'video_1860', 'video_28521', 'video_5740', 'video_4962', 'video_4960', 'video_4968', 'video_19216', 'video_23793', 'video_14732', 'video_19218', 'video_1851', 'video_11559', 'video_12644', 'video_11574', 'video_12844', 'video_13835', 'video_4973', 'video_15057', 'video_1188', 'video_15452', 'video_15447', 'video_14725', 'video_15055', 'video_22358', 'video_20988', 'video_1197', 'video_18851', 'video_28505', 'video_5748', 'video_15449', 'video_15184', 'video_1184', 'video_4971', 'video_23781', 'video_13871', 'video_13885', 'video_15181', 'video_2288', 'video_14736', 'video_11565', 'video_28512', 'video_12860', 'video_14735', 'video_28502', 'video_20991', 'video_2285', 'video_11585', 'video_15448', 'video_17927', 'video_1858', 'video_27386', 'video_12850', 'video_5749', 'video_1191', 'video_1196', 'video_21014', 'video_28516', 'video_14726', 'video_13867', 'video_12660', 'video_20992', 'video_28523', 'video_24523', 'video_1856', 'video_24978', 'video_1200', 'video_13869', 'video_13831', 'video_28508', 'video_28497', 'video_11571', 'video_15172', 'video_28513', 'video_18845', 'video_23785', 'video_24962', 'video_19212', 'video_15170', 'video_15166', 'video_1855', 'video_21012', 'video_14734', 'video_13868', 'video_1863', 'video_17936', 'video_1857', 'video_24517', 'video_24520', 'video_20989', 'video_18857', 'video_14721', 'video_12848', 'video_23798', 'video_14720', 'video_1193', 'video_22361', 'video_28506', 'video_18859', 'video_19208', 'video_12646', 'video_27375', 'video_15180', 'video_24954', 'video_11575', 'video_13879', 'video_20990', 'video_14719', 'video_15442', 'video_11581', 'video_11582', 'video_21015', 'video_21010', 'video_23776', 'video_12648', 'video_13876', 'video_18860', 'video_27374', 'video_12658', 'video_15167', 'video_4970', 'video_27381', 'video_24961', 'video_24968', 'video_24963', 'video_15059', 'video_15185', 'video_1181', 'video_28499', 'video_13841', 'video_28520', 'video_24952', 'video_24967', 'video_14741', 'video_21000', 'video_13880', 'video_5739', 'video_15441', 'video_12858', 'video_28533', 'video_11569', 'video_1866', 'video_2296', 'video_15178', 'video_21001', 'video_24969', 'video_12656', 'video_17944', 'video_17943', 'video_22367', 'video_24970', 'video_27383', 'video_22355', 'video_22365', 'video_4976', 'video_15051', 'video_19209', 'video_17945', 'video_23777', 'video_13832', 'video_14729', 'video_18852', 'video_14724', 'video_12647', 'video_26936', 'video_18864', 'video_5752', 'video_28504', 'video_11563', 'video_13870', 'video_28500', 'video_1182', 'video_24592', 'video_24586', 'video_13877', 'video_17937', 'video_12650', 'video_12843', 'video_12840', 'video_23786', 'video_1183', 'video_14718', 'video_14740', 'video_20995', 'video_19207', 'video_12836', 'video_23790', 'video_18854', 'video_28511', 'video_17932', 'video_12854', 'video_14717', 'video_12645', 'video_12845', 'video_15450', 'video_2290', 'video_28517', 'video_23788', 'video_12842', 'video_12839', 'video_11561', 'video_13837', 'video_23778', 'video_26941', 'video_12859', 'video_19214', 'video_1195', 'video_23784', 'video_5746', 'video_21011', 'video_15169', 'video_1854', 'video_5742', 'video_1194', 'video_24529', 'video_28507', 'video_18856', 'video_24973', 'video_23801', 'video_14737', 'video_13884', 'video_23789', 'video_24584', 'video_2298', 'video_28496', 'video_24960', 'video_20993', 'video_19219', 'video_26944', 'video_18863', 'video_24512', 'video_20997', 'video_1189', 'video_24966', 'video_1199', 'video_24519', 'video_28518', 'video_4963', 'video_23779', 'video_12654', 'video_23799', 'video_26942', 'video_26945', 'video_12857', 'video_28498', 'video_12663', 'video_2292', 'video_13886', 'video_13878', 'video_24591', 'video_15183', 'video_1187', 'video_11573', 'video_5747', 'video_21007', 'video_2294', 'video_28509', 'video_11577', 'video_13874', 'video_18849', 'video_13872', 'video_4967', 'video_13834', 'video_26937', 'video_19210', 'video_19213', 'video_23794', 'video_1862', 'video_17947', 'video_23787', 'video_15174', 'video_15177', 'video_18853', 'video_12653', 'video_18846', 'video_15053', 'video_12666', 'video_21002', 'video_24949', 'video_14730', 'video_18848', 'video_24509', 'video_18858', 'video_24953', 'video_18855', 'video_17942', 'video_11580', 'video_5741', 'video_24585', 'video_1186', 'video_12641', 'video_28522', 'video_22351', 'video_24510', 'video_24976', 'video_24972', 'video_15058', 'video_12655', 'video_22364', 'video_24515', 'video_12651', 'video_23783', 'video_1859', 'video_27382', 'video_13866', 'video_27378', 'video_12856', 'video_21004', 'video_17929', 'video_24514', 'video_28514', 'video_11578', 'video_4965', 'video_24971', 'video_20998', 'video_24974', 'video_28534', 'video_28525', 'video_2291', 'video_15168', 'video_17940', 'video_27371', 'video_14733', 'video_24955', 'video_24513', 'video_4966', 'video_14738', 'video_22354', 'video_12665', 'video_17928', 'video_1850', 'video_19215', 'video_11570', 'video_24975', 'video_11567', 'video_12863', 'video_4975', 'video_12851', 'video_24589', 'video_24950', 'video_13883', 'video_28530', 'video_28510', 'video_13881', 'video_2300', 'video_4979', 'video_24964', 'video_15445', 'video_15182', 'video_11576', 'video_17938', 'video_2297', 'video_22352', 'video_1192', 'video_18862', 'video_5753', 'video_19217', 'video_17933', 'video_12662', 'video_24957', 'video_27377', 'video_17941', 'video_17930', 'video_27373', 'video_24959', 'video_22349', 'video_24590', 'video_24516', 'video_1185', 'video_22372', 'video_4964', 'video_28515', 'video_15173', 'video_28527', 'video_4969', 'video_5743', 'video_11579', 'video_17931', 'video_18847', 'video_2299', 'video_14739', 'video_12667', 'video_20994', 'video_13873', 'video_17935', 'video_12664', 'video_27376', 'video_15061', 'video_12847', 'video_4959', 'video_28529', 'video_12849', 'video_24527', 'video_24526', 'video_15453', 'video_11566', 'video_15176', 'video_4961', 'video_17926', 'video_24965', 'video_27384', 'video_26940', 'video_2301', 'video_12837', 'video_22357', 'video_26938', 'video_21005', 'video_12861', 'video_24521', 'video_23780', 'video_21013', 'video_5744', 'video_23797', 'video_28532', 'video_26939', 'video_14722', 'video_4972', 'video_11572', 'video_12862', 'video_20996', 'video_2302', 'video_5750', 'video_12652', 'video_11564', 'video_4977', 'video_22362', 'video_13802', 'video_23796', 'video_12657', 'video_24528', 'video_13833', 'video_13838', 'video_24588', 'video_13829', 'video_15451', 'video_24977', 'video_19205', 'video_28528', 'video_28503', 'video_27379', 'video_13882', 'video_13840', 'video_22363', 'video_22359', 'video_15056', 'video_28519', 'video_21009', 'video_28501', 'video_22356', 'video_24525', 'video_18861', 'video_12838', 'video_4980', 'video_21006', 'video_24583', 'video_15171']
Number of val videos: 33, val keys: ['video_12853', 'video_20999', 'video_18850', 'video_5751', 'video_1864', 'video_15179', 'video_5745', 'video_23795', 'video_24524', 'video_13839', 'video_5754', 'video_15443', 'video_17934', 'video_15186', 'video_12852', 'video_1861', 'video_13865', 'video_26943', 'video_14723', 'video_11562', 'video_1852', 'video_19211', 'video_22370', 'video_4978', 'video_15444', 'video_22353', 'video_4981', 'video_15054', 'video_12855', 'video_15175', 'video_1848', 'video_12661', 'video_23791']
Number of test videos: 29, test keys: ['video_13875', 'video_11560', 'video_12642', 'video_11568', 'video_26935', 'video_12659', 'video_22366', 'video_19206', 'video_24522', 'video_13842', 'video_11583', 'video_24951', 'video_24587', 'video_24582', 'video_1853', 'video_27380', 'video_15454', 'video_1865', 'video_14731', 'video_23800', 'video_23792', 'video_27385', 'video_1190', 'video_12649', 'video_14728', 'video_15052', 'video_22371', 'video_24518', 'video_24958']
[Epoch: 0/200 ]
Loss: 1.152005910873413 | PLCC: -0.004271388053894043
Loss: 1.145658016204834 | PLCC: 0.006122112274169922
Loss: 1.1741396188735962 | PLCC: -0.022083520889282227
Loss: 1.1295557022094727 | PLCC: 0.013350367546081543
Avg PLCC -0.004047922225612582
   [Epoch 0] Train loss: 1.15034
    VAL  F-score 50.958 | MAP50 0.54729 | MAP15 0.23818
[Epoch: 1/200 ]
Loss: 1.099405288696289 | PLCC: 0.040646255016326904
Loss: 1.041526198387146 | PLCC: 0.08905017375946045
Loss: 1.1297894716262817 | PLCC: 0.011213064193725586
Loss: 1.0700925588607788 | PLCC: 0.0687454342842102
Avg PLCC 0.0003438902962388414
   [Epoch 1] Train loss: 1.08520
    VAL  F-score 51.362 | MAP50 0.54745 | MAP15 0.23935
[Epoch: 2/200 ]
Loss: 1.042676329612732 | PLCC: 0.08781200647354126
Loss: 1.0073461532592773 | PLCC: 0.11680513620376587
Loss: 1.053661584854126 | PLCC: 0.07842850685119629
Loss: 1.046074628829956 | PLCC: 0.07989633083343506
Avg PLCC 0.004271230970819791
   [Epoch 2] Train loss: 1.03744
    VAL  F-score 51.782 | MAP50 0.55177 | MAP15 0.24069
[Epoch: 3/200 ]
Loss: 0.9947460889816284 | PLCC: 0.12573039531707764
Loss: 1.0177472829818726 | PLCC: 0.10437881946563721
Loss: 1.0086629390716553 | PLCC: 0.10955792665481567
Loss: 0.9287427663803101 | PLCC: 0.18876200914382935
Avg PLCC 0.008249947970563715
   [Epoch 3] Train loss: 0.98747
    VAL  F-score 51.967 | MAP50 0.55509 | MAP15 0.24212
[Epoch: 4/200 ]
Loss: 0.9241427779197693 | PLCC: 0.18425506353378296
Loss: 0.9999271035194397 | PLCC: 0.11621540784835815
Loss: 0.9027253985404968 | PLCC: 0.2073991894721985
Loss: 0.9773054718971252 | PLCC: 0.13449925184249878
Avg PLCC 0.011980138831969463
   [Epoch 4] Train loss: 0.95103
    VAL  F-score 52.382 | MAP50 0.55461 | MAP15 0.23399
[Epoch: 5/200 ]
Loss: 0.8703309297561646 | PLCC: 0.23784613609313965
Loss: 0.9049594402313232 | PLCC: 0.1982274055480957
Loss: 0.9706900715827942 | PLCC: 0.13639402389526367
Loss: 0.9090178608894348 | PLCC: 0.19018232822418213
Avg PLCC 0.01560871997340159
   [Epoch 5] Train loss: 0.91375
    VAL  F-score 54.014 | MAP50 0.55597 | MAP15 0.23975
[Epoch: 6/200 ]
Loss: 0.8879826068878174 | PLCC: 0.2111797332763672
Loss: 0.879774808883667 | PLCC: 0.21741265058517456
Loss: 0.892487645149231 | PLCC: 0.20253366231918335
Loss: 0.8417147994041443 | PLCC: 0.25962358713150024
Avg PLCC 0.01852633177556775
   [Epoch 6] Train loss: 0.87549
    VAL  F-score 53.565 | MAP50 0.55717 | MAP15 0.2438
[Epoch: 7/200 ]
Loss: 0.9116369485855103 | PLCC: 0.18210136890411377
Loss: 0.7999228835105896 | PLCC: 0.29105961322784424
Loss: 0.8398903012275696 | PLCC: 0.25298357009887695
Loss: 0.8358749151229858 | PLCC: 0.25609350204467773
Avg PLCC 0.021564612108649628
   [Epoch 7] Train loss: 0.84683
    VAL  F-score 54.193 | MAP50 0.5562 | MAP15 0.23864
[Epoch: 8/200 ]
Loss: 0.8262331485748291 | PLCC: 0.25879567861557007
Loss: 0.8154977560043335 | PLCC: 0.27366411685943604
Loss: 0.8000926971435547 | PLCC: 0.2901918888092041
Loss: 0.8266981244087219 | PLCC: 0.2576074004173279
Avg PLCC 0.02411637206872304
   [Epoch 8] Train loss: 0.81713
    VAL  F-score 54.825 | MAP50 0.5569 | MAP15 0.2374
[Epoch: 9/200 ]
Loss: 0.7731730937957764 | PLCC: 0.3081493377685547
Loss: 0.848448634147644 | PLCC: 0.2367115020751953
Loss: 0.7535046935081482 | PLCC: 0.32966184616088867
Loss: 0.7939075231552124 | PLCC: 0.2883453369140625
Avg PLCC 0.026439749268871365
   [Epoch 9] Train loss: 0.79226
    VAL  F-score 53.795 | MAP50 0.556 | MAP15 0.23161
[Epoch: 10/200]
Loss: 0.7962878942489624 | PLCC: 0.28393006324768066
Loss: 0.762569785118103 | PLCC: 0.316905677318573
Loss: 0.7375993728637695 | PLCC: 0.3427596092224121
Loss: 0.7752633690834045 | PLCC: 0.3009963035583496
Avg PLCC 0.028987806851298294
   [Epoch 10] Train loss: 0.76793
    VAL  F-score 54.025 | MAP50 0.55531 | MAP15 0.22533
[Epoch: 11/200]
Loss: 0.7419174909591675 | PLCC: 0.33329302072525024
Loss: 0.7690296173095703 | PLCC: 0.3057953715324402
Loss: 0.7687690258026123 | PLCC: 0.307350218296051
Loss: 0.706926167011261 | PLCC: 0.3712114095687866
Avg PLCC 0.03150120891884647
   [Epoch 11] Train loss: 0.74666
    VAL  F-score 54.261 | MAP50 0.55555 | MAP15 0.22387
[Epoch: 12/200]
Loss: 0.6950674653053284 | PLCC: 0.3837181329727173
Loss: 0.7763493657112122 | PLCC: 0.29546964168548584
Loss: 0.7233203053474426 | PLCC: 0.3486449718475342
Loss: 0.7335774898529053 | PLCC: 0.3367772698402405
Avg PLCC 0.03379998052718513
   [Epoch 12] Train loss: 0.73208
    VAL  F-score 54.261 | MAP50 0.55767 | MAP15 0.22518
[Epoch: 13/200]
Loss: 0.7644654512405396 | PLCC: 0.3111829161643982
Loss: 0.6769232153892517 | PLCC: 0.390405535697937
Loss: 0.693604588508606 | PLCC: 0.37825798988342285
Loss: 0.7078136801719666 | PLCC: 0.36121731996536255
Avg PLCC 0.03628865462925398
   [Epoch 13] Train loss: 0.71070
    VAL  F-score 53.982 | MAP50 0.55961 | MAP15 0.22535
[Epoch: 14/200]
Loss: 0.7182949781417847 | PLCC: 0.3513418436050415
Loss: 0.7115395069122314 | PLCC: 0.3554351329803467
Loss: 0.6378414034843445 | PLCC: 0.4301745891571045
Loss: 0.7242521643638611 | PLCC: 0.34774255752563477
Avg PLCC 0.03854725607247515
   [Epoch 14] Train loss: 0.69798
    VAL  F-score 53.409 | MAP50 0.55971 | MAP15 0.22744
[Epoch: 15/200]
Loss: 0.6864868998527527 | PLCC: 0.37806200981140137
Loss: 0.6527432799339294 | PLCC: 0.413657009601593
Loss: 0.715917706489563 | PLCC: 0.35475683212280273
Loss: 0.6682969927787781 | PLCC: 0.3994096517562866
Avg PLCC 0.040837870953096586
   [Epoch 15] Train loss: 0.68086
    VAL  F-score 53.398 | MAP50 0.55928 | MAP15 0.22769
[Epoch: 16/200]
Loss: 0.6573184132575989 | PLCC: 0.40678834915161133
Loss: 0.662588357925415 | PLCC: 0.4055933356285095
Loss: 0.6904152631759644 | PLCC: 0.37436699867248535
Loss: 0.6610987186431885 | PLCC: 0.40498560667037964
Avg PLCC 0.043046257317517746
   [Epoch 16] Train loss: 0.66786
    VAL  F-score 53.469 | MAP50 0.55892 | MAP15 0.22786
[Epoch: 17/200]
Loss: 0.6647879481315613 | PLCC: 0.3995463252067566
Loss: 0.674848735332489 | PLCC: 0.38941216468811035
Loss: 0.6213166117668152 | PLCC: 0.4428517818450928
Loss: 0.6567103862762451 | PLCC: 0.4083578586578369
Avg PLCC 0.04498209202464557
   [Epoch 17] Train loss: 0.65442
    VAL  F-score 53.614 | MAP50 0.56095 | MAP15 0.23063
[Epoch: 18/200]
Loss: 0.6283444762229919 | PLCC: 0.4365689754486084
Loss: 0.6587882041931152 | PLCC: 0.40248119831085205
Loss: 0.6201503276824951 | PLCC: 0.44058263301849365
Loss: 0.6633419394493103 | PLCC: 0.4030303955078125
Avg PLCC 0.04695374394809319
   [Epoch 18] Train loss: 0.64266
    VAL  F-score 53.269 | MAP50 0.56292 | MAP15 0.23244
[Epoch: 19/200]
Loss: 0.6256529092788696 | PLCC: 0.4356335401535034
Loss: 0.610437273979187 | PLCC: 0.4505620002746582
Loss: 0.6341743469238281 | PLCC: 0.4285397529602051
Loss: 0.6608099341392517 | PLCC: 0.4026152491569519
Avg PLCC 0.04869018396835379
   [Epoch 19] Train loss: 0.63277
    VAL  F-score 53.296 | MAP50 0.5645 | MAP15 0.23313
[Epoch: 20/200]
Loss: 0.5839846730232239 | PLCC: 0.47770094871520996
Loss: 0.652678370475769 | PLCC: 0.40961670875549316
Loss: 0.6261816024780273 | PLCC: 0.432197630405426
Loss: 0.6373715996742249 | PLCC: 0.42478442192077637
Avg PLCC 0.0502318500710482
   [Epoch 20] Train loss: 0.62505
    VAL  F-score 54.085 | MAP50 0.5651 | MAP15 0.23109
[Epoch: 21/200]
Loss: 0.6480652093887329 | PLCC: 0.4098609685897827
Loss: 0.6326817870140076 | PLCC: 0.4285545349121094
Loss: 0.5947428345680237 | PLCC: 0.4653518795967102
Loss: 0.5785831809043884 | PLCC: 0.48306578397750854
Avg PLCC 0.05209661596878008
   [Epoch 21] Train loss: 0.61352
    VAL  F-score 53.951 | MAP50 0.56497 | MAP15 0.23187
[Epoch: 22/200]
Loss: 0.6088574528694153 | PLCC: 0.4528707265853882
Loss: 0.6203243136405945 | PLCC: 0.4411327838897705
Loss: 0.5776723623275757 | PLCC: 0.4766392707824707
Loss: 0.6012696027755737 | PLCC: 0.4585777521133423
Avg PLCC 0.05336605813918692
   [Epoch 22] Train loss: 0.60203
    VAL  F-score 53.253 | MAP50 0.56667 | MAP15 0.23198
[Epoch: 23/200]
Loss: 0.584156334400177 | PLCC: 0.47392016649246216
Loss: 0.6239317655563354 | PLCC: 0.4368462562561035
Loss: 0.5938783288002014 | PLCC: 0.4648970365524292
Loss: 0.5775994658470154 | PLCC: 0.4787900447845459
Avg PLCC 0.054743992842056534
   [Epoch 23] Train loss: 0.59489
    VAL  F-score 53.859 | MAP50 0.56733 | MAP15 0.23143
[Epoch: 24/200]
Loss: 0.5873394012451172 | PLCC: 0.47547203302383423
Loss: 0.5648705363273621 | PLCC: 0.49126607179641724
Loss: 0.6112307906150818 | PLCC: 0.44535279273986816
Loss: 0.600459635257721 | PLCC: 0.454581081867218
Avg PLCC 0.05578070601702414
   [Epoch 24] Train loss: 0.59098
    VAL  F-score 53.859 | MAP50 0.56695 | MAP15 0.2286
[Epoch: 25/200]
Loss: 0.5587766766548157 | PLCC: 0.49925684928894043
Loss: 0.5535926818847656 | PLCC: 0.5039249658584595
Loss: 0.6015928983688354 | PLCC: 0.4538172483444214
Loss: 0.6088637113571167 | PLCC: 0.44860875606536865
Avg PLCC 0.05681135822934183
   [Epoch 25] Train loss: 0.58071
    VAL  F-score 54.055 | MAP50 0.568 | MAP15 0.22839
[Epoch: 26/200]
Loss: 0.5593780875205994 | PLCC: 0.4964240789413452
Loss: 0.542492687702179 | PLCC: 0.5145036578178406
Loss: 0.5741730332374573 | PLCC: 0.47988080978393555
Loss: 0.6183583736419678 | PLCC: 0.44074714183807373
Avg PLCC 0.0574282107902973
   [Epoch 26] Train loss: 0.57360
    VAL  F-score 54.496 | MAP50 0.56816 | MAP15 0.22783
[Epoch: 27/200]
Loss: 0.5711914896965027 | PLCC: 0.485837459564209
Loss: 0.5391556024551392 | PLCC: 0.5158253312110901
Loss: 0.6019718050956726 | PLCC: 0.456223726272583
Loss: 0.544917106628418 | PLCC: 0.5074639320373535
Avg PLCC 0.05812664090119528
   [Epoch 27] Train loss: 0.56431
    VAL  F-score 55.023 | MAP50 0.56778 | MAP15 0.23061
[Epoch: 28/200]
Loss: 0.5891899466514587 | PLCC: 0.46809709072113037
Loss: 0.49880653619766235 | PLCC: 0.5558136105537415
Loss: 0.5495195388793945 | PLCC: 0.5037241578102112
Loss: 0.6136612892150879 | PLCC: 0.44169795513153076
Avg PLCC 0.058785461707774433
   [Epoch 28] Train loss: 0.56279
    VAL  F-score 54.796 | MAP50 0.57025 | MAP15 0.23155
[Epoch: 29/200]
Loss: 0.5705984234809875 | PLCC: 0.48453831672668457
Loss: 0.4854763150215149 | PLCC: 0.5681939125061035
Loss: 0.5752349495887756 | PLCC: 0.4776589870452881
Loss: 0.5949656367301941 | PLCC: 0.4616175889968872
Avg PLCC 0.05924230313746992
   [Epoch 29] Train loss: 0.55657
    VAL  F-score 54.796 | MAP50 0.57136 | MAP15 0.23054
[Epoch: 30/200]
Loss: 0.5308234095573425 | PLCC: 0.519198477268219
Loss: 0.576563835144043 | PLCC: 0.47943174839019775
Loss: 0.5174004435539246 | PLCC: 0.5354716777801514
Loss: 0.5510045289993286 | PLCC: 0.5061197280883789
Avg PLCC 0.05898763657067761
   [Epoch 30] Train loss: 0.54395
    VAL  F-score 54.796 | MAP50 0.57046 | MAP15 0.23339
[Epoch: 31/200]
Loss: 0.49121183156967163 | PLCC: 0.5583748817443848
Loss: 0.5691986083984375 | PLCC: 0.4892655611038208
Loss: 0.5529381632804871 | PLCC: 0.4993547201156616
Loss: 0.5332468748092651 | PLCC: 0.5195722579956055
Avg PLCC 0.059043241678878214
   [Epoch 31] Train loss: 0.53665
    VAL  F-score 54.796 | MAP50 0.56932 | MAP15 0.23216
[Epoch: 32/200]
Loss: 0.5407800078392029 | PLCC: 0.5104674100875854
Loss: 0.5347129106521606 | PLCC: 0.5189112424850464
Loss: 0.5268257856369019 | PLCC: 0.5254761576652527
Loss: 0.5206564664840698 | PLCC: 0.5330822467803955
Avg PLCC 0.05894879178341591
   [Epoch 32] Train loss: 0.53074
    VAL  F-score 54.161 | MAP50 0.56913 | MAP15 0.23197
[Epoch: 33/200]
Loss: 0.547605574131012 | PLCC: 0.5039048194885254
Loss: 0.4927004873752594 | PLCC: 0.5576556921005249
Loss: 0.5056459307670593 | PLCC: 0.5481095910072327
Loss: 0.5730568766593933 | PLCC: 0.480130672454834
Avg PLCC 0.058759622148830785
   [Epoch 33] Train loss: 0.52975
    VAL  F-score 54.161 | MAP50 0.56933 | MAP15 0.23372
[Epoch: 34/200]
Loss: 0.5942646265029907 | PLCC: 0.4580402374267578
Loss: 0.48200541734695435 | PLCC: 0.5690815448760986
Loss: 0.4967910945415497 | PLCC: 0.5530251860618591
Loss: 0.5200285911560059 | PLCC: 0.5335244536399841
Avg PLCC 0.05832060326285886
   [Epoch 34] Train loss: 0.52327
    VAL  F-score 53.876 | MAP50 0.56917 | MAP15 0.23396
[Epoch: 35/200]
Loss: 0.5908945798873901 | PLCC: 0.4619913697242737
Loss: 0.5084103345870972 | PLCC: 0.5404053926467896
Loss: 0.5038845539093018 | PLCC: 0.5496046543121338
Loss: 0.45901069045066833 | PLCC: 0.5899146199226379
Avg PLCC 0.05783683329707745
   [Epoch 35] Train loss: 0.51555
    VAL  F-score 53.315 | MAP50 0.56929 | MAP15 0.23241
[Epoch: 36/200]
Loss: 0.5489957332611084 | PLCC: 0.5015329122543335
Loss: 0.47405242919921875 | PLCC: 0.5763230919837952
Loss: 0.4918612837791443 | PLCC: 0.5576683878898621
Loss: 0.5265374779701233 | PLCC: 0.5255709290504456
Avg PLCC 0.057324739384718916
   [Epoch 36] Train loss: 0.51036
    VAL  F-score 52.836 | MAP50 0.56867 | MAP15 0.23148
[Epoch: 37/200]
Loss: 0.5090547204017639 | PLCC: 0.5409719347953796
Loss: 0.47141316533088684 | PLCC: 0.575419008731842
Loss: 0.5435440540313721 | PLCC: 0.5090152621269226
Loss: 0.47934994101524353 | PLCC: 0.5715014338493347
Avg PLCC 0.05616803845138444
   [Epoch 37] Train loss: 0.50084
    VAL  F-score 52.647 | MAP50 0.56761 | MAP15 0.22552
[Epoch: 38/200]
Loss: 0.5318300724029541 | PLCC: 0.5154925584793091
Loss: 0.4637112319469452 | PLCC: 0.5864275097846985
Loss: 0.4676859974861145 | PLCC: 0.5808376669883728
Loss: 0.5349953174591064 | PLCC: 0.517947256565094
Avg PLCC 0.05551035512083521
   [Epoch 38] Train loss: 0.49956
    VAL  F-score 52.815 | MAP50 0.56713 | MAP15 0.22426
[Epoch: 39/200]
Loss: 0.49783509969711304 | PLCC: 0.5519160628318787
Loss: 0.4956943690776825 | PLCC: 0.5523629188537598
Loss: 0.5197130441665649 | PLCC: 0.5302530527114868
Loss: 0.4525499939918518 | PLCC: 0.5958841443061829
Avg PLCC 0.0546164572817471
   [Epoch 39] Train loss: 0.49145
    VAL  F-score 51.962 | MAP50 0.56605 | MAP15 0.22022
[Epoch: 40/200]
Loss: 0.4456903338432312 | PLCC: 0.6014525294303894
Loss: 0.537680983543396 | PLCC: 0.511374294757843
Loss: 0.49071457982063293 | PLCC: 0.5575386881828308
Loss: 0.4815276563167572 | PLCC: 0.5686529278755188
Avg PLCC 0.05394729082895951
   [Epoch 40] Train loss: 0.48890
    VAL  F-score 50.93 | MAP50 0.56586 | MAP15 0.21766
[Epoch: 41/200]
Loss: 0.5371244549751282 | PLCC: 0.5112588405609131
Loss: 0.45079806447029114 | PLCC: 0.5980378985404968
Loss: 0.5018637776374817 | PLCC: 0.5460178852081299
Loss: 0.44413673877716064 | PLCC: 0.6032218337059021
Avg PLCC 0.05340397053144195
   [Epoch 41] Train loss: 0.48348
    VAL  F-score 50.858 | MAP50 0.56659 | MAP15 0.21833
[Epoch: 42/200]
Loss: 0.4792972803115845 | PLCC: 0.567002534866333
Loss: 0.4606606960296631 | PLCC: 0.5876573324203491
Loss: 0.45829764008522034 | PLCC: 0.5896948575973511
Loss: 0.5058545470237732 | PLCC: 0.5423693656921387
Avg PLCC 0.052814504682001745
   [Epoch 42] Train loss: 0.47603
    VAL  F-score 50.858 | MAP50 0.56637 | MAP15 0.21798
[Epoch: 43/200]
Loss: 0.4702635109424591 | PLCC: 0.5770990252494812
Loss: 0.45858538150787354 | PLCC: 0.5877489447593689
Loss: 0.46976280212402344 | PLCC: 0.5779330730438232
Loss: 0.4806346595287323 | PLCC: 0.5671108961105347
Avg PLCC 0.05229343770241195
   [Epoch 43] Train loss: 0.46981
    VAL  F-score 50.554 | MAP50 0.56667 | MAP15 0.21746
[Epoch: 44/200]
Loss: 0.47034433484077454 | PLCC: 0.577273964881897
Loss: 0.43176165223121643 | PLCC: 0.6139240860939026
Loss: 0.4813808500766754 | PLCC: 0.5656969547271729
Loss: 0.4756026864051819 | PLCC: 0.5713704228401184
Avg PLCC 0.051607763140716335
   [Epoch 44] Train loss: 0.46477
    VAL  F-score 50.554 | MAP50 0.56668 | MAP15 0.21727
[Epoch: 45/200]
Loss: 0.4502139985561371 | PLCC: 0.5976971387863159
Loss: 0.43928056955337524 | PLCC: 0.6055955290794373
Loss: 0.46207350492477417 | PLCC: 0.5836235880851746
Loss: 0.5008883476257324 | PLCC: 0.5464761257171631
Avg PLCC 0.05044668808466557
   [Epoch 45] Train loss: 0.46311
    VAL  F-score 50.987 | MAP50 0.56575 | MAP15 0.2166
[Epoch: 46/200]
Loss: 0.4923490881919861 | PLCC: 0.5555275678634644
Loss: 0.40382394194602966 | PLCC: 0.6390548348426819
Loss: 0.4797796905040741 | PLCC: 0.5674343705177307
Loss: 0.4448698163032532 | PLCC: 0.601312518119812
Avg PLCC 0.0497589460150762
   [Epoch 46] Train loss: 0.45521
    VAL  F-score 50.987 | MAP50 0.56456 | MAP15 0.21591
[Epoch: 47/200]
Loss: 0.43621277809143066 | PLCC: 0.6085253357887268
Loss: 0.4769670367240906 | PLCC: 0.5676058530807495
Loss: 0.45605921745300293 | PLCC: 0.5904601812362671
Loss: 0.4269205629825592 | PLCC: 0.6198355555534363
Avg PLCC 0.04872078643265096
   [Epoch 47] Train loss: 0.44904
    VAL  F-score 50.987 | MAP50 0.56523 | MAP15 0.21681
[Epoch: 48/200]
Loss: 0.48120084404945374 | PLCC: 0.566574215888977
Loss: 0.4472931921482086 | PLCC: 0.5992682576179504
Loss: 0.40723490715026855 | PLCC: 0.6357828378677368
Loss: 0.4417029619216919 | PLCC: 0.6013035178184509
Avg PLCC 0.04755753247688214
   [Epoch 48] Train loss: 0.44436
    VAL  F-score 50.987 | MAP50 0.5642 | MAP15 0.21521
[Epoch: 49/200]
Loss: 0.45566442608833313 | PLCC: 0.5887702703475952
Loss: 0.40426599979400635 | PLCC: 0.6405915021896362
Loss: 0.4609133005142212 | PLCC: 0.5840464234352112
Loss: 0.4389358460903168 | PLCC: 0.6060776710510254
Avg PLCC 0.04648203193915613
   [Epoch 49] Train loss: 0.43994
    VAL  F-score 51.058 | MAP50 0.56391 | MAP15 0.21721
[Epoch: 50/200]
Loss: 0.4212179183959961 | PLCC: 0.6253383755683899
Loss: 0.44587475061416626 | PLCC: 0.5966776013374329
Loss: 0.4464380443096161 | PLCC: 0.5971022248268127
Loss: 0.42615073919296265 | PLCC: 0.6190630793571472
Avg PLCC 0.04520318068733269
   [Epoch 50] Train loss: 0.43492
    VAL  F-score 51.265 | MAP50 0.56397 | MAP15 0.21722
[Epoch: 51/200]
Loss: 0.4477122128009796 | PLCC: 0.5988457202911377
Loss: 0.4417014420032501 | PLCC: 0.6013708114624023
Loss: 0.41928309202194214 | PLCC: 0.6242666840553284
Loss: 0.4050673544406891 | PLCC: 0.6378970146179199
Avg PLCC 0.04376349759386909
   [Epoch 51] Train loss: 0.42844
    VAL  F-score 51.053 | MAP50 0.56413 | MAP15 0.22171
[Epoch: 52/200]
Loss: 0.4042815566062927 | PLCC: 0.6411644816398621
Loss: 0.42680075764656067 | PLCC: 0.6173670291900635
Loss: 0.41463765501976013 | PLCC: 0.6263735294342041
Loss: 0.46267202496528625 | PLCC: 0.5815064907073975
Avg PLCC 0.04323734718932291
   [Epoch 52] Train loss: 0.42710
    VAL  F-score 51.323 | MAP50 0.56421 | MAP15 0.22187
[Epoch: 53/200]
Loss: 0.4134049415588379 | PLCC: 0.6294819712638855
Loss: 0.4192999005317688 | PLCC: 0.6255328059196472
Loss: 0.4467088282108307 | PLCC: 0.5954998731613159
Loss: 0.4023765027523041 | PLCC: 0.6410490870475769
Avg PLCC 0.04211693507209985
   [Epoch 53] Train loss: 0.42045
    VAL  F-score 51.323 | MAP50 0.56416 | MAP15 0.21983
[Epoch: 54/200]
Loss: 0.4396553933620453 | PLCC: 0.6049228310585022
Loss: 0.41760116815567017 | PLCC: 0.6243981719017029
Loss: 0.412930428981781 | PLCC: 0.6289339065551758
Loss: 0.3866630494594574 | PLCC: 0.6571211814880371
Avg PLCC 0.04167109933879339
   [Epoch 54] Train loss: 0.41421
    VAL  F-score 51.557 | MAP50 0.56518 | MAP15 0.22132
[Epoch: 55/200]
Loss: 0.4120035469532013 | PLCC: 0.6327345371246338
Loss: 0.4067285358905792 | PLCC: 0.6371562480926514
Loss: 0.4353402256965637 | PLCC: 0.6053571105003357
Loss: 0.3871390223503113 | PLCC: 0.6540375351905823
Avg PLCC 0.040332014065687406
   [Epoch 55] Train loss: 0.41030
    VAL  F-score 51.369 | MAP50 0.56562 | MAP15 0.22142
[Epoch: 56/200]
Loss: 0.41517215967178345 | PLCC: 0.6243751049041748
Loss: 0.3950175642967224 | PLCC: 0.649605929851532
Loss: 0.4358096122741699 | PLCC: 0.6067883372306824
Loss: 0.38126441836357117 | PLCC: 0.6612973809242249
Avg PLCC 0.03992359810085459
   [Epoch 56] Train loss: 0.40682
    VAL  F-score 51.369 | MAP50 0.56551 | MAP15 0.22107
[Epoch: 57/200]
Loss: 0.4022844433784485 | PLCC: 0.6396529078483582
Loss: 0.3991599977016449 | PLCC: 0.6436163783073425
Loss: 0.3865208923816681 | PLCC: 0.6552982926368713
Loss: 0.4165395200252533 | PLCC: 0.6248124837875366
Avg PLCC 0.0389543619063316
   [Epoch 57] Train loss: 0.40113
    VAL  F-score 51.999 | MAP50 0.56567 | MAP15 0.22046
[Epoch: 58/200]
Loss: 0.4312543570995331 | PLCC: 0.6099094748497009
Loss: 0.37690165638923645 | PLCC: 0.6663718223571777
Loss: 0.38402241468429565 | PLCC: 0.6570509672164917
Loss: 0.3981919288635254 | PLCC: 0.6428967118263245
Avg PLCC 0.037912979891354386
   [Epoch 58] Train loss: 0.39759
    VAL  F-score 52.229 | MAP50 0.56453 | MAP15 0.22061
[Epoch: 59/200]
Loss: 0.37846991419792175 | PLCC: 0.662473738193512
Loss: 0.36649760603904724 | PLCC: 0.6761637330055237
Loss: 0.41646715998649597 | PLCC: 0.6243937015533447
Loss: 0.4156661629676819 | PLCC: 0.6252577900886536
Avg PLCC 0.03662165631116791
   [Epoch 59] Train loss: 0.39428
    VAL  F-score 52.436 | MAP50 0.56343 | MAP15 0.22015
[Epoch: 60/200]
Loss: 0.385055810213089 | PLCC: 0.6567631363868713
Loss: 0.36901527643203735 | PLCC: 0.6707332134246826
Loss: 0.4065834581851959 | PLCC: 0.6344967484474182
Loss: 0.3870623707771301 | PLCC: 0.6545853018760681
Avg PLCC 0.03543072517001719
   [Epoch 60] Train loss: 0.38693
    VAL  F-score 52.729 | MAP50 0.56313 | MAP15 0.21877
[Epoch: 61/200]
Loss: 0.3958621621131897 | PLCC: 0.6438566446304321
Loss: 0.35762500762939453 | PLCC: 0.6822230219841003
Loss: 0.3951049745082855 | PLCC: 0.6475066542625427
Loss: 0.3835245966911316 | PLCC: 0.6573722958564758
Avg PLCC 0.03470358849418434
   [Epoch 61] Train loss: 0.38303
    VAL  F-score 52.729 | MAP50 0.5637 | MAP15 0.21994
[Epoch: 62/200]
Loss: 0.3758425712585449 | PLCC: 0.6636232137680054
Loss: 0.4090341329574585 | PLCC: 0.633152425289154
Loss: 0.3681412637233734 | PLCC: 0.6713556051254272
Loss: 0.361355185508728 | PLCC: 0.6795156002044678
Avg PLCC 0.034882743708845795
   [Epoch 62] Train loss: 0.37859
    VAL  F-score 52.729 | MAP50 0.56363 | MAP15 0.21969
[Epoch: 63/200]
Loss: 0.3916723132133484 | PLCC: 0.6483514308929443
Loss: 0.36652976274490356 | PLCC: 0.6725440621376038
Loss: 0.3596896231174469 | PLCC: 0.6792044043540955
Loss: 0.38193240761756897 | PLCC: 0.6612118482589722
Avg PLCC 0.034661661286725466
   [Epoch 63] Train loss: 0.37496
    VAL  F-score 52.729 | MAP50 0.56393 | MAP15 0.22301
[Epoch: 64/200]
Loss: 0.3741389214992523 | PLCC: 0.6668442487716675
Loss: 0.3651508390903473 | PLCC: 0.6737974286079407
Loss: 0.3661182224750519 | PLCC: 0.6737177968025208
Loss: 0.3707296550273895 | PLCC: 0.6691974997520447
Avg PLCC 0.03336070352022282
   [Epoch 64] Train loss: 0.36903
    VAL  F-score 52.729 | MAP50 0.56264 | MAP15 0.21658
[Epoch: 65/200]
Loss: 0.3467543423175812 | PLCC: 0.6924806237220764
Loss: 0.36981436610221863 | PLCC: 0.6700905561447144
Loss: 0.3792954683303833 | PLCC: 0.6606289148330688
Loss: 0.36364760994911194 | PLCC: 0.6757579445838928
Avg PLCC 0.03352258429919003
   [Epoch 65] Train loss: 0.36488
    VAL  F-score 52.729 | MAP50 0.56355 | MAP15 0.22035
[Epoch: 66/200]
Loss: 0.34487593173980713 | PLCC: 0.6956177353858948
Loss: 0.35886120796203613 | PLCC: 0.67990642786026
Loss: 0.37542402744293213 | PLCC: 0.6627400517463684
Loss: 0.37249451875686646 | PLCC: 0.667624294757843
Avg PLCC 0.03306401772847907
   [Epoch 66] Train loss: 0.36291
    VAL  F-score 52.32 | MAP50 0.56149 | MAP15 0.21585
[Epoch: 67/200]
Loss: 0.37843015789985657 | PLCC: 0.6585956811904907
Loss: 0.338210791349411 | PLCC: 0.7008783221244812
Loss: 0.3635402321815491 | PLCC: 0.6768988966941833
Loss: 0.3524414896965027 | PLCC: 0.6875643134117126
Avg PLCC 0.033899661689770946
   [Epoch 67] Train loss: 0.35816
    VAL  F-score 52.025 | MAP50 0.56021 | MAP15 0.2171
[Epoch: 68/200]
Loss: 0.38139474391937256 | PLCC: 0.6576441526412964
Loss: 0.33383437991142273 | PLCC: 0.7046929597854614
Loss: 0.3496871888637543 | PLCC: 0.690872311592102
Loss: 0.3527918756008148 | PLCC: 0.6841714978218079
Avg PLCC 0.03286897971040823
   [Epoch 68] Train loss: 0.35443
    VAL  F-score 52.025 | MAP50 0.55904 | MAP15 0.21699
[Epoch: 69/200]
Loss: 0.36705729365348816 | PLCC: 0.6726692318916321
Loss: 0.35357779264450073 | PLCC: 0.6859686374664307
Loss: 0.33387839794158936 | PLCC: 0.7042840719223022
Loss: 0.3396417796611786 | PLCC: 0.6969600915908813
Avg PLCC 0.03223304834329721
   [Epoch 69] Train loss: 0.34854
    VAL  F-score 52.025 | MAP50 0.55923 | MAP15 0.21842
[Epoch: 70/200]
Loss: 0.33525094389915466 | PLCC: 0.7035164833068848
Loss: 0.375542551279068 | PLCC: 0.6644954681396484
Loss: 0.3394824266433716 | PLCC: 0.6975613236427307
Loss: 0.3304491937160492 | PLCC: 0.70674729347229
Avg PLCC 0.03227293403875647
   [Epoch 70] Train loss: 0.34518
    VAL  F-score 51.958 | MAP50 0.55901 | MAP15 0.21741
[Epoch: 71/200]
Loss: 0.351630836725235 | PLCC: 0.6865160465240479
Loss: 0.34401750564575195 | PLCC: 0.6936657428741455
Loss: 0.35073742270469666 | PLCC: 0.6878625154495239
Loss: 0.31372225284576416 | PLCC: 0.7241002321243286
Avg PLCC 0.031262752430682834
   [Epoch 71] Train loss: 0.34003
    VAL  F-score 51.958 | MAP50 0.55791 | MAP15 0.21603
[Epoch: 72/200]
Loss: 0.34161877632141113 | PLCC: 0.6974573731422424
Loss: 0.3626704216003418 | PLCC: 0.6733667254447937
Loss: 0.3174028694629669 | PLCC: 0.720660388469696
Loss: 0.3377229869365692 | PLCC: 0.7005061507225037
Avg PLCC 0.03301008237582265
   [Epoch 72] Train loss: 0.33985
    VAL  F-score 51.727 | MAP50 0.559 | MAP15 0.22376
[Epoch: 73/200]
Loss: 0.2959017753601074 | PLCC: 0.7398685216903687
Loss: 0.36751240491867065 | PLCC: 0.6710419654846191
Loss: 0.3532128930091858 | PLCC: 0.6855573058128357
Loss: 0.3212850093841553 | PLCC: 0.7159491181373596
Avg PLCC 0.03149194149018237
   [Epoch 73] Train loss: 0.33448
    VAL  F-score 51.408 | MAP50 0.55781 | MAP15 0.21851
[Epoch: 74/200]
Loss: 0.34446102380752563 | PLCC: 0.6920020580291748
Loss: 0.32259923219680786 | PLCC: 0.7172680497169495
Loss: 0.3155694603919983 | PLCC: 0.7211849689483643
Loss: 0.34303227066993713 | PLCC: 0.6933107376098633
Avg PLCC 0.0316149864599786
   [Epoch 74] Train loss: 0.33142
    VAL  F-score 51.408 | MAP50 0.55568 | MAP15 0.21609
[Epoch: 75/200]
Loss: 0.3458036780357361 | PLCC: 0.6915058493614197
Loss: 0.3596534729003906 | PLCC: 0.6786521077156067
Loss: 0.28963160514831543 | PLCC: 0.7451276183128357
Loss: 0.3171323537826538 | PLCC: 0.721149206161499
Avg PLCC 0.03200736400586637
   [Epoch 75] Train loss: 0.32806
    VAL  F-score 51.61 | MAP50 0.55561 | MAP15 0.21607
[Epoch: 76/200]
Loss: 0.3189401924610138 | PLCC: 0.7163004279136658
Loss: 0.34674203395843506 | PLCC: 0.6914626359939575
Loss: 0.30571162700653076 | PLCC: 0.73158860206604
Loss: 0.3174322545528412 | PLCC: 0.7192583084106445
Avg PLCC 0.03245027795095335
   [Epoch 76] Train loss: 0.32221
    VAL  F-score 51.929 | MAP50 0.55733 | MAP15 0.21727
[Epoch: 77/200]
Loss: 0.3289276659488678 | PLCC: 0.7076138257980347
Loss: 0.32359641790390015 | PLCC: 0.7128960490226746
Loss: 0.296024352312088 | PLCC: 0.7402472496032715
Loss: 0.3315306305885315 | PLCC: 0.7058293223381042
Avg PLCC 0.03220072126185352
   [Epoch 77] Train loss: 0.32002
    VAL  F-score 51.308 | MAP50 0.55523 | MAP15 0.21712
[Epoch: 78/200]
Loss: 0.3044329881668091 | PLCC: 0.7313483357429504
Loss: 0.30763861536979675 | PLCC: 0.7292358875274658
Loss: 0.31302815675735474 | PLCC: 0.7230878472328186
Loss: 0.342615008354187 | PLCC: 0.6943206787109375
Avg PLCC 0.03229651902096741
   [Epoch 78] Train loss: 0.31693
    VAL  F-score 50.989 | MAP50 0.55631 | MAP15 0.21697
[Epoch: 79/200]
Loss: 0.3091069161891937 | PLCC: 0.725665271282196
Loss: 0.31492796540260315 | PLCC: 0.7209884524345398
Loss: 0.3140473961830139 | PLCC: 0.7218952775001526
Loss: 0.31253179907798767 | PLCC: 0.7258592844009399
Avg PLCC 0.03227280876175924
   [Epoch 79] Train loss: 0.31265
    VAL  F-score 50.905 | MAP50 0.55555 | MAP15 0.21375
[Epoch: 80/200]
Loss: 0.30977851152420044 | PLCC: 0.7257336974143982
Loss: 0.2969130277633667 | PLCC: 0.7398503422737122
Loss: 0.3253312110900879 | PLCC: 0.7085232138633728
Loss: 0.3102951645851135 | PLCC: 0.727872908115387
Avg PLCC 0.031752207231792534
   [Epoch 80] Train loss: 0.31058
    VAL  F-score 50.905 | MAP50 0.55449 | MAP15 0.21347
[Epoch: 81/200]
Loss: 0.3155180811882019 | PLCC: 0.722089409828186
Loss: 0.304912805557251 | PLCC: 0.7295057773590088
Loss: 0.26311254501342773 | PLCC: 0.7712674140930176
Loss: 0.3512970507144928 | PLCC: 0.6853652596473694
Avg PLCC 0.031220499115685623
   [Epoch 81] Train loss: 0.30871
    VAL  F-score 50.905 | MAP50 0.55484 | MAP15 0.21507
[Epoch: 82/200]
Loss: 0.2786523401737213 | PLCC: 0.7583117485046387
Loss: 0.3117944002151489 | PLCC: 0.722294270992279
Loss: 0.3080143332481384 | PLCC: 0.7259656190872192
Loss: 0.3151837885379791 | PLCC: 0.7221345901489258
Avg PLCC 0.030690231473382675
   [Epoch 82] Train loss: 0.30341
    VAL  F-score 51.845 | MAP50 0.55413 | MAP15 0.21452
[Epoch: 83/200]
Loss: 0.31168267130851746 | PLCC: 0.7244210243225098
Loss: 0.30927225947380066 | PLCC: 0.7254635691642761
Loss: 0.2727048397064209 | PLCC: 0.7622095942497253
Loss: 0.3024071753025055 | PLCC: 0.7330668568611145
Avg PLCC 0.030426371560403793
   [Epoch 83] Train loss: 0.29902
    VAL  F-score 51.389 | MAP50 0.55407 | MAP15 0.21541
[Epoch: 84/200]
Loss: 0.31524139642715454 | PLCC: 0.7220301628112793
Loss: 0.2713582515716553 | PLCC: 0.7626409530639648
Loss: 0.2839207649230957 | PLCC: 0.7510207295417786
Loss: 0.3105604350566864 | PLCC: 0.7234089374542236
Avg PLCC 0.03153920495374636
   [Epoch 84] Train loss: 0.29527
    VAL  F-score 51.07 | MAP50 0.55301 | MAP15 0.2137
[Epoch: 85/200]
Loss: 0.3040187954902649 | PLCC: 0.7319438457489014
Loss: 0.30588680505752563 | PLCC: 0.7276346683502197
Loss: 0.2936915457248688 | PLCC: 0.7415742874145508
Loss: 0.26421093940734863 | PLCC: 0.7704596519470215
Avg PLCC 0.031269774151345096
   [Epoch 85] Train loss: 0.29195
    VAL  F-score 51.07 | MAP50 0.55171 | MAP15 0.21247
[Epoch: 86/200]
Loss: 0.2944669723510742 | PLCC: 0.7396721839904785
Loss: 0.3068625330924988 | PLCC: 0.7279046773910522
Loss: 0.2633121609687805 | PLCC: 0.7694892287254333
Loss: 0.2925039529800415 | PLCC: 0.7448862791061401
Avg PLCC 0.03063280169259418
   [Epoch 86] Train loss: 0.28929
    VAL  F-score 50.786 | MAP50 0.55212 | MAP15 0.2138
[Epoch: 87/200]
Loss: 0.298660546541214 | PLCC: 0.7378833293914795
Loss: 0.3047304153442383 | PLCC: 0.7278622984886169
Loss: 0.2845347821712494 | PLCC: 0.7511425018310547
Loss: 0.2524147033691406 | PLCC: 0.7804661989212036
Avg PLCC 0.03079016207519806
   [Epoch 87] Train loss: 0.28509
    VAL  F-score 50.786 | MAP50 0.55176 | MAP15 0.21299
[Epoch: 88/200]
Loss: 0.29057776927948 | PLCC: 0.7445270419120789
Loss: 0.2771073579788208 | PLCC: 0.7567663192749023
Loss: 0.2703699469566345 | PLCC: 0.7638129591941833
Loss: 0.2900159955024719 | PLCC: 0.7438616156578064
Avg PLCC 0.02993708767109748
   [Epoch 88] Train loss: 0.28202
    VAL  F-score 50.786 | MAP50 0.5527 | MAP15 0.21775
[Epoch: 89/200]
Loss: 0.3190905451774597 | PLCC: 0.7141585946083069
Loss: 0.2972235679626465 | PLCC: 0.7379077076911926
Loss: 0.24942302703857422 | PLCC: 0.784775972366333
Loss: 0.2590295970439911 | PLCC: 0.7745768427848816
Avg PLCC 0.03019048801312844
   [Epoch 89] Train loss: 0.28119
    VAL  F-score 51.07 | MAP50 0.552 | MAP15 0.21774
[Epoch: 90/200]
Loss: 0.2678203284740448 | PLCC: 0.7677547335624695
Loss: 0.3039553165435791 | PLCC: 0.732535719871521
Loss: 0.26200807094573975 | PLCC: 0.7700845003128052
Loss: 0.2685050368309021 | PLCC: 0.7623244524002075
Avg PLCC 0.030360408099085995
   [Epoch 90] Train loss: 0.27557
    VAL  F-score 50.824 | MAP50 0.55394 | MAP15 0.21828
[Epoch: 91/200]
Loss: 0.2902262210845947 | PLCC: 0.7434377074241638
Loss: 0.26324963569641113 | PLCC: 0.7698908448219299
Loss: 0.2703647017478943 | PLCC: 0.7637777328491211
Loss: 0.267611563205719 | PLCC: 0.7660576105117798
Avg PLCC 0.030283636808621162
   [Epoch 91] Train loss: 0.27286
    VAL  F-score 50.824 | MAP50 0.55135 | MAP15 0.21339
[Epoch: 92/200]
Loss: 0.26350706815719604 | PLCC: 0.7704535722732544
Loss: 0.26469406485557556 | PLCC: 0.7691367864608765
Loss: 0.2825687527656555 | PLCC: 0.750088095664978
Loss: 0.2727064788341522 | PLCC: 0.7606400847434998
Avg PLCC 0.02957097528445901
   [Epoch 92] Train loss: 0.27087
    VAL  F-score 50.608 | MAP50 0.55257 | MAP15 0.21719
[Epoch: 93/200]
Loss: 0.2522716820240021 | PLCC: 0.7789314985275269
Loss: 0.2657000422477722 | PLCC: 0.7689679861068726
Loss: 0.2664134204387665 | PLCC: 0.7661953568458557
Loss: 0.286781907081604 | PLCC: 0.7479940056800842
Avg PLCC 0.029081014013200096
   [Epoch 93] Train loss: 0.26779
    VAL  F-score 50.853 | MAP50 0.55154 | MAP15 0.21677
[Epoch: 94/200]
Loss: 0.2563256621360779 | PLCC: 0.7772015333175659
Loss: 0.2630537152290344 | PLCC: 0.7697145938873291
Loss: 0.2636569142341614 | PLCC: 0.7690222859382629
Loss: 0.2794223427772522 | PLCC: 0.7538957595825195
Avg PLCC 0.028559498517124943
   [Epoch 94] Train loss: 0.26561
    VAL  F-score 51.099 | MAP50 0.55102 | MAP15 0.21567
[Epoch: 95/200]
Loss: 0.26669204235076904 | PLCC: 0.7672667503356934
Loss: 0.26344534754753113 | PLCC: 0.7695955634117126
Loss: 0.2547154128551483 | PLCC: 0.7766034603118896
Loss: 0.2603592276573181 | PLCC: 0.7729350924491882
Avg PLCC 0.028720574820357742
   [Epoch 95] Train loss: 0.26130
    VAL  F-score 50.853 | MAP50 0.55082 | MAP15 0.21577
[Epoch: 96/200]
Loss: 0.2561357915401459 | PLCC: 0.7773452401161194
Loss: 0.2646626830101013 | PLCC: 0.7673919200897217
Loss: 0.258123517036438 | PLCC: 0.7738350033760071
Loss: 0.2573404014110565 | PLCC: 0.7760745882987976
Avg PLCC 0.028627542524852535
   [Epoch 96] Train loss: 0.25907
    VAL  F-score 51.172 | MAP50 0.55056 | MAP15 0.2159
[Epoch: 97/200]
Loss: 0.24109578132629395 | PLCC: 0.7912884950637817
Loss: 0.23688752949237823 | PLCC: 0.7950076460838318
Loss: 0.28813332319259644 | PLCC: 0.7448090314865112
Loss: 0.2668687701225281 | PLCC: 0.766023576259613
Avg PLCC 0.028549255775005528
   [Epoch 97] Train loss: 0.25825
    VAL  F-score 51.099 | MAP50 0.5514 | MAP15 0.21505
[Epoch: 98/200]
Loss: 0.24418771266937256 | PLCC: 0.7883638143539429
Loss: 0.2607770562171936 | PLCC: 0.7723363041877747
Loss: 0.2561868727207184 | PLCC: 0.7761204838752747
Loss: 0.25443461537361145 | PLCC: 0.7768186330795288
Avg PLCC 0.02785211530598727
   [Epoch 98] Train loss: 0.25390
    VAL  F-score 51.418 | MAP50 0.55122 | MAP15 0.21671
[Epoch: 99/200]
Loss: 0.25871869921684265 | PLCC: 0.77397620677948
Loss: 0.252712607383728 | PLCC: 0.7776580452919006
Loss: 0.2480592429637909 | PLCC: 0.785085916519165
Loss: 0.24172604084014893 | PLCC: 0.7907266020774841
Avg PLCC 0.02750738543655836
   [Epoch 99] Train loss: 0.25030
    VAL  F-score 51.418 | MAP50 0.55108 | MAP15 0.21674
[Epoch: 100/200]
Loss: 0.2509540915489197 | PLCC: 0.7827022075653076
Loss: 0.2425602376461029 | PLCC: 0.7879945635795593
Loss: 0.2608257532119751 | PLCC: 0.7710467576980591
Loss: 0.23629772663116455 | PLCC: 0.7955498099327087
Avg PLCC 0.02749949148997213
   [Epoch 100] Train loss: 0.24766
    VAL  F-score 51.418 | MAP50 0.55105 | MAP15 0.21667
[Epoch: 101/200]
Loss: 0.24928706884384155 | PLCC: 0.783280074596405
Loss: 0.23355939984321594 | PLCC: 0.7994106411933899
Loss: 0.2541777491569519 | PLCC: 0.7775617837905884
Loss: 0.24800342321395874 | PLCC: 0.7816754579544067
Avg PLCC 0.027511548222691723
   [Epoch 101] Train loss: 0.24626
    VAL  F-score 51.023 | MAP50 0.55125 | MAP15 0.21509
[Epoch: 102/200]
Loss: 0.22199463844299316 | PLCC: 0.809371292591095
Loss: 0.24513718485832214 | PLCC: 0.7868306040763855
Loss: 0.2480105608701706 | PLCC: 0.7839016318321228
Loss: 0.26469361782073975 | PLCC: 0.7665159702301025
Avg PLCC 0.027272095593313377
   [Epoch 102] Train loss: 0.24496
    VAL  F-score 51.023 | MAP50 0.54997 | MAP15 0.21395
[Epoch: 103/200]
Loss: 0.22896578907966614 | PLCC: 0.8011415004730225
Loss: 0.2447500377893448 | PLCC: 0.7873548269271851
Loss: 0.24276655912399292 | PLCC: 0.7890792489051819
Loss: 0.24479427933692932 | PLCC: 0.787016749382019
Avg PLCC 0.02681089895354076
   [Epoch 103] Train loss: 0.24032
    VAL  F-score 51.099 | MAP50 0.54988 | MAP15 0.21434
[Epoch: 104/200]
Loss: 0.23097077012062073 | PLCC: 0.8011050224304199
Loss: 0.22404950857162476 | PLCC: 0.8056867718696594
Loss: 0.24905629456043243 | PLCC: 0.782355010509491
Loss: 0.2490565925836563 | PLCC: 0.7829378247261047
Avg PLCC 0.026800730660783523
   [Epoch 104] Train loss: 0.23828
    VAL  F-score 51.418 | MAP50 0.54877 | MAP15 0.21434
[Epoch: 105/200]
Loss: 0.2396535575389862 | PLCC: 0.7896105051040649
Loss: 0.2412043958902359 | PLCC: 0.7896768450737
Loss: 0.23881274461746216 | PLCC: 0.7949104905128479
Loss: 0.22360199689865112 | PLCC: 0.8068522214889526
Avg PLCC 0.026735760116328795
   [Epoch 105] Train loss: 0.23582
    VAL  F-score 51.418 | MAP50 0.54882 | MAP15 0.21847
[Epoch: 106/200]
Loss: 0.24724410474300385 | PLCC: 0.7836916446685791
Loss: 0.23382993042469025 | PLCC: 0.7985863089561462
Loss: 0.23519441485404968 | PLCC: 0.7957262992858887
Loss: 0.21354655921459198 | PLCC: 0.8157517910003662
Avg PLCC 0.026407002838272037
   [Epoch 106] Train loss: 0.23245
    VAL  F-score 51.418 | MAP50 0.5484 | MAP15 0.2157
[Epoch: 107/200]
Loss: 0.24206097424030304 | PLCC: 0.7902459502220154
Loss: 0.23033598065376282 | PLCC: 0.8007928729057312
Loss: 0.22604693472385406 | PLCC: 0.802747368812561
Loss: 0.22264602780342102 | PLCC: 0.8084532022476196
Avg PLCC 0.026122428617919937
   [Epoch 107] Train loss: 0.23027
    VAL  F-score 51.196 | MAP50 0.54844 | MAP15 0.21609
[Epoch: 108/200]
Loss: 0.2451479732990265 | PLCC: 0.783959686756134
Loss: 0.23245632648468018 | PLCC: 0.7984722256660461
Loss: 0.22510449588298798 | PLCC: 0.806449830532074
Loss: 0.2119022160768509 | PLCC: 0.8191157579421997
Avg PLCC 0.025889719709415327
   [Epoch 108] Train loss: 0.22865
    VAL  F-score 51.196 | MAP50 0.54982 | MAP15 0.21813
[Epoch: 109/200]
Loss: 0.22818860411643982 | PLCC: 0.8030216097831726
Loss: 0.204954132437706 | PLCC: 0.8246340751647949
Loss: 0.2437504082918167 | PLCC: 0.7862592339515686
Loss: 0.2284569889307022 | PLCC: 0.8026997447013855
Avg PLCC 0.025785593541734146
   [Epoch 109] Train loss: 0.22634
    VAL  F-score 51.196 | MAP50 0.54924 | MAP15 0.21727
[Epoch: 110/200]
Loss: 0.2045600563287735 | PLCC: 0.8248559832572937
Loss: 0.2444646954536438 | PLCC: 0.786354124546051
Loss: 0.23125192523002625 | PLCC: 0.7996305227279663
Loss: 0.21424680948257446 | PLCC: 0.8157625198364258
Avg PLCC 0.025603538435516937
   [Epoch 110] Train loss: 0.22363
    VAL  F-score 51.196 | MAP50 0.54845 | MAP15 0.21549
[Epoch: 111/200]
Loss: 0.22461791336536407 | PLCC: 0.8061482310295105
Loss: 0.21574628353118896 | PLCC: 0.8143660426139832
Loss: 0.2321143001317978 | PLCC: 0.7968705892562866
Loss: 0.2130793035030365 | PLCC: 0.8177610635757446
Avg PLCC 0.024786076833014235
   [Epoch 111] Train loss: 0.22139
    VAL  F-score 51.196 | MAP50 0.54868 | MAP15 0.21792
[Epoch: 112/200]
Loss: 0.2154580056667328 | PLCC: 0.815638542175293
Loss: 0.21883246302604675 | PLCC: 0.8102715015411377
Loss: 0.22325195372104645 | PLCC: 0.8076260685920715
Loss: 0.21955491602420807 | PLCC: 0.8090932369232178
Avg PLCC 0.02437505999467138
   [Epoch 112] Train loss: 0.21927
    VAL  F-score 51.196 | MAP50 0.54817 | MAP15 0.21949
[Epoch: 113/200]
Loss: 0.23115772008895874 | PLCC: 0.7998603582382202
Loss: 0.21764631569385529 | PLCC: 0.8117796778678894
Loss: 0.20587040483951569 | PLCC: 0.8240292072296143
Loss: 0.21298721432685852 | PLCC: 0.8159065246582031
Avg PLCC 0.02446427982244076
   [Epoch 113] Train loss: 0.21692
    VAL  F-score 51.196 | MAP50 0.54843 | MAP15 0.22041
[Epoch: 114/200]
Loss: 0.219038724899292 | PLCC: 0.8109826445579529
Loss: 0.225520521402359 | PLCC: 0.8043331503868103
Loss: 0.19968298077583313 | PLCC: 0.8303076028823853
Loss: 0.2183888554573059 | PLCC: 0.8103002905845642
Avg PLCC 0.023810944745712208
   [Epoch 114] Train loss: 0.21566
    VAL  F-score 50.885 | MAP50 0.54803 | MAP15 0.21397
[Epoch: 115/200]
Loss: 0.21927884221076965 | PLCC: 0.8090798854827881
Loss: 0.1970033049583435 | PLCC: 0.8313615918159485
Loss: 0.21707677841186523 | PLCC: 0.8144116997718811
Loss: 0.21748338639736176 | PLCC: 0.812498152256012
Avg PLCC 0.023609744384884834
   [Epoch 115] Train loss: 0.21271
    VAL  F-score 50.885 | MAP50 0.54788 | MAP15 0.22144
[Epoch: 116/200]
Loss: 0.21953661739826202 | PLCC: 0.8083693385124207
Loss: 0.21722984313964844 | PLCC: 0.8116115927696228
Loss: 0.21735499799251556 | PLCC: 0.8130707144737244
Loss: 0.19094432890415192 | PLCC: 0.8395900130271912
Avg PLCC 0.0234321440414836
   [Epoch 116] Train loss: 0.21127
    VAL  F-score 50.885 | MAP50 0.54761 | MAP15 0.22145
[Epoch: 117/200]
Loss: 0.20153361558914185 | PLCC: 0.8278874158859253
Loss: 0.22026509046554565 | PLCC: 0.8092739582061768
Loss: 0.20125284790992737 | PLCC: 0.8286557197570801
Loss: 0.21427559852600098 | PLCC: 0.813654363155365
Avg PLCC 0.02318633490270286
   [Epoch 117] Train loss: 0.20933
    VAL  F-score 50.885 | MAP50 0.5465 | MAP15 0.22116
[Epoch: 118/200]
Loss: 0.19365394115447998 | PLCC: 0.835437536239624
Loss: 0.21467745304107666 | PLCC: 0.8155461549758911
Loss: 0.20870649814605713 | PLCC: 0.8198907375335693
Loss: 0.21454620361328125 | PLCC: 0.8138109445571899
Avg PLCC 0.023860782929025874
   [Epoch 118] Train loss: 0.20790
    VAL  F-score 50.885 | MAP50 0.54758 | MAP15 0.22316
[Epoch: 119/200]
Loss: 0.20119139552116394 | PLCC: 0.8276464343070984
Loss: 0.19221231341362 | PLCC: 0.8376679420471191
Loss: 0.20613929629325867 | PLCC: 0.8214545249938965
Loss: 0.22156396508216858 | PLCC: 0.8080414533615112
Avg PLCC 0.023794788553707556
   [Epoch 119] Train loss: 0.20528
    VAL  F-score 50.885 | MAP50 0.54817 | MAP15 0.22425
[Epoch: 120/200]
Loss: 0.18935132026672363 | PLCC: 0.8390371799468994
Loss: 0.20365260541439056 | PLCC: 0.8240046501159668
Loss: 0.22556374967098236 | PLCC: 0.8056361675262451
Loss: 0.19070649147033691 | PLCC: 0.8371983766555786
Avg PLCC 0.02331616473207815
   [Epoch 120] Train loss: 0.20232
    VAL  F-score 51.119 | MAP50 0.54729 | MAP15 0.22415
[Epoch: 121/200]
Loss: 0.20846256613731384 | PLCC: 0.8210412263870239
Loss: 0.18948563933372498 | PLCC: 0.8404964208602905
Loss: 0.20478995144367218 | PLCC: 0.8235365152359009
Loss: 0.20325088500976562 | PLCC: 0.8232712745666504
Avg PLCC 0.023296383879796573
   [Epoch 121] Train loss: 0.20150
    VAL  F-score 51.119 | MAP50 0.54644 | MAP15 0.22217
[Epoch: 122/200]
Loss: 0.19721442461013794 | PLCC: 0.8303908109664917
Loss: 0.21101927757263184 | PLCC: 0.8185842633247375
Loss: 0.18518474698066711 | PLCC: 0.8426787257194519
Loss: 0.19922544062137604 | PLCC: 0.829931378364563
Avg PLCC 0.02246590470895171
   [Epoch 122] Train loss: 0.19816
    VAL  F-score 50.885 | MAP50 0.54628 | MAP15 0.2231
[Epoch: 123/200]
Loss: 0.20365914702415466 | PLCC: 0.8245013952255249
Loss: 0.19366642832756042 | PLCC: 0.8344281315803528
Loss: 0.1800408512353897 | PLCC: 0.8481345772743225
Loss: 0.209537073969841 | PLCC: 0.8197081685066223
Avg PLCC 0.021982923728611433
   [Epoch 123] Train loss: 0.19673
    VAL  F-score 50.885 | MAP50 0.54539 | MAP15 0.22466
[Epoch: 124/200]
Loss: 0.1968187838792801 | PLCC: 0.8317369818687439
Loss: 0.1819031685590744 | PLCC: 0.845771312713623
Loss: 0.2017824351787567 | PLCC: 0.8260449171066284
Loss: 0.1970207244157791 | PLCC: 0.8321551084518433
Avg PLCC 0.021827261379891723
   [Epoch 124] Train loss: 0.19438
    VAL  F-score 50.885 | MAP50 0.54544 | MAP15 0.22531
[Epoch: 125/200]
Loss: 0.18366141617298126 | PLCC: 0.8444942235946655
Loss: 0.20338408648967743 | PLCC: 0.8256093859672546
Loss: 0.18742069602012634 | PLCC: 0.840177595615387
Loss: 0.19673506915569305 | PLCC: 0.8310001492500305
Avg PLCC 0.021913114187279432
   [Epoch 125] Train loss: 0.19280
    VAL  F-score 50.73 | MAP50 0.54562 | MAP15 0.22733
[Epoch: 126/200]
Loss: 0.19253796339035034 | PLCC: 0.8345690369606018
Loss: 0.18287529051303864 | PLCC: 0.8455445170402527
Loss: 0.19930250942707062 | PLCC: 0.828809916973114
Loss: 0.18928495049476624 | PLCC: 0.8391150832176208
Avg PLCC 0.022055473312679114
   [Epoch 126] Train loss: 0.19100
    VAL  F-score 50.592 | MAP50 0.5454 | MAP15 0.22703
[Epoch: 127/200]
Loss: 0.1866377741098404 | PLCC: 0.8425115346908569
Loss: 0.18278920650482178 | PLCC: 0.8441555500030518
Loss: 0.18868720531463623 | PLCC: 0.838601291179657
Loss: 0.19672667980194092 | PLCC: 0.8313546776771545
Avg PLCC 0.02202552748194924
   [Epoch 127] Train loss: 0.18871
    VAL  F-score 50.73 | MAP50 0.54627 | MAP15 0.22914
[Epoch: 128/200]
Loss: 0.1889285296201706 | PLCC: 0.8385542631149292
Loss: 0.17620611190795898 | PLCC: 0.8508688807487488
Loss: 0.19977816939353943 | PLCC: 0.8294916749000549
Loss: 0.1808052361011505 | PLCC: 0.8462014198303223
Avg PLCC 0.02184880070324818
   [Epoch 128] Train loss: 0.18643
    VAL  F-score 50.73 | MAP50 0.5451 | MAP15 0.22772
[Epoch: 129/200]
Loss: 0.1874183714389801 | PLCC: 0.8404751420021057
Loss: 0.17831477522850037 | PLCC: 0.849357545375824
Loss: 0.1830078363418579 | PLCC: 0.8427188396453857
Loss: 0.19174841046333313 | PLCC: 0.8375752568244934
Avg PLCC 0.02140994622569644
   [Epoch 129] Train loss: 0.18512
    VAL  F-score 50.519 | MAP50 0.54445 | MAP15 0.22746
[Epoch: 130/200]
Loss: 0.18317770957946777 | PLCC: 0.8438820838928223
Loss: 0.1825689822435379 | PLCC: 0.8459610342979431
Loss: 0.18432866036891937 | PLCC: 0.841999888420105
Loss: 0.1824897825717926 | PLCC: 0.8455658555030823
Avg PLCC 0.021021926059444068
   [Epoch 130] Train loss: 0.18314
    VAL  F-score 50.519 | MAP50 0.54439 | MAP15 0.22741
[Epoch: 131/200]
Loss: 0.19317790865898132 | PLCC: 0.8377667665481567
Loss: 0.18438398838043213 | PLCC: 0.8415529727935791
Loss: 0.17134472727775574 | PLCC: 0.854914665222168
Loss: 0.17512840032577515 | PLCC: 0.8509107232093811
Avg PLCC 0.021081220605551745
   [Epoch 131] Train loss: 0.18101
    VAL  F-score 50.73 | MAP50 0.54432 | MAP15 0.2268
[Epoch: 132/200]
Loss: 0.18647101521492004 | PLCC: 0.8408229351043701
Loss: 0.17575421929359436 | PLCC: 0.8505743741989136
Loss: 0.18087825179100037 | PLCC: 0.8463185429573059
Loss: 0.17489652335643768 | PLCC: 0.853293240070343
Avg PLCC 0.021190798700307354
   [Epoch 132] Train loss: 0.17950
    VAL  F-score 50.963 | MAP50 0.54541 | MAP15 0.22779
[Epoch: 133/200]
Loss: 0.17239408195018768 | PLCC: 0.8546878099441528
Loss: 0.18280130624771118 | PLCC: 0.8452596664428711
Loss: 0.1808229684829712 | PLCC: 0.8458325862884521
Loss: 0.17467759549617767 | PLCC: 0.8517459630966187
Avg PLCC 0.020989808141056335
   [Epoch 133] Train loss: 0.17767
    VAL  F-score 50.825 | MAP50 0.54471 | MAP15 0.2275
[Epoch: 134/200]
Loss: 0.17822183668613434 | PLCC: 0.8492878079414368
Loss: 0.17527125775814056 | PLCC: 0.8519072532653809
Loss: 0.18673396110534668 | PLCC: 0.840024471282959
Loss: 0.16206662356853485 | PLCC: 0.8641998171806335
Avg PLCC 0.020474138345117823
   [Epoch 134] Train loss: 0.17557
    VAL  F-score 50.752 | MAP50 0.54454 | MAP15 0.22709
[Epoch: 135/200]
Loss: 0.16092003881931305 | PLCC: 0.8649688363075256
Loss: 0.17113322019577026 | PLCC: 0.8544452786445618
Loss: 0.18653327226638794 | PLCC: 0.842628538608551
Loss: 0.17976781725883484 | PLCC: 0.8468802571296692
Avg PLCC 0.020174979401583023
   [Epoch 135] Train loss: 0.17459
    VAL  F-score 50.752 | MAP50 0.54476 | MAP15 0.22701
[Epoch: 136/200]
Loss: 0.17792780697345734 | PLCC: 0.8483269810676575
Loss: 0.16899868845939636 | PLCC: 0.8589727878570557
Loss: 0.17505131661891937 | PLCC: 0.8509484529495239
Loss: 0.17042116820812225 | PLCC: 0.8561754822731018
Avg PLCC 0.01995138551644755
   [Epoch 136] Train loss: 0.17310
    VAL  F-score 50.825 | MAP50 0.54449 | MAP15 0.22714
[Epoch: 137/200]
Loss: 0.16834217309951782 | PLCC: 0.8587549924850464
Loss: 0.17507138848304749 | PLCC: 0.8522276282310486
Loss: 0.17267771065235138 | PLCC: 0.8527799248695374
Loss: 0.16785359382629395 | PLCC: 0.8586913347244263
Avg PLCC 0.019986167310200857
   [Epoch 137] Train loss: 0.17099
    VAL  F-score 50.825 | MAP50 0.54393 | MAP15 0.22707
[Epoch: 138/200]
Loss: 0.16463929414749146 | PLCC: 0.8619534373283386
Loss: 0.17547079920768738 | PLCC: 0.8509549498558044
Loss: 0.1732179820537567 | PLCC: 0.8523078560829163
Loss: 0.16457678377628326 | PLCC: 0.8629729747772217
Avg PLCC 0.019707194966913172
   [Epoch 138] Train loss: 0.16948
    VAL  F-score 50.825 | MAP50 0.54391 | MAP15 0.22705
[Epoch: 139/200]
Loss: 0.15382523834705353 | PLCC: 0.8718670010566711
Loss: 0.17468474805355072 | PLCC: 0.8512307405471802
Loss: 0.17890110611915588 | PLCC: 0.8474345207214355
Loss: 0.16705918312072754 | PLCC: 0.8606970310211182
Avg PLCC 0.019472884197691172
   [Epoch 139] Train loss: 0.16862
    VAL  F-score 50.825 | MAP50 0.54349 | MAP15 0.2256
[Epoch: 140/200]
Loss: 0.15601089596748352 | PLCC: 0.8702589869499207
Loss: 0.16345086693763733 | PLCC: 0.8622808456420898
Loss: 0.17231915891170502 | PLCC: 0.8546590805053711
Loss: 0.1753229796886444 | PLCC: 0.850709855556488
Avg PLCC 0.019543484678830613
   [Epoch 140] Train loss: 0.16678
    VAL  F-score 50.825 | MAP50 0.54373 | MAP15 0.22545
[Epoch: 141/200]
Loss: 0.17782330513000488 | PLCC: 0.8502238392829895
Loss: 0.16278409957885742 | PLCC: 0.862058699131012
Loss: 0.15442483127117157 | PLCC: 0.871987521648407
Loss: 0.16598598659038544 | PLCC: 0.8591746687889099
Avg PLCC 0.019674530146982182
   [Epoch 141] Train loss: 0.16525
    VAL  F-score 51.058 | MAP50 0.54319 | MAP15 0.2272
[Epoch: 142/200]
Loss: 0.1616039276123047 | PLCC: 0.8658547401428223
Loss: 0.16097094118595123 | PLCC: 0.8630691170692444
Loss: 0.17090657353401184 | PLCC: 0.8565805554389954
Loss: 0.15977321565151215 | PLCC: 0.8652698397636414
Avg PLCC 0.019918338078158824
   [Epoch 142] Train loss: 0.16331
    VAL  F-score 51.058 | MAP50 0.54244 | MAP15 0.22778
[Epoch: 143/200]
Loss: 0.16071265935897827 | PLCC: 0.8648573756217957
Loss: 0.15884436666965485 | PLCC: 0.8654794692993164
Loss: 0.16324970126152039 | PLCC: 0.8643065094947815
Loss: 0.16498425602912903 | PLCC: 0.8613781929016113
Avg PLCC 0.019624174586638357
   [Epoch 143] Train loss: 0.16195
    VAL  F-score 51.058 | MAP50 0.54159 | MAP15 0.2261
[Epoch: 144/200]
Loss: 0.16167551279067993 | PLCC: 0.8637584447860718
Loss: 0.16532641649246216 | PLCC: 0.8608611822128296
Loss: 0.15156856179237366 | PLCC: 0.8747513890266418
Loss: 0.16343972086906433 | PLCC: 0.8617618083953857
Avg PLCC 0.019020001065324654
   [Epoch 144] Train loss: 0.16050
    VAL  F-score 51.058 | MAP50 0.54156 | MAP15 0.22517
[Epoch: 145/200]
Loss: 0.15572911500930786 | PLCC: 0.8683866262435913
Loss: 0.16598811745643616 | PLCC: 0.8606534004211426
Loss: 0.15552785992622375 | PLCC: 0.8697266578674316
Loss: 0.15706102550029755 | PLCC: 0.8699197769165039
Avg PLCC 0.01865656632280937
   [Epoch 145] Train loss: 0.15858
    VAL  F-score 50.828 | MAP50 0.54231 | MAP15 0.22717
[Epoch: 146/200]
Loss: 0.17118963599205017 | PLCC: 0.8549564480781555
Loss: 0.14712241291999817 | PLCC: 0.8780273199081421
Loss: 0.14754711091518402 | PLCC: 0.8779889941215515
Loss: 0.1660313904285431 | PLCC: 0.8595185279846191
Avg PLCC 0.01856415071454125
   [Epoch 146] Train loss: 0.15797
    VAL  F-score 50.595 | MAP50 0.54164 | MAP15 0.22508
[Epoch: 147/200]
Loss: 0.1532990038394928 | PLCC: 0.8721984624862671
Loss: 0.16288027167320251 | PLCC: 0.8624668121337891
Loss: 0.15900185704231262 | PLCC: 0.8673820495605469
Loss: 0.14862020313739777 | PLCC: 0.8760030269622803
Avg PLCC 0.01836710668695477
   [Epoch 147] Train loss: 0.15595
    VAL  F-score 50.595 | MAP50 0.54121 | MAP15 0.22686
[Epoch: 148/200]
Loss: 0.16451436281204224 | PLCC: 0.8619470000267029
Loss: 0.15632307529449463 | PLCC: 0.8693709969520569
Loss: 0.1483277976512909 | PLCC: 0.8759405016899109
Loss: 0.14824284613132477 | PLCC: 0.8769145011901855
Avg PLCC 0.018808878076290995
   [Epoch 148] Train loss: 0.15435
    VAL  F-score 50.595 | MAP50 0.54091 | MAP15 0.22669
[Epoch: 149/200]
Loss: 0.15609759092330933 | PLCC: 0.8696417212486267
Loss: 0.1544952094554901 | PLCC: 0.8713345527648926
Loss: 0.14767645299434662 | PLCC: 0.8773024678230286
Loss: 0.15306895971298218 | PLCC: 0.8713195323944092
Avg PLCC 0.01897920672358437
   [Epoch 149] Train loss: 0.15283
    VAL  F-score 50.595 | MAP50 0.54071 | MAP15 0.22515
[Epoch: 150/200]
Loss: 0.15416555106639862 | PLCC: 0.8720993995666504
Loss: 0.14722779393196106 | PLCC: 0.8783177137374878
Loss: 0.15206697583198547 | PLCC: 0.8725989460945129
Loss: 0.15220561623573303 | PLCC: 0.8718058466911316
Avg PLCC 0.018773049574740457
   [Epoch 150] Train loss: 0.15142
    VAL  F-score 50.595 | MAP50 0.53994 | MAP15 0.22471
[Epoch: 151/200]
Loss: 0.15875548124313354 | PLCC: 0.8660601377487183
Loss: 0.15375691652297974 | PLCC: 0.8724840879440308
Loss: 0.1450825035572052 | PLCC: 0.8781999349594116
Loss: 0.14253783226013184 | PLCC: 0.883499264717102
Avg PLCC 0.018059890286884074
   [Epoch 151] Train loss: 0.15003
    VAL  F-score 50.595 | MAP50 0.54001 | MAP15 0.22413
[Epoch: 152/200]
Loss: 0.1438550055027008 | PLCC: 0.8808403015136719
Loss: 0.1514754742383957 | PLCC: 0.8741084933280945
Loss: 0.14741194248199463 | PLCC: 0.8786994218826294
Loss: 0.15453721582889557 | PLCC: 0.8687713146209717
Avg PLCC 0.017878922926628904
   [Epoch 152] Train loss: 0.14932
    VAL  F-score 50.595 | MAP50 0.54122 | MAP15 0.22546
[Epoch: 153/200]
Loss: 0.1459832489490509 | PLCC: 0.8788379430770874
Loss: 0.15189863741397858 | PLCC: 0.8725289106369019
Loss: 0.14446452260017395 | PLCC: 0.8814994096755981
Loss: 0.14762884378433228 | PLCC: 0.8764556050300598
Avg PLCC 0.018095556301308203
   [Epoch 153] Train loss: 0.14749
    VAL  F-score 50.828 | MAP50 0.54073 | MAP15 0.2239
[Epoch: 154/200]
Loss: 0.14628879725933075 | PLCC: 0.8775312900543213
Loss: 0.14799116551876068 | PLCC: 0.8779966831207275
Loss: 0.14596185088157654 | PLCC: 0.8779277205467224
Loss: 0.14490506052970886 | PLCC: 0.8804100751876831
Avg PLCC 0.018348311773451947
   [Epoch 154] Train loss: 0.14629
    VAL  F-score 50.828 | MAP50 0.54036 | MAP15 0.22289
[Epoch: 155/200]
Loss: 0.14973175525665283 | PLCC: 0.8747465014457703
Loss: 0.1506452113389969 | PLCC: 0.8726460933685303
Loss: 0.13774043321609497 | PLCC: 0.887076199054718
Loss: 0.14266325533390045 | PLCC: 0.8835542798042297
Avg PLCC 0.01813510170199372
   [Epoch 155] Train loss: 0.14520
    VAL  F-score 50.828 | MAP50 0.54185 | MAP15 0.22644
[Epoch: 156/200]
Loss: 0.13849280774593353 | PLCC: 0.8864027261734009
Loss: 0.15512976050376892 | PLCC: 0.8696422576904297
Loss: 0.13396845757961273 | PLCC: 0.8895842432975769
Loss: 0.14779843389987946 | PLCC: 0.8773438930511475
Avg PLCC 0.017961424586687688
   [Epoch 156] Train loss: 0.14385
    VAL  F-score 50.595 | MAP50 0.54111 | MAP15 0.22661
[Epoch: 157/200]
Loss: 0.14709597826004028 | PLCC: 0.8790152072906494
Loss: 0.14963123202323914 | PLCC: 0.8744795918464661
Loss: 0.13891303539276123 | PLCC: 0.8848567605018616
Loss: 0.13191518187522888 | PLCC: 0.8919273018836975
Avg PLCC 0.017904806382968232
   [Epoch 157] Train loss: 0.14189
    VAL  F-score 50.828 | MAP50 0.54164 | MAP15 0.22664
[Epoch: 158/200]
Loss: 0.14685705304145813 | PLCC: 0.8778984546661377
Loss: 0.1460011601448059 | PLCC: 0.8796442151069641
Loss: 0.13021589815616608 | PLCC: 0.8941217660903931
Loss: 0.14160612225532532 | PLCC: 0.8808290958404541
Avg PLCC 0.01764723961043108
   [Epoch 158] Train loss: 0.14117
    VAL  F-score 50.595 | MAP50 0.54229 | MAP15 0.22668
[Epoch: 159/200]
Loss: 0.142803356051445 | PLCC: 0.8814595341682434
Loss: 0.13829214870929718 | PLCC: 0.8846738338470459
Loss: 0.1349235326051712 | PLCC: 0.8892813324928284
Loss: 0.14332160353660583 | PLCC: 0.8826270699501038
Avg PLCC 0.01756344111124759
   [Epoch 159] Train loss: 0.13984
    VAL  F-score 50.764 | MAP50 0.54143 | MAP15 0.22699
[Epoch: 160/200]
Loss: 0.14019030332565308 | PLCC: 0.8838695883750916
Loss: 0.13092127442359924 | PLCC: 0.893867015838623
Loss: 0.14843696355819702 | PLCC: 0.8762243390083313
Loss: 0.13340245187282562 | PLCC: 0.8896468281745911
Avg PLCC 0.01718186495197711
   [Epoch 160] Train loss: 0.13824
    VAL  F-score 50.764 | MAP50 0.541 | MAP15 0.22662
[Epoch: 161/200]
Loss: 0.1426105946302414 | PLCC: 0.880432665348053
Loss: 0.13155518472194672 | PLCC: 0.8927087783813477
Loss: 0.12818269431591034 | PLCC: 0.8956165909767151
Loss: 0.1484251767396927 | PLCC: 0.8770175576210022
Avg PLCC 0.01711229520680552
   [Epoch 161] Train loss: 0.13769
    VAL  F-score 50.764 | MAP50 0.54152 | MAP15 0.22809
[Epoch: 162/200]
Loss: 0.14117002487182617 | PLCC: 0.8833239078521729
Loss: 0.12616637349128723 | PLCC: 0.8971247673034668
Loss: 0.13601291179656982 | PLCC: 0.8884240984916687
Loss: 0.14188997447490692 | PLCC: 0.8818374276161194
Avg PLCC 0.017102586908026064
   [Epoch 162] Train loss: 0.13631
    VAL  F-score 50.764 | MAP50 0.54135 | MAP15 0.22778
[Epoch: 163/200]
Loss: 0.13205856084823608 | PLCC: 0.8920595049858093
Loss: 0.13720887899398804 | PLCC: 0.8873623013496399
Loss: 0.14435020089149475 | PLCC: 0.8802314400672913
Loss: 0.12417541444301605 | PLCC: 0.8979058265686035
Avg PLCC 0.01726503703023561
   [Epoch 163] Train loss: 0.13445
    VAL  F-score 50.4 | MAP50 0.5403 | MAP15 0.22776
[Epoch: 164/200]
Loss: 0.1285609006881714 | PLCC: 0.8932881355285645
Loss: 0.14090485870838165 | PLCC: 0.8827757239341736
Loss: 0.1355494111776352 | PLCC: 0.8879823684692383
Loss: 0.1304508000612259 | PLCC: 0.8961504697799683
Avg PLCC 0.017023273683717532
   [Epoch 164] Train loss: 0.13387
    VAL  F-score 50.633 | MAP50 0.54073 | MAP15 0.22742
[Epoch: 165/200]
Loss: 0.1439071148633957 | PLCC: 0.8809242844581604
Loss: 0.13434924185276031 | PLCC: 0.8884639143943787
Loss: 0.12060446292161942 | PLCC: 0.9040844440460205
Loss: 0.1321708709001541 | PLCC: 0.8901801109313965
Avg PLCC 0.017264648340642452
   [Epoch 165] Train loss: 0.13276
    VAL  F-score 50.997 | MAP50 0.54103 | MAP15 0.2277
[Epoch: 166/200]
Loss: 0.12354464828968048 | PLCC: 0.8995459675788879
Loss: 0.13764558732509613 | PLCC: 0.8860061764717102
Loss: 0.13552500307559967 | PLCC: 0.888481855392456
Loss: 0.12809190154075623 | PLCC: 0.8957440853118896
Avg PLCC 0.017035858973747854
   [Epoch 166] Train loss: 0.13120
    VAL  F-score 50.633 | MAP50 0.54097 | MAP15 0.22756
[Epoch: 167/200]
Loss: 0.1314259022474289 | PLCC: 0.8911606669425964
Loss: 0.11572641134262085 | PLCC: 0.9073030352592468
Loss: 0.13558973371982574 | PLCC: 0.8886505365371704
Loss: 0.14015710353851318 | PLCC: 0.884307861328125
Avg PLCC 0.016887124620773124
   [Epoch 167] Train loss: 0.13072
    VAL  F-score 50.4 | MAP50 0.54084 | MAP15 0.22679
[Epoch: 168/200]
Loss: 0.12193921208381653 | PLCC: 0.9004094004631042
Loss: 0.143733948469162 | PLCC: 0.8811683058738708
Loss: 0.12254294008016586 | PLCC: 0.9004142880439758
Loss: 0.1268799751996994 | PLCC: 0.8966865539550781
Avg PLCC 0.01660289340229197
   [Epoch 168] Train loss: 0.12877
    VAL  F-score 50.4 | MAP50 0.54077 | MAP15 0.22728
[Epoch: 169/200]
Loss: 0.11872576177120209 | PLCC: 0.9053351879119873
Loss: 0.12524674832820892 | PLCC: 0.8979185223579407
Loss: 0.13953177630901337 | PLCC: 0.885068416595459
Loss: 0.13096946477890015 | PLCC: 0.8903883695602417
Avg PLCC 0.016883939832702956
   [Epoch 169] Train loss: 0.12862
    VAL  F-score 50.4 | MAP50 0.54096 | MAP15 0.22717
[Epoch: 170/200]
Loss: 0.1368177831172943 | PLCC: 0.8861280679702759
Loss: 0.12942788004875183 | PLCC: 0.8939671516418457
Loss: 0.11605735123157501 | PLCC: 0.9077900648117065
Loss: 0.12562908232212067 | PLCC: 0.8972473740577698
Avg PLCC 0.016391375791775346
   [Epoch 170] Train loss: 0.12698
    VAL  F-score 50.4 | MAP50 0.54059 | MAP15 0.22689
[Epoch: 171/200]
Loss: 0.12936827540397644 | PLCC: 0.8935876488685608
Loss: 0.12158232927322388 | PLCC: 0.90021812915802
Loss: 0.12411970645189285 | PLCC: 0.9003474116325378
Loss: 0.12803874909877777 | PLCC: 0.8955864310264587
Avg PLCC 0.016381768037028836
   [Epoch 171] Train loss: 0.12578
    VAL  F-score 50.4 | MAP50 0.5406 | MAP15 0.22443
[Epoch: 172/200]
Loss: 0.12427103519439697 | PLCC: 0.8981828689575195
Loss: 0.12921929359436035 | PLCC: 0.8942825794219971
Loss: 0.11913836002349854 | PLCC: 0.9038029909133911
Loss: 0.12537997961044312 | PLCC: 0.8982633948326111
Avg PLCC 0.016314857632316875
   [Epoch 172] Train loss: 0.12450
    VAL  F-score 50.4 | MAP50 0.54133 | MAP15 0.22653
[Epoch: 173/200]
Loss: 0.12275124341249466 | PLCC: 0.9000835418701172
Loss: 0.1193821132183075 | PLCC: 0.9028905630111694
Loss: 0.12330590933561325 | PLCC: 0.9001772403717041
Loss: 0.12960416078567505 | PLCC: 0.8940825462341309
Avg PLCC 0.016127699097110468
   [Epoch 173] Train loss: 0.12376
    VAL  F-score 50.633 | MAP50 0.54083 | MAP15 0.22638
[Epoch: 174/200]
Loss: 0.124366894364357 | PLCC: 0.8992970585823059
Loss: 0.1354963481426239 | PLCC: 0.886378288269043
Loss: 0.12344461679458618 | PLCC: 0.9007813930511475
Loss: 0.10669908672571182 | PLCC: 0.9153106212615967
Avg PLCC 0.016174758742140097
   [Epoch 174] Train loss: 0.12250
    VAL  F-score 50.633 | MAP50 0.5402 | MAP15 0.22657
[Epoch: 175/200]
Loss: 0.1248219907283783 | PLCC: 0.8984717726707458
Loss: 0.1228305920958519 | PLCC: 0.8989036679267883
Loss: 0.11944274604320526 | PLCC: 0.9043023586273193
Loss: 0.1186046302318573 | PLCC: 0.9041252136230469
Avg PLCC 0.016402507567721786
   [Epoch 175] Train loss: 0.12142
    VAL  F-score 50.633 | MAP50 0.54036 | MAP15 0.22761
[Epoch: 176/200]
Loss: 0.12107889354228973 | PLCC: 0.9014889001846313
Loss: 0.12358701229095459 | PLCC: 0.9001442790031433
Loss: 0.11034201085567474 | PLCC: 0.9129247069358826
Loss: 0.1312289834022522 | PLCC: 0.8902334570884705
Avg PLCC 0.016218339488136047
   [Epoch 176] Train loss: 0.12156
    VAL  F-score 50.633 | MAP50 0.53995 | MAP15 0.22711
[Epoch: 177/200]
Loss: 0.11921967566013336 | PLCC: 0.9035145044326782
Loss: 0.11833623796701431 | PLCC: 0.9048594236373901
Loss: 0.1200994923710823 | PLCC: 0.9017366766929626
Loss: 0.12026631832122803 | PLCC: 0.9028199315071106
Avg PLCC 0.01608619306970275
   [Epoch 177] Train loss: 0.11948
    VAL  F-score 50.633 | MAP50 0.53833 | MAP15 0.22412
[Epoch: 178/200]
Loss: 0.12159927189350128 | PLCC: 0.900909960269928
Loss: 0.12133224308490753 | PLCC: 0.8999077081680298
Loss: 0.10626044869422913 | PLCC: 0.9158090949058533
Loss: 0.1268855333328247 | PLCC: 0.8982850909233093
Avg PLCC 0.015675959417201353
   [Epoch 178] Train loss: 0.11902
    VAL  F-score 50.633 | MAP50 0.53841 | MAP15 0.22483
[Epoch: 179/200]
Loss: 0.12700246274471283 | PLCC: 0.8965651988983154
Loss: 0.11250928789377213 | PLCC: 0.9108659029006958
Loss: 0.11470219492912292 | PLCC: 0.9071192741394043
Loss: 0.11664541065692902 | PLCC: 0.9044972062110901
Avg PLCC 0.015627791455975086
   [Epoch 179] Train loss: 0.11771
    VAL  F-score 50.633 | MAP50 0.53816 | MAP15 0.22498
[Epoch: 180/200]
Loss: 0.1284051090478897 | PLCC: 0.89326012134552
Loss: 0.11379144340753555 | PLCC: 0.9088282585144043
Loss: 0.11905086785554886 | PLCC: 0.9038611054420471
Loss: 0.10488380491733551 | PLCC: 0.917944073677063
Avg PLCC 0.01564475472056956
   [Epoch 180] Train loss: 0.11653
    VAL  F-score 50.633 | MAP50 0.53846 | MAP15 0.22401
[Epoch: 181/200]
Loss: 0.11181154102087021 | PLCC: 0.9092456102371216
Loss: 0.11693781614303589 | PLCC: 0.9064536094665527
Loss: 0.1142277792096138 | PLCC: 0.9083476662635803
Loss: 0.12028330564498901 | PLCC: 0.9023458361625671
Avg PLCC 0.015802841464226895
   [Epoch 181] Train loss: 0.11582
    VAL  F-score 50.633 | MAP50 0.53827 | MAP15 0.22401
[Epoch: 182/200]
Loss: 0.11094377934932709 | PLCC: 0.9124050140380859
Loss: 0.11733321845531464 | PLCC: 0.9035815596580505
Loss: 0.10830995440483093 | PLCC: 0.9131906628608704
Loss: 0.12276221811771393 | PLCC: 0.9009978771209717
Avg PLCC 0.015820725623405342
   [Epoch 182] Train loss: 0.11484
    VAL  F-score 50.4 | MAP50 0.53858 | MAP15 0.22467
[Epoch: 183/200]
Loss: 0.12205568701028824 | PLCC: 0.9008855223655701
Loss: 0.10103185474872589 | PLCC: 0.9193214774131775
Loss: 0.11488188803195953 | PLCC: 0.9082127213478088
Loss: 0.11710179597139359 | PLCC: 0.9056646823883057
Avg PLCC 0.0160994771726881
   [Epoch 183] Train loss: 0.11377
    VAL  F-score 50.4 | MAP50 0.53938 | MAP15 0.22544
[Epoch: 184/200]
Loss: 0.11200716346502304 | PLCC: 0.9093545079231262
Loss: 0.11512813717126846 | PLCC: 0.9083564877510071
Loss: 0.11454592645168304 | PLCC: 0.9076393246650696
Loss: 0.10866843909025192 | PLCC: 0.91286700963974
Avg PLCC 0.015926570829116936
   [Epoch 184] Train loss: 0.11259
    VAL  F-score 50.4 | MAP50 0.53822 | MAP15 0.22495
[Epoch: 185/200]
Loss: 0.11985410749912262 | PLCC: 0.9010190963745117
Loss: 0.10155832767486572 | PLCC: 0.9206674098968506
Loss: 0.11941619217395782 | PLCC: 0.9047756791114807
Loss: 0.11043974757194519 | PLCC: 0.9103854298591614
Avg PLCC 0.01573272965227564
   [Epoch 185] Train loss: 0.11282
    VAL  F-score 50.131 | MAP50 0.53823 | MAP15 0.22458
[Epoch: 186/200]
Loss: 0.10468555241823196 | PLCC: 0.9163343906402588
Loss: 0.1228136271238327 | PLCC: 0.8996825814247131
Loss: 0.1067178025841713 | PLCC: 0.9141131639480591
Loss: 0.10946483910083771 | PLCC: 0.9144988656044006
Avg PLCC 0.015678157042147534
   [Epoch 186] Train loss: 0.11092
    VAL  F-score 50.364 | MAP50 0.53867 | MAP15 0.22636
[Epoch: 187/200]
Loss: 0.10336687415838242 | PLCC: 0.918663740158081
Loss: 0.1141650378704071 | PLCC: 0.9079120755195618
Loss: 0.1102946549654007 | PLCC: 0.9121317863464355
Loss: 0.11255446821451187 | PLCC: 0.9085088968276978
Avg PLCC 0.015525393145666882
   [Epoch 187] Train loss: 0.11010
    VAL  F-score 50.364 | MAP50 0.53849 | MAP15 0.22656
[Epoch: 188/200]
Loss: 0.10211105644702911 | PLCC: 0.9196949601173401
Loss: 0.11583435535430908 | PLCC: 0.9071762561798096
Loss: 0.10790121555328369 | PLCC: 0.9132407307624817
Loss: 0.11005038022994995 | PLCC: 0.9114037752151489
Avg PLCC 0.01535755182813966
   [Epoch 188] Train loss: 0.10897
    VAL  F-score 50.633 | MAP50 0.5379 | MAP15 0.22483
[Epoch: 189/200]
Loss: 0.11687622219324112 | PLCC: 0.9046356081962585
Loss: 0.10012272745370865 | PLCC: 0.922435998916626
Loss: 0.12002986669540405 | PLCC: 0.9016340374946594
Loss: 0.09687395393848419 | PLCC: 0.924477756023407
Avg PLCC 0.015269446031500896
   [Epoch 189] Train loss: 0.10848
    VAL  F-score 50.364 | MAP50 0.5374 | MAP15 0.22422
[Epoch: 190/200]
Loss: 0.10704775154590607 | PLCC: 0.9147561192512512
Loss: 0.1061638817191124 | PLCC: 0.9163455963134766
Loss: 0.10821918398141861 | PLCC: 0.9137256741523743
Loss: 0.10762812197208405 | PLCC: 0.9128599762916565
Avg PLCC 0.015216300701440283
   [Epoch 190] Train loss: 0.10726
    VAL  F-score 50.131 | MAP50 0.53727 | MAP15 0.22443
[Epoch: 191/200]
Loss: 0.1068461611866951 | PLCC: 0.9156802296638489
Loss: 0.09986045956611633 | PLCC: 0.9210032820701599
Loss: 0.1132766380906105 | PLCC: 0.9090257883071899
Loss: 0.10633592307567596 | PLCC: 0.9144432544708252
Avg PLCC 0.015164293504009644
   [Epoch 191] Train loss: 0.10658
    VAL  F-score 50.364 | MAP50 0.53726 | MAP15 0.22442
[Epoch: 192/200]
Loss: 0.11244355887174606 | PLCC: 0.9102993011474609
Loss: 0.10164292901754379 | PLCC: 0.9183598756790161
Loss: 0.09834866970777512 | PLCC: 0.9234892129898071
Loss: 0.11024851351976395 | PLCC: 0.9114975333213806
Avg PLCC 0.015213245229626244
   [Epoch 192] Train loss: 0.10567
    VAL  F-score 50.364 | MAP50 0.53638 | MAP15 0.22386
[Epoch: 193/200]
Loss: 0.10908808559179306 | PLCC: 0.9122921824455261
Loss: 0.10850797593593597 | PLCC: 0.9138175845146179
Loss: 0.09818367660045624 | PLCC: 0.9221137166023254
Loss: 0.10331904143095016 | PLCC: 0.9188859462738037
Avg PLCC 0.015227273812122417
   [Epoch 193] Train loss: 0.10477
    VAL  F-score 50.364 | MAP50 0.53713 | MAP15 0.22413
[Epoch: 194/200]
Loss: 0.09986460208892822 | PLCC: 0.9208285808563232
Loss: 0.10752154886722565 | PLCC: 0.9135687351226807
Loss: 0.10459253191947937 | PLCC: 0.9180686473846436
Loss: 0.10468046367168427 | PLCC: 0.9167302846908569
Avg PLCC 0.01505805937234651
   [Epoch 194] Train loss: 0.10416
    VAL  F-score 50.364 | MAP50 0.53747 | MAP15 0.22458
[Epoch: 195/200]
Loss: 0.10493145883083344 | PLCC: 0.9173176288604736
Loss: 0.1048223003745079 | PLCC: 0.9160133600234985
Loss: 0.09876570850610733 | PLCC: 0.9225698709487915
Loss: 0.10383608937263489 | PLCC: 0.917227566242218
Avg PLCC 0.014874149142115406
   [Epoch 195] Train loss: 0.10309
    VAL  F-score 50.364 | MAP50 0.53691 | MAP15 0.22484
[Epoch: 196/200]
Loss: 0.09965561330318451 | PLCC: 0.9215971231460571
Loss: 0.09701365977525711 | PLCC: 0.9244369864463806
Loss: 0.10581379383802414 | PLCC: 0.9155535101890564
Loss: 0.10755090415477753 | PLCC: 0.9136605262756348
Avg PLCC 0.01492265731830037
   [Epoch 196] Train loss: 0.10251
    VAL  F-score 50.364 | MAP50 0.53678 | MAP15 0.22468
[Epoch: 197/200]
Loss: 0.09805557131767273 | PLCC: 0.9232582449913025
Loss: 0.10035008937120438 | PLCC: 0.9209006428718567
Loss: 0.10816831141710281 | PLCC: 0.9137674570083618
Loss: 0.10043968260288239 | PLCC: 0.9198742508888245
Avg PLCC 0.015042257481113527
   [Epoch 197] Train loss: 0.10175
    VAL  F-score 50.364 | MAP50 0.53675 | MAP15 0.22513
[Epoch: 198/200]
Loss: 0.10636133700609207 | PLCC: 0.914008378982544
Loss: 0.10434310138225555 | PLCC: 0.9188975691795349
Loss: 0.09427681565284729 | PLCC: 0.9256487488746643
Loss: 0.09911525994539261 | PLCC: 0.921959400177002
Avg PLCC 0.014982759088249595
   [Epoch 198] Train loss: 0.10102
    VAL  F-score 50.364 | MAP50 0.53644 | MAP15 0.22508
[Epoch: 199/200]
Loss: 0.11889845877885818 | PLCC: 0.9045290946960449
Loss: 0.09777998924255371 | PLCC: 0.9221558570861816
Loss: 0.09261658042669296 | PLCC: 0.927520751953125
Loss: 0.08834514021873474 | PLCC: 0.9325168132781982
Avg PLCC 0.014534635324680217
   [Epoch 199] Train loss: 0.09941
    VAL  F-score 50.364 | MAP50 0.53595 | MAP15 0.22487
   Best Val F1 score 55.023 @ epoch27
   Best Val MAP-50   0.57136 @ epoch29
   Best Val MAP-15   0.2438 @ epoch6
   Best Val PLCC   0.059242 @ epoch29

Testing Model:  Summaries/MLP/dev/best_f1score_model/best_f1.pkl
Device:  cuda:0
------------------------------------------------------
   TEST RESULT on Summaries/MLP/dev/best_f1score_model/best_f1.pkl: 
   TEST MRHiSum F-score 47.626 | MAP50 0.5426 | MAP15 0.23806
------------------------------------------------------
Testing Model:  Summaries/MLP/dev/best_mAP50_model/best_map50.pkl
Device:  cuda:0
------------------------------------------------------
   TEST RESULT on Summaries/MLP/dev/best_mAP50_model/best_map50.pkl: 
   TEST MRHiSum F-score 48.227 | MAP50 0.54296 | MAP15 0.24104
------------------------------------------------------
Testing Model:  Summaries/MLP/dev/best_mAP15_model/best_map15.pkl
Device:  cuda:0
------------------------------------------------------
   TEST RESULT on Summaries/MLP/dev/best_mAP15_model/best_map15.pkl: 
   TEST MRHiSum F-score 48.908 | MAP50 0.5368 | MAP15 0.23392
------------------------------------------------------
