Device being used: cuda:0
Number of train videos: 493, train keys: ['video_15446', 'video_28524', 'video_17946', 'video_23782', 'video_28531', 'video_2286', 'video_24593', 'video_13864', 'video_21008', 'video_1198', 'video_21003', 'video_22350', 'video_12846', 'video_2293', 'video_11584', 'video_24511', 'video_2295', 'video_27372', 'video_4974', 'video_15062', 'video_24956', 'video_12643', 'video_1849', 'video_13830', 'video_28526', 'video_15060', 'video_13836', 'video_24979', 'video_14727', 'video_27387', 'video_12841', 'video_2287', 'video_22369', 'video_2289', 'video_22360', 'video_5738', 'video_17939', 'video_22368', 'video_1860', 'video_28521', 'video_5740', 'video_4962', 'video_4960', 'video_4968', 'video_19216', 'video_23793', 'video_14732', 'video_19218', 'video_1851', 'video_11559', 'video_12644', 'video_11574', 'video_12844', 'video_13835', 'video_4973', 'video_15057', 'video_1188', 'video_15452', 'video_15447', 'video_14725', 'video_15055', 'video_22358', 'video_20988', 'video_1197', 'video_18851', 'video_28505', 'video_5748', 'video_15449', 'video_15184', 'video_1184', 'video_4971', 'video_23781', 'video_13871', 'video_13885', 'video_15181', 'video_2288', 'video_14736', 'video_11565', 'video_28512', 'video_12860', 'video_14735', 'video_28502', 'video_20991', 'video_2285', 'video_11585', 'video_15448', 'video_17927', 'video_1858', 'video_27386', 'video_12850', 'video_5749', 'video_1191', 'video_1196', 'video_21014', 'video_28516', 'video_14726', 'video_13867', 'video_12660', 'video_20992', 'video_28523', 'video_24523', 'video_1856', 'video_24978', 'video_1200', 'video_13869', 'video_13831', 'video_28508', 'video_28497', 'video_11571', 'video_15172', 'video_28513', 'video_18845', 'video_23785', 'video_24962', 'video_19212', 'video_15170', 'video_15166', 'video_1855', 'video_21012', 'video_14734', 'video_13868', 'video_1863', 'video_17936', 'video_1857', 'video_24517', 'video_24520', 'video_20989', 'video_18857', 'video_14721', 'video_12848', 'video_23798', 'video_14720', 'video_1193', 'video_22361', 'video_28506', 'video_18859', 'video_19208', 'video_12646', 'video_27375', 'video_15180', 'video_24954', 'video_11575', 'video_13879', 'video_20990', 'video_14719', 'video_15442', 'video_11581', 'video_11582', 'video_21015', 'video_21010', 'video_23776', 'video_12648', 'video_13876', 'video_18860', 'video_27374', 'video_12658', 'video_15167', 'video_4970', 'video_27381', 'video_24961', 'video_24968', 'video_24963', 'video_15059', 'video_15185', 'video_1181', 'video_28499', 'video_13841', 'video_28520', 'video_24952', 'video_24967', 'video_14741', 'video_21000', 'video_13880', 'video_5739', 'video_15441', 'video_12858', 'video_28533', 'video_11569', 'video_1866', 'video_2296', 'video_15178', 'video_21001', 'video_24969', 'video_12656', 'video_17944', 'video_17943', 'video_22367', 'video_24970', 'video_27383', 'video_22355', 'video_22365', 'video_4976', 'video_15051', 'video_19209', 'video_17945', 'video_23777', 'video_13832', 'video_14729', 'video_18852', 'video_14724', 'video_12647', 'video_26936', 'video_18864', 'video_5752', 'video_28504', 'video_11563', 'video_13870', 'video_28500', 'video_1182', 'video_24592', 'video_24586', 'video_13877', 'video_17937', 'video_12650', 'video_12843', 'video_12840', 'video_23786', 'video_1183', 'video_14718', 'video_14740', 'video_20995', 'video_19207', 'video_12836', 'video_23790', 'video_18854', 'video_28511', 'video_17932', 'video_12854', 'video_14717', 'video_12645', 'video_12845', 'video_15450', 'video_2290', 'video_28517', 'video_23788', 'video_12842', 'video_12839', 'video_11561', 'video_13837', 'video_23778', 'video_26941', 'video_12859', 'video_19214', 'video_1195', 'video_23784', 'video_5746', 'video_21011', 'video_15169', 'video_1854', 'video_5742', 'video_1194', 'video_24529', 'video_28507', 'video_18856', 'video_24973', 'video_23801', 'video_14737', 'video_13884', 'video_23789', 'video_24584', 'video_2298', 'video_28496', 'video_24960', 'video_20993', 'video_19219', 'video_26944', 'video_18863', 'video_24512', 'video_20997', 'video_1189', 'video_24966', 'video_1199', 'video_24519', 'video_28518', 'video_4963', 'video_23779', 'video_12654', 'video_23799', 'video_26942', 'video_26945', 'video_12857', 'video_28498', 'video_12663', 'video_2292', 'video_13886', 'video_13878', 'video_24591', 'video_15183', 'video_1187', 'video_11573', 'video_5747', 'video_21007', 'video_2294', 'video_28509', 'video_11577', 'video_13874', 'video_18849', 'video_13872', 'video_4967', 'video_13834', 'video_26937', 'video_19210', 'video_19213', 'video_23794', 'video_1862', 'video_17947', 'video_23787', 'video_15174', 'video_15177', 'video_18853', 'video_12653', 'video_18846', 'video_15053', 'video_12666', 'video_21002', 'video_24949', 'video_14730', 'video_18848', 'video_24509', 'video_18858', 'video_24953', 'video_18855', 'video_17942', 'video_11580', 'video_5741', 'video_24585', 'video_1186', 'video_12641', 'video_28522', 'video_22351', 'video_24510', 'video_24976', 'video_24972', 'video_15058', 'video_12655', 'video_22364', 'video_24515', 'video_12651', 'video_23783', 'video_1859', 'video_27382', 'video_13866', 'video_27378', 'video_12856', 'video_21004', 'video_17929', 'video_24514', 'video_28514', 'video_11578', 'video_4965', 'video_24971', 'video_20998', 'video_24974', 'video_28534', 'video_28525', 'video_2291', 'video_15168', 'video_17940', 'video_27371', 'video_14733', 'video_24955', 'video_24513', 'video_4966', 'video_14738', 'video_22354', 'video_12665', 'video_17928', 'video_1850', 'video_19215', 'video_11570', 'video_24975', 'video_11567', 'video_12863', 'video_4975', 'video_12851', 'video_24589', 'video_24950', 'video_13883', 'video_28530', 'video_28510', 'video_13881', 'video_2300', 'video_4979', 'video_24964', 'video_15445', 'video_15182', 'video_11576', 'video_17938', 'video_2297', 'video_22352', 'video_1192', 'video_18862', 'video_5753', 'video_19217', 'video_17933', 'video_12662', 'video_24957', 'video_27377', 'video_17941', 'video_17930', 'video_27373', 'video_24959', 'video_22349', 'video_24590', 'video_24516', 'video_1185', 'video_22372', 'video_4964', 'video_28515', 'video_15173', 'video_28527', 'video_4969', 'video_5743', 'video_11579', 'video_17931', 'video_18847', 'video_2299', 'video_14739', 'video_12667', 'video_20994', 'video_13873', 'video_17935', 'video_12664', 'video_27376', 'video_15061', 'video_12847', 'video_4959', 'video_28529', 'video_12849', 'video_24527', 'video_24526', 'video_15453', 'video_11566', 'video_15176', 'video_4961', 'video_17926', 'video_24965', 'video_27384', 'video_26940', 'video_2301', 'video_12837', 'video_22357', 'video_26938', 'video_21005', 'video_12861', 'video_24521', 'video_23780', 'video_21013', 'video_5744', 'video_23797', 'video_28532', 'video_26939', 'video_14722', 'video_4972', 'video_11572', 'video_12862', 'video_20996', 'video_2302', 'video_5750', 'video_12652', 'video_11564', 'video_4977', 'video_22362', 'video_13802', 'video_23796', 'video_12657', 'video_24528', 'video_13833', 'video_13838', 'video_24588', 'video_13829', 'video_15451', 'video_24977', 'video_19205', 'video_28528', 'video_28503', 'video_27379', 'video_13882', 'video_13840', 'video_22363', 'video_22359', 'video_15056', 'video_28519', 'video_21009', 'video_28501', 'video_22356', 'video_24525', 'video_18861', 'video_12838', 'video_4980', 'video_21006', 'video_24583', 'video_15171']
Number of val videos: 33, val keys: ['video_12853', 'video_20999', 'video_18850', 'video_5751', 'video_1864', 'video_15179', 'video_5745', 'video_23795', 'video_24524', 'video_13839', 'video_5754', 'video_15443', 'video_17934', 'video_15186', 'video_12852', 'video_1861', 'video_13865', 'video_26943', 'video_14723', 'video_11562', 'video_1852', 'video_19211', 'video_22370', 'video_4978', 'video_15444', 'video_22353', 'video_4981', 'video_15054', 'video_12855', 'video_15175', 'video_1848', 'video_12661', 'video_23791']
Number of test videos: 29, test keys: ['video_13875', 'video_11560', 'video_12642', 'video_11568', 'video_26935', 'video_12659', 'video_22366', 'video_19206', 'video_24522', 'video_13842', 'video_11583', 'video_24951', 'video_24587', 'video_24582', 'video_1853', 'video_27380', 'video_15454', 'video_1865', 'video_14731', 'video_23800', 'video_23792', 'video_27385', 'video_1190', 'video_12649', 'video_14728', 'video_15052', 'video_22371', 'video_24518', 'video_24958']
[Epoch: 0/200 ]
Loss: 1.193247675895691 | PLCC: -0.001825571060180664
Loss: 1.1788629293441772 | PLCC: 0.009021222591400146
Loss: 1.2035869359970093 | PLCC: -0.013959884643554688
Loss: 1.2096683979034424 | PLCC: -0.023514270782470703
Avg PLCC 0.018274175384166567
   [Epoch 0] Train loss: 1.19634
    VAL  F-score 45.437 | MAP50 0.55206 | MAP15 0.20562
[Epoch: 1/200 ]
Loss: 1.1782526969909668 | PLCC: 0.00744253396987915
Loss: 1.1650606393814087 | PLCC: 0.01609855890274048
Loss: 1.2049477100372314 | PLCC: -0.02220892906188965
Loss: 1.1517047882080078 | PLCC: 0.02050459384918213
Avg PLCC 0.021168576870960267
   [Epoch 1] Train loss: 1.17499
    VAL  F-score 45.935 | MAP50 0.55395 | MAP15 0.20655
[Epoch: 2/200 ]
Loss: 1.1803474426269531 | PLCC: -0.0009225606918334961
Loss: 1.1650917530059814 | PLCC: 0.009214162826538086
Loss: 1.1252158880233765 | PLCC: 0.04109203815460205
Loss: 1.1729233264923096 | PLCC: -0.0030851364135742188
Avg PLCC 0.024764010329928362
   [Epoch 2] Train loss: 1.16089
    VAL  F-score 45.563 | MAP50 0.55612 | MAP15 0.20599
[Epoch: 3/200 ]
Loss: 1.139355182647705 | PLCC: 0.024598360061645508
Loss: 1.1246163845062256 | PLCC: 0.035335421562194824
Loss: 1.141394853591919 | PLCC: 0.02631443738937378
Loss: 1.1287590265274048 | PLCC: 0.036946892738342285
Avg PLCC 0.028130012299780818
   [Epoch 3] Train loss: 1.13353
    VAL  F-score 44.857 | MAP50 0.55852 | MAP15 0.20986
[Epoch: 4/200 ]
Loss: 1.120527744293213 | PLCC: 0.03816187381744385
Loss: 1.1071869134902954 | PLCC: 0.05231010913848877
Loss: 1.1143879890441895 | PLCC: 0.048912644386291504
Loss: 1.1256698369979858 | PLCC: 0.026939868927001953
Avg PLCC 0.031597477990682375
   [Epoch 4] Train loss: 1.11694
    VAL  F-score 45.749 | MAP50 0.56316 | MAP15 0.21341
[Epoch: 5/200 ]
Loss: 1.1135613918304443 | PLCC: 0.04070866107940674
Loss: 1.0879597663879395 | PLCC: 0.06550335884094238
Loss: 1.1028021574020386 | PLCC: 0.053124427795410156
Loss: 1.095674753189087 | PLCC: 0.05417865514755249
Avg PLCC 0.034923006226590864
   [Epoch 5] Train loss: 1.10000
    VAL  F-score 45.914 | MAP50 0.56477 | MAP15 0.21343
[Epoch: 6/200 ]
Loss: 1.0959053039550781 | PLCC: 0.054840028285980225
Loss: 1.086271047592163 | PLCC: 0.06400567293167114
Loss: 1.0993404388427734 | PLCC: 0.053906142711639404
Loss: 1.0796539783477783 | PLCC: 0.0645531415939331
Avg PLCC 0.03801529034689972
   [Epoch 6] Train loss: 1.09029
    VAL  F-score 45.603 | MAP50 0.56823 | MAP15 0.21402
[Epoch: 7/200 ]
Loss: 1.0648053884506226 | PLCC: 0.08042782545089722
Loss: 1.081129550933838 | PLCC: 0.06409841775894165
Loss: 1.0882617235183716 | PLCC: 0.057911694049835205
Loss: 1.0486879348754883 | PLCC: 0.09741908311843872
Avg PLCC 0.04056139346423813
   [Epoch 7] Train loss: 1.07072
    VAL  F-score 44.835 | MAP50 0.56944 | MAP15 0.21599
[Epoch: 8/200 ]
Loss: 1.0812935829162598 | PLCC: 0.06315022706985474
Loss: 1.0727424621582031 | PLCC: 0.0748792290687561
Loss: 1.0206300020217896 | PLCC: 0.11638849973678589
Loss: 1.084892988204956 | PLCC: 0.05932563543319702
Avg PLCC 0.042524421234812704
   [Epoch 8] Train loss: 1.06489
    VAL  F-score 43.788 | MAP50 0.57172 | MAP15 0.22347
[Epoch: 9/200 ]
Loss: 1.0651006698608398 | PLCC: 0.08086442947387695
Loss: 1.0369412899017334 | PLCC: 0.09657961130142212
Loss: 1.0515952110290527 | PLCC: 0.08969354629516602
Loss: 1.0209274291992188 | PLCC: 0.1173105239868164
Avg PLCC 0.044413489659994164
   [Epoch 9] Train loss: 1.04364
    VAL  F-score 43.902 | MAP50 0.57574 | MAP15 0.22708
[Epoch: 10/200]
Loss: 1.0587221384048462 | PLCC: 0.08028215169906616
Loss: 1.0103271007537842 | PLCC: 0.1287459135055542
Loss: 1.0831072330474854 | PLCC: 0.0540730357170105
Loss: 1.0045194625854492 | PLCC: 0.13293421268463135
Avg PLCC 0.04590962286050798
   [Epoch 10] Train loss: 1.03917
    VAL  F-score 44.008 | MAP50 0.57926 | MAP15 0.22974
[Epoch: 11/200]
Loss: 1.0384939908981323 | PLCC: 0.09941518306732178
Loss: 0.9915177822113037 | PLCC: 0.14149630069732666
Loss: 1.0303146839141846 | PLCC: 0.10636305809020996
Loss: 1.0561896562576294 | PLCC: 0.08316659927368164
Avg PLCC 0.04739278430916426
   [Epoch 11] Train loss: 1.02913
    VAL  F-score 45.568 | MAP50 0.58269 | MAP15 0.23525
[Epoch: 12/200]
Loss: 1.0025030374526978 | PLCC: 0.13590466976165771
Loss: 0.9961292147636414 | PLCC: 0.13419026136398315
Loss: 1.0234696865081787 | PLCC: 0.10898244380950928
Loss: 1.0151525735855103 | PLCC: 0.11624294519424438
Avg PLCC 0.04852908244025788
   [Epoch 12] Train loss: 1.00931
    VAL  F-score 45.729 | MAP50 0.58659 | MAP15 0.23128
[Epoch: 13/200]
Loss: 0.9902842044830322 | PLCC: 0.1374673843383789
Loss: 1.013893485069275 | PLCC: 0.12482428550720215
Loss: 1.0287384986877441 | PLCC: 0.10513293743133545
Loss: 1.0084308385849 | PLCC: 0.12708699703216553
Avg PLCC 0.04935665295289999
   [Epoch 13] Train loss: 1.01034
    VAL  F-score 45.321 | MAP50 0.58944 | MAP15 0.23231
[Epoch: 14/200]
Loss: 0.9772446751594543 | PLCC: 0.15266108512878418
Loss: 0.9990274906158447 | PLCC: 0.1336466670036316
Loss: 1.0127629041671753 | PLCC: 0.11938297748565674
Loss: 0.9880889654159546 | PLCC: 0.1458713412284851
Avg PLCC 0.04976566621233801
   [Epoch 14] Train loss: 0.99428
    VAL  F-score 46.077 | MAP50 0.59096 | MAP15 0.23292
[Epoch: 15/200]
Loss: 0.9669859409332275 | PLCC: 0.16334950923919678
Loss: 1.014262080192566 | PLCC: 0.12002187967300415
Loss: 0.9869133234024048 | PLCC: 0.14254498481750488
Loss: 0.966143012046814 | PLCC: 0.16182857751846313
Avg PLCC 0.0504630530450606
   [Epoch 15] Train loss: 0.98358
    VAL  F-score 44.396 | MAP50 0.59321 | MAP15 0.23957
[Epoch: 16/200]
Loss: 0.9455769658088684 | PLCC: 0.18516027927398682
Loss: 1.0163028240203857 | PLCC: 0.11639195680618286
Loss: 1.0022459030151367 | PLCC: 0.12909150123596191
Loss: 0.9708342552185059 | PLCC: 0.15578293800354004
Avg PLCC 0.051015222783793106
   [Epoch 16] Train loss: 0.98374
    VAL  F-score 44.111 | MAP50 0.59399 | MAP15 0.23498
[Epoch: 17/200]
Loss: 1.0062236785888672 | PLCC: 0.12524473667144775
Loss: 0.9608803391456604 | PLCC: 0.1666157841682434
Loss: 0.9788216948509216 | PLCC: 0.14946198463439941
Loss: 0.9422484040260315 | PLCC: 0.19001442193984985
Avg PLCC 0.05152470889416608
   [Epoch 17] Train loss: 0.97204
    VAL  F-score 43.554 | MAP50 0.59444 | MAP15 0.23739
[Epoch: 18/200]
Loss: 0.9565623998641968 | PLCC: 0.17129015922546387
Loss: 0.9666368365287781 | PLCC: 0.16941475868225098
Loss: 0.943543553352356 | PLCC: 0.1800263524055481
Loss: 0.9890217185020447 | PLCC: 0.13689535856246948
Avg PLCC 0.052162449415349824
   [Epoch 18] Train loss: 0.96394
    VAL  F-score 43.187 | MAP50 0.59636 | MAP15 0.24002
[Epoch: 19/200]
Loss: 0.9891917109489441 | PLCC: 0.13913440704345703
Loss: 0.8898162841796875 | PLCC: 0.2408674955368042
Loss: 0.991241455078125 | PLCC: 0.13123393058776855
Loss: 0.9839988350868225 | PLCC: 0.14684343338012695
Avg PLCC 0.05249585834980914
   [Epoch 19] Train loss: 0.96356
    VAL  F-score 43.337 | MAP50 0.59692 | MAP15 0.23807
[Epoch: 20/200]
Loss: 0.9360918998718262 | PLCC: 0.18794429302215576
Loss: 0.9624019265174866 | PLCC: 0.1636875867843628
Loss: 0.9454501867294312 | PLCC: 0.18305981159210205
Loss: 0.9354097247123718 | PLCC: 0.19223809242248535
Avg PLCC 0.052757921840318224
   [Epoch 20] Train loss: 0.94484
    VAL  F-score 42.968 | MAP50 0.59611 | MAP15 0.2433
[Epoch: 21/200]
Loss: 1.003373622894287 | PLCC: 0.12182092666625977
Loss: 0.9089475274085999 | PLCC: 0.21279162168502808
Loss: 0.9338952302932739 | PLCC: 0.19795960187911987
Loss: 0.9373487830162048 | PLCC: 0.19112926721572876
Avg PLCC 0.05318327111396656
   [Epoch 21] Train loss: 0.94589
    VAL  F-score 42.317 | MAP50 0.59746 | MAP15 0.24819
[Epoch: 22/200]
Loss: 0.9735383987426758 | PLCC: 0.15054887533187866
Loss: 0.9478827118873596 | PLCC: 0.18221133947372437
Loss: 0.9093467593193054 | PLCC: 0.21162229776382446
Loss: 0.9068722724914551 | PLCC: 0.22147876024246216
Avg PLCC 0.0536400948220751
   [Epoch 22] Train loss: 0.93441
    VAL  F-score 41.373 | MAP50 0.59799 | MAP15 0.24836
[Epoch: 23/200]
Loss: 0.9435465931892395 | PLCC: 0.18248146772384644
Loss: 0.9327348470687866 | PLCC: 0.19730055332183838
Loss: 0.9589844346046448 | PLCC: 0.16652143001556396
Loss: 0.9039235711097717 | PLCC: 0.21942025423049927
Avg PLCC 0.05422533026924639
   [Epoch 23] Train loss: 0.93480
    VAL  F-score 41.45 | MAP50 0.59894 | MAP15 0.2486
[Epoch: 24/200]
Loss: 0.874955415725708 | PLCC: 0.25024527311325073
Loss: 0.9281953573226929 | PLCC: 0.19834232330322266
Loss: 1.0025866031646729 | PLCC: 0.12233269214630127
Loss: 0.9291401505470276 | PLCC: 0.19626384973526
Avg PLCC 0.054628138627969856
   [Epoch 24] Train loss: 0.93372
    VAL  F-score 42.053 | MAP50 0.60083 | MAP15 0.2496
[Epoch: 25/200]
Loss: 0.9417634010314941 | PLCC: 0.18645119667053223
Loss: 0.9172751903533936 | PLCC: 0.20817625522613525
Loss: 0.8993141055107117 | PLCC: 0.222326397895813
Loss: 0.9155305624008179 | PLCC: 0.20698106288909912
Avg PLCC 0.05535515657428539
   [Epoch 25] Train loss: 0.91847
    VAL  F-score 40.58 | MAP50 0.60203 | MAP15 0.2499
[Epoch: 26/200]
Loss: 0.8906874060630798 | PLCC: 0.2288116216659546
Loss: 0.9299701452255249 | PLCC: 0.1935802698135376
Loss: 0.9241101145744324 | PLCC: 0.2070971131324768
Loss: 0.8899289965629578 | PLCC: 0.23136281967163086
Avg PLCC 0.05567813393039008
   [Epoch 26] Train loss: 0.90867
    VAL  F-score 40.775 | MAP50 0.60394 | MAP15 0.25072
[Epoch: 27/200]
Loss: 0.9390250444412231 | PLCC: 0.19431239366531372
Loss: 0.9482927918434143 | PLCC: 0.17353057861328125
Loss: 0.9058712124824524 | PLCC: 0.21545195579528809
Loss: 0.8540742993354797 | PLCC: 0.2661641836166382
Avg PLCC 0.05610859609265445
   [Epoch 27] Train loss: 0.91182
    VAL  F-score 40.902 | MAP50 0.60379 | MAP15 0.25102
[Epoch: 28/200]
Loss: 0.8712257146835327 | PLCC: 0.2502717971801758
Loss: 0.938992977142334 | PLCC: 0.18764042854309082
Loss: 0.9347484111785889 | PLCC: 0.1913178563117981
Loss: 0.8548412919044495 | PLCC: 0.2635772228240967
Avg PLCC 0.056539891993231846
   [Epoch 28] Train loss: 0.89995
    VAL  F-score 40.516 | MAP50 0.60432 | MAP15 0.25203
[Epoch: 29/200]
Loss: 0.9844012260437012 | PLCC: 0.14010190963745117
Loss: 0.8739131093025208 | PLCC: 0.24825382232666016
Loss: 0.8329645395278931 | PLCC: 0.2876979112625122
Loss: 0.9130070209503174 | PLCC: 0.21102797985076904
Avg PLCC 0.057124592025171624
   [Epoch 29] Train loss: 0.90107
    VAL  F-score 39.782 | MAP50 0.6045 | MAP15 0.25239
[Epoch: 30/200]
Loss: 0.9413554668426514 | PLCC: 0.1791682243347168
Loss: 0.9031084775924683 | PLCC: 0.22222638130187988
Loss: 0.9106653928756714 | PLCC: 0.21381187438964844
Loss: 0.8291127681732178 | PLCC: 0.29325783252716064
Avg PLCC 0.057634927445288864
   [Epoch 30] Train loss: 0.89606
    VAL  F-score 39.782 | MAP50 0.60578 | MAP15 0.25847
[Epoch: 31/200]
Loss: 0.8772566914558411 | PLCC: 0.24400484561920166
Loss: 0.918738067150116 | PLCC: 0.20044350624084473
Loss: 0.8622810244560242 | PLCC: 0.2637852430343628
Loss: 0.9312889575958252 | PLCC: 0.19517958164215088
Avg PLCC 0.057948623547528055
   [Epoch 31] Train loss: 0.89739
    VAL  F-score 39.565 | MAP50 0.60519 | MAP15 0.25936
[Epoch: 32/200]
Loss: 0.8352005481719971 | PLCC: 0.2904154062271118
Loss: 0.9002721309661865 | PLCC: 0.21955394744873047
Loss: 0.8669117093086243 | PLCC: 0.2573147416114807
Loss: 0.9803838133811951 | PLCC: 0.14167696237564087
Avg PLCC 0.058176227055038464
   [Epoch 32] Train loss: 0.89569
    VAL  F-score 39.417 | MAP50 0.60354 | MAP15 0.25829
[Epoch: 33/200]
Loss: 0.8759764432907104 | PLCC: 0.24699735641479492
Loss: 0.8798885345458984 | PLCC: 0.24158459901809692
Loss: 0.8807942867279053 | PLCC: 0.2444852590560913
Loss: 0.9008516669273376 | PLCC: 0.2206742763519287
Avg PLCC 0.0582406191282313
   [Epoch 33] Train loss: 0.88438
    VAL  F-score 39.455 | MAP50 0.60313 | MAP15 0.25861
[Epoch: 34/200]
Loss: 0.8975139856338501 | PLCC: 0.21723127365112305
Loss: 0.9247665405273438 | PLCC: 0.2021302580833435
Loss: 0.8885704278945923 | PLCC: 0.232305645942688
Loss: 0.8436200618743896 | PLCC: 0.2885427474975586
Avg PLCC 0.058272350075033806
   [Epoch 34] Train loss: 0.88862
    VAL  F-score 38.583 | MAP50 0.60322 | MAP15 0.25967
[Epoch: 35/200]
Loss: 0.9322718381881714 | PLCC: 0.19255083799362183
Loss: 0.8698582053184509 | PLCC: 0.253572940826416
Loss: 0.8575726747512817 | PLCC: 0.26414668560028076
Loss: 0.8684038519859314 | PLCC: 0.25237828493118286
Avg PLCC 0.058345528481753936
   [Epoch 35] Train loss: 0.88203
    VAL  F-score 38.264 | MAP50 0.60271 | MAP15 0.25972
[Epoch: 36/200]
Loss: 0.8658451437950134 | PLCC: 0.25690537691116333
Loss: 0.9177560806274414 | PLCC: 0.2042403221130371
Loss: 0.8637543320655823 | PLCC: 0.25442397594451904
Loss: 0.866426944732666 | PLCC: 0.26229941844940186
Avg PLCC 0.05837450874197671
   [Epoch 36] Train loss: 0.87845
    VAL  F-score 38.677 | MAP50 0.60395 | MAP15 0.25975
[Epoch: 37/200]
Loss: 0.8986779451370239 | PLCC: 0.2244170904159546
Loss: 0.8538241982460022 | PLCC: 0.2671562433242798
Loss: 0.9097671508789062 | PLCC: 0.21263569593429565
Loss: 0.817241370677948 | PLCC: 0.3039063811302185
Avg PLCC 0.05832683699995731
   [Epoch 37] Train loss: 0.86988
    VAL  F-score 38.675 | MAP50 0.60365 | MAP15 0.26003
[Epoch: 38/200]
Loss: 0.88242506980896 | PLCC: 0.2386847734451294
Loss: 0.865185022354126 | PLCC: 0.2566247582435608
Loss: 0.8542653918266296 | PLCC: 0.2675282955169678
Loss: 0.8794753551483154 | PLCC: 0.24447768926620483
Avg PLCC 0.05816607796022612
   [Epoch 38] Train loss: 0.87034
    VAL  F-score 38.675 | MAP50 0.60327 | MAP15 0.25901
[Epoch: 39/200]
Loss: 0.8269174098968506 | PLCC: 0.2902125120162964
Loss: 0.876653790473938 | PLCC: 0.24153965711593628
Loss: 0.8673006296157837 | PLCC: 0.2571202516555786
Loss: 0.8915868401527405 | PLCC: 0.23677396774291992
Avg PLCC 0.058000366746758424
   [Epoch 39] Train loss: 0.86561
    VAL  F-score 38.531 | MAP50 0.60507 | MAP15 0.26138
[Epoch: 40/200]
Loss: 0.8861139416694641 | PLCC: 0.22692716121673584
Loss: 0.8894528746604919 | PLCC: 0.23687893152236938
Loss: 0.8028698563575745 | PLCC: 0.3162475824356079
Loss: 0.8707458972930908 | PLCC: 0.2552061080932617
Avg PLCC 0.05778494500555098
   [Epoch 40] Train loss: 0.86230
    VAL  F-score 38.732 | MAP50 0.60595 | MAP15 0.26264
[Epoch: 41/200]
Loss: 0.8496302962303162 | PLCC: 0.268743097782135
Loss: 0.8696772456169128 | PLCC: 0.25530529022216797
Loss: 0.8820909261703491 | PLCC: 0.24045920372009277
Loss: 0.834724485874176 | PLCC: 0.2857680320739746
Avg PLCC 0.05765502408118636
   [Epoch 41] Train loss: 0.85903
    VAL  F-score 38.732 | MAP50 0.60688 | MAP15 0.26279
[Epoch: 42/200]
Loss: 0.8801627159118652 | PLCC: 0.24008435010910034
Loss: 0.871192216873169 | PLCC: 0.253429651260376
Loss: 0.8225809335708618 | PLCC: 0.29865026473999023
Loss: 0.8333064913749695 | PLCC: 0.28287529945373535
Avg PLCC 0.05764534163542769
   [Epoch 42] Train loss: 0.85181
    VAL  F-score 38.397 | MAP50 0.60551 | MAP15 0.26303
[Epoch: 43/200]
Loss: 0.8469417691230774 | PLCC: 0.26966995000839233
Loss: 0.8471913933753967 | PLCC: 0.2671341896057129
Loss: 0.8350299000740051 | PLCC: 0.2880709171295166
Loss: 0.9015433192253113 | PLCC: 0.23207569122314453
Avg PLCC 0.05760350359152212
   [Epoch 43] Train loss: 0.85768
    VAL  F-score 37.709 | MAP50 0.60585 | MAP15 0.26302
[Epoch: 44/200]
Loss: 0.9396530389785767 | PLCC: 0.18712222576141357
Loss: 0.7960408926010132 | PLCC: 0.3250159025192261
Loss: 0.8306185603141785 | PLCC: 0.2890705466270447
Loss: 0.8328214287757874 | PLCC: 0.28139567375183105
Avg PLCC 0.057753268855087685
   [Epoch 44] Train loss: 0.84978
    VAL  F-score 37.709 | MAP50 0.60622 | MAP15 0.2623
[Epoch: 45/200]
Loss: 0.8950987458229065 | PLCC: 0.22554349899291992
Loss: 0.8537710309028625 | PLCC: 0.2658812999725342
Loss: 0.8310644030570984 | PLCC: 0.2902735471725464
Loss: 0.8092986941337585 | PLCC: 0.3128321170806885
Avg PLCC 0.05785061828227657
   [Epoch 45] Train loss: 0.84731
    VAL  F-score 37.291 | MAP50 0.60659 | MAP15 0.26448
[Epoch: 46/200]
Loss: 0.7994206547737122 | PLCC: 0.3180304765701294
Loss: 0.8553706407546997 | PLCC: 0.2683897018432617
Loss: 0.8562642931938171 | PLCC: 0.2637328505516052
Loss: 0.8687648177146912 | PLCC: 0.25222623348236084
Avg PLCC 0.057831060317711847
   [Epoch 46] Train loss: 0.84496
    VAL  F-score 37.058 | MAP50 0.60659 | MAP15 0.26454
[Epoch: 47/200]
Loss: 0.8376398086547852 | PLCC: 0.27991950511932373
Loss: 0.8790960311889648 | PLCC: 0.24209702014923096
Loss: 0.7999604344367981 | PLCC: 0.32085728645324707
Loss: 0.8448139429092407 | PLCC: 0.27640867233276367
Avg PLCC 0.05815753598245933
   [Epoch 47] Train loss: 0.84038
    VAL  F-score 36.981 | MAP50 0.60693 | MAP15 0.265
[Epoch: 48/200]
Loss: 0.8568875789642334 | PLCC: 0.26326417922973633
Loss: 0.8072350025177002 | PLCC: 0.3071797490119934
Loss: 0.8125479817390442 | PLCC: 0.30825483798980713
Loss: 0.8749982118606567 | PLCC: 0.2508058547973633
Avg PLCC 0.05824874590546118
   [Epoch 48] Train loss: 0.83792
    VAL  F-score 36.981 | MAP50 0.60684 | MAP15 0.26364
[Epoch: 49/200]
Loss: 0.8753982782363892 | PLCC: 0.2505173087120056
Loss: 0.7618283629417419 | PLCC: 0.3587726354598999
Loss: 0.8423107862472534 | PLCC: 0.2745417356491089
Loss: 0.8893289566040039 | PLCC: 0.22735565900802612
Avg PLCC 0.05833683955962911
   [Epoch 49] Train loss: 0.84222
    VAL  F-score 37.503 | MAP50 0.60653 | MAP15 0.26412
[Epoch: 50/200]
Loss: 0.8385140299797058 | PLCC: 0.27783477306365967
Loss: 0.850358784198761 | PLCC: 0.2719411849975586
Loss: 0.8317097425460815 | PLCC: 0.2874215841293335
Loss: 0.8020841479301453 | PLCC: 0.31910425424575806
Avg PLCC 0.0582502040444083
   [Epoch 50] Train loss: 0.83067
    VAL  F-score 38.162 | MAP50 0.60609 | MAP15 0.26429
[Epoch: 51/200]
Loss: 0.8708597421646118 | PLCC: 0.24856579303741455
Loss: 0.8008540868759155 | PLCC: 0.3161334991455078
Loss: 0.8590061664581299 | PLCC: 0.26883721351623535
Loss: 0.7799614667892456 | PLCC: 0.3344588279724121
Avg PLCC 0.05810977601548516
   [Epoch 51] Train loss: 0.82767
    VAL  F-score 39.126 | MAP50 0.60611 | MAP15 0.26405
[Epoch: 52/200]
Loss: 0.9087058305740356 | PLCC: 0.20883744955062866
Loss: 0.8210663795471191 | PLCC: 0.2978328466415405
Loss: 0.7657708525657654 | PLCC: 0.35530388355255127
Loss: 0.8321384191513062 | PLCC: 0.28756439685821533
Avg PLCC 0.057738648000822373
   [Epoch 52] Train loss: 0.83192
    VAL  F-score 38.716 | MAP50 0.60627 | MAP15 0.26292
[Epoch: 53/200]
Loss: 0.8483047485351562 | PLCC: 0.26586729288101196
Loss: 0.8034211993217468 | PLCC: 0.313016414642334
Loss: 0.8063085079193115 | PLCC: 0.3174888491630554
Loss: 0.8398187160491943 | PLCC: 0.2820016145706177
Avg PLCC 0.057793950527962865
   [Epoch 53] Train loss: 0.82446
    VAL  F-score 38.716 | MAP50 0.60611 | MAP15 0.26352
[Epoch: 54/200]
Loss: 0.8651569485664368 | PLCC: 0.2525697946548462
Loss: 0.7787191271781921 | PLCC: 0.3394039273262024
Loss: 0.8330087065696716 | PLCC: 0.2898642420768738
Loss: 0.7931761145591736 | PLCC: 0.32164812088012695
Avg PLCC 0.05797090612803445
   [Epoch 54] Train loss: 0.81752
    VAL  F-score 38.716 | MAP50 0.60678 | MAP15 0.26084
[Epoch: 55/200]
Loss: 0.7503569722175598 | PLCC: 0.3659553527832031
Loss: 0.8607842922210693 | PLCC: 0.2579944133758545
Loss: 0.832383930683136 | PLCC: 0.28682589530944824
Loss: 0.8125770688056946 | PLCC: 0.30569326877593994
Avg PLCC 0.05812629905642208
   [Epoch 55] Train loss: 0.81403
    VAL  F-score 38.716 | MAP50 0.60623 | MAP15 0.26153
[Epoch: 56/200]
Loss: 0.8436801433563232 | PLCC: 0.27771592140197754
Loss: 0.7606816291809082 | PLCC: 0.35304272174835205
Loss: 0.814825177192688 | PLCC: 0.3054276704788208
Loss: 0.8352128267288208 | PLCC: 0.28201794624328613
Avg PLCC 0.0585784062312803
   [Epoch 56] Train loss: 0.81360
    VAL  F-score 38.837 | MAP50 0.6059 | MAP15 0.26229
[Epoch: 57/200]
Loss: 0.8308942914009094 | PLCC: 0.29389142990112305
Loss: 0.7928143739700317 | PLCC: 0.32029062509536743
Loss: 0.805040180683136 | PLCC: 0.3088366389274597
Loss: 0.8119816184043884 | PLCC: 0.30866408348083496
Avg PLCC 0.059034183159273
   [Epoch 57] Train loss: 0.81018
    VAL  F-score 38.553 | MAP50 0.60512 | MAP15 0.25851
[Epoch: 58/200]
Loss: 0.8109238743782043 | PLCC: 0.3032742142677307
Loss: 0.8051613569259644 | PLCC: 0.3078573942184448
Loss: 0.7898942232131958 | PLCC: 0.32850444316864014
Loss: 0.8086517453193665 | PLCC: 0.31535881757736206
Avg PLCC 0.05955730785023083
   [Epoch 58] Train loss: 0.80366
    VAL  F-score 38.074 | MAP50 0.60592 | MAP15 0.25879
[Epoch: 59/200]
Loss: 0.8117459416389465 | PLCC: 0.3106468915939331
Loss: 0.7870678305625916 | PLCC: 0.32676297426223755
Loss: 0.7925742864608765 | PLCC: 0.32431310415267944
Loss: 0.8207463622093201 | PLCC: 0.29672563076019287
Avg PLCC 0.06011949161025272
   [Epoch 59] Train loss: 0.80303
    VAL  F-score 37.405 | MAP50 0.60625 | MAP15 0.25893
[Epoch: 60/200]
Loss: 0.7648543119430542 | PLCC: 0.3506598472595215
Loss: 0.7897427082061768 | PLCC: 0.32517820596694946
Loss: 0.8169792890548706 | PLCC: 0.3024172782897949
Loss: 0.8185502290725708 | PLCC: 0.29938775300979614
Avg PLCC 0.06061455166799891
   [Epoch 60] Train loss: 0.79753
    VAL  F-score 37.405 | MAP50 0.60684 | MAP15 0.25973
[Epoch: 61/200]
Loss: 0.8190446496009827 | PLCC: 0.2958768606185913
Loss: 0.7867822647094727 | PLCC: 0.3314926028251648
Loss: 0.7839580774307251 | PLCC: 0.33508580923080444
Loss: 0.8153300285339355 | PLCC: 0.3019754886627197
Avg PLCC 0.061526154157366945
   [Epoch 61] Train loss: 0.80128
    VAL  F-score 37.405 | MAP50 0.60897 | MAP15 0.26035
[Epoch: 62/200]
Loss: 0.7938297986984253 | PLCC: 0.31578612327575684
Loss: 0.7830061316490173 | PLCC: 0.3285568952560425
Loss: 0.8166277408599854 | PLCC: 0.3088045120239258
Loss: 0.7954847812652588 | PLCC: 0.32733154296875
Avg PLCC 0.062148363971518295
   [Epoch 62] Train loss: 0.79724
    VAL  F-score 37.094 | MAP50 0.60948 | MAP15 0.26079
[Epoch: 63/200]
Loss: 0.7649195790290833 | PLCC: 0.3544440269470215
Loss: 0.8438354730606079 | PLCC: 0.2735324501991272
Loss: 0.8293554782867432 | PLCC: 0.28810930252075195
Loss: 0.7360033392906189 | PLCC: 0.37578630447387695
Avg PLCC 0.062736377871426
   [Epoch 63] Train loss: 0.79353
    VAL  F-score 36.8 | MAP50 0.60997 | MAP15 0.26138
[Epoch: 64/200]
Loss: 0.7340561151504517 | PLCC: 0.3780052661895752
Loss: 0.8978192210197449 | PLCC: 0.22035819292068481
Loss: 0.7502996325492859 | PLCC: 0.36141765117645264
Loss: 0.7886189818382263 | PLCC: 0.33412230014801025
Avg PLCC 0.06319659247387652
   [Epoch 64] Train loss: 0.79270
    VAL  F-score 36.653 | MAP50 0.60914 | MAP15 0.26006
[Epoch: 65/200]
Loss: 0.8085036277770996 | PLCC: 0.31401264667510986
Loss: 0.772555410861969 | PLCC: 0.33704429864883423
Loss: 0.7929612398147583 | PLCC: 0.32649731636047363
Loss: 0.763855516910553 | PLCC: 0.3472636938095093
Avg PLCC 0.06367741685685221
   [Epoch 65] Train loss: 0.78447
    VAL  F-score 37.031 | MAP50 0.60903 | MAP15 0.26003
[Epoch: 66/200]
Loss: 0.7727124094963074 | PLCC: 0.34706246852874756
Loss: 0.7431542873382568 | PLCC: 0.3655264377593994
Loss: 0.7740071415901184 | PLCC: 0.3412363529205322
Loss: 0.846341609954834 | PLCC: 0.2724754810333252
Avg PLCC 0.06341108056420292
   [Epoch 66] Train loss: 0.78405
    VAL  F-score 37.67 | MAP50 0.60875 | MAP15 0.25988
[Epoch: 67/200]
Loss: 0.7920284271240234 | PLCC: 0.3209489583969116
Loss: 0.7671750783920288 | PLCC: 0.3458239436149597
Loss: 0.7515588998794556 | PLCC: 0.36980074644088745
Loss: 0.8068540692329407 | PLCC: 0.30606043338775635
Avg PLCC 0.06359966307751495
   [Epoch 67] Train loss: 0.77940
    VAL  F-score 38.778 | MAP50 0.60887 | MAP15 0.25993
[Epoch: 68/200]
Loss: 0.7838373780250549 | PLCC: 0.33055686950683594
Loss: 0.7753373980522156 | PLCC: 0.3400529623031616
Loss: 0.7994475960731506 | PLCC: 0.31818854808807373
Loss: 0.7644051313400269 | PLCC: 0.3533492088317871
Avg PLCC 0.06394578600267062
   [Epoch 68] Train loss: 0.78076
    VAL  F-score 38.778 | MAP50 0.60942 | MAP15 0.25908
[Epoch: 69/200]
Loss: 0.7494605779647827 | PLCC: 0.36163944005966187
Loss: 0.7525076866149902 | PLCC: 0.36645936965942383
Loss: 0.8215091228485107 | PLCC: 0.2987704277038574
Loss: 0.7928375005722046 | PLCC: 0.3184380531311035
Avg PLCC 0.0642956748625059
   [Epoch 69] Train loss: 0.77908
    VAL  F-score 38.856 | MAP50 0.60877 | MAP15 0.26073
[Epoch: 70/200]
Loss: 0.8373509645462036 | PLCC: 0.27782201766967773
Loss: 0.7755529284477234 | PLCC: 0.3410762548446655
Loss: 0.7421160936355591 | PLCC: 0.369118332862854
Loss: 0.7174068689346313 | PLCC: 0.3967134952545166
Avg PLCC 0.064497126377484
   [Epoch 70] Train loss: 0.76811
    VAL  F-score 39.322 | MAP50 0.6091 | MAP15 0.26114
[Epoch: 71/200]
Loss: 0.8209425210952759 | PLCC: 0.29467105865478516
Loss: 0.7621228694915771 | PLCC: 0.3517500162124634
Loss: 0.730968713760376 | PLCC: 0.3840094804763794
Loss: 0.7562528848648071 | PLCC: 0.3575664758682251
Avg PLCC 0.06530708339502753
   [Epoch 71] Train loss: 0.76757
    VAL  F-score 39.08 | MAP50 0.60959 | MAP15 0.26229
[Epoch: 72/200]
Loss: 0.7786005139350891 | PLCC: 0.3391817808151245
Loss: 0.7474038600921631 | PLCC: 0.36568039655685425
Loss: 0.790585458278656 | PLCC: 0.32356011867523193
Loss: 0.7215478420257568 | PLCC: 0.38807475566864014
Avg PLCC 0.06569371002048931
   [Epoch 72] Train loss: 0.75953
    VAL  F-score 39.08 | MAP50 0.60884 | MAP15 0.26461
[Epoch: 73/200]
Loss: 0.7288183569908142 | PLCC: 0.38232553005218506
Loss: 0.7824021577835083 | PLCC: 0.3339066505432129
Loss: 0.739532470703125 | PLCC: 0.37447261810302734
Loss: 0.7962762117385864 | PLCC: 0.31741559505462646
Avg PLCC 0.06593740449435162
   [Epoch 73] Train loss: 0.76176
    VAL  F-score 39.08 | MAP50 0.60781 | MAP15 0.26411
[Epoch: 74/200]
Loss: 0.7701863050460815 | PLCC: 0.3398240804672241
Loss: 0.7703251838684082 | PLCC: 0.34665870666503906
Loss: 0.7458673119544983 | PLCC: 0.36863112449645996
Loss: 0.7285610437393188 | PLCC: 0.3835630416870117
Avg PLCC 0.06652439439979692
   [Epoch 74] Train loss: 0.75373
    VAL  F-score 39.243 | MAP50 0.60889 | MAP15 0.26491
[Epoch: 75/200]
Loss: 0.736711859703064 | PLCC: 0.3758409023284912
Loss: 0.7551954984664917 | PLCC: 0.3615267276763916
Loss: 0.7937315106391907 | PLCC: 0.31504786014556885
Loss: 0.7204638719558716 | PLCC: 0.3933224678039551
Avg PLCC 0.06706387570893364
   [Epoch 75] Train loss: 0.75153
    VAL  F-score 38.909 | MAP50 0.60951 | MAP15 0.265
[Epoch: 76/200]
Loss: 0.7705421447753906 | PLCC: 0.34592628479003906
Loss: 0.7494643926620483 | PLCC: 0.36370259523391724
Loss: 0.7505713105201721 | PLCC: 0.36076849699020386
Loss: 0.7306318283081055 | PLCC: 0.38156771659851074
Avg PLCC 0.06776397291546207
   [Epoch 76] Train loss: 0.75030
    VAL  F-score 38.909 | MAP50 0.60944 | MAP15 0.26441
[Epoch: 77/200]
Loss: 0.7084300518035889 | PLCC: 0.4030240774154663
Loss: 0.6951899528503418 | PLCC: 0.4110240936279297
Loss: 0.8205987215042114 | PLCC: 0.2983003854751587
Loss: 0.728374183177948 | PLCC: 0.37901073694229126
Avg PLCC 0.0683429099224282
   [Epoch 77] Train loss: 0.73815
    VAL  F-score 38.909 | MAP50 0.61025 | MAP15 0.26479
[Epoch: 78/200]
Loss: 0.7176971435546875 | PLCC: 0.39426863193511963
Loss: 0.7285573482513428 | PLCC: 0.38296598196029663
Loss: 0.8003715872764587 | PLCC: 0.31179696321487427
Loss: 0.7254215478897095 | PLCC: 0.38794565200805664
Avg PLCC 0.06844307957075987
   [Epoch 78] Train loss: 0.74301
    VAL  F-score 39.354 | MAP50 0.61055 | MAP15 0.26532
[Epoch: 79/200]
Loss: 0.7355524301528931 | PLCC: 0.3795585632324219
Loss: 0.7670063376426697 | PLCC: 0.3464776873588562
Loss: 0.7158054709434509 | PLCC: 0.3916645050048828
Loss: 0.7207663655281067 | PLCC: 0.3877909183502197
Avg PLCC 0.06872232056886071
   [Epoch 79] Train loss: 0.73478
    VAL  F-score 39.121 | MAP50 0.60891 | MAP15 0.26502
[Epoch: 80/200]
Loss: 0.7606135010719299 | PLCC: 0.35119205713272095
Loss: 0.716840922832489 | PLCC: 0.39209556579589844
Loss: 0.7540871500968933 | PLCC: 0.35921597480773926
Loss: 0.6989786624908447 | PLCC: 0.41271448135375977
Avg PLCC 0.06876513057487142
   [Epoch 80] Train loss: 0.73263
    VAL  F-score 39.409 | MAP50 0.60952 | MAP15 0.2639
[Epoch: 81/200]
Loss: 0.7459945678710938 | PLCC: 0.3650513291358948
Loss: 0.7595116496086121 | PLCC: 0.3576228618621826
Loss: 0.6994183659553528 | PLCC: 0.4085005521774292
Loss: 0.7297652363777161 | PLCC: 0.3803161382675171
Avg PLCC 0.06864299842819685
   [Epoch 81] Train loss: 0.73367
    VAL  F-score 39.153 | MAP50 0.60836 | MAP15 0.26207
[Epoch: 82/200]
Loss: 0.7709551453590393 | PLCC: 0.34333765506744385
Loss: 0.7452819347381592 | PLCC: 0.37041598558425903
Loss: 0.7719244360923767 | PLCC: 0.3326908349990845
Loss: 0.6399738192558289 | PLCC: 0.46788913011550903
Avg PLCC 0.06828977212055841
   [Epoch 82] Train loss: 0.73203
    VAL  F-score 39.724 | MAP50 0.60673 | MAP15 0.26003
[Epoch: 83/200]
Loss: 0.7502987384796143 | PLCC: 0.35959863662719727
Loss: 0.7264524698257446 | PLCC: 0.3833918571472168
Loss: 0.7478953003883362 | PLCC: 0.3656787872314453
Loss: 0.677390992641449 | PLCC: 0.4317435026168823
Avg PLCC 0.06850771814457733
   [Epoch 83] Train loss: 0.72551
    VAL  F-score 39.938 | MAP50 0.60681 | MAP15 0.26014
[Epoch: 84/200]
Loss: 0.7836164236068726 | PLCC: 0.3323543071746826
Loss: 0.7238519787788391 | PLCC: 0.3831077814102173
Loss: 0.6575817465782166 | PLCC: 0.4476957321166992
Loss: 0.7223235964775085 | PLCC: 0.3905210494995117
Avg PLCC 0.06923669437652058
   [Epoch 84] Train loss: 0.72184
    VAL  F-score 39.411 | MAP50 0.60655 | MAP15 0.25923
[Epoch: 85/200]
Loss: 0.720018208026886 | PLCC: 0.3930314779281616
Loss: 0.6854786276817322 | PLCC: 0.4222260117530823
Loss: 0.7513143420219421 | PLCC: 0.356395423412323
Loss: 0.7091537117958069 | PLCC: 0.4011439085006714
Avg PLCC 0.0698191285359137
   [Epoch 85] Train loss: 0.71649
    VAL  F-score 39.938 | MAP50 0.60705 | MAP15 0.2597
[Epoch: 86/200]
Loss: 0.7457523941993713 | PLCC: 0.36129844188690186
Loss: 0.7302378416061401 | PLCC: 0.3839353322982788
Loss: 0.6953972578048706 | PLCC: 0.4141578674316406
Loss: 0.6896456480026245 | PLCC: 0.4177128076553345
Avg PLCC 0.07038327579666105
   [Epoch 86] Train loss: 0.71526
    VAL  F-score 40.084 | MAP50 0.6076 | MAP15 0.2599
[Epoch: 87/200]
Loss: 0.6572353839874268 | PLCC: 0.45300978422164917
Loss: 0.7556294202804565 | PLCC: 0.35392069816589355
Loss: 0.7077656984329224 | PLCC: 0.3973378539085388
Loss: 0.714301586151123 | PLCC: 0.3943434953689575
Avg PLCC 0.07077525283217034
   [Epoch 87] Train loss: 0.70873
    VAL  F-score 40.241 | MAP50 0.60616 | MAP15 0.26048
[Epoch: 88/200]
Loss: 0.6769673824310303 | PLCC: 0.4323456287384033
Loss: 0.7199798822402954 | PLCC: 0.38677674531936646
Loss: 0.7072187066078186 | PLCC: 0.40120160579681396
Loss: 0.7164379954338074 | PLCC: 0.3914273977279663
Avg PLCC 0.071034077771897
   [Epoch 88] Train loss: 0.70515
    VAL  F-score 40.093 | MAP50 0.60646 | MAP15 0.2603
[Epoch: 89/200]
Loss: 0.7368693947792053 | PLCC: 0.3714665174484253
Loss: 0.6717879772186279 | PLCC: 0.4326833486557007
Loss: 0.6855350136756897 | PLCC: 0.42790842056274414
Loss: 0.70848548412323 | PLCC: 0.39414817094802856
Avg PLCC 0.0715995364060456
   [Epoch 89] Train loss: 0.70067
    VAL  F-score 40.532 | MAP50 0.60653 | MAP15 0.26001
[Epoch: 90/200]
Loss: 0.6873234510421753 | PLCC: 0.4229644536972046
Loss: 0.6774524450302124 | PLCC: 0.42813611030578613
Loss: 0.7419538497924805 | PLCC: 0.3734058737754822
Loss: 0.7006620168685913 | PLCC: 0.39961081743240356
Avg PLCC 0.0727807727473026
   [Epoch 90] Train loss: 0.70185
    VAL  F-score 39.346 | MAP50 0.60667 | MAP15 0.26095
[Epoch: 91/200]
Loss: 0.7346509099006653 | PLCC: 0.37286078929901123
Loss: 0.6679283976554871 | PLCC: 0.44257962703704834
Loss: 0.6831058263778687 | PLCC: 0.4219813346862793
Loss: 0.7028002738952637 | PLCC: 0.4040519595146179
Avg PLCC 0.07307499038341286
   [Epoch 91] Train loss: 0.69712
    VAL  F-score 39.346 | MAP50 0.60776 | MAP15 0.2618
[Epoch: 92/200]
Loss: 0.7083762884140015 | PLCC: 0.39951419830322266
Loss: 0.6846332550048828 | PLCC: 0.42395544052124023
Loss: 0.6451531052589417 | PLCC: 0.4577300548553467
Loss: 0.7150644659996033 | PLCC: 0.39158177375793457
Avg PLCC 0.0745982753719683
   [Epoch 92] Train loss: 0.68831
    VAL  F-score 40.036 | MAP50 0.60869 | MAP15 0.26447
[Epoch: 93/200]
Loss: 0.7254737615585327 | PLCC: 0.38439059257507324
Loss: 0.6778944730758667 | PLCC: 0.4267083406448364
Loss: 0.6653502583503723 | PLCC: 0.43995237350463867
Loss: 0.659903347492218 | PLCC: 0.44549548625946045
Avg PLCC 0.0756350251154579
   [Epoch 93] Train loss: 0.68216
    VAL  F-score 39.964 | MAP50 0.60947 | MAP15 0.26747
[Epoch: 94/200]
Loss: 0.6913497447967529 | PLCC: 0.4170914888381958
Loss: 0.6928063035011292 | PLCC: 0.41159939765930176
Loss: 0.6521549820899963 | PLCC: 0.4495917558670044
Loss: 0.7020735740661621 | PLCC: 0.4090157747268677
Avg PLCC 0.0756099444362476
   [Epoch 94] Train loss: 0.68460
    VAL  F-score 38.621 | MAP50 0.60721 | MAP15 0.26757
[Epoch: 95/200]
Loss: 0.6827789545059204 | PLCC: 0.4215659499168396
Loss: 0.7039980888366699 | PLCC: 0.40262502431869507
Loss: 0.6378775835037231 | PLCC: 0.4674384593963623
Loss: 0.6855930089950562 | PLCC: 0.4202762842178345
Avg PLCC 0.07520722094076601
   [Epoch 95] Train loss: 0.67756
    VAL  F-score 38.549 | MAP50 0.60647 | MAP15 0.26695
[Epoch: 96/200]
Loss: 0.6940937638282776 | PLCC: 0.41171151399612427
Loss: 0.6401074528694153 | PLCC: 0.46512269973754883
Loss: 0.7122976183891296 | PLCC: 0.39502978324890137
Loss: 0.6426296830177307 | PLCC: 0.4585973620414734
Avg PLCC 0.07587399895331173
   [Epoch 96] Train loss: 0.67228
    VAL  F-score 38.549 | MAP50 0.60606 | MAP15 0.26297
[Epoch: 97/200]
Loss: 0.7225611209869385 | PLCC: 0.3877124786376953
Loss: 0.6854469776153564 | PLCC: 0.41658926010131836
Loss: 0.6130531430244446 | PLCC: 0.4904320240020752
Loss: 0.676279604434967 | PLCC: 0.4291253089904785
Avg PLCC 0.07637287708789561
   [Epoch 97] Train loss: 0.67434
    VAL  F-score 38.513 | MAP50 0.60712 | MAP15 0.26336
[Epoch: 98/200]
Loss: 0.753400444984436 | PLCC: 0.3561195135116577
Loss: 0.6731812953948975 | PLCC: 0.4315171241760254
Loss: 0.6446584463119507 | PLCC: 0.4593127965927124
Loss: 0.6061861515045166 | PLCC: 0.4942592978477478
Avg PLCC 0.07586467047363069
   [Epoch 98] Train loss: 0.66936
    VAL  F-score 38.513 | MAP50 0.60662 | MAP15 0.26104
[Epoch: 99/200]
Loss: 0.6844492554664612 | PLCC: 0.4204791784286499
Loss: 0.6528276205062866 | PLCC: 0.44932985305786133
Loss: 0.6367161870002747 | PLCC: 0.4647301435470581
Loss: 0.6720302104949951 | PLCC: 0.43659067153930664
Avg PLCC 0.0748216481456025
   [Epoch 99] Train loss: 0.66151
    VAL  F-score 39.116 | MAP50 0.60573 | MAP15 0.25792
[Epoch: 100/200]
Loss: 0.6761178374290466 | PLCC: 0.43078672885894775
Loss: 0.6756991744041443 | PLCC: 0.42875945568084717
Loss: 0.6587561368942261 | PLCC: 0.44522732496261597
Loss: 0.6346561312675476 | PLCC: 0.4668210744857788
Avg PLCC 0.07497160660215851
   [Epoch 100] Train loss: 0.66131
    VAL  F-score 39.116 | MAP50 0.60417 | MAP15 0.25615
[Epoch: 101/200]
Loss: 0.6747047901153564 | PLCC: 0.43286770582199097
Loss: 0.6746775507926941 | PLCC: 0.42731285095214844
Loss: 0.626355767250061 | PLCC: 0.4748089909553528
Loss: 0.6422616243362427 | PLCC: 0.4600793123245239
Avg PLCC 0.07511969559797735
   [Epoch 101] Train loss: 0.65450
    VAL  F-score 39.2 | MAP50 0.60387 | MAP15 0.25885
[Epoch: 102/200]
Loss: 0.6692140102386475 | PLCC: 0.43982672691345215
Loss: 0.651007890701294 | PLCC: 0.45123350620269775
Loss: 0.6092192530632019 | PLCC: 0.4867285490036011
Loss: 0.6738044023513794 | PLCC: 0.42955780029296875
Avg PLCC 0.07503998532157505
   [Epoch 102] Train loss: 0.65081
    VAL  F-score 39.2 | MAP50 0.60473 | MAP15 0.25885
[Epoch: 103/200]
Loss: 0.6400853395462036 | PLCC: 0.4610757827758789
Loss: 0.6455571055412292 | PLCC: 0.45229947566986084
Loss: 0.6509115099906921 | PLCC: 0.4576866626739502
Loss: 0.6624280214309692 | PLCC: 0.43931615352630615
Avg PLCC 0.0755865326094808
   [Epoch 103] Train loss: 0.64975
    VAL  F-score 39.538 | MAP50 0.60503 | MAP15 0.25876
[Epoch: 104/200]
Loss: 0.6218839883804321 | PLCC: 0.481075644493103
Loss: 0.6938537955284119 | PLCC: 0.40659844875335693
Loss: 0.6521133780479431 | PLCC: 0.45389485359191895
Loss: 0.6042478680610657 | PLCC: 0.4930499792098999
Avg PLCC 0.07630037375246033
   [Epoch 104] Train loss: 0.64302
    VAL  F-score 40.211 | MAP50 0.60483 | MAP15 0.26029
[Epoch: 105/200]
Loss: 0.6481614708900452 | PLCC: 0.4525163769721985
Loss: 0.6604677438735962 | PLCC: 0.4414001703262329
Loss: 0.670136034488678 | PLCC: 0.4312475919723511
Loss: 0.599289059638977 | PLCC: 0.5053690671920776
Avg PLCC 0.07666207255908486
   [Epoch 105] Train loss: 0.64451
    VAL  F-score 40.5 | MAP50 0.6042 | MAP15 0.25674
[Epoch: 106/200]
Loss: 0.6578965187072754 | PLCC: 0.44283443689346313
Loss: 0.6761555671691895 | PLCC: 0.4255598783493042
Loss: 0.5726751685142517 | PLCC: 0.5269767045974731
Loss: 0.6701985597610474 | PLCC: 0.43561720848083496
Avg PLCC 0.07700127476092541
   [Epoch 106] Train loss: 0.64423
    VAL  F-score 40.764 | MAP50 0.60362 | MAP15 0.25668
[Epoch: 107/200]
Loss: 0.6579648852348328 | PLCC: 0.44464921951293945
Loss: 0.6481106281280518 | PLCC: 0.4540998935699463
Loss: 0.5996280312538147 | PLCC: 0.4989839196205139
Loss: 0.61869215965271 | PLCC: 0.4811490774154663
Avg PLCC 0.07730681179655773
   [Epoch 107] Train loss: 0.63110
    VAL  F-score 41.126 | MAP50 0.60416 | MAP15 0.25985
[Epoch: 108/200]
Loss: 0.6555735468864441 | PLCC: 0.452161967754364
Loss: 0.6464407444000244 | PLCC: 0.451434850692749
Loss: 0.6213319897651672 | PLCC: 0.47805917263031006
Loss: 0.611187756061554 | PLCC: 0.4886741638183594
Avg PLCC 0.07758286935418393
   [Epoch 108] Train loss: 0.63363
    VAL  F-score 40.988 | MAP50 0.60394 | MAP15 0.26188
[Epoch: 109/200]
Loss: 0.6086687445640564 | PLCC: 0.4894528388977051
Loss: 0.6100249290466309 | PLCC: 0.49290502071380615
Loss: 0.6250005960464478 | PLCC: 0.47344058752059937
Loss: 0.6759403944015503 | PLCC: 0.4258367419242859
Avg PLCC 0.07780297488595049
   [Epoch 109] Train loss: 0.62991
    VAL  F-score 40.988 | MAP50 0.60333 | MAP15 0.2616
[Epoch: 110/200]
Loss: 0.6233259439468384 | PLCC: 0.47760868072509766
Loss: 0.59141606092453 | PLCC: 0.5068448185920715
Loss: 0.6488189101219177 | PLCC: 0.45343881845474243
Loss: 0.645332396030426 | PLCC: 0.4546698331832886
Avg PLCC 0.07793824289304514
   [Epoch 110] Train loss: 0.62722
    VAL  F-score 41.136 | MAP50 0.60219 | MAP15 0.26059
[Epoch: 111/200]
Loss: 0.6356722116470337 | PLCC: 0.46506160497665405
Loss: 0.6041948795318604 | PLCC: 0.4941924810409546
Loss: 0.6326998472213745 | PLCC: 0.4688339829444885
Loss: 0.6416609287261963 | PLCC: 0.461145281791687
Avg PLCC 0.07813102055242228
   [Epoch 111] Train loss: 0.62856
    VAL  F-score 40.859 | MAP50 0.60082 | MAP15 0.26005
[Epoch: 112/200]
Loss: 0.6328995227813721 | PLCC: 0.47318923473358154
Loss: 0.6302375793457031 | PLCC: 0.46969419717788696
Loss: 0.5888580679893494 | PLCC: 0.5054214596748352
Loss: 0.6487871408462524 | PLCC: 0.4500439167022705
Avg PLCC 0.07805253198426781
   [Epoch 112] Train loss: 0.62520
    VAL  F-score 40.859 | MAP50 0.60166 | MAP15 0.26104
[Epoch: 113/200]
Loss: 0.62703537940979 | PLCC: 0.47357290983200073
Loss: 0.5867953896522522 | PLCC: 0.5082889795303345
Loss: 0.6376938819885254 | PLCC: 0.46158015727996826
Loss: 0.6054675579071045 | PLCC: 0.4954397678375244
Avg PLCC 0.07815379604245677
   [Epoch 113] Train loss: 0.61425
    VAL  F-score 40.724 | MAP50 0.60252 | MAP15 0.26144
[Epoch: 114/200]
Loss: 0.6262733936309814 | PLCC: 0.47832751274108887
Loss: 0.6333701610565186 | PLCC: 0.461395263671875
Loss: 0.5730251669883728 | PLCC: 0.5230610966682434
Loss: 0.6373565793037415 | PLCC: 0.46382224559783936
Avg PLCC 0.07841998547188599
   [Epoch 114] Train loss: 0.61751
    VAL  F-score 41.137 | MAP50 0.60234 | MAP15 0.26133
[Epoch: 115/200]
Loss: 0.6054967641830444 | PLCC: 0.4894019365310669
Loss: 0.6077464818954468 | PLCC: 0.49368739128112793
Loss: 0.6403703093528748 | PLCC: 0.4594857692718506
Loss: 0.6030639410018921 | PLCC: 0.49832189083099365
Avg PLCC 0.07831526496165404
   [Epoch 115] Train loss: 0.61417
    VAL  F-score 41.327 | MAP50 0.60207 | MAP15 0.26185
[Epoch: 116/200]
Loss: 0.6006360054016113 | PLCC: 0.49939823150634766
Loss: 0.6257854700088501 | PLCC: 0.47255969047546387
Loss: 0.6378699541091919 | PLCC: 0.46095192432403564
Loss: 0.5740646719932556 | PLCC: 0.5236129760742188
Avg PLCC 0.07823042399302887
   [Epoch 116] Train loss: 0.60959
    VAL  F-score 41.327 | MAP50 0.60186 | MAP15 0.26294
[Epoch: 117/200]
Loss: 0.5824162364006042 | PLCC: 0.5150772333145142
Loss: 0.5912984609603882 | PLCC: 0.5042001008987427
Loss: 0.639445960521698 | PLCC: 0.46042025089263916
Loss: 0.6129419803619385 | PLCC: 0.486641526222229
Avg PLCC 0.07813895438713106
   [Epoch 117] Train loss: 0.60653
    VAL  F-score 40.751 | MAP50 0.60159 | MAP15 0.26274
[Epoch: 118/200]
Loss: 0.6051334738731384 | PLCC: 0.49437540769577026
Loss: 0.6182065010070801 | PLCC: 0.478792667388916
Loss: 0.5826802253723145 | PLCC: 0.5140637755393982
Loss: 0.6078330874443054 | PLCC: 0.49056339263916016
Avg PLCC 0.07821879171057265
   [Epoch 118] Train loss: 0.60346
    VAL  F-score 40.751 | MAP50 0.60177 | MAP15 0.26311
[Epoch: 119/200]
Loss: 0.6257523894309998 | PLCC: 0.47053229808807373
Loss: 0.6141694784164429 | PLCC: 0.4821910858154297
Loss: 0.5886312127113342 | PLCC: 0.5104286670684814
Loss: 0.5719059109687805 | PLCC: 0.5269039869308472
Avg PLCC 0.07812638213561679
   [Epoch 119] Train loss: 0.60011
    VAL  F-score 40.751 | MAP50 0.60272 | MAP15 0.26251
[Epoch: 120/200]
Loss: 0.6070919036865234 | PLCC: 0.4884188175201416
Loss: 0.5552725195884705 | PLCC: 0.5431050658226013
Loss: 0.5868850946426392 | PLCC: 0.5104796886444092
Loss: 0.6528121829032898 | PLCC: 0.44385266304016113
Avg PLCC 0.07804839656984602
   [Epoch 120] Train loss: 0.60052
    VAL  F-score 40.373 | MAP50 0.60273 | MAP15 0.26322
[Epoch: 121/200]
Loss: 0.5699553489685059 | PLCC: 0.5281003713607788
Loss: 0.5869433879852295 | PLCC: 0.506275475025177
Loss: 0.586836040019989 | PLCC: 0.5116861462593079
Loss: 0.6205589175224304 | PLCC: 0.4738657474517822
Avg PLCC 0.07794636371898267
   [Epoch 121] Train loss: 0.59107
    VAL  F-score 40.373 | MAP50 0.60265 | MAP15 0.26331
[Epoch: 122/200]
Loss: 0.6038458347320557 | PLCC: 0.49604010581970215
Loss: 0.5735733509063721 | PLCC: 0.5208084583282471
Loss: 0.5925291776657104 | PLCC: 0.5057199597358704
Loss: 0.5943807363510132 | PLCC: 0.4989593029022217
Avg PLCC 0.07776972274719314
   [Epoch 122] Train loss: 0.59108
    VAL  F-score 40.857 | MAP50 0.603 | MAP15 0.26356
[Epoch: 123/200]
Loss: 0.5583801865577698 | PLCC: 0.534894585609436
Loss: 0.6039957404136658 | PLCC: 0.493572473526001
Loss: 0.5870795249938965 | PLCC: 0.5096886157989502
Loss: 0.5875258445739746 | PLCC: 0.5071835517883301
Avg PLCC 0.07773358109195462
   [Epoch 123] Train loss: 0.58425
    VAL  F-score 40.605 | MAP50 0.60291 | MAP15 0.25917
[Epoch: 124/200]
Loss: 0.5573631525039673 | PLCC: 0.5360448956489563
Loss: 0.6003867387771606 | PLCC: 0.4987506866455078
Loss: 0.6121010780334473 | PLCC: 0.4846721887588501
Loss: 0.5642349720001221 | PLCC: 0.5286967754364014
Avg PLCC 0.07773585169166891
   [Epoch 124] Train loss: 0.58352
    VAL  F-score 40.605 | MAP50 0.60224 | MAP15 0.25869
[Epoch: 125/200]
Loss: 0.6005911231040955 | PLCC: 0.4960089921951294
Loss: 0.5831000208854675 | PLCC: 0.5081499814987183
Loss: 0.6006588935852051 | PLCC: 0.4986138939857483
Loss: 0.540800154209137 | PLCC: 0.5533357858657837
Avg PLCC 0.07780020907662358
   [Epoch 125] Train loss: 0.58129
    VAL  F-score 40.605 | MAP50 0.60222 | MAP15 0.25884
[Epoch: 126/200]
Loss: 0.61159348487854 | PLCC: 0.4828481674194336
Loss: 0.5520471930503845 | PLCC: 0.5465572476387024
Loss: 0.610755443572998 | PLCC: 0.4865577220916748
Loss: 0.5577494502067566 | PLCC: 0.5336562395095825
Avg PLCC 0.07805775761406755
   [Epoch 126] Train loss: 0.58304
    VAL  F-score 40.605 | MAP50 0.60172 | MAP15 0.25939
[Epoch: 127/200]
Loss: 0.5535085797309875 | PLCC: 0.5392240881919861
Loss: 0.5910351872444153 | PLCC: 0.5042540431022644
Loss: 0.5575921535491943 | PLCC: 0.5361026525497437
Loss: 0.5935328006744385 | PLCC: 0.5035386681556702
Avg PLCC 0.0781386662638397
   [Epoch 127] Train loss: 0.57392
    VAL  F-score 40.605 | MAP50 0.60189 | MAP15 0.26063
[Epoch: 128/200]
Loss: 0.6302151679992676 | PLCC: 0.4656333923339844
Loss: 0.5571998357772827 | PLCC: 0.5408787727355957
Loss: 0.5578106045722961 | PLCC: 0.5362562537193298
Loss: 0.56391841173172 | PLCC: 0.5265335440635681
Avg PLCC 0.07816659958299363
   [Epoch 128] Train loss: 0.57729
    VAL  F-score 40.605 | MAP50 0.60132 | MAP15 0.26067
[Epoch: 129/200]
Loss: 0.559156060218811 | PLCC: 0.5346662402153015
Loss: 0.5447697043418884 | PLCC: 0.5487876534461975
Loss: 0.6024913191795349 | PLCC: 0.49655574560165405
Loss: 0.5758596062660217 | PLCC: 0.514596700668335
Avg PLCC 0.07809590054040944
   [Epoch 129] Train loss: 0.57057
    VAL  F-score 40.383 | MAP50 0.60139 | MAP15 0.26106
[Epoch: 130/200]
Loss: 0.6063581109046936 | PLCC: 0.4919769763946533
Loss: 0.5594391822814941 | PLCC: 0.5352916121482849
Loss: 0.5500507354736328 | PLCC: 0.5408793687820435
Loss: 0.5600013732910156 | PLCC: 0.533820629119873
Avg PLCC 0.07788368635528693
   [Epoch 130] Train loss: 0.56896
    VAL  F-score 40.383 | MAP50 0.60112 | MAP15 0.2622
[Epoch: 131/200]
Loss: 0.5558650493621826 | PLCC: 0.5373920798301697
Loss: 0.5595263242721558 | PLCC: 0.5346119403839111
Loss: 0.5681671500205994 | PLCC: 0.5233048796653748
Loss: 0.5806899666786194 | PLCC: 0.5163774490356445
Avg PLCC 0.07776111861069997
   [Epoch 131] Train loss: 0.56606
    VAL  F-score 40.383 | MAP50 0.60181 | MAP15 0.26219
[Epoch: 132/200]
Loss: 0.5810559988021851 | PLCC: 0.515285313129425
Loss: 0.5590720176696777 | PLCC: 0.534532904624939
Loss: 0.5408978462219238 | PLCC: 0.548673689365387
Loss: 0.5806910991668701 | PLCC: 0.5147314667701721
Avg PLCC 0.07764979502694173
   [Epoch 132] Train loss: 0.56543
    VAL  F-score 40.608 | MAP50 0.60181 | MAP15 0.263
[Epoch: 133/200]
Loss: 0.5399340391159058 | PLCC: 0.5547255873680115
Loss: 0.5765244364738464 | PLCC: 0.5149937868118286
Loss: 0.5743484497070312 | PLCC: 0.5183334946632385
Loss: 0.5631924271583557 | PLCC: 0.5316585302352905
Avg PLCC 0.07768221724439751
   [Epoch 133] Train loss: 0.56350
    VAL  F-score 40.608 | MAP50 0.60215 | MAP15 0.26279
[Epoch: 134/200]
Loss: 0.5714868903160095 | PLCC: 0.518718957901001
Loss: 0.5775940418243408 | PLCC: 0.5193347334861755
Loss: 0.5125692486763 | PLCC: 0.5776522159576416
Loss: 0.5764622688293457 | PLCC: 0.5170809626579285
Avg PLCC 0.07762212492525578
   [Epoch 134] Train loss: 0.55953
    VAL  F-score 40.386 | MAP50 0.60215 | MAP15 0.26143
[Epoch: 135/200]
Loss: 0.5610796213150024 | PLCC: 0.5332571864128113
Loss: 0.5091840028762817 | PLCC: 0.5783190131187439
Loss: 0.5853175520896912 | PLCC: 0.5068193674087524
Loss: 0.5567320585250854 | PLCC: 0.5391114354133606
Avg PLCC 0.07763929571956396
   [Epoch 135] Train loss: 0.55308
    VAL  F-score 40.386 | MAP50 0.60144 | MAP15 0.26056
[Epoch: 136/200]
Loss: 0.56534743309021 | PLCC: 0.5271482467651367
Loss: 0.5740774869918823 | PLCC: 0.5194599628448486
Loss: 0.5450069904327393 | PLCC: 0.545863926410675
Loss: 0.5190808176994324 | PLCC: 0.572274923324585
Avg PLCC 0.07777877489217755
   [Epoch 136] Train loss: 0.55088
    VAL  F-score 41.009 | MAP50 0.60189 | MAP15 0.261
[Epoch: 137/200]
Loss: 0.5623608827590942 | PLCC: 0.5334092974662781
Loss: 0.5362558960914612 | PLCC: 0.5542781352996826
Loss: 0.5620560646057129 | PLCC: 0.5316622853279114
Loss: 0.5287739634513855 | PLCC: 0.5582135915756226
Avg PLCC 0.07760263887713804
   [Epoch 137] Train loss: 0.54736
    VAL  F-score 41.009 | MAP50 0.6024 | MAP15 0.26076
[Epoch: 138/200]
Loss: 0.5681150555610657 | PLCC: 0.5272982120513916
Loss: 0.5444991588592529 | PLCC: 0.5460100173950195
Loss: 0.5238198041915894 | PLCC: 0.5666863918304443
Loss: 0.559627890586853 | PLCC: 0.530411958694458
Avg PLCC 0.07751624844262772
   [Epoch 138] Train loss: 0.54902
    VAL  F-score 41.009 | MAP50 0.60253 | MAP15 0.26087
[Epoch: 139/200]
Loss: 0.5789345502853394 | PLCC: 0.5118719935417175
Loss: 0.5081349015235901 | PLCC: 0.5827550888061523
Loss: 0.538937509059906 | PLCC: 0.5542429685592651
Loss: 0.5588997602462769 | PLCC: 0.5298879146575928
Avg PLCC 0.0771956193670066
   [Epoch 139] Train loss: 0.54623
    VAL  F-score 41.009 | MAP50 0.60211 | MAP15 0.26126
[Epoch: 140/200]
Loss: 0.5552898645401001 | PLCC: 0.5391172766685486
Loss: 0.5131761431694031 | PLCC: 0.5726873278617859
Loss: 0.554128885269165 | PLCC: 0.539580225944519
Loss: 0.5575199127197266 | PLCC: 0.5335829257965088
Avg PLCC 0.07693772775713693
   [Epoch 140] Train loss: 0.54503
    VAL  F-score 41.328 | MAP50 0.60199 | MAP15 0.2608
[Epoch: 141/200]
Loss: 0.565801739692688 | PLCC: 0.5244458317756653
Loss: 0.5615388751029968 | PLCC: 0.5349880456924438
Loss: 0.5024994611740112 | PLCC: 0.5846787095069885
Loss: 0.5441685914993286 | PLCC: 0.5467466711997986
Avg PLCC 0.0764301599560757
   [Epoch 141] Train loss: 0.54350
    VAL  F-score 41.328 | MAP50 0.6004 | MAP15 0.26113
[Epoch: 142/200]
Loss: 0.5331293940544128 | PLCC: 0.5581718683242798
Loss: 0.5302896499633789 | PLCC: 0.5615136027336121
Loss: 0.5510609149932861 | PLCC: 0.5392336845397949
Loss: 0.5465533137321472 | PLCC: 0.5428982973098755
Avg PLCC 0.07598247128595231
   [Epoch 142] Train loss: 0.54026
    VAL  F-score 41.404 | MAP50 0.6007 | MAP15 0.26134
[Epoch: 143/200]
Loss: 0.5737951993942261 | PLCC: 0.5160244107246399
Loss: 0.5396369695663452 | PLCC: 0.555242657661438
Loss: 0.5221191644668579 | PLCC: 0.5670213103294373
Loss: 0.514257550239563 | PLCC: 0.5730083584785461
Avg PLCC 0.07575835834370193
   [Epoch 143] Train loss: 0.53745
    VAL  F-score 42.246 | MAP50 0.60027 | MAP15 0.264
[Epoch: 144/200]
Loss: 0.5335988998413086 | PLCC: 0.5546490550041199
Loss: 0.5330067276954651 | PLCC: 0.5591945648193359
Loss: 0.5288728475570679 | PLCC: 0.5575822591781616
Loss: 0.524487316608429 | PLCC: 0.5662657022476196
Avg PLCC 0.0755136203317141
   [Epoch 144] Train loss: 0.52999
    VAL  F-score 42.246 | MAP50 0.60032 | MAP15 0.26425
[Epoch: 145/200]
Loss: 0.5367898344993591 | PLCC: 0.5507684946060181
Loss: 0.5254150629043579 | PLCC: 0.5633001327514648
Loss: 0.5252683162689209 | PLCC: 0.564057469367981
Loss: 0.5206677317619324 | PLCC: 0.5699573755264282
Avg PLCC 0.07541760805973106
   [Epoch 145] Train loss: 0.52704
    VAL  F-score 41.491 | MAP50 0.60031 | MAP15 0.26341
[Epoch: 146/200]
Loss: 0.5014423727989197 | PLCC: 0.5861408710479736
Loss: 0.5329629182815552 | PLCC: 0.5549317598342896
Loss: 0.5291389226913452 | PLCC: 0.5597416162490845
Loss: 0.5556713938713074 | PLCC: 0.5380029678344727
Avg PLCC 0.07519767532887106
   [Epoch 146] Train loss: 0.52980
    VAL  F-score 41.112 | MAP50 0.59967 | MAP15 0.26288
[Epoch: 147/200]
Loss: 0.5311374068260193 | PLCC: 0.5564159154891968
Loss: 0.52261883020401 | PLCC: 0.5676769018173218
Loss: 0.5106791853904724 | PLCC: 0.5769357681274414
Loss: 0.5551168918609619 | PLCC: 0.5374441742897034
Avg PLCC 0.07493081486741589
   [Epoch 147] Train loss: 0.52989
    VAL  F-score 41.112 | MAP50 0.59916 | MAP15 0.26334
[Epoch: 148/200]
Loss: 0.5121560096740723 | PLCC: 0.5768146514892578
Loss: 0.54705411195755 | PLCC: 0.5427278876304626
Loss: 0.5236454010009766 | PLCC: 0.5651440620422363
Loss: 0.5049567222595215 | PLCC: 0.5818615555763245
Avg PLCC 0.07467381510474352
   [Epoch 148] Train loss: 0.52195
    VAL  F-score 41.112 | MAP50 0.59937 | MAP15 0.26332
[Epoch: 149/200]
Loss: 0.5418018102645874 | PLCC: 0.5474287867546082
Loss: 0.5290714502334595 | PLCC: 0.5602979063987732
Loss: 0.49123966693878174 | PLCC: 0.5939433574676514
Loss: 0.5196922421455383 | PLCC: 0.5695222616195679
Avg PLCC 0.0746839906893332
   [Epoch 149] Train loss: 0.52045
    VAL  F-score 41.112 | MAP50 0.59974 | MAP15 0.26639
[Epoch: 150/200]
Loss: 0.514659583568573 | PLCC: 0.5722683668136597
Loss: 0.543792188167572 | PLCC: 0.5452827215194702
Loss: 0.5182090401649475 | PLCC: 0.5730271339416504
Loss: 0.5017593502998352 | PLCC: 0.5837225914001465
Avg PLCC 0.07470095550436809
   [Epoch 150] Train loss: 0.51961
    VAL  F-score 41.069 | MAP50 0.59932 | MAP15 0.26645
[Epoch: 151/200]
Loss: 0.5447239875793457 | PLCC: 0.5431456565856934
Loss: 0.47636842727661133 | PLCC: 0.610307514667511
Loss: 0.5366471409797668 | PLCC: 0.5556268095970154
Loss: 0.5133050084114075 | PLCC: 0.571235716342926
Avg PLCC 0.07438425269245988
   [Epoch 151] Train loss: 0.51776
    VAL  F-score 40.929 | MAP50 0.59858 | MAP15 0.26588
[Epoch: 152/200]
Loss: 0.5308184623718262 | PLCC: 0.5576006174087524
Loss: 0.4938446879386902 | PLCC: 0.5905464291572571
Loss: 0.5289613604545593 | PLCC: 0.5607328414916992
Loss: 0.5099795460700989 | PLCC: 0.5794768929481506
Avg PLCC 0.07409666120921346
   [Epoch 152] Train loss: 0.51590
    VAL  F-score 41.071 | MAP50 0.59757 | MAP15 0.26639
[Epoch: 153/200]
Loss: 0.5147660374641418 | PLCC: 0.5723426938056946
Loss: 0.5287587642669678 | PLCC: 0.5602527260780334
Loss: 0.538353681564331 | PLCC: 0.5509217381477356
Loss: 0.47636860609054565 | PLCC: 0.609114944934845
Avg PLCC 0.07399870473609278
   [Epoch 153] Train loss: 0.51456
    VAL  F-score 41.071 | MAP50 0.59684 | MAP15 0.26822
[Epoch: 154/200]
Loss: 0.4936155676841736 | PLCC: 0.5933313965797424
Loss: 0.5174034833908081 | PLCC: 0.5695220828056335
Loss: 0.49705585837364197 | PLCC: 0.5883956551551819
Loss: 0.549109697341919 | PLCC: 0.5423886179924011
Avg PLCC 0.07362996322582617
   [Epoch 154] Train loss: 0.51430
    VAL  F-score 40.808 | MAP50 0.59738 | MAP15 0.26834
[Epoch: 155/200]
Loss: 0.5223425030708313 | PLCC: 0.5661412477493286
Loss: 0.5202197432518005 | PLCC: 0.5659068822860718
Loss: 0.5065947771072388 | PLCC: 0.5819904208183289
Loss: 0.4964674711227417 | PLCC: 0.5899024605751038
Avg PLCC 0.07343441118119341
   [Epoch 155] Train loss: 0.51141
    VAL  F-score 41.119 | MAP50 0.59773 | MAP15 0.27043
[Epoch: 156/200]
Loss: 0.5214524269104004 | PLCC: 0.5649226307868958
Loss: 0.48935070633888245 | PLCC: 0.5977446436882019
Loss: 0.5244168043136597 | PLCC: 0.5599608421325684
Loss: 0.4985020160675049 | PLCC: 0.5901426076889038
Avg PLCC 0.07340485371197715
   [Epoch 156] Train loss: 0.50843
    VAL  F-score 41.119 | MAP50 0.59661 | MAP15 0.26781
[Epoch: 157/200]
Loss: 0.502284586429596 | PLCC: 0.5835299491882324
Loss: 0.5123374462127686 | PLCC: 0.5737238526344299
Loss: 0.49210816621780396 | PLCC: 0.5942040681838989
Loss: 0.5303618907928467 | PLCC: 0.5589726567268372
Avg PLCC 0.07314329003124978
   [Epoch 157] Train loss: 0.50927
    VAL  F-score 41.119 | MAP50 0.59667 | MAP15 0.26928
[Epoch: 158/200]
Loss: 0.5501665472984314 | PLCC: 0.5383068323135376
Loss: 0.5242595672607422 | PLCC: 0.5638219714164734
Loss: 0.476078063249588 | PLCC: 0.6087797284126282
Loss: 0.4809163510799408 | PLCC: 0.6042686700820923
Avg PLCC 0.0728870660250047
   [Epoch 158] Train loss: 0.50786
    VAL  F-score 41.119 | MAP50 0.59626 | MAP15 0.26878
[Epoch: 159/200]
Loss: 0.4843512773513794 | PLCC: 0.6018424034118652
Loss: 0.541660726070404 | PLCC: 0.5499552488327026
Loss: 0.47914430499076843 | PLCC: 0.6034132242202759
Loss: 0.5242021679878235 | PLCC: 0.5618267059326172
Avg PLCC 0.07303892795673826
   [Epoch 159] Train loss: 0.50734
    VAL  F-score 41.119 | MAP50 0.59601 | MAP15 0.26956
[Epoch: 160/200]
Loss: 0.5083983540534973 | PLCC: 0.5810726881027222
Loss: 0.463454008102417 | PLCC: 0.6203634142875671
Loss: 0.491834819316864 | PLCC: 0.5906128883361816
Loss: 0.538841962814331 | PLCC: 0.5474815368652344
Avg PLCC 0.0729440407753414
   [Epoch 160] Train loss: 0.50063
    VAL  F-score 40.905 | MAP50 0.59554 | MAP15 0.26902
[Epoch: 161/200]
Loss: 0.521149754524231 | PLCC: 0.5650400519371033
Loss: 0.48205721378326416 | PLCC: 0.6014917492866516
Loss: 0.4957157373428345 | PLCC: 0.5896320939064026
Loss: 0.4963489770889282 | PLCC: 0.5913507342338562
Avg PLCC 0.07255998826021272
   [Epoch 161] Train loss: 0.49882
    VAL  F-score 41.66 | MAP50 0.59525 | MAP15 0.26968
[Epoch: 162/200]
Loss: 0.48876523971557617 | PLCC: 0.5969667434692383
Loss: 0.5026894807815552 | PLCC: 0.5848112106323242
Loss: 0.49087199568748474 | PLCC: 0.5909342765808105
Loss: 0.5212917923927307 | PLCC: 0.5671934485435486
Avg PLCC 0.07205652535864801
   [Epoch 162] Train loss: 0.50090
    VAL  F-score 41.792 | MAP50 0.59474 | MAP15 0.26917
[Epoch: 163/200]
Loss: 0.4948168694972992 | PLCC: 0.5873926877975464
Loss: 0.48743486404418945 | PLCC: 0.5978225469589233
Loss: 0.4973108172416687 | PLCC: 0.5905611515045166
Loss: 0.508598804473877 | PLCC: 0.5771821737289429
Avg PLCC 0.07174790419186607
   [Epoch 163] Train loss: 0.49704
    VAL  F-score 42.077 | MAP50 0.59498 | MAP15 0.26889
[Epoch: 164/200]
Loss: 0.49962007999420166 | PLCC: 0.588657796382904
Loss: 0.5031650066375732 | PLCC: 0.5835933089256287
Loss: 0.4960504174232483 | PLCC: 0.586787223815918
Loss: 0.4866489768028259 | PLCC: 0.5979394316673279
Avg PLCC 0.07138728991037968
   [Epoch 164] Train loss: 0.49637
    VAL  F-score 42.077 | MAP50 0.59505 | MAP15 0.26857
[Epoch: 165/200]
Loss: 0.4775799512863159 | PLCC: 0.6087998747825623
Loss: 0.5005233287811279 | PLCC: 0.5811381340026855
Loss: 0.5234524607658386 | PLCC: 0.5648728013038635
Loss: 0.4704815149307251 | PLCC: 0.6126794815063477
Avg PLCC 0.07108358937230977
   [Epoch 165] Train loss: 0.49301
    VAL  F-score 41.2 | MAP50 0.59482 | MAP15 0.26855
[Epoch: 166/200]
Loss: 0.5131722688674927 | PLCC: 0.5689249038696289
Loss: 0.47972336411476135 | PLCC: 0.606351912021637
Loss: 0.472089946269989 | PLCC: 0.6138613820075989
Loss: 0.5133290886878967 | PLCC: 0.5718367695808411
Avg PLCC 0.07058798140761527
   [Epoch 166] Train loss: 0.49458
    VAL  F-score 41.079 | MAP50 0.59451 | MAP15 0.26673
[Epoch: 167/200]
Loss: 0.5064286589622498 | PLCC: 0.5802539587020874
Loss: 0.47356677055358887 | PLCC: 0.6112813353538513
Loss: 0.5011751055717468 | PLCC: 0.5835016965866089
Loss: 0.4881229102611542 | PLCC: 0.5944953560829163
Avg PLCC 0.0701744474301284
   [Epoch 167] Train loss: 0.49232
    VAL  F-score 41.15 | MAP50 0.59425 | MAP15 0.26637
[Epoch: 168/200]
Loss: 0.48443472385406494 | PLCC: 0.5993552803993225
Loss: 0.4775165617465973 | PLCC: 0.6048324704170227
Loss: 0.5087167620658875 | PLCC: 0.5794637799263
Loss: 0.48766589164733887 | PLCC: 0.595003604888916
Avg PLCC 0.06984835470829046
   [Epoch 168] Train loss: 0.48958
    VAL  F-score 41.381 | MAP50 0.59426 | MAP15 0.26655
[Epoch: 169/200]
Loss: 0.4918564260005951 | PLCC: 0.5931488275527954
Loss: 0.5305827856063843 | PLCC: 0.5519111156463623
Loss: 0.48865562677383423 | PLCC: 0.594149649143219
Loss: 0.4305424690246582 | PLCC: 0.6530440449714661
Avg PLCC 0.06946243436047525
   [Epoch 169] Train loss: 0.48541
    VAL  F-score 40.819 | MAP50 0.59387 | MAP15 0.26663
[Epoch: 170/200]
Loss: 0.48019105195999146 | PLCC: 0.6032330393791199
Loss: 0.45914947986602783 | PLCC: 0.6253184080123901
Loss: 0.5121851563453674 | PLCC: 0.5709582567214966
Loss: 0.48652559518814087 | PLCC: 0.5958384275436401
Avg PLCC 0.06950710315934637
   [Epoch 170] Train loss: 0.48451
    VAL  F-score 40.819 | MAP50 0.59507 | MAP15 0.2667
[Epoch: 171/200]
Loss: 0.49208733439445496 | PLCC: 0.5906714200973511
Loss: 0.5021365880966187 | PLCC: 0.5835311412811279
Loss: 0.46448415517807007 | PLCC: 0.6166573762893677
Loss: 0.47178059816360474 | PLCC: 0.6127260327339172
Avg PLCC 0.0697194320629492
   [Epoch 171] Train loss: 0.48262
    VAL  F-score 41.052 | MAP50 0.59564 | MAP15 0.26769
[Epoch: 172/200]
Loss: 0.4738534092903137 | PLCC: 0.6093112826347351
Loss: 0.49762359261512756 | PLCC: 0.5890988707542419
Loss: 0.4900817573070526 | PLCC: 0.5910979509353638
Loss: 0.46082085371017456 | PLCC: 0.6208164095878601
Avg PLCC 0.07007252822884104
   [Epoch 172] Train loss: 0.48059
    VAL  F-score 41.052 | MAP50 0.59633 | MAP15 0.26832
[Epoch: 173/200]
Loss: 0.44306886196136475 | PLCC: 0.6347652077674866
Loss: 0.48736119270324707 | PLCC: 0.5963829755783081
Loss: 0.47850167751312256 | PLCC: 0.6067684292793274
Loss: 0.5106889009475708 | PLCC: 0.5755482316017151
Avg PLCC 0.06998136772237944
   [Epoch 173] Train loss: 0.47991
    VAL  F-score 41.052 | MAP50 0.59686 | MAP15 0.26784
[Epoch: 174/200]
Loss: 0.4633229672908783 | PLCC: 0.6190875768661499
Loss: 0.4928324818611145 | PLCC: 0.591623067855835
Loss: 0.4707975387573242 | PLCC: 0.6120908260345459
Loss: 0.4899607300758362 | PLCC: 0.5918375253677368
Avg PLCC 0.06998911164136547
   [Epoch 174] Train loss: 0.47923
    VAL  F-score 41.726 | MAP50 0.59636 | MAP15 0.26767
[Epoch: 175/200]
Loss: 0.47715672850608826 | PLCC: 0.6037612557411194
Loss: 0.5015681385993958 | PLCC: 0.5845549702644348
Loss: 0.4629908502101898 | PLCC: 0.6190885901451111
Loss: 0.46975016593933105 | PLCC: 0.6138269305229187
Avg PLCC 0.07027880195528269
   [Epoch 175] Train loss: 0.47787
    VAL  F-score 41.649 | MAP50 0.5958 | MAP15 0.26721
[Epoch: 176/200]
Loss: 0.4616408050060272 | PLCC: 0.6234331130981445
Loss: 0.5232027769088745 | PLCC: 0.5569651126861572
Loss: 0.49674469232559204 | PLCC: 0.5866210460662842
Loss: 0.434714674949646 | PLCC: 0.6465631723403931
Avg PLCC 0.07063532166295883
   [Epoch 176] Train loss: 0.47908
    VAL  F-score 41.247 | MAP50 0.59572 | MAP15 0.26689
[Epoch: 177/200]
Loss: 0.46866631507873535 | PLCC: 0.6135224103927612
Loss: 0.47771820425987244 | PLCC: 0.6054405570030212
Loss: 0.49147987365722656 | PLCC: 0.5914322137832642
Loss: 0.44712135195732117 | PLCC: 0.6329551339149475
Avg PLCC 0.0711008749732917
   [Epoch 177] Train loss: 0.47125
    VAL  F-score 41.247 | MAP50 0.59589 | MAP15 0.26746
[Epoch: 178/200]
Loss: 0.4455335736274719 | PLCC: 0.6375629901885986
Loss: 0.4870796203613281 | PLCC: 0.5914926528930664
Loss: 0.4777572453022003 | PLCC: 0.6067461371421814
Loss: 0.47927892208099365 | PLCC: 0.60118168592453
Avg PLCC 0.07111681091853163
   [Epoch 178] Train loss: 0.47241
    VAL  F-score 41.247 | MAP50 0.59589 | MAP15 0.26669
[Epoch: 179/200]
Loss: 0.4370615780353546 | PLCC: 0.6414918303489685
Loss: 0.46402257680892944 | PLCC: 0.6186410784721375
Loss: 0.4906589388847351 | PLCC: 0.590501606464386
Loss: 0.4949188828468323 | PLCC: 0.5901544094085693
Avg PLCC 0.07106699740909266
   [Epoch 179] Train loss: 0.47167
    VAL  F-score 41.247 | MAP50 0.59505 | MAP15 0.26667
[Epoch: 180/200]
Loss: 0.4718891382217407 | PLCC: 0.6112170815467834
Loss: 0.46302419900894165 | PLCC: 0.6179990768432617
Loss: 0.46630728244781494 | PLCC: 0.6146584749221802
Loss: 0.46810591220855713 | PLCC: 0.6132125854492188
Avg PLCC 0.0708366438012683
   [Epoch 180] Train loss: 0.46733
    VAL  F-score 41.247 | MAP50 0.59535 | MAP15 0.26672
[Epoch: 181/200]
Loss: 0.46171462535858154 | PLCC: 0.6184759736061096
Loss: 0.483614057302475 | PLCC: 0.5985583662986755
Loss: 0.4633437693119049 | PLCC: 0.6198015809059143
Loss: 0.46076032519340515 | PLCC: 0.6194887161254883
Avg PLCC 0.07051397284323518
   [Epoch 181] Train loss: 0.46736
    VAL  F-score 41.247 | MAP50 0.59497 | MAP15 0.26369
[Epoch: 182/200]
Loss: 0.4585503339767456 | PLCC: 0.622985303401947
Loss: 0.46169543266296387 | PLCC: 0.6188982725143433
Loss: 0.47800323367118835 | PLCC: 0.6019424796104431
Loss: 0.472725510597229 | PLCC: 0.6109064221382141
Avg PLCC 0.07044079240806626
   [Epoch 182] Train loss: 0.46774
    VAL  F-score 41.247 | MAP50 0.59573 | MAP15 0.26442
[Epoch: 183/200]
Loss: 0.46605008840560913 | PLCC: 0.6135787963867188
Loss: 0.45669451355934143 | PLCC: 0.6250728368759155
Loss: 0.4630223512649536 | PLCC: 0.6169132590293884
Loss: 0.4615776538848877 | PLCC: 0.6195243000984192
Avg PLCC 0.07039895461815776
   [Epoch 183] Train loss: 0.46184
    VAL  F-score 41.247 | MAP50 0.59447 | MAP15 0.26334
[Epoch: 184/200]
Loss: 0.45799386501312256 | PLCC: 0.6178829669952393
Loss: 0.4681001901626587 | PLCC: 0.6138014793395996
Loss: 0.4478357434272766 | PLCC: 0.6361371874809265
Loss: 0.48464664816856384 | PLCC: 0.594849169254303
Avg PLCC 0.07041485276016773
   [Epoch 184] Train loss: 0.46464
    VAL  F-score 41.247 | MAP50 0.59372 | MAP15 0.26485
[Epoch: 185/200]
Loss: 0.4467509388923645 | PLCC: 0.6306959390640259
Loss: 0.4374852478504181 | PLCC: 0.6402968168258667
Loss: 0.48262685537338257 | PLCC: 0.6013725399971008
Loss: 0.4685588479042053 | PLCC: 0.612880527973175
Avg PLCC 0.07008913678653313
   [Epoch 185] Train loss: 0.45886
    VAL  F-score 41.247 | MAP50 0.59298 | MAP15 0.26475
[Epoch: 186/200]
Loss: 0.5025746822357178 | PLCC: 0.5802107453346252
Loss: 0.4470672309398651 | PLCC: 0.632596492767334
Loss: 0.4399600028991699 | PLCC: 0.6400709748268127
Loss: 0.4603651165962219 | PLCC: 0.6193529963493347
Avg PLCC 0.0696974343789572
   [Epoch 186] Train loss: 0.46249
    VAL  F-score 41.247 | MAP50 0.59236 | MAP15 0.26289
[Epoch: 187/200]
Loss: 0.44968754053115845 | PLCC: 0.6264467835426331
Loss: 0.477225124835968 | PLCC: 0.603269100189209
Loss: 0.43690890073776245 | PLCC: 0.6418942213058472
Loss: 0.46039578318595886 | PLCC: 0.621433436870575
Avg PLCC 0.06932123600872177
   [Epoch 187] Train loss: 0.45605
    VAL  F-score 40.962 | MAP50 0.59198 | MAP15 0.26298
[Epoch: 188/200]
Loss: 0.46668556332588196 | PLCC: 0.6155422329902649
Loss: 0.46714136004447937 | PLCC: 0.612786054611206
Loss: 0.4441063106060028 | PLCC: 0.6337769031524658
Loss: 0.4633070230484009 | PLCC: 0.6175411343574524
Avg PLCC 0.06912332977817366
   [Epoch 188] Train loss: 0.46031
    VAL  F-score 40.962 | MAP50 0.59094 | MAP15 0.26101
[Epoch: 189/200]
Loss: 0.4505472779273987 | PLCC: 0.6289535760879517
Loss: 0.4620170295238495 | PLCC: 0.6168920993804932
Loss: 0.4635222256183624 | PLCC: 0.6200969219207764
Loss: 0.45721542835235596 | PLCC: 0.6201177835464478
Avg PLCC 0.06895090903465946
   [Epoch 189] Train loss: 0.45833
    VAL  F-score 41.544 | MAP50 0.59105 | MAP15 0.26075
[Epoch: 190/200]
Loss: 0.4765803813934326 | PLCC: 0.6023625731468201
Loss: 0.45590150356292725 | PLCC: 0.6247462034225464
Loss: 0.4441172480583191 | PLCC: 0.635929524898529
Loss: 0.441403865814209 | PLCC: 0.6369335651397705
Avg PLCC 0.06881907120855017
   [Epoch 190] Train loss: 0.45450
    VAL  F-score 41.544 | MAP50 0.59014 | MAP15 0.26047
[Epoch: 191/200]
Loss: 0.4608737826347351 | PLCC: 0.6225370168685913
Loss: 0.4485103487968445 | PLCC: 0.6279184818267822
Loss: 0.43042269349098206 | PLCC: 0.647087037563324
Loss: 0.4767596423625946 | PLCC: 0.6032301187515259
Avg PLCC 0.06859865778295154
   [Epoch 191] Train loss: 0.45414
    VAL  F-score 41.818 | MAP50 0.58969 | MAP15 0.26024
[Epoch: 192/200]
Loss: 0.44113168120384216 | PLCC: 0.6366912126541138
Loss: 0.46233558654785156 | PLCC: 0.6186455488204956
Loss: 0.45239996910095215 | PLCC: 0.6255877614021301
Loss: 0.4510078430175781 | PLCC: 0.6277261972427368
Avg PLCC 0.0682654773470748
   [Epoch 192] Train loss: 0.45172
    VAL  F-score 41.818 | MAP50 0.58983 | MAP15 0.25904
[Epoch: 193/200]
Loss: 0.48632463812828064 | PLCC: 0.5959256291389465
Loss: 0.4460524916648865 | PLCC: 0.6318334341049194
Loss: 0.4905346930027008 | PLCC: 0.5895727872848511
Loss: 0.3893553912639618 | PLCC: 0.6861202716827393
Avg PLCC 0.06784362650730393
   [Epoch 193] Train loss: 0.45307
    VAL  F-score 41.818 | MAP50 0.59015 | MAP15 0.25888
[Epoch: 194/200]
Loss: 0.443907767534256 | PLCC: 0.6296274065971375
Loss: 0.4519498646259308 | PLCC: 0.629047155380249
Loss: 0.4455839991569519 | PLCC: 0.6348481774330139
Loss: 0.45514124631881714 | PLCC: 0.622982919216156
Avg PLCC 0.06747460966289509
   [Epoch 194] Train loss: 0.44915
    VAL  F-score 41.622 | MAP50 0.5893 | MAP15 0.25921
[Epoch: 195/200]
Loss: 0.4575384557247162 | PLCC: 0.6194654703140259
Loss: 0.44143354892730713 | PLCC: 0.6357011198997498
Loss: 0.4542405903339386 | PLCC: 0.6246802806854248
Loss: 0.4189313054084778 | PLCC: 0.6586960554122925
Avg PLCC 0.06716091912985024
   [Epoch 195] Train loss: 0.44304
    VAL  F-score 41.622 | MAP50 0.58916 | MAP15 0.25889
[Epoch: 196/200]
Loss: 0.409278005361557 | PLCC: 0.6667791604995728
Loss: 0.4523622989654541 | PLCC: 0.6250905394554138
Loss: 0.47849372029304504 | PLCC: 0.6001600027084351
Loss: 0.4502924978733063 | PLCC: 0.6301316618919373
Avg PLCC 0.06696473104812233
   [Epoch 196] Train loss: 0.44761
    VAL  F-score 41.329 | MAP50 0.58902 | MAP15 0.25934
[Epoch: 197/200]
Loss: 0.46242597699165344 | PLCC: 0.6213989853858948
Loss: 0.4464115500450134 | PLCC: 0.6297932863235474
Loss: 0.4374711513519287 | PLCC: 0.6399416327476501
Loss: 0.4438098669052124 | PLCC: 0.6322441101074219
Avg PLCC 0.0668215290184669
   [Epoch 197] Train loss: 0.44753
    VAL  F-score 41.329 | MAP50 0.58836 | MAP15 0.26118
[Epoch: 198/200]
Loss: 0.4264448285102844 | PLCC: 0.6530923843383789
Loss: 0.4386048913002014 | PLCC: 0.6390435695648193
Loss: 0.4700887203216553 | PLCC: 0.6066928505897522
Loss: 0.437777578830719 | PLCC: 0.6385883092880249
Avg PLCC 0.06707377903248099
   [Epoch 198] Train loss: 0.44323
    VAL  F-score 42.211 | MAP50 0.58766 | MAP15 0.26086
[Epoch: 199/200]
Loss: 0.43500685691833496 | PLCC: 0.6437973976135254
Loss: 0.4357646107673645 | PLCC: 0.6417911648750305
Loss: 0.44845718145370483 | PLCC: 0.6291051506996155
Loss: 0.46036630868911743 | PLCC: 0.6170326471328735
Avg PLCC 0.06718723543665626
   [Epoch 199] Train loss: 0.44490
    VAL  F-score 41.935 | MAP50 0.58846 | MAP15 0.26256
   Best Val F1 score 46.077 @ epoch14
   Best Val MAP-50   0.61055 @ epoch78
   Best Val MAP-15   0.27043 @ epoch155
   Best Val PLCC   0.07842 @ epoch114

Testing Model:  Summaries/PGL_SUM/dev/best_f1score_model/best_f1.pkl
Device:  cuda:0
------------------------------------------------------
   TEST RESULT on Summaries/PGL_SUM/dev/best_f1score_model/best_f1.pkl: 
   TEST MRHiSum F-score 39.264 | MAP50 0.55378 | MAP15 0.2173
------------------------------------------------------
Testing Model:  Summaries/PGL_SUM/dev/best_mAP50_model/best_map50.pkl
Device:  cuda:0
------------------------------------------------------
   TEST RESULT on Summaries/PGL_SUM/dev/best_mAP50_model/best_map50.pkl: 
   TEST MRHiSum F-score 34.216 | MAP50 0.57889 | MAP15 0.24121
------------------------------------------------------
Testing Model:  Summaries/PGL_SUM/dev/best_mAP15_model/best_map15.pkl
Device:  cuda:0
------------------------------------------------------
   TEST RESULT on Summaries/PGL_SUM/dev/best_mAP15_model/best_map15.pkl: 
   TEST MRHiSum F-score 36.976 | MAP50 0.57791 | MAP15 0.24509
------------------------------------------------------
