Device being used: cuda:0
Number of train videos: 493, train keys: ['video_15446', 'video_28524', 'video_17946', 'video_23782', 'video_28531', 'video_2286', 'video_24593', 'video_13864', 'video_21008', 'video_1198', 'video_21003', 'video_22350', 'video_12846', 'video_2293', 'video_11584', 'video_24511', 'video_2295', 'video_27372', 'video_4974', 'video_15062', 'video_24956', 'video_12643', 'video_1849', 'video_13830', 'video_28526', 'video_15060', 'video_13836', 'video_24979', 'video_14727', 'video_27387', 'video_12841', 'video_2287', 'video_22369', 'video_2289', 'video_22360', 'video_5738', 'video_17939', 'video_22368', 'video_1860', 'video_28521', 'video_5740', 'video_4962', 'video_4960', 'video_4968', 'video_19216', 'video_23793', 'video_14732', 'video_19218', 'video_1851', 'video_11559', 'video_12644', 'video_11574', 'video_12844', 'video_13835', 'video_4973', 'video_15057', 'video_1188', 'video_15452', 'video_15447', 'video_14725', 'video_15055', 'video_22358', 'video_20988', 'video_1197', 'video_18851', 'video_28505', 'video_5748', 'video_15449', 'video_15184', 'video_1184', 'video_4971', 'video_23781', 'video_13871', 'video_13885', 'video_15181', 'video_2288', 'video_14736', 'video_11565', 'video_28512', 'video_12860', 'video_14735', 'video_28502', 'video_20991', 'video_2285', 'video_11585', 'video_15448', 'video_17927', 'video_1858', 'video_27386', 'video_12850', 'video_5749', 'video_1191', 'video_1196', 'video_21014', 'video_28516', 'video_14726', 'video_13867', 'video_12660', 'video_20992', 'video_28523', 'video_24523', 'video_1856', 'video_24978', 'video_1200', 'video_13869', 'video_13831', 'video_28508', 'video_28497', 'video_11571', 'video_15172', 'video_28513', 'video_18845', 'video_23785', 'video_24962', 'video_19212', 'video_15170', 'video_15166', 'video_1855', 'video_21012', 'video_14734', 'video_13868', 'video_1863', 'video_17936', 'video_1857', 'video_24517', 'video_24520', 'video_20989', 'video_18857', 'video_14721', 'video_12848', 'video_23798', 'video_14720', 'video_1193', 'video_22361', 'video_28506', 'video_18859', 'video_19208', 'video_12646', 'video_27375', 'video_15180', 'video_24954', 'video_11575', 'video_13879', 'video_20990', 'video_14719', 'video_15442', 'video_11581', 'video_11582', 'video_21015', 'video_21010', 'video_23776', 'video_12648', 'video_13876', 'video_18860', 'video_27374', 'video_12658', 'video_15167', 'video_4970', 'video_27381', 'video_24961', 'video_24968', 'video_24963', 'video_15059', 'video_15185', 'video_1181', 'video_28499', 'video_13841', 'video_28520', 'video_24952', 'video_24967', 'video_14741', 'video_21000', 'video_13880', 'video_5739', 'video_15441', 'video_12858', 'video_28533', 'video_11569', 'video_1866', 'video_2296', 'video_15178', 'video_21001', 'video_24969', 'video_12656', 'video_17944', 'video_17943', 'video_22367', 'video_24970', 'video_27383', 'video_22355', 'video_22365', 'video_4976', 'video_15051', 'video_19209', 'video_17945', 'video_23777', 'video_13832', 'video_14729', 'video_18852', 'video_14724', 'video_12647', 'video_26936', 'video_18864', 'video_5752', 'video_28504', 'video_11563', 'video_13870', 'video_28500', 'video_1182', 'video_24592', 'video_24586', 'video_13877', 'video_17937', 'video_12650', 'video_12843', 'video_12840', 'video_23786', 'video_1183', 'video_14718', 'video_14740', 'video_20995', 'video_19207', 'video_12836', 'video_23790', 'video_18854', 'video_28511', 'video_17932', 'video_12854', 'video_14717', 'video_12645', 'video_12845', 'video_15450', 'video_2290', 'video_28517', 'video_23788', 'video_12842', 'video_12839', 'video_11561', 'video_13837', 'video_23778', 'video_26941', 'video_12859', 'video_19214', 'video_1195', 'video_23784', 'video_5746', 'video_21011', 'video_15169', 'video_1854', 'video_5742', 'video_1194', 'video_24529', 'video_28507', 'video_18856', 'video_24973', 'video_23801', 'video_14737', 'video_13884', 'video_23789', 'video_24584', 'video_2298', 'video_28496', 'video_24960', 'video_20993', 'video_19219', 'video_26944', 'video_18863', 'video_24512', 'video_20997', 'video_1189', 'video_24966', 'video_1199', 'video_24519', 'video_28518', 'video_4963', 'video_23779', 'video_12654', 'video_23799', 'video_26942', 'video_26945', 'video_12857', 'video_28498', 'video_12663', 'video_2292', 'video_13886', 'video_13878', 'video_24591', 'video_15183', 'video_1187', 'video_11573', 'video_5747', 'video_21007', 'video_2294', 'video_28509', 'video_11577', 'video_13874', 'video_18849', 'video_13872', 'video_4967', 'video_13834', 'video_26937', 'video_19210', 'video_19213', 'video_23794', 'video_1862', 'video_17947', 'video_23787', 'video_15174', 'video_15177', 'video_18853', 'video_12653', 'video_18846', 'video_15053', 'video_12666', 'video_21002', 'video_24949', 'video_14730', 'video_18848', 'video_24509', 'video_18858', 'video_24953', 'video_18855', 'video_17942', 'video_11580', 'video_5741', 'video_24585', 'video_1186', 'video_12641', 'video_28522', 'video_22351', 'video_24510', 'video_24976', 'video_24972', 'video_15058', 'video_12655', 'video_22364', 'video_24515', 'video_12651', 'video_23783', 'video_1859', 'video_27382', 'video_13866', 'video_27378', 'video_12856', 'video_21004', 'video_17929', 'video_24514', 'video_28514', 'video_11578', 'video_4965', 'video_24971', 'video_20998', 'video_24974', 'video_28534', 'video_28525', 'video_2291', 'video_15168', 'video_17940', 'video_27371', 'video_14733', 'video_24955', 'video_24513', 'video_4966', 'video_14738', 'video_22354', 'video_12665', 'video_17928', 'video_1850', 'video_19215', 'video_11570', 'video_24975', 'video_11567', 'video_12863', 'video_4975', 'video_12851', 'video_24589', 'video_24950', 'video_13883', 'video_28530', 'video_28510', 'video_13881', 'video_2300', 'video_4979', 'video_24964', 'video_15445', 'video_15182', 'video_11576', 'video_17938', 'video_2297', 'video_22352', 'video_1192', 'video_18862', 'video_5753', 'video_19217', 'video_17933', 'video_12662', 'video_24957', 'video_27377', 'video_17941', 'video_17930', 'video_27373', 'video_24959', 'video_22349', 'video_24590', 'video_24516', 'video_1185', 'video_22372', 'video_4964', 'video_28515', 'video_15173', 'video_28527', 'video_4969', 'video_5743', 'video_11579', 'video_17931', 'video_18847', 'video_2299', 'video_14739', 'video_12667', 'video_20994', 'video_13873', 'video_17935', 'video_12664', 'video_27376', 'video_15061', 'video_12847', 'video_4959', 'video_28529', 'video_12849', 'video_24527', 'video_24526', 'video_15453', 'video_11566', 'video_15176', 'video_4961', 'video_17926', 'video_24965', 'video_27384', 'video_26940', 'video_2301', 'video_12837', 'video_22357', 'video_26938', 'video_21005', 'video_12861', 'video_24521', 'video_23780', 'video_21013', 'video_5744', 'video_23797', 'video_28532', 'video_26939', 'video_14722', 'video_4972', 'video_11572', 'video_12862', 'video_20996', 'video_2302', 'video_5750', 'video_12652', 'video_11564', 'video_4977', 'video_22362', 'video_13802', 'video_23796', 'video_12657', 'video_24528', 'video_13833', 'video_13838', 'video_24588', 'video_13829', 'video_15451', 'video_24977', 'video_19205', 'video_28528', 'video_28503', 'video_27379', 'video_13882', 'video_13840', 'video_22363', 'video_22359', 'video_15056', 'video_28519', 'video_21009', 'video_28501', 'video_22356', 'video_24525', 'video_18861', 'video_12838', 'video_4980', 'video_21006', 'video_24583', 'video_15171']
Number of val videos: 33, val keys: ['video_12853', 'video_20999', 'video_18850', 'video_5751', 'video_1864', 'video_15179', 'video_5745', 'video_23795', 'video_24524', 'video_13839', 'video_5754', 'video_15443', 'video_17934', 'video_15186', 'video_12852', 'video_1861', 'video_13865', 'video_26943', 'video_14723', 'video_11562', 'video_1852', 'video_19211', 'video_22370', 'video_4978', 'video_15444', 'video_22353', 'video_4981', 'video_15054', 'video_12855', 'video_15175', 'video_1848', 'video_12661', 'video_23791']
Number of test videos: 29, test keys: ['video_13875', 'video_11560', 'video_12642', 'video_11568', 'video_26935', 'video_12659', 'video_22366', 'video_19206', 'video_24522', 'video_13842', 'video_11583', 'video_24951', 'video_24587', 'video_24582', 'video_1853', 'video_27380', 'video_15454', 'video_1865', 'video_14731', 'video_23800', 'video_23792', 'video_27385', 'video_1190', 'video_12649', 'video_14728', 'video_15052', 'video_22371', 'video_24518', 'video_24958']
[Epoch: 0/200 ]
Loss: 1.0846861600875854 | PLCC: 0.008115708827972412
Loss: 1.1015281677246094 | PLCC: -0.010291576385498047
Loss: 1.101943850517273 | PLCC: -0.006496071815490723
Loss: 1.0884320735931396 | PLCC: -0.0025501251220703125
Avg PLCC 0.005264066286723722
   [Epoch 0] Train loss: 1.09415
    VAL  F-score 52.93 | MAP50 0.5545 | MAP15 0.2266
[Epoch: 1/200 ]
Loss: 1.0248701572418213 | PLCC: 0.061689674854278564
Loss: 0.962183952331543 | PLCC: 0.11750316619873047
Loss: 0.9771983623504639 | PLCC: 0.10683006048202515
Loss: 0.9576365947723389 | PLCC: 0.12208354473114014
Avg PLCC 0.0121394426025676
   [Epoch 1] Train loss: 0.98047
    VAL  F-score 53.393 | MAP50 0.55597 | MAP15 0.2305
[Epoch: 2/200 ]
Loss: 0.9102632403373718 | PLCC: 0.1686403751373291
Loss: 0.9098425507545471 | PLCC: 0.16405844688415527
Loss: 0.8423369526863098 | PLCC: 0.22939634323120117
Loss: 0.8710514307022095 | PLCC: 0.20190441608428955
Avg PLCC 0.02604696632955562
   [Epoch 2] Train loss: 0.88337
    VAL  F-score 52.872 | MAP50 0.56605 | MAP15 0.24292
[Epoch: 3/200 ]
Loss: 0.7872292995452881 | PLCC: 0.28622180223464966
Loss: 0.8215480446815491 | PLCC: 0.2426479458808899
Loss: 0.808340311050415 | PLCC: 0.25995779037475586
Loss: 0.7474091053009033 | PLCC: 0.3184911012649536
Avg PLCC 0.036460669243035336
   [Epoch 3] Train loss: 0.79113
    VAL  F-score 52.481 | MAP50 0.5684 | MAP15 0.24907
[Epoch: 4/200 ]
Loss: 0.7659505009651184 | PLCC: 0.30070167779922485
Loss: 0.6445317268371582 | PLCC: 0.41840171813964844
Loss: 0.7296634912490845 | PLCC: 0.3353203535079956
Loss: 0.7212623953819275 | PLCC: 0.34599071741104126
Avg PLCC 0.04222859763963656
   [Epoch 4] Train loss: 0.71535
    VAL  F-score 52.889 | MAP50 0.57309 | MAP15 0.24273
[Epoch: 5/200 ]
Loss: 0.61539626121521 | PLCC: 0.44787341356277466
Loss: 0.7085824608802795 | PLCC: 0.35537493228912354
Loss: 0.6279813051223755 | PLCC: 0.43258368968963623
Loss: 0.6693964004516602 | PLCC: 0.3965795040130615
Avg PLCC 0.059612072947801964
   [Epoch 5] Train loss: 0.65534
    VAL  F-score 52.163 | MAP50 0.5814 | MAP15 0.24753
[Epoch: 6/200 ]
Loss: 0.6202859878540039 | PLCC: 0.4390183091163635
Loss: 0.6621178388595581 | PLCC: 0.3985865116119385
Loss: 0.633111834526062 | PLCC: 0.43575382232666016
Loss: 0.5479214191436768 | PLCC: 0.5171090960502625
Avg PLCC 0.0662970224494171
   [Epoch 6] Train loss: 0.61586
    VAL  F-score 52.115 | MAP50 0.57666 | MAP15 0.24194
[Epoch: 7/200 ]
Loss: 0.6075997352600098 | PLCC: 0.45930778980255127
Loss: 0.6111485958099365 | PLCC: 0.45143747329711914
Loss: 0.5896812081336975 | PLCC: 0.4733971953392029
Loss: 0.5348156690597534 | PLCC: 0.5281908512115479
Avg PLCC 0.0715430140015528
   [Epoch 7] Train loss: 0.58581
    VAL  F-score 51.919 | MAP50 0.57883 | MAP15 0.2446
[Epoch: 8/200 ]
Loss: 0.561486005783081 | PLCC: 0.49959707260131836
Loss: 0.5781159996986389 | PLCC: 0.48385417461395264
Loss: 0.5570180416107178 | PLCC: 0.5078370571136475
Loss: 0.5726388096809387 | PLCC: 0.49272119998931885
Avg PLCC 0.07525840201274012
   [Epoch 8] Train loss: 0.56731
    VAL  F-score 51.919 | MAP50 0.57776 | MAP15 0.24839
[Epoch: 9/200 ]
Loss: 0.5971279740333557 | PLCC: 0.4650711417198181
Loss: 0.5517982244491577 | PLCC: 0.510886013507843
Loss: 0.5330163836479187 | PLCC: 0.5293051600456238
Loss: 0.553755521774292 | PLCC: 0.5058387517929077
Avg PLCC 0.07600520918089332
   [Epoch 9] Train loss: 0.55892
    VAL  F-score 51.816 | MAP50 0.58006 | MAP15 0.24906
[Epoch: 10/200]
Loss: 0.5182204842567444 | PLCC: 0.5393706560134888
Loss: 0.5253627896308899 | PLCC: 0.5362358093261719
Loss: 0.5660744309425354 | PLCC: 0.49185681343078613
Loss: 0.580430269241333 | PLCC: 0.47822630405426025
Avg PLCC 0.07604278556325218
   [Epoch 10] Train loss: 0.54752
    VAL  F-score 52.76 | MAP50 0.58067 | MAP15 0.25511
[Epoch: 11/200]
Loss: 0.5108760595321655 | PLCC: 0.5457490682601929
Loss: 0.5502877831459045 | PLCC: 0.5080738663673401
Loss: 0.5130056738853455 | PLCC: 0.5431635975837708
Loss: 0.572602391242981 | PLCC: 0.4833904504776001
Avg PLCC 0.0788795817078966
   [Epoch 11] Train loss: 0.53669
    VAL  F-score 52.255 | MAP50 0.58081 | MAP15 0.26039
[Epoch: 12/200]
Loss: 0.5276593565940857 | PLCC: 0.5256251692771912
Loss: 0.530946671962738 | PLCC: 0.5242319107055664
Loss: 0.5089842677116394 | PLCC: 0.5469350814819336
Loss: 0.5357287526130676 | PLCC: 0.5186126232147217
Avg PLCC 0.08112072611622738
   [Epoch 12] Train loss: 0.52583
    VAL  F-score 52.619 | MAP50 0.58222 | MAP15 0.25755
[Epoch: 13/200]
Loss: 0.5010968446731567 | PLCC: 0.5529001951217651
Loss: 0.510557234287262 | PLCC: 0.543673038482666
Loss: 0.5270956158638 | PLCC: 0.5282930731773376
Loss: 0.5351874232292175 | PLCC: 0.5198038816452026
Avg PLCC 0.08652389860203998
   [Epoch 13] Train loss: 0.51848
    VAL  F-score 53.076 | MAP50 0.58216 | MAP15 0.26431
[Epoch: 14/200]
Loss: 0.5016199350357056 | PLCC: 0.5517293810844421
Loss: 0.5331602096557617 | PLCC: 0.5215599536895752
Loss: 0.4931751787662506 | PLCC: 0.5618773698806763
Loss: 0.5192198753356934 | PLCC: 0.5311852693557739
Avg PLCC 0.08708349752211661
   [Epoch 14] Train loss: 0.51179
    VAL  F-score 52.107 | MAP50 0.58263 | MAP15 0.25391
[Epoch: 15/200]
Loss: 0.4949365258216858 | PLCC: 0.5610771179199219
Loss: 0.5102711319923401 | PLCC: 0.5431119799613953
Loss: 0.5314477682113647 | PLCC: 0.5225096344947815
Loss: 0.4793785810470581 | PLCC: 0.5733665227890015
Avg PLCC 0.09030386284840378
   [Epoch 15] Train loss: 0.50401
    VAL  F-score 51.896 | MAP50 0.58456 | MAP15 0.25398
[Epoch: 16/200]
Loss: 0.490501344203949 | PLCC: 0.563021183013916
Loss: 0.5135443210601807 | PLCC: 0.5380331873893738
Loss: 0.4883779287338257 | PLCC: 0.5643907785415649
Loss: 0.49567529559135437 | PLCC: 0.5569518804550171
Avg PLCC 0.09093390656352947
   [Epoch 16] Train loss: 0.49702
    VAL  F-score 51.84 | MAP50 0.58342 | MAP15 0.25036
[Epoch: 17/200]
Loss: 0.5305683612823486 | PLCC: 0.5230461359024048
Loss: 0.4785199463367462 | PLCC: 0.5765975117683411
Loss: 0.49196484684944153 | PLCC: 0.5605596303939819
Loss: 0.4817211627960205 | PLCC: 0.5697333812713623
Avg PLCC 0.09482997711606775
   [Epoch 17] Train loss: 0.49569
    VAL  F-score 52.132 | MAP50 0.58604 | MAP15 0.25961
[Epoch: 18/200]
Loss: 0.4642864167690277 | PLCC: 0.586317777633667
Loss: 0.47671177983283997 | PLCC: 0.5764058828353882
Loss: 0.5166952610015869 | PLCC: 0.5373435020446777
Loss: 0.5023543238639832 | PLCC: 0.5508856773376465
Avg PLCC 0.09428707645698027
   [Epoch 18] Train loss: 0.49001
    VAL  F-score 52.145 | MAP50 0.5852 | MAP15 0.25377
[Epoch: 19/200]
Loss: 0.49905651807785034 | PLCC: 0.5563995242118835
Loss: 0.4952688217163086 | PLCC: 0.5592213869094849
Loss: 0.47579434514045715 | PLCC: 0.5745113492012024
Loss: 0.458931028842926 | PLCC: 0.5912958383560181
Avg PLCC 0.09727129809184451
   [Epoch 19] Train loss: 0.48226
    VAL  F-score 52.448 | MAP50 0.58746 | MAP15 0.25906
[Epoch: 20/200]
Loss: 0.44377294182777405 | PLCC: 0.6112285852432251
Loss: 0.4958033859729767 | PLCC: 0.5527320504188538
Loss: 0.5097845792770386 | PLCC: 0.5416571497917175
Loss: 0.4716672897338867 | PLCC: 0.5786871910095215
Avg PLCC 0.09527054188462596
   [Epoch 20] Train loss: 0.48026
    VAL  F-score 51.658 | MAP50 0.58583 | MAP15 0.25505
[Epoch: 21/200]
Loss: 0.4754202663898468 | PLCC: 0.57834392786026
Loss: 0.46464768052101135 | PLCC: 0.5889996290206909
Loss: 0.4854053556919098 | PLCC: 0.5660631656646729
Loss: 0.4628012776374817 | PLCC: 0.5870177745819092
Avg PLCC 0.099022011060945
   [Epoch 21] Train loss: 0.47207
    VAL  F-score 51.751 | MAP50 0.59126 | MAP15 0.25942
[Epoch: 22/200]
Loss: 0.4508815109729767 | PLCC: 0.6016176342964172
Loss: 0.45683208107948303 | PLCC: 0.594856858253479
Loss: 0.4725712835788727 | PLCC: 0.5772287249565125
Loss: 0.49662086367607117 | PLCC: 0.5536044836044312
Avg PLCC 0.09655755507110646
   [Epoch 22] Train loss: 0.46923
    VAL  F-score 51.992 | MAP50 0.5836 | MAP15 0.25624
[Epoch: 23/200]
Loss: 0.4807880222797394 | PLCC: 0.5727677345275879
Loss: 0.4433814287185669 | PLCC: 0.6081491112709045
Loss: 0.4589393436908722 | PLCC: 0.5911485552787781
Loss: 0.46935105323791504 | PLCC: 0.581200897693634
Avg PLCC 0.09740127438227787
   [Epoch 23] Train loss: 0.46311
    VAL  F-score 51.812 | MAP50 0.59094 | MAP15 0.25828
[Epoch: 24/200]
Loss: 0.4562436640262604 | PLCC: 0.5952745676040649
Loss: 0.4508209824562073 | PLCC: 0.597727358341217
Loss: 0.46918785572052 | PLCC: 0.581174910068512
Loss: 0.4700881540775299 | PLCC: 0.5814952850341797
Avg PLCC 0.09491502885110535
   [Epoch 24] Train loss: 0.46159
    VAL  F-score 51.831 | MAP50 0.58316 | MAP15 0.2521
[Epoch: 25/200]
Loss: 0.49268844723701477 | PLCC: 0.5616527199745178
Loss: 0.45300450921058655 | PLCC: 0.5987278819084167
Loss: 0.4339395761489868 | PLCC: 0.6134905219078064
Loss: 0.44037899374961853 | PLCC: 0.6066822409629822
Avg PLCC 0.09501538235186176
   [Epoch 25] Train loss: 0.45500
    VAL  F-score 51.855 | MAP50 0.58718 | MAP15 0.25305
[Epoch: 26/200]
Loss: 0.44596660137176514 | PLCC: 0.6036322712898254
Loss: 0.44161659479141235 | PLCC: 0.6082672476768494
Loss: 0.44878894090652466 | PLCC: 0.599541962146759
Loss: 0.46801993250846863 | PLCC: 0.5800464153289795
Avg PLCC 0.09308949304095497
   [Epoch 26] Train loss: 0.45110
    VAL  F-score 50.623 | MAP50 0.58302 | MAP15 0.25368
[Epoch: 27/200]
Loss: 0.4304666519165039 | PLCC: 0.6187093257904053
Loss: 0.4720384478569031 | PLCC: 0.577593207359314
Loss: 0.44543349742889404 | PLCC: 0.6035764217376709
Loss: 0.4325546622276306 | PLCC: 0.6175708174705505
Avg PLCC 0.0921352479860864
   [Epoch 27] Train loss: 0.44512
    VAL  F-score 50.018 | MAP50 0.58661 | MAP15 0.25624
[Epoch: 28/200]
Loss: 0.42824462056159973 | PLCC: 0.6215565800666809
Loss: 0.4374900460243225 | PLCC: 0.6121471524238586
Loss: 0.4811512231826782 | PLCC: 0.5657867789268494
Loss: 0.42878758907318115 | PLCC: 0.619924008846283
Avg PLCC 0.08937677163912942
   [Epoch 28] Train loss: 0.44392
    VAL  F-score 50.137 | MAP50 0.58337 | MAP15 0.25412
[Epoch: 29/200]
Loss: 0.40962982177734375 | PLCC: 0.6411297917366028
Loss: 0.5139728784561157 | PLCC: 0.5355188250541687
Loss: 0.4173663258552551 | PLCC: 0.6284623146057129
Loss: 0.40850186347961426 | PLCC: 0.6380218863487244
Avg PLCC 0.08713900453100602
   [Epoch 29] Train loss: 0.43737
    VAL  F-score 50.284 | MAP50 0.58457 | MAP15 0.25384
[Epoch: 30/200]
Loss: 0.4198853671550751 | PLCC: 0.6286233067512512
Loss: 0.3848731815814972 | PLCC: 0.6599172949790955
Loss: 0.47562992572784424 | PLCC: 0.5758796334266663
Loss: 0.46644356846809387 | PLCC: 0.5807189345359802
Avg PLCC 0.08505601591120164
   [Epoch 30] Train loss: 0.43671
    VAL  F-score 50.658 | MAP50 0.58225 | MAP15 0.24967
[Epoch: 31/200]
Loss: 0.43480223417282104 | PLCC: 0.613044023513794
Loss: 0.41156113147735596 | PLCC: 0.6373281478881836
Loss: 0.4309632480144501 | PLCC: 0.6179599165916443
Loss: 0.4426475465297699 | PLCC: 0.6052021384239197
Avg PLCC 0.08249742933725374
   [Epoch 31] Train loss: 0.42999
    VAL  F-score 50.196 | MAP50 0.58331 | MAP15 0.24883
[Epoch: 32/200]
Loss: 0.40671855211257935 | PLCC: 0.6404969096183777
Loss: 0.45251786708831787 | PLCC: 0.5939291715621948
Loss: 0.40372514724731445 | PLCC: 0.6449825167655945
Loss: 0.45813214778900146 | PLCC: 0.5882973670959473
Avg PLCC 0.08001027994252967
   [Epoch 32] Train loss: 0.43027
    VAL  F-score 49.758 | MAP50 0.5817 | MAP15 0.24578
[Epoch: 33/200]
Loss: 0.42164671421051025 | PLCC: 0.6256768703460693
Loss: 0.42831796407699585 | PLCC: 0.6200363636016846
Loss: 0.40798988938331604 | PLCC: 0.6374824643135071
Loss: 0.4178544282913208 | PLCC: 0.6281165480613708
Avg PLCC 0.0771313500449513
   [Epoch 33] Train loss: 0.41895
    VAL  F-score 49.758 | MAP50 0.58004 | MAP15 0.24738
[Epoch: 34/200]
Loss: 0.41324687004089355 | PLCC: 0.6332172155380249
Loss: 0.4202682375907898 | PLCC: 0.6257971525192261
Loss: 0.44814494252204895 | PLCC: 0.5983263254165649
Loss: 0.38232165575027466 | PLCC: 0.6649408936500549
Avg PLCC 0.07438132858298944
   [Epoch 34] Train loss: 0.41600
    VAL  F-score 50.045 | MAP50 0.5783 | MAP15 0.24171
[Epoch: 35/200]
Loss: 0.4009132981300354 | PLCC: 0.6456326246261597
Loss: 0.40247201919555664 | PLCC: 0.6446382403373718
Loss: 0.4435429573059082 | PLCC: 0.6030828952789307
Loss: 0.41180887818336487 | PLCC: 0.6329312324523926
Avg PLCC 0.07151899073329387
   [Epoch 35] Train loss: 0.41468
    VAL  F-score 50.044 | MAP50 0.57515 | MAP15 0.24452
[Epoch: 36/200]
Loss: 0.42750537395477295 | PLCC: 0.6179962158203125
Loss: 0.37591516971588135 | PLCC: 0.6690717935562134
Loss: 0.408026784658432 | PLCC: 0.6371942162513733
Loss: 0.4334786534309387 | PLCC: 0.6140680313110352
Avg PLCC 0.06884487986098975
   [Epoch 36] Train loss: 0.41123
    VAL  F-score 50.07 | MAP50 0.57348 | MAP15 0.2423
[Epoch: 37/200]
Loss: 0.3967307507991791 | PLCC: 0.6494940519332886
Loss: 0.4113074243068695 | PLCC: 0.6343692541122437
Loss: 0.4004959166049957 | PLCC: 0.644809901714325
Loss: 0.41140830516815186 | PLCC: 0.6341963410377502
Avg PLCC 0.0663165923024556
   [Epoch 37] Train loss: 0.40499
    VAL  F-score 50.583 | MAP50 0.57286 | MAP15 0.24413
[Epoch: 38/200]
Loss: 0.4149823486804962 | PLCC: 0.6282285451889038
Loss: 0.36990872025489807 | PLCC: 0.6753424406051636
Loss: 0.43657323718070984 | PLCC: 0.6121714115142822
Loss: 0.3829196095466614 | PLCC: 0.6602531671524048
Avg PLCC 0.06482441606225842
   [Epoch 38] Train loss: 0.40110
    VAL  F-score 50.704 | MAP50 0.5692 | MAP15 0.2416
[Epoch: 39/200]
Loss: 0.3974156379699707 | PLCC: 0.648897647857666
Loss: 0.38627418875694275 | PLCC: 0.6574686765670776
Loss: 0.38152313232421875 | PLCC: 0.6603785753250122
Loss: 0.4202423691749573 | PLCC: 0.6250812411308289
Avg PLCC 0.06222716625779867
   [Epoch 39] Train loss: 0.39636
    VAL  F-score 50.328 | MAP50 0.56719 | MAP15 0.24201
[Epoch: 40/200]
Loss: 0.3692440390586853 | PLCC: 0.6751698851585388
Loss: 0.3674142360687256 | PLCC: 0.6739961504936218
Loss: 0.44082897901535034 | PLCC: 0.604642391204834
Loss: 0.4075557589530945 | PLCC: 0.638445258140564
Avg PLCC 0.06123591991931652
   [Epoch 40] Train loss: 0.39626
    VAL  F-score 49.828 | MAP50 0.56771 | MAP15 0.24301
[Epoch: 41/200]
Loss: 0.39998847246170044 | PLCC: 0.6451061367988586
Loss: 0.3692440390586853 | PLCC: 0.6751605272293091
Loss: 0.4004702568054199 | PLCC: 0.6423577666282654
Loss: 0.38933777809143066 | PLCC: 0.6545084118843079
Avg PLCC 0.061590707479891454
   [Epoch 41] Train loss: 0.38976
    VAL  F-score 49.938 | MAP50 0.56777 | MAP15 0.24051
[Epoch: 42/200]
Loss: 0.3868226408958435 | PLCC: 0.6578717827796936
Loss: 0.3751049339771271 | PLCC: 0.6680020093917847
Loss: 0.38742122054100037 | PLCC: 0.655364453792572
Loss: 0.39019501209259033 | PLCC: 0.6540300250053406
Avg PLCC 0.060655626595358954
   [Epoch 42] Train loss: 0.38489
    VAL  F-score 49.621 | MAP50 0.56722 | MAP15 0.24225
[Epoch: 43/200]
Loss: 0.3785574734210968 | PLCC: 0.6648289561271667
Loss: 0.390869677066803 | PLCC: 0.6519544720649719
Loss: 0.3580176830291748 | PLCC: 0.6855497360229492
Loss: 0.4144139885902405 | PLCC: 0.627363383769989
Avg PLCC 0.05797575146072742
   [Epoch 43] Train loss: 0.38546
    VAL  F-score 50.015 | MAP50 0.56649 | MAP15 0.24362
[Epoch: 44/200]
Loss: 0.3777453899383545 | PLCC: 0.6648949384689331
Loss: 0.3784336745738983 | PLCC: 0.6637536883354187
Loss: 0.39178213477134705 | PLCC: 0.6514139175415039
Loss: 0.3555208742618561 | PLCC: 0.6881897449493408
Avg PLCC 0.057452869583909036
   [Epoch 44] Train loss: 0.37587
    VAL  F-score 49.712 | MAP50 0.56619 | MAP15 0.24382
[Epoch: 45/200]
Loss: 0.37952449917793274 | PLCC: 0.662757396697998
Loss: 0.3659423887729645 | PLCC: 0.6781012415885925
Loss: 0.3874542713165283 | PLCC: 0.6546252965927124
Loss: 0.36522793769836426 | PLCC: 0.6784123778343201
Avg PLCC 0.053785494288824724
   [Epoch 45] Train loss: 0.37454
    VAL  F-score 49.715 | MAP50 0.56505 | MAP15 0.24253
[Epoch: 46/200]
Loss: 0.3567292392253876 | PLCC: 0.6851990222930908
Loss: 0.3795030415058136 | PLCC: 0.6617475152015686
Loss: 0.3755128085613251 | PLCC: 0.6673880219459534
Loss: 0.36761102080345154 | PLCC: 0.6725291013717651
Avg PLCC 0.05310775966217713
   [Epoch 46] Train loss: 0.36984
    VAL  F-score 49.168 | MAP50 0.56578 | MAP15 0.24149
[Epoch: 47/200]
Loss: 0.38966062664985657 | PLCC: 0.6526679396629333
Loss: 0.3503706753253937 | PLCC: 0.6908278465270996
Loss: 0.37825489044189453 | PLCC: 0.6642640829086304
Loss: 0.3519437313079834 | PLCC: 0.6903330087661743
Avg PLCC 0.05401815271607396
   [Epoch 47] Train loss: 0.36756
    VAL  F-score 48.63 | MAP50 0.56576 | MAP15 0.24525
[Epoch: 48/200]
Loss: 0.3744606375694275 | PLCC: 0.6668497323989868
Loss: 0.35208860039711 | PLCC: 0.688953161239624
Loss: 0.3860940933227539 | PLCC: 0.6556417346000671
Loss: 0.333830863237381 | PLCC: 0.7067199349403381
Avg PLCC 0.05267466202547604
   [Epoch 48] Train loss: 0.36162
    VAL  F-score 49.696 | MAP50 0.56348 | MAP15 0.24396
[Epoch: 49/200]
Loss: 0.3395593464374542 | PLCC: 0.7004373669624329
Loss: 0.3559032082557678 | PLCC: 0.6836491227149963
Loss: 0.3913649916648865 | PLCC: 0.6510046720504761
Loss: 0.35101941227912903 | PLCC: 0.6889187097549438
Avg PLCC 0.052788560927817314
   [Epoch 49] Train loss: 0.35946
    VAL  F-score 49.086 | MAP50 0.56477 | MAP15 0.24565
[Epoch: 50/200]
Loss: 0.39096757769584656 | PLCC: 0.6492028832435608
Loss: 0.32982364296913147 | PLCC: 0.7089910507202148
Loss: 0.36705079674720764 | PLCC: 0.6742227077484131
Loss: 0.33545735478401184 | PLCC: 0.7077832818031311
Avg PLCC 0.051887242179928406
   [Epoch 50] Train loss: 0.35582
    VAL  F-score 49.233 | MAP50 0.56379 | MAP15 0.24584
[Epoch: 51/200]
Loss: 0.3497580587863922 | PLCC: 0.6899319887161255
Loss: 0.33952659368515015 | PLCC: 0.7004478573799133
Loss: 0.34677278995513916 | PLCC: 0.6935942769050598
Loss: 0.3614360988140106 | PLCC: 0.6787763833999634
Avg PLCC 0.05255359924878135
   [Epoch 51] Train loss: 0.34937
    VAL  F-score 49.131 | MAP50 0.56004 | MAP15 0.24213
[Epoch: 52/200]
Loss: 0.3383404314517975 | PLCC: 0.7002695202827454
Loss: 0.33592134714126587 | PLCC: 0.702332079410553
Loss: 0.34666430950164795 | PLCC: 0.6943804621696472
Loss: 0.3665478825569153 | PLCC: 0.672383725643158
Avg PLCC 0.05167115728060404
   [Epoch 52] Train loss: 0.34687
    VAL  F-score 49.078 | MAP50 0.56029 | MAP15 0.24093
[Epoch: 53/200]
Loss: 0.36848798394203186 | PLCC: 0.6711254715919495
Loss: 0.3490384817123413 | PLCC: 0.6911346912384033
Loss: 0.3320470154285431 | PLCC: 0.70793616771698
Loss: 0.31400811672210693 | PLCC: 0.7237366437911987
Avg PLCC 0.051726859994232655
   [Epoch 53] Train loss: 0.34090
    VAL  F-score 48.647 | MAP50 0.56088 | MAP15 0.23893
[Epoch: 54/200]
Loss: 0.3234466016292572 | PLCC: 0.7152611017227173
Loss: 0.3392193615436554 | PLCC: 0.6999176740646362
Loss: 0.3519749045372009 | PLCC: 0.6878079175949097
Loss: 0.3379196226596832 | PLCC: 0.6992244124412537
Avg PLCC 0.05250895413513662
   [Epoch 54] Train loss: 0.33814
    VAL  F-score 49.152 | MAP50 0.55802 | MAP15 0.24245
[Epoch: 55/200]
Loss: 0.320063978433609 | PLCC: 0.7172310948371887
Loss: 0.3396538496017456 | PLCC: 0.6986003518104553
Loss: 0.33041998744010925 | PLCC: 0.7088847756385803
Loss: 0.3449246287345886 | PLCC: 0.6935921311378479
Avg PLCC 0.052267980401996865
   [Epoch 55] Train loss: 0.33377
    VAL  F-score 49.293 | MAP50 0.55851 | MAP15 0.24164
[Epoch: 56/200]
Loss: 0.3287408947944641 | PLCC: 0.7087612748146057
Loss: 0.32641851902008057 | PLCC: 0.713180422782898
Loss: 0.331828773021698 | PLCC: 0.7055606245994568
Loss: 0.3233504891395569 | PLCC: 0.7146614789962769
Avg PLCC 0.04943082274191759
   [Epoch 56] Train loss: 0.32758
    VAL  F-score 49.196 | MAP50 0.55708 | MAP15 0.24168
[Epoch: 57/200]
Loss: 0.3254621624946594 | PLCC: 0.7122236490249634
Loss: 0.31632113456726074 | PLCC: 0.7212098240852356
Loss: 0.3273358643054962 | PLCC: 0.7108600735664368
Loss: 0.330687940120697 | PLCC: 0.7062751054763794
Avg PLCC 0.04958728856096665
   [Epoch 57] Train loss: 0.32495
    VAL  F-score 49.033 | MAP50 0.55643 | MAP15 0.24154
[Epoch: 58/200]
Loss: 0.31680333614349365 | PLCC: 0.7203555703163147
Loss: 0.31468436121940613 | PLCC: 0.7228121161460876
Loss: 0.3134375810623169 | PLCC: 0.7229142189025879
Loss: 0.33764395117759705 | PLCC: 0.7005577087402344
Avg PLCC 0.05111313888284547
   [Epoch 58] Train loss: 0.32064
    VAL  F-score 48.371 | MAP50 0.55805 | MAP15 0.2444
[Epoch: 59/200]
Loss: 0.331171452999115 | PLCC: 0.706194281578064
Loss: 0.2922153174877167 | PLCC: 0.7442513704299927
Loss: 0.33119165897369385 | PLCC: 0.7062779664993286
Loss: 0.3079569637775421 | PLCC: 0.727645993232727
Avg PLCC 0.04939952046807968
   [Epoch 59] Train loss: 0.31563
    VAL  F-score 47.497 | MAP50 0.56055 | MAP15 0.24097
[Epoch: 60/200]
Loss: 0.3049362897872925 | PLCC: 0.7316397428512573
Loss: 0.3116101324558258 | PLCC: 0.7229393124580383
Loss: 0.3152545094490051 | PLCC: 0.7220582962036133
Loss: 0.31619149446487427 | PLCC: 0.7197865843772888
Avg PLCC 0.04888186744894042
   [Epoch 60] Train loss: 0.31200
    VAL  F-score 46.953 | MAP50 0.56101 | MAP15 0.24249
[Epoch: 61/200]
Loss: 0.2943459749221802 | PLCC: 0.7414246797561646
Loss: 0.3419071435928345 | PLCC: 0.6957946419715881
Loss: 0.2790958285331726 | PLCC: 0.7558845281600952
Loss: 0.3216128647327423 | PLCC: 0.7148388028144836
Avg PLCC 0.047632388827024086
   [Epoch 61] Train loss: 0.30924
    VAL  F-score 47.82 | MAP50 0.56205 | MAP15 0.24653
[Epoch: 62/200]
Loss: 0.321548730134964 | PLCC: 0.7150288224220276
Loss: 0.2976485788822174 | PLCC: 0.7383071184158325
Loss: 0.2842389941215515 | PLCC: 0.7506669163703918
Loss: 0.31453025341033936 | PLCC: 0.72063148021698
Avg PLCC 0.046504967203928216
   [Epoch 62] Train loss: 0.30449
    VAL  F-score 48.672 | MAP50 0.55756 | MAP15 0.24478
[Epoch: 63/200]
Loss: 0.32065334916114807 | PLCC: 0.7145036458969116
Loss: 0.28563714027404785 | PLCC: 0.7492707371711731
Loss: 0.2891596853733063 | PLCC: 0.7463047504425049
Loss: 0.3010142743587494 | PLCC: 0.7337134480476379
Avg PLCC 0.04348101040743517
   [Epoch 63] Train loss: 0.29912
    VAL  F-score 49.08 | MAP50 0.55574 | MAP15 0.23795
[Epoch: 64/200]
Loss: 0.28183886408805847 | PLCC: 0.7535056471824646
Loss: 0.3216423988342285 | PLCC: 0.7141501307487488
Loss: 0.29704079031944275 | PLCC: 0.7379228472709656
Loss: 0.28649652004241943 | PLCC: 0.74680095911026
Avg PLCC 0.0421154982212818
   [Epoch 64] Train loss: 0.29675
    VAL  F-score 48.862 | MAP50 0.55602 | MAP15 0.23983
[Epoch: 65/200]
Loss: 0.2741004526615143 | PLCC: 0.7610610723495483
Loss: 0.3065764307975769 | PLCC: 0.7282114624977112
Loss: 0.2940799295902252 | PLCC: 0.7406805157661438
Loss: 0.29680389165878296 | PLCC: 0.7378599047660828
Avg PLCC 0.04022766332226721
   [Epoch 65] Train loss: 0.29289
    VAL  F-score 49.171 | MAP50 0.5531 | MAP15 0.23197
[Epoch: 66/200]
Loss: 0.28347498178482056 | PLCC: 0.7492703199386597
Loss: 0.29643669724464417 | PLCC: 0.7373127937316895
Loss: 0.28644314408302307 | PLCC: 0.7490584254264832
Loss: 0.30129215121269226 | PLCC: 0.7353214621543884
Avg PLCC 0.03950139792692481
   [Epoch 66] Train loss: 0.29191
    VAL  F-score 48.698 | MAP50 0.55303 | MAP15 0.23902
[Epoch: 67/200]
Loss: 0.3052607774734497 | PLCC: 0.7291041612625122
Loss: 0.28085950016975403 | PLCC: 0.7528473734855652
Loss: 0.25989097356796265 | PLCC: 0.7740309238433838
Loss: 0.3035775423049927 | PLCC: 0.7304085493087769
Avg PLCC 0.036638514336311455
   [Epoch 67] Train loss: 0.28740
    VAL  F-score 48.339 | MAP50 0.54943 | MAP15 0.22797
[Epoch: 68/200]
Loss: 0.28806424140930176 | PLCC: 0.7454380989074707
Loss: 0.28441351652145386 | PLCC: 0.7491021752357483
Loss: 0.26406484842300415 | PLCC: 0.7680773138999939
Loss: 0.284690260887146 | PLCC: 0.749919056892395
Avg PLCC 0.03600374770096757
   [Epoch 68] Train loss: 0.28031
    VAL  F-score 47.103 | MAP50 0.54987 | MAP15 0.23169
[Epoch: 69/200]
Loss: 0.24931347370147705 | PLCC: 0.7824041247367859
Loss: 0.2927277982234955 | PLCC: 0.740019679069519
Loss: 0.28207457065582275 | PLCC: 0.7512533068656921
Loss: 0.2884714603424072 | PLCC: 0.7459022402763367
Avg PLCC 0.03547831754567045
   [Epoch 69] Train loss: 0.27815
    VAL  F-score 48.187 | MAP50 0.55114 | MAP15 0.23031
[Epoch: 70/200]
Loss: 0.26889529824256897 | PLCC: 0.7632666230201721
Loss: 0.26675891876220703 | PLCC: 0.7673288583755493
Loss: 0.2990652024745941 | PLCC: 0.7333869934082031
Loss: 0.2611275613307953 | PLCC: 0.7720065116882324
Avg PLCC 0.033673692529908185
   [Epoch 70] Train loss: 0.27396
    VAL  F-score 48.169 | MAP50 0.55128 | MAP15 0.23173
[Epoch: 71/200]
Loss: 0.27109143137931824 | PLCC: 0.7619572281837463
Loss: 0.28551575541496277 | PLCC: 0.7467784881591797
Loss: 0.2584284543991089 | PLCC: 0.7733911871910095
Loss: 0.2786425054073334 | PLCC: 0.7545495629310608
Avg PLCC 0.03538231753683166
   [Epoch 71] Train loss: 0.27342
    VAL  F-score 46.606 | MAP50 0.55351 | MAP15 0.23213
[Epoch: 72/200]
Loss: 0.2495790421962738 | PLCC: 0.7822920083999634
Loss: 0.2623951733112335 | PLCC: 0.7698988914489746
Loss: 0.2901012897491455 | PLCC: 0.7430171966552734
Loss: 0.2772887051105499 | PLCC: 0.7552036643028259
Avg PLCC 0.039483634077689865
   [Epoch 72] Train loss: 0.26984
    VAL  F-score 47.549 | MAP50 0.5535 | MAP15 0.22853
[Epoch: 73/200]
Loss: 0.2594921886920929 | PLCC: 0.7715837955474854
Loss: 0.2660445272922516 | PLCC: 0.7674375176429749
Loss: 0.27963095903396606 | PLCC: 0.7520992159843445
Loss: 0.2558573782444 | PLCC: 0.7755929827690125
Avg PLCC 0.040163627816858054
   [Epoch 73] Train loss: 0.26526
    VAL  F-score 46.076 | MAP50 0.55659 | MAP15 0.2297
[Epoch: 74/200]
Loss: 0.24926042556762695 | PLCC: 0.7824416160583496
Loss: 0.27930748462677 | PLCC: 0.754621684551239
Loss: 0.2710942327976227 | PLCC: 0.7620316743850708
Loss: 0.2550520598888397 | PLCC: 0.7748635411262512
Avg PLCC 0.04281437601611921
   [Epoch 74] Train loss: 0.26368
    VAL  F-score 47.217 | MAP50 0.55711 | MAP15 0.23566
[Epoch: 75/200]
Loss: 0.24685537815093994 | PLCC: 0.783048689365387
Loss: 0.2651298940181732 | PLCC: 0.7665014863014221
Loss: 0.259808212518692 | PLCC: 0.7703177332878113
Loss: 0.2615306079387665 | PLCC: 0.7706709504127502
Avg PLCC 0.04102445804429325
   [Epoch 75] Train loss: 0.25833
    VAL  F-score 45.578 | MAP50 0.55675 | MAP15 0.23528
[Epoch: 76/200]
Loss: 0.2766590118408203 | PLCC: 0.7556555271148682
Loss: 0.2673421800136566 | PLCC: 0.765274703502655
Loss: 0.2447952777147293 | PLCC: 0.7867228984832764
Loss: 0.24021825194358826 | PLCC: 0.789752721786499
Avg PLCC 0.039424211562921606
   [Epoch 76] Train loss: 0.25725
    VAL  F-score 47.536 | MAP50 0.55455 | MAP15 0.22857
[Epoch: 77/200]
Loss: 0.2541688084602356 | PLCC: 0.7764250636100769
Loss: 0.2450534850358963 | PLCC: 0.7847767472267151
Loss: 0.26788175106048584 | PLCC: 0.7619764804840088
Loss: 0.2551915645599365 | PLCC: 0.7777107954025269
Avg PLCC 0.04059664513492449
   [Epoch 77] Train loss: 0.25557
    VAL  F-score 45.274 | MAP50 0.5579 | MAP15 0.23108
[Epoch: 78/200]
Loss: 0.2593301832675934 | PLCC: 0.7712531685829163
Loss: 0.27181875705718994 | PLCC: 0.7597652673721313
Loss: 0.22269482910633087 | PLCC: 0.8068712949752808
Loss: 0.2584972679615021 | PLCC: 0.7728326320648193
Avg PLCC 0.040058162373801075
   [Epoch 78] Train loss: 0.25309
    VAL  F-score 46.594 | MAP50 0.55793 | MAP15 0.22871
[Epoch: 79/200]
Loss: 0.23640742897987366 | PLCC: 0.7938525676727295
Loss: 0.2673906981945038 | PLCC: 0.7631991505622864
Loss: 0.23896659910678864 | PLCC: 0.7911390662193298
Loss: 0.251475065946579 | PLCC: 0.7790653109550476
Avg PLCC 0.04246599115713528
   [Epoch 79] Train loss: 0.24856
    VAL  F-score 45.56 | MAP50 0.56398 | MAP15 0.2289
[Epoch: 80/200]
Loss: 0.2346760630607605 | PLCC: 0.794127345085144
Loss: 0.26185524463653564 | PLCC: 0.7678895592689514
Loss: 0.24509947001934052 | PLCC: 0.7868514657020569
Loss: 0.24198153614997864 | PLCC: 0.7872830629348755
Avg PLCC 0.047835882536177946
   [Epoch 80] Train loss: 0.24590
    VAL  F-score 47.477 | MAP50 0.564 | MAP15 0.2337
[Epoch: 81/200]
Loss: 0.25437647104263306 | PLCC: 0.7773262858390808
Loss: 0.23724281787872314 | PLCC: 0.791849672794342
Loss: 0.23679886758327484 | PLCC: 0.7925262451171875
Loss: 0.24597056210041046 | PLCC: 0.7843607068061829
Avg PLCC 0.0451922432579467
   [Epoch 81] Train loss: 0.24360
    VAL  F-score 47.119 | MAP50 0.56387 | MAP15 0.23402
[Epoch: 82/200]
Loss: 0.23534691333770752 | PLCC: 0.7942347526550293
Loss: 0.24261197447776794 | PLCC: 0.7874645590782166
Loss: 0.2416159212589264 | PLCC: 0.7876283526420593
Loss: 0.24239423871040344 | PLCC: 0.7861684560775757
Avg PLCC 0.04911556743988485
   [Epoch 82] Train loss: 0.24049
    VAL  F-score 47.3 | MAP50 0.56175 | MAP15 0.2283
[Epoch: 83/200]
Loss: 0.24745814502239227 | PLCC: 0.7825554013252258
Loss: 0.23304696381092072 | PLCC: 0.7953293919563293
Loss: 0.23606497049331665 | PLCC: 0.7930648922920227
Loss: 0.24440288543701172 | PLCC: 0.7864615321159363
Avg PLCC 0.053702579366720536
   [Epoch 83] Train loss: 0.24024
    VAL  F-score 46.416 | MAP50 0.56605 | MAP15 0.22406
[Epoch: 84/200]
Loss: 0.23006515204906464 | PLCC: 0.7994599342346191
Loss: 0.24221473932266235 | PLCC: 0.7870622277259827
Loss: 0.2568284869194031 | PLCC: 0.7723119854927063
Loss: 0.21424445509910583 | PLCC: 0.8145169019699097
Avg PLCC 0.05772167919768077
   [Epoch 84] Train loss: 0.23584
    VAL  F-score 48.226 | MAP50 0.56806 | MAP15 0.22784
[Epoch: 85/200]
Loss: 0.2479529082775116 | PLCC: 0.7805228233337402
Loss: 0.20876912772655487 | PLCC: 0.8185945749282837
Loss: 0.24893316626548767 | PLCC: 0.7816896438598633
Loss: 0.22632816433906555 | PLCC: 0.8019845485687256
Avg PLCC 0.058832776048361804
   [Epoch 85] Train loss: 0.23300
    VAL  F-score 46.427 | MAP50 0.56744 | MAP15 0.22329
[Epoch: 86/200]
Loss: 0.2086159884929657 | PLCC: 0.8184472918510437
Loss: 0.22248275578022003 | PLCC: 0.8042967915534973
Loss: 0.23398905992507935 | PLCC: 0.7941434383392334
Loss: 0.2530175447463989 | PLCC: 0.7780264616012573
Avg PLCC 0.061405256225649886
   [Epoch 86] Train loss: 0.22953
    VAL  F-score 46.942 | MAP50 0.56624 | MAP15 0.22323
[Epoch: 87/200]
Loss: 0.24336174130439758 | PLCC: 0.7852688431739807
Loss: 0.21777385473251343 | PLCC: 0.8105931878089905
Loss: 0.22348803281784058 | PLCC: 0.804538905620575
Loss: 0.22380183637142181 | PLCC: 0.8036983013153076
Avg PLCC 0.06219957561486147
   [Epoch 87] Train loss: 0.22711
    VAL  F-score 45.936 | MAP50 0.56696 | MAP15 0.2355
[Epoch: 88/200]
Loss: 0.24388830363750458 | PLCC: 0.7849001884460449
Loss: 0.21881556510925293 | PLCC: 0.8096680045127869
Loss: 0.2081058770418167 | PLCC: 0.8183289170265198
Loss: 0.22610101103782654 | PLCC: 0.8012146949768066
Avg PLCC 0.05875130666589195
   [Epoch 88] Train loss: 0.22423
    VAL  F-score 46.403 | MAP50 0.56851 | MAP15 0.24143
[Epoch: 89/200]
Loss: 0.23267947137355804 | PLCC: 0.7954169511795044
Loss: 0.20503196120262146 | PLCC: 0.8221735954284668
Loss: 0.2256235033273697 | PLCC: 0.8029070496559143
Loss: 0.2225429266691208 | PLCC: 0.8037400841712952
Avg PLCC 0.051264341356176316
   [Epoch 89] Train loss: 0.22147
    VAL  F-score 46.02 | MAP50 0.56414 | MAP15 0.23893
[Epoch: 90/200]
Loss: 0.2226424217224121 | PLCC: 0.8044367432594299
Loss: 0.2132616639137268 | PLCC: 0.8139848113059998
Loss: 0.2183067947626114 | PLCC: 0.8090623021125793
Loss: 0.22214458882808685 | PLCC: 0.8047105073928833
Avg PLCC 0.04854674240800016
   [Epoch 90] Train loss: 0.21909
    VAL  F-score 46.399 | MAP50 0.56145 | MAP15 0.2395
[Epoch: 91/200]
Loss: 0.22291311621665955 | PLCC: 0.8040437698364258
Loss: 0.21250727772712708 | PLCC: 0.8165030479431152
Loss: 0.2258441299200058 | PLCC: 0.8022027015686035
Loss: 0.21836231648921967 | PLCC: 0.8068677186965942
Avg PLCC 0.05107404861712095
   [Epoch 91] Train loss: 0.21991
    VAL  F-score 45.952 | MAP50 0.56089 | MAP15 0.24667
[Epoch: 92/200]
Loss: 0.2186860889196396 | PLCC: 0.8076834082603455
Loss: 0.21815215051174164 | PLCC: 0.8083891272544861
Loss: 0.2268870323896408 | PLCC: 0.8014962673187256
Loss: 0.20068098604679108 | PLCC: 0.8256585597991943
Avg PLCC 0.04820519134007169
   [Epoch 92] Train loss: 0.21610
    VAL  F-score 45.933 | MAP50 0.56018 | MAP15 0.2436
[Epoch: 93/200]
Loss: 0.19876646995544434 | PLCC: 0.8273671865463257
Loss: 0.2173667550086975 | PLCC: 0.8093674182891846
Loss: 0.22135034203529358 | PLCC: 0.8060935735702515
Loss: 0.21622246503829956 | PLCC: 0.8103057146072388
Avg PLCC 0.047221984827157226
   [Epoch 93] Train loss: 0.21343
    VAL  F-score 45.333 | MAP50 0.56158 | MAP15 0.23801
[Epoch: 94/200]
Loss: 0.20368419587612152 | PLCC: 0.8224064707756042
Loss: 0.2197355329990387 | PLCC: 0.8061819672584534
Loss: 0.2088811844587326 | PLCC: 0.817674458026886
Loss: 0.2184671312570572 | PLCC: 0.809237003326416
Avg PLCC 0.05781323349837101
   [Epoch 94] Train loss: 0.21269
    VAL  F-score 45.549 | MAP50 0.56604 | MAP15 0.23503
[Epoch: 95/200]
Loss: 0.22283460199832916 | PLCC: 0.8048534393310547
Loss: 0.199845552444458 | PLCC: 0.825251579284668
Loss: 0.20209679007530212 | PLCC: 0.8236861824989319
Loss: 0.21615758538246155 | PLCC: 0.8103892803192139
Avg PLCC 0.060807508317697226
   [Epoch 95] Train loss: 0.21023
    VAL  F-score 46.065 | MAP50 0.56604 | MAP15 0.23572
[Epoch: 96/200]
Loss: 0.20779277384281158 | PLCC: 0.8174898624420166
Loss: 0.22517086565494537 | PLCC: 0.8021459579467773
Loss: 0.20742617547512054 | PLCC: 0.8185299634933472
Loss: 0.18985888361930847 | PLCC: 0.8366986513137817
Avg PLCC 0.06459088011108564
   [Epoch 96] Train loss: 0.20756
    VAL  F-score 45.02 | MAP50 0.56926 | MAP15 0.23488
[Epoch: 97/200]
Loss: 0.2180112898349762 | PLCC: 0.8078785538673401
Loss: 0.20971545577049255 | PLCC: 0.8167303204536438
Loss: 0.19262608885765076 | PLCC: 0.8330501317977905
Loss: 0.20920142531394958 | PLCC: 0.8163166642189026
Avg PLCC 0.06343256670868758
   [Epoch 97] Train loss: 0.20739
    VAL  F-score 44.728 | MAP50 0.56606 | MAP15 0.2326
[Epoch: 98/200]
Loss: 0.19779716432094574 | PLCC: 0.8270559310913086
Loss: 0.19441795349121094 | PLCC: 0.8304383158683777
Loss: 0.21205461025238037 | PLCC: 0.81376051902771
Loss: 0.21632488071918488 | PLCC: 0.8109885454177856
Avg PLCC 0.06351693928467506
   [Epoch 98] Train loss: 0.20515
    VAL  F-score 46.051 | MAP50 0.56868 | MAP15 0.23141
[Epoch: 99/200]
Loss: 0.21463412046432495 | PLCC: 0.8116015195846558
Loss: 0.19652971625328064 | PLCC: 0.8285489082336426
Loss: 0.19788649678230286 | PLCC: 0.8266783952713013
Loss: 0.19273971021175385 | PLCC: 0.8331308364868164
Avg PLCC 0.0638748980691713
   [Epoch 99] Train loss: 0.20045
    VAL  F-score 46.506 | MAP50 0.56845 | MAP15 0.23124
[Epoch: 100/200]
Loss: 0.21464815735816956 | PLCC: 0.8114619851112366
Loss: 0.20346073806285858 | PLCC: 0.8223708271980286
Loss: 0.18409936130046844 | PLCC: 0.8398382067680359
Loss: 0.19734086096286774 | PLCC: 0.8268149495124817
Avg PLCC 0.061499355332643696
   [Epoch 100] Train loss: 0.19989
    VAL  F-score 46.657 | MAP50 0.56799 | MAP15 0.23207
[Epoch: 101/200]
Loss: 0.21723753213882446 | PLCC: 0.8081145882606506
Loss: 0.18166162073612213 | PLCC: 0.8437528610229492
Loss: 0.1897931545972824 | PLCC: 0.8343255519866943
Loss: 0.20968957245349884 | PLCC: 0.8164657950401306
Avg PLCC 0.06046181064889287
   [Epoch 101] Train loss: 0.19960
    VAL  F-score 45.845 | MAP50 0.56699 | MAP15 0.23365
[Epoch: 102/200]
Loss: 0.1946725845336914 | PLCC: 0.830141544342041
Loss: 0.20294484496116638 | PLCC: 0.8212917447090149
Loss: 0.17879681289196014 | PLCC: 0.8455817103385925
Loss: 0.21780438721179962 | PLCC: 0.8086477518081665
Avg PLCC 0.05814700126012957
   [Epoch 102] Train loss: 0.19855
    VAL  F-score 46.635 | MAP50 0.56635 | MAP15 0.23126
[Epoch: 103/200]
Loss: 0.18804135918617249 | PLCC: 0.8369041085243225
Loss: 0.19838911294937134 | PLCC: 0.8247801065444946
Loss: 0.20811639726161957 | PLCC: 0.8173215985298157
Loss: 0.18262037634849548 | PLCC: 0.8418972492218018
Avg PLCC 0.05715717451477593
   [Epoch 103] Train loss: 0.19429
    VAL  F-score 45.49 | MAP50 0.56497 | MAP15 0.23017
[Epoch: 104/200]
Loss: 0.18893691897392273 | PLCC: 0.835469663143158
Loss: 0.18276943266391754 | PLCC: 0.8415293097496033
Loss: 0.19895575940608978 | PLCC: 0.8259899616241455
Loss: 0.20009532570838928 | PLCC: 0.8235080242156982
Avg PLCC 0.047955476086248054
   [Epoch 104] Train loss: 0.19269
    VAL  F-score 45.829 | MAP50 0.5578 | MAP15 0.2213
[Epoch: 105/200]
Loss: 0.17778047919273376 | PLCC: 0.8455449342727661
Loss: 0.19270259141921997 | PLCC: 0.8313515782356262
Loss: 0.20059765875339508 | PLCC: 0.8245167136192322
Loss: 0.18814165890216827 | PLCC: 0.8358720541000366
Avg PLCC 0.045275056429531876
   [Epoch 105] Train loss: 0.18981
    VAL  F-score 43.995 | MAP50 0.5582 | MAP15 0.22103
[Epoch: 106/200]
Loss: 0.186404749751091 | PLCC: 0.838098406791687
Loss: 0.19210457801818848 | PLCC: 0.8315731883049011
Loss: 0.19062691926956177 | PLCC: 0.8328969478607178
Loss: 0.18407660722732544 | PLCC: 0.8402367234230042
Avg PLCC 0.04608268381068201
   [Epoch 106] Train loss: 0.18830
    VAL  F-score 44.934 | MAP50 0.56112 | MAP15 0.21887
[Epoch: 107/200]
Loss: 0.1766154021024704 | PLCC: 0.84688401222229
Loss: 0.2036319524049759 | PLCC: 0.8210662007331848
Loss: 0.19458043575286865 | PLCC: 0.8294098973274231
Loss: 0.17123791575431824 | PLCC: 0.8515338897705078
Avg PLCC 0.05726412683725357
   [Epoch 107] Train loss: 0.18652
    VAL  F-score 45.398 | MAP50 0.56613 | MAP15 0.22839
[Epoch: 108/200]
Loss: 0.19292563199996948 | PLCC: 0.8307223916053772
Loss: 0.18040993809700012 | PLCC: 0.8431510925292969
Loss: 0.18011531233787537 | PLCC: 0.8437556028366089
Loss: 0.1903112530708313 | PLCC: 0.8333747982978821
Avg PLCC 0.06465567408524679
   [Epoch 108] Train loss: 0.18594
    VAL  F-score 46.44 | MAP50 0.57051 | MAP15 0.23817
[Epoch: 109/200]
Loss: 0.17027227580547333 | PLCC: 0.8527673482894897
Loss: 0.20753996074199677 | PLCC: 0.8164467811584473
Loss: 0.18578311800956726 | PLCC: 0.8373173475265503
Loss: 0.17635883390903473 | PLCC: 0.847772479057312
Avg PLCC 0.06778383287460063
   [Epoch 109] Train loss: 0.18499
    VAL  F-score 47.394 | MAP50 0.57026 | MAP15 0.23884
[Epoch: 110/200]
Loss: 0.17981688678264618 | PLCC: 0.8444530963897705
Loss: 0.1756194680929184 | PLCC: 0.847923219203949
Loss: 0.18913701176643372 | PLCC: 0.8325518369674683
Loss: 0.18499347567558289 | PLCC: 0.8378555774688721
Avg PLCC 0.06394437108555752
   [Epoch 110] Train loss: 0.18239
    VAL  F-score 47.882 | MAP50 0.56958 | MAP15 0.23921
[Epoch: 111/200]
Loss: 0.1740385890007019 | PLCC: 0.8485586643218994
Loss: 0.18767085671424866 | PLCC: 0.8358756303787231
Loss: 0.18932151794433594 | PLCC: 0.8347535133361816
Loss: 0.16369618475437164 | PLCC: 0.8577480316162109
Avg PLCC 0.06081726997526306
   [Epoch 111] Train loss: 0.17868
    VAL  F-score 46.73 | MAP50 0.56851 | MAP15 0.23058
[Epoch: 112/200]
Loss: 0.17380182445049286 | PLCC: 0.8484101891517639
Loss: 0.182439923286438 | PLCC: 0.8407092690467834
Loss: 0.1873708814382553 | PLCC: 0.8352696895599365
Loss: 0.17161250114440918 | PLCC: 0.8514350056648254
Avg PLCC 0.06409701932165207
   [Epoch 112] Train loss: 0.17881
    VAL  F-score 46.307 | MAP50 0.56685 | MAP15 0.22975
[Epoch: 113/200]
Loss: 0.17531433701515198 | PLCC: 0.8477310538291931
Loss: 0.17701271176338196 | PLCC: 0.8454514145851135
Loss: 0.17610768973827362 | PLCC: 0.8469122052192688
Loss: 0.18103905022144318 | PLCC: 0.8416758179664612
Avg PLCC 0.0659803122592469
   [Epoch 113] Train loss: 0.17737
    VAL  F-score 47.485 | MAP50 0.56721 | MAP15 0.23085
[Epoch: 114/200]
Loss: 0.18753397464752197 | PLCC: 0.8348566293716431
Loss: 0.1765533983707428 | PLCC: 0.8459365367889404
Loss: 0.17458988726139069 | PLCC: 0.8481075763702393
Loss: 0.16581083834171295 | PLCC: 0.8554950952529907
Avg PLCC 0.06795297642097328
   [Epoch 114] Train loss: 0.17612
    VAL  F-score 46.695 | MAP50 0.56808 | MAP15 0.23418
[Epoch: 115/200]
Loss: 0.17647960782051086 | PLCC: 0.8452069759368896
Loss: 0.16621091961860657 | PLCC: 0.8559883236885071
Loss: 0.17908817529678345 | PLCC: 0.8433329463005066
Loss: 0.17569369077682495 | PLCC: 0.8486521244049072
Avg PLCC 0.06691980079719514
   [Epoch 115] Train loss: 0.17437
    VAL  F-score 46.842 | MAP50 0.56926 | MAP15 0.22552
[Epoch: 116/200]
Loss: 0.16573914885520935 | PLCC: 0.8565049767494202
Loss: 0.17109432816505432 | PLCC: 0.8506550192832947
Loss: 0.18975360691547394 | PLCC: 0.8326692581176758
Loss: 0.16572563350200653 | PLCC: 0.8557687401771545
Avg PLCC 0.06387712010605769
   [Epoch 116] Train loss: 0.17308
    VAL  F-score 46.553 | MAP50 0.56622 | MAP15 0.22291
[Epoch: 117/200]
Loss: 0.16324903070926666 | PLCC: 0.8590215444564819
Loss: 0.17140254378318787 | PLCC: 0.8504527807235718
Loss: 0.17511339485645294 | PLCC: 0.8466789126396179
Loss: 0.1749725490808487 | PLCC: 0.8473131656646729
Avg PLCC 0.06178725740138554
   [Epoch 117] Train loss: 0.17118
    VAL  F-score 46.41 | MAP50 0.56324 | MAP15 0.21814
[Epoch: 118/200]
Loss: 0.17254425585269928 | PLCC: 0.8497352004051208
Loss: 0.16390085220336914 | PLCC: 0.8576043248176575
Loss: 0.16694584488868713 | PLCC: 0.8552389740943909
Loss: 0.17368708550930023 | PLCC: 0.8471053242683411
Avg PLCC 0.05855330123537869
   [Epoch 118] Train loss: 0.16927
    VAL  F-score 45.084 | MAP50 0.56068 | MAP15 0.22021
[Epoch: 119/200]
Loss: 0.1630801558494568 | PLCC: 0.8580957651138306
Loss: 0.16505753993988037 | PLCC: 0.8557171821594238
Loss: 0.1713283210992813 | PLCC: 0.8512189388275146
Loss: 0.17171399295330048 | PLCC: 0.8501833081245422
Avg PLCC 0.05804444431807056
   [Epoch 119] Train loss: 0.16780
    VAL  F-score 44.796 | MAP50 0.56203 | MAP15 0.216
[Epoch: 120/200]
Loss: 0.16105157136917114 | PLCC: 0.8599802851676941
Loss: 0.15946632623672485 | PLCC: 0.8622003197669983
Loss: 0.16864372789859772 | PLCC: 0.8523065447807312
Loss: 0.1749086081981659 | PLCC: 0.8468127250671387
Avg PLCC 0.056771320939967125
   [Epoch 120] Train loss: 0.16602
    VAL  F-score 44.075 | MAP50 0.56378 | MAP15 0.21673
[Epoch: 121/200]
Loss: 0.15599878132343292 | PLCC: 0.864844560623169
Loss: 0.17134982347488403 | PLCC: 0.8504592776298523
Loss: 0.16319848597049713 | PLCC: 0.8572044372558594
Loss: 0.17288433015346527 | PLCC: 0.8484828472137451
Avg PLCC 0.05834100536550536
   [Epoch 121] Train loss: 0.16586
    VAL  F-score 44.956 | MAP50 0.56695 | MAP15 0.22469
[Epoch: 122/200]
Loss: 0.1716819703578949 | PLCC: 0.8491089344024658
Loss: 0.16161537170410156 | PLCC: 0.8604885339736938
Loss: 0.1717023402452469 | PLCC: 0.8504488468170166
Loss: 0.1530764102935791 | PLCC: 0.8682096600532532
Avg PLCC 0.0574229894713922
   [Epoch 122] Train loss: 0.16452
    VAL  F-score 44.946 | MAP50 0.56447 | MAP15 0.22538
[Epoch: 123/200]
Loss: 0.1695440113544464 | PLCC: 0.8521803617477417
Loss: 0.14641718566417694 | PLCC: 0.8734582662582397
Loss: 0.17195677757263184 | PLCC: 0.847572386264801
Loss: 0.16691112518310547 | PLCC: 0.8545060157775879
Avg PLCC 0.0590256388355611
   [Epoch 123] Train loss: 0.16371
    VAL  F-score 46.058 | MAP50 0.56391 | MAP15 0.22401
[Epoch: 124/200]
Loss: 0.1609320193529129 | PLCC: 0.8601067662239075
Loss: 0.15600694715976715 | PLCC: 0.8647550940513611
Loss: 0.15522554516792297 | PLCC: 0.8661490678787231
Loss: 0.1693362593650818 | PLCC: 0.8518033623695374
Avg PLCC 0.059911675468990296
   [Epoch 124] Train loss: 0.16038
    VAL  F-score 46.704 | MAP50 0.56251 | MAP15 0.22257
[Epoch: 125/200]
Loss: 0.1614711582660675 | PLCC: 0.8593765497207642
Loss: 0.16212916374206543 | PLCC: 0.8593531250953674
Loss: 0.1589495837688446 | PLCC: 0.8609657883644104
Loss: 0.15721656382083893 | PLCC: 0.8628221154212952
Avg PLCC 0.06059100873994105
   [Epoch 125] Train loss: 0.15994
    VAL  F-score 45.801 | MAP50 0.56283 | MAP15 0.22087
[Epoch: 126/200]
Loss: 0.1584688127040863 | PLCC: 0.8621731400489807
Loss: 0.15323981642723083 | PLCC: 0.8668717741966248
Loss: 0.15690456330776215 | PLCC: 0.8635784983634949
Loss: 0.164028137922287 | PLCC: 0.8568262457847595
Avg PLCC 0.06297366456551985
   [Epoch 126] Train loss: 0.15816
    VAL  F-score 47.269 | MAP50 0.56465 | MAP15 0.22432
[Epoch: 127/200]
Loss: 0.1535879671573639 | PLCC: 0.867385745048523
Loss: 0.15395259857177734 | PLCC: 0.8663042783737183
Loss: 0.1664130985736847 | PLCC: 0.8546754121780396
Loss: 0.15489561855793 | PLCC: 0.864784836769104
Avg PLCC 0.06439941006740837
   [Epoch 127] Train loss: 0.15721
    VAL  F-score 46.145 | MAP50 0.56728 | MAP15 0.22637
[Epoch: 128/200]
Loss: 0.16579383611679077 | PLCC: 0.855832576751709
Loss: 0.14902861416339874 | PLCC: 0.8702590465545654
Loss: 0.1594724953174591 | PLCC: 0.8603954315185547
Loss: 0.15399442613124847 | PLCC: 0.865946888923645
Avg PLCC 0.06340206428042923
   [Epoch 128] Train loss: 0.15707
    VAL  F-score 45.83 | MAP50 0.56932 | MAP15 0.22781
[Epoch: 129/200]
Loss: 0.15691956877708435 | PLCC: 0.86411452293396
Loss: 0.14915511012077332 | PLCC: 0.8708620667457581
Loss: 0.1624356508255005 | PLCC: 0.8569641709327698
Loss: 0.14963413774967194 | PLCC: 0.8709632754325867
Avg PLCC 0.05723370326626481
   [Epoch 129] Train loss: 0.15454
    VAL  F-score 45.917 | MAP50 0.56465 | MAP15 0.22546
[Epoch: 130/200]
Loss: 0.16459563374519348 | PLCC: 0.8556151390075684
Loss: 0.16109013557434082 | PLCC: 0.8605748414993286
Loss: 0.13482002913951874 | PLCC: 0.8844829797744751
Loss: 0.1620659977197647 | PLCC: 0.8564925193786621
Avg PLCC 0.054244045852542375
   [Epoch 130] Train loss: 0.15564
    VAL  F-score 45.88 | MAP50 0.56457 | MAP15 0.22056
[Epoch: 131/200]
Loss: 0.1500215381383896 | PLCC: 0.8691206574440002
Loss: 0.1599963754415512 | PLCC: 0.8600547313690186
Loss: 0.14463932812213898 | PLCC: 0.8747791051864624
Loss: 0.15646162629127502 | PLCC: 0.8643296957015991
Avg PLCC 0.0540504564926254
   [Epoch 131] Train loss: 0.15278
    VAL  F-score 46.1 | MAP50 0.56023 | MAP15 0.2183
[Epoch: 132/200]
Loss: 0.14233064651489258 | PLCC: 0.8770384788513184
Loss: 0.15173335373401642 | PLCC: 0.8684493899345398
Loss: 0.15307678282260895 | PLCC: 0.8670074939727783
Loss: 0.15655823051929474 | PLCC: 0.8630138039588928
Avg PLCC 0.05738748897883025
   [Epoch 132] Train loss: 0.15092
    VAL  F-score 45.696 | MAP50 0.56133 | MAP15 0.21801
[Epoch: 133/200]
Loss: 0.14534716308116913 | PLCC: 0.8736391067504883
Loss: 0.1488329917192459 | PLCC: 0.869627058506012
Loss: 0.15561172366142273 | PLCC: 0.8640602827072144
Loss: 0.1473415195941925 | PLCC: 0.8728184700012207
Avg PLCC 0.0631856968076053
   [Epoch 133] Train loss: 0.14928
    VAL  F-score 47.075 | MAP50 0.56521 | MAP15 0.22089
[Epoch: 134/200]
Loss: 0.13721521198749542 | PLCC: 0.881119966506958
Loss: 0.15024003386497498 | PLCC: 0.8685590028762817
Loss: 0.158090278506279 | PLCC: 0.8640314936637878
Loss: 0.1501988172531128 | PLCC: 0.8688887357711792
Avg PLCC 0.06689908059144561
   [Epoch 134] Train loss: 0.14894
    VAL  F-score 45.797 | MAP50 0.56573 | MAP15 0.22624
[Epoch: 135/200]
Loss: 0.14590269327163696 | PLCC: 0.873254656791687
Loss: 0.1479048728942871 | PLCC: 0.8712354898452759
Loss: 0.14802749454975128 | PLCC: 0.8710007667541504
Loss: 0.14975297451019287 | PLCC: 0.8695025444030762
Avg PLCC 0.06576334556677577
   [Epoch 135] Train loss: 0.14790
    VAL  F-score 45.603 | MAP50 0.56495 | MAP15 0.22804
[Epoch: 136/200]
Loss: 0.14532184600830078 | PLCC: 0.8728342056274414
Loss: 0.14723087847232819 | PLCC: 0.8734550476074219
Loss: 0.14809921383857727 | PLCC: 0.8706122040748596
Loss: 0.14656014740467072 | PLCC: 0.8727260231971741
Avg PLCC 0.06705072553207476
   [Epoch 136] Train loss: 0.14680
    VAL  F-score 46.077 | MAP50 0.56803 | MAP15 0.22846
[Epoch: 137/200]
Loss: 0.1478937566280365 | PLCC: 0.870507538318634
Loss: 0.1410311758518219 | PLCC: 0.8777164220809937
Loss: 0.1480531394481659 | PLCC: 0.8720117211341858
Loss: 0.14589789509773254 | PLCC: 0.8720086812973022
Avg PLCC 0.06946170637666275
   [Epoch 137] Train loss: 0.14572
    VAL  F-score 45.267 | MAP50 0.56998 | MAP15 0.2334
[Epoch: 138/200]
Loss: 0.147104412317276 | PLCC: 0.8717146515846252
Loss: 0.15871208906173706 | PLCC: 0.8611461520195007
Loss: 0.14000238478183746 | PLCC: 0.8788924217224121
Loss: 0.13025304675102234 | PLCC: 0.8879641890525818
Avg PLCC 0.07027019513770938
   [Epoch 138] Train loss: 0.14402
    VAL  F-score 44.65 | MAP50 0.56878 | MAP15 0.23106
[Epoch: 139/200]
Loss: 0.14636674523353577 | PLCC: 0.8721113801002502
Loss: 0.14694762229919434 | PLCC: 0.8714042901992798
Loss: 0.14202384650707245 | PLCC: 0.8772642016410828
Loss: 0.136819526553154 | PLCC: 0.8817294836044312
Avg PLCC 0.06766329966414945
   [Epoch 139] Train loss: 0.14304
    VAL  F-score 45.454 | MAP50 0.57208 | MAP15 0.22756
[Epoch: 140/200]
Loss: 0.15107400715351105 | PLCC: 0.8684045672416687
Loss: 0.133785679936409 | PLCC: 0.8831121921539307
Loss: 0.13985775411128998 | PLCC: 0.879662811756134
Loss: 0.14950120449066162 | PLCC: 0.8691673278808594
Avg PLCC 0.061875768180470914
   [Epoch 140] Train loss: 0.14355
    VAL  F-score 45.338 | MAP50 0.56752 | MAP15 0.22695
[Epoch: 141/200]
Loss: 0.13633263111114502 | PLCC: 0.8824520111083984
Loss: 0.13308584690093994 | PLCC: 0.8842254877090454
Loss: 0.14538615942001343 | PLCC: 0.8745890259742737
Loss: 0.15488170087337494 | PLCC: 0.8637140393257141
Avg PLCC 0.05911647020592213
   [Epoch 141] Train loss: 0.14242
    VAL  F-score 45.084 | MAP50 0.56554 | MAP15 0.22514
[Epoch: 142/200]
Loss: 0.1418851613998413 | PLCC: 0.8757724165916443
Loss: 0.13684798777103424 | PLCC: 0.8810872435569763
Loss: 0.1434500813484192 | PLCC: 0.875765323638916
Loss: 0.14328695833683014 | PLCC: 0.8756014704704285
Avg PLCC 0.05778546484582352
   [Epoch 142] Train loss: 0.14137
    VAL  F-score 46.095 | MAP50 0.56286 | MAP15 0.22193
[Epoch: 143/200]
Loss: 0.13683800399303436 | PLCC: 0.8827542662620544
Loss: 0.14197203516960144 | PLCC: 0.876690149307251
Loss: 0.13723058998584747 | PLCC: 0.8800535798072815
Loss: 0.14665013551712036 | PLCC: 0.8717073798179626
Avg PLCC 0.05797589076400706
   [Epoch 143] Train loss: 0.14067
    VAL  F-score 46.062 | MAP50 0.56834 | MAP15 0.22511
[Epoch: 144/200]
Loss: 0.1341356486082077 | PLCC: 0.8833967447280884
Loss: 0.1442631185054779 | PLCC: 0.8739849925041199
Loss: 0.13534322381019592 | PLCC: 0.8838270902633667
Loss: 0.14500413835048676 | PLCC: 0.872778594493866
Avg PLCC 0.058241718589808
   [Epoch 144] Train loss: 0.13969
    VAL  F-score 45.449 | MAP50 0.56401 | MAP15 0.22155
[Epoch: 145/200]
Loss: 0.13203877210617065 | PLCC: 0.8864383101463318
Loss: 0.13382789492607117 | PLCC: 0.8837867379188538
Loss: 0.14653630554676056 | PLCC: 0.8714197874069214
Loss: 0.1420646607875824 | PLCC: 0.8767516613006592
Avg PLCC 0.058670552052331695
   [Epoch 145] Train loss: 0.13862
    VAL  F-score 46.375 | MAP50 0.56448 | MAP15 0.22551
[Epoch: 146/200]
Loss: 0.13147085905075073 | PLCC: 0.8855963349342346
Loss: 0.1392204463481903 | PLCC: 0.8800210356712341
Loss: 0.1365642100572586 | PLCC: 0.8814653754234314
Loss: 0.1405964344739914 | PLCC: 0.8767943978309631
Avg PLCC 0.06242051226736018
   [Epoch 146] Train loss: 0.13696
    VAL  F-score 46.251 | MAP50 0.56428 | MAP15 0.22836
[Epoch: 147/200]
Loss: 0.12981624901294708 | PLCC: 0.8873715996742249
Loss: 0.13962627947330475 | PLCC: 0.8780276775360107
Loss: 0.1300426870584488 | PLCC: 0.8878498077392578
Loss: 0.1453879177570343 | PLCC: 0.8737823963165283
Avg PLCC 0.06468365738648131
   [Epoch 147] Train loss: 0.13622
    VAL  F-score 46.385 | MAP50 0.56786 | MAP15 0.22792
[Epoch: 148/200]
Loss: 0.13511621952056885 | PLCC: 0.883189857006073
Loss: 0.13696318864822388 | PLCC: 0.8809809684753418
Loss: 0.13720344007015228 | PLCC: 0.8804095983505249
Loss: 0.1310940384864807 | PLCC: 0.8865911960601807
Avg PLCC 0.06055921649165226
   [Epoch 148] Train loss: 0.13509
    VAL  F-score 45.777 | MAP50 0.56025 | MAP15 0.22782
[Epoch: 149/200]
Loss: 0.12872371077537537 | PLCC: 0.8892791867256165
Loss: 0.13111743330955505 | PLCC: 0.8859447240829468
Loss: 0.13433212041854858 | PLCC: 0.8827997446060181
Loss: 0.14596346020698547 | PLCC: 0.8729952573776245
Avg PLCC 0.05738881123111104
   [Epoch 149] Train loss: 0.13503
    VAL  F-score 45.695 | MAP50 0.55823 | MAP15 0.23112
[Epoch: 150/200]
Loss: 0.14614327251911163 | PLCC: 0.8725852370262146
Loss: 0.12706246972084045 | PLCC: 0.8891138434410095
Loss: 0.12290485203266144 | PLCC: 0.8947635889053345
Loss: 0.1350449174642563 | PLCC: 0.8824805617332458
Avg PLCC 0.058504123988589556
   [Epoch 150] Train loss: 0.13279
    VAL  F-score 45.778 | MAP50 0.56279 | MAP15 0.22843
[Epoch: 151/200]
Loss: 0.13864481449127197 | PLCC: 0.8788171410560608
Loss: 0.13140594959259033 | PLCC: 0.8851316571235657
Loss: 0.13290341198444366 | PLCC: 0.884415864944458
Loss: 0.1305103302001953 | PLCC: 0.8879984021186829
Avg PLCC 0.0596573084917371
   [Epoch 151] Train loss: 0.13337
    VAL  F-score 45.547 | MAP50 0.56498 | MAP15 0.22984
[Epoch: 152/200]
Loss: 0.13636893033981323 | PLCC: 0.8811940550804138
Loss: 0.13154008984565735 | PLCC: 0.8868350982666016
Loss: 0.12268321961164474 | PLCC: 0.8941662311553955
Loss: 0.13203532993793488 | PLCC: 0.8844074010848999
Avg PLCC 0.05871116767185881
   [Epoch 152] Train loss: 0.13066
    VAL  F-score 45.36 | MAP50 0.56256 | MAP15 0.22736
[Epoch: 153/200]
Loss: 0.11980119347572327 | PLCC: 0.8960860371589661
Loss: 0.13710658252239227 | PLCC: 0.8805539608001709
Loss: 0.1385382115840912 | PLCC: 0.8791049718856812
Loss: 0.12333066761493683 | PLCC: 0.893843412399292
Avg PLCC 0.058941475298717814
   [Epoch 153] Train loss: 0.12969
    VAL  F-score 45.155 | MAP50 0.56448 | MAP15 0.22239
[Epoch: 154/200]
Loss: 0.13355669379234314 | PLCC: 0.8841143846511841
Loss: 0.12604637444019318 | PLCC: 0.8912094831466675
Loss: 0.13277536630630493 | PLCC: 0.8845894932746887
Loss: 0.12760816514492035 | PLCC: 0.8885104060173035
Avg PLCC 0.0607025568994383
   [Epoch 154] Train loss: 0.13000
    VAL  F-score 44.595 | MAP50 0.56451 | MAP15 0.22153
[Epoch: 155/200]
Loss: 0.13888657093048096 | PLCC: 0.8787700533866882
Loss: 0.12281883507966995 | PLCC: 0.8947429060935974
Loss: 0.12062117457389832 | PLCC: 0.8948105573654175
Loss: 0.1345883309841156 | PLCC: 0.8822735548019409
Avg PLCC 0.06007807195243059
   [Epoch 155] Train loss: 0.12923
    VAL  F-score 44.821 | MAP50 0.56618 | MAP15 0.2277
[Epoch: 156/200]
Loss: 0.12180925160646439 | PLCC: 0.8941741585731506
Loss: 0.12065828591585159 | PLCC: 0.8963331580162048
Loss: 0.12065029889345169 | PLCC: 0.8953613042831421
Loss: 0.14634154736995697 | PLCC: 0.8726871609687805
Avg PLCC 0.0609515622879068
   [Epoch 156] Train loss: 0.12736
    VAL  F-score 43.682 | MAP50 0.56143 | MAP15 0.22526
[Epoch: 157/200]
Loss: 0.13629677891731262 | PLCC: 0.8818248510360718
Loss: 0.12316104769706726 | PLCC: 0.8929951786994934
Loss: 0.12588661909103394 | PLCC: 0.8914594054222107
Loss: 0.12138170748949051 | PLCC: 0.8935977816581726
Avg PLCC 0.06133506761045393
   [Epoch 157] Train loss: 0.12668
    VAL  F-score 44.018 | MAP50 0.55885 | MAP15 0.22849
[Epoch: 158/200]
Loss: 0.1201990619301796 | PLCC: 0.8956776261329651
Loss: 0.12564031779766083 | PLCC: 0.8908131122589111
Loss: 0.1206500232219696 | PLCC: 0.8953975439071655
Loss: 0.136611670255661 | PLCC: 0.8812711238861084
Avg PLCC 0.0582239603567304
   [Epoch 158] Train loss: 0.12578
    VAL  F-score 43.8 | MAP50 0.55984 | MAP15 0.22755
[Epoch: 159/200]
Loss: 0.12351934611797333 | PLCC: 0.8936165571212769
Loss: 0.13094748556613922 | PLCC: 0.8859294652938843
Loss: 0.12037213891744614 | PLCC: 0.8961241245269775
Loss: 0.12336517125368118 | PLCC: 0.8921509981155396
Avg PLCC 0.057402784738576774
   [Epoch 159] Train loss: 0.12455
    VAL  F-score 44.519 | MAP50 0.55862 | MAP15 0.22547
[Epoch: 160/200]
Loss: 0.1234772801399231 | PLCC: 0.892183244228363
Loss: 0.12810039520263672 | PLCC: 0.8889369964599609
Loss: 0.11726920306682587 | PLCC: 0.899358868598938
Loss: 0.1325911283493042 | PLCC: 0.8843176364898682
Avg PLCC 0.056862186626390074
   [Epoch 160] Train loss: 0.12536
    VAL  F-score 44.82 | MAP50 0.55816 | MAP15 0.22597
[Epoch: 161/200]
Loss: 0.11037997901439667 | PLCC: 0.9054815173149109
Loss: 0.14325179159641266 | PLCC: 0.8733956813812256
Loss: 0.12505270540714264 | PLCC: 0.8920386433601379
Loss: 0.12281206995248795 | PLCC: 0.8931067585945129
Avg PLCC 0.055195595494076384
   [Epoch 161] Train loss: 0.12537
    VAL  F-score 45.787 | MAP50 0.55604 | MAP15 0.22448
[Epoch: 162/200]
Loss: 0.12413933873176575 | PLCC: 0.8925136923789978
Loss: 0.1276056319475174 | PLCC: 0.889376163482666
Loss: 0.12968863546848297 | PLCC: 0.886885404586792
Loss: 0.1157003864645958 | PLCC: 0.9006555676460266
Avg PLCC 0.0573105330254431
   [Epoch 162] Train loss: 0.12428
    VAL  F-score 45.2 | MAP50 0.55776 | MAP15 0.22458
[Epoch: 163/200]
Loss: 0.12233869731426239 | PLCC: 0.8935166001319885
Loss: 0.14352810382843018 | PLCC: 0.8733673691749573
Loss: 0.11638543754816055 | PLCC: 0.9007530808448792
Loss: 0.11177169531583786 | PLCC: 0.9036334156990051
Avg PLCC 0.058737824840301815
   [Epoch 163] Train loss: 0.12351
    VAL  F-score 45.963 | MAP50 0.56158 | MAP15 0.22644
[Epoch: 164/200]
Loss: 0.11540082097053528 | PLCC: 0.8997100591659546
Loss: 0.11968277394771576 | PLCC: 0.8955773711204529
Loss: 0.12645575404167175 | PLCC: 0.890485405921936
Loss: 0.12450046837329865 | PLCC: 0.8921241760253906
Avg PLCC 0.05820774464783343
   [Epoch 164] Train loss: 0.12151
    VAL  F-score 45.804 | MAP50 0.56405 | MAP15 0.22423
[Epoch: 165/200]
Loss: 0.12716007232666016 | PLCC: 0.8889800310134888
Loss: 0.11929390579462051 | PLCC: 0.8977851271629333
Loss: 0.11562514305114746 | PLCC: 0.9005872011184692
Loss: 0.12279237061738968 | PLCC: 0.8930476903915405
Avg PLCC 0.056853084740313614
   [Epoch 165] Train loss: 0.12122
    VAL  F-score 44.934 | MAP50 0.56387 | MAP15 0.22555
[Epoch: 166/200]
Loss: 0.11008404195308685 | PLCC: 0.9059118628501892
Loss: 0.12372057139873505 | PLCC: 0.8922829031944275
Loss: 0.1284756362438202 | PLCC: 0.886745035648346
Loss: 0.12393254041671753 | PLCC: 0.8923775553703308
Avg PLCC 0.05863069374622269
   [Epoch 166] Train loss: 0.12155
    VAL  F-score 44.945 | MAP50 0.56341 | MAP15 0.2279
[Epoch: 167/200]
Loss: 0.12476590275764465 | PLCC: 0.8923995494842529
Loss: 0.11815791577100754 | PLCC: 0.8984272480010986
Loss: 0.11706994473934174 | PLCC: 0.8983620405197144
Loss: 0.1189362183213234 | PLCC: 0.8969875574111938
Avg PLCC 0.058567989585836505
   [Epoch 167] Train loss: 0.11973
    VAL  F-score 45.233 | MAP50 0.56353 | MAP15 0.22467
[Epoch: 168/200]
Loss: 0.12782886624336243 | PLCC: 0.8897028565406799
Loss: 0.1135244145989418 | PLCC: 0.9012776613235474
Loss: 0.12772463262081146 | PLCC: 0.8880115747451782
Loss: 0.10905344784259796 | PLCC: 0.9052126407623291
Avg PLCC 0.05959630211476575
   [Epoch 168] Train loss: 0.11953
    VAL  F-score 45.151 | MAP50 0.56252 | MAP15 0.22564
[Epoch: 169/200]
Loss: 0.12736374139785767 | PLCC: 0.8886713981628418
Loss: 0.10990241914987564 | PLCC: 0.9055447578430176
Loss: 0.12045594304800034 | PLCC: 0.8967265486717224
Loss: 0.11954464018344879 | PLCC: 0.8961073160171509
Avg PLCC 0.060135715937411245
   [Epoch 169] Train loss: 0.11932
    VAL  F-score 45.16 | MAP50 0.56202 | MAP15 0.22574
[Epoch: 170/200]
Loss: 0.1101236343383789 | PLCC: 0.9050864577293396
Loss: 0.11522126197814941 | PLCC: 0.8996883630752563
Loss: 0.1222052350640297 | PLCC: 0.8936573266983032
Loss: 0.12826544046401978 | PLCC: 0.8878894448280334
Avg PLCC 0.056801658681114066
   [Epoch 170] Train loss: 0.11895
    VAL  F-score 45.405 | MAP50 0.56192 | MAP15 0.22614
[Epoch: 171/200]
Loss: 0.1139778345823288 | PLCC: 0.9018136858940125
Loss: 0.11101362854242325 | PLCC: 0.9042587280273438
Loss: 0.12975063920021057 | PLCC: 0.8877931833267212
Loss: 0.11062239110469818 | PLCC: 0.9038756489753723
Avg PLCC 0.05577935245960499
   [Epoch 171] Train loss: 0.11634
    VAL  F-score 44.977 | MAP50 0.56322 | MAP15 0.22678
[Epoch: 172/200]
Loss: 0.12718689441680908 | PLCC: 0.888989269733429
Loss: 0.11032675951719284 | PLCC: 0.9052857756614685
Loss: 0.12448666989803314 | PLCC: 0.8909916281700134
Loss: 0.10484729707241058 | PLCC: 0.9093441963195801
Avg PLCC 0.058597004182185185
   [Epoch 172] Train loss: 0.11671
    VAL  F-score 45.038 | MAP50 0.56338 | MAP15 0.22803
[Epoch: 173/200]
Loss: 0.11390785127878189 | PLCC: 0.9017544388771057
Loss: 0.12127289921045303 | PLCC: 0.8955455422401428
Loss: 0.11013954132795334 | PLCC: 0.9042416214942932
Loss: 0.11869505047798157 | PLCC: 0.8964030146598816
Avg PLCC 0.059755035168067974
   [Epoch 173] Train loss: 0.11600
    VAL  F-score 45.075 | MAP50 0.56394 | MAP15 0.22842
[Epoch: 174/200]
Loss: 0.11427883058786392 | PLCC: 0.9016600251197815
Loss: 0.11334913969039917 | PLCC: 0.9019606709480286
Loss: 0.12155839055776596 | PLCC: 0.894291341304779
Loss: 0.1111786961555481 | PLCC: 0.9031245708465576
Avg PLCC 0.057474050162868065
   [Epoch 174] Train loss: 0.11509
    VAL  F-score 45.055 | MAP50 0.5603 | MAP15 0.22741
[Epoch: 175/200]
Loss: 0.10852674394845963 | PLCC: 0.9059520363807678
Loss: 0.1276673972606659 | PLCC: 0.8888074159622192
Loss: 0.11784661561250687 | PLCC: 0.8979275822639465
Loss: 0.10579431802034378 | PLCC: 0.9086238741874695
Avg PLCC 0.05656606258090698
   [Epoch 175] Train loss: 0.11496
    VAL  F-score 44.869 | MAP50 0.55941 | MAP15 0.22666
[Epoch: 176/200]
Loss: 0.1177227795124054 | PLCC: 0.8978769779205322
Loss: 0.09691736847162247 | PLCC: 0.9170788526535034
Loss: 0.11838453263044357 | PLCC: 0.897022545337677
Loss: 0.12498147785663605 | PLCC: 0.8908331990242004
Avg PLCC 0.055489652028137985
   [Epoch 176] Train loss: 0.11450
    VAL  F-score 45.42 | MAP50 0.55875 | MAP15 0.22451
[Epoch: 177/200]
Loss: 0.10881049931049347 | PLCC: 0.9063312411308289
Loss: 0.10977603495121002 | PLCC: 0.905146598815918
Loss: 0.11793069541454315 | PLCC: 0.8974147439002991
Loss: 0.11943451315164566 | PLCC: 0.8954852223396301
Avg PLCC 0.05182392438026992
   [Epoch 177] Train loss: 0.11399
    VAL  F-score 45.462 | MAP50 0.55882 | MAP15 0.22322
[Epoch: 178/200]
Loss: 0.12034404277801514 | PLCC: 0.8948043584823608
Loss: 0.1131875216960907 | PLCC: 0.9017872214317322
Loss: 0.10736938565969467 | PLCC: 0.9076923131942749
Loss: 0.10984403640031815 | PLCC: 0.9051910638809204
Avg PLCC 0.04971434147746274
   [Epoch 178] Train loss: 0.11269
    VAL  F-score 44.697 | MAP50 0.55808 | MAP15 0.22192
[Epoch: 179/200]
Loss: 0.10636600852012634 | PLCC: 0.9074916839599609
Loss: 0.10791955143213272 | PLCC: 0.9068587422370911
Loss: 0.1159878671169281 | PLCC: 0.8989061117172241
Loss: 0.1185651496052742 | PLCC: 0.8975734710693359
Avg PLCC 0.04835970095838561
   [Epoch 179] Train loss: 0.11221
    VAL  F-score 45.889 | MAP50 0.55616 | MAP15 0.2241
[Epoch: 180/200]
Loss: 0.10635555535554886 | PLCC: 0.9082081317901611
Loss: 0.10095757991075516 | PLCC: 0.9129620790481567
Loss: 0.12222573906183243 | PLCC: 0.8944252133369446
Loss: 0.12187431007623672 | PLCC: 0.893448531627655
Avg PLCC 0.04808302816342224
   [Epoch 180] Train loss: 0.11285
    VAL  F-score 45.372 | MAP50 0.55503 | MAP15 0.22214
[Epoch: 181/200]
Loss: 0.11287859827280045 | PLCC: 0.9026045799255371
Loss: 0.10628119111061096 | PLCC: 0.9075667858123779
Loss: 0.11153967678546906 | PLCC: 0.9033638834953308
Loss: 0.11464989185333252 | PLCC: 0.9001405835151672
Avg PLCC 0.04979062555922252
   [Epoch 181] Train loss: 0.11134
    VAL  F-score 44.911 | MAP50 0.56159 | MAP15 0.22537
[Epoch: 182/200]
Loss: 0.11475314199924469 | PLCC: 0.9003307223320007
Loss: 0.10763753205537796 | PLCC: 0.9068282246589661
Loss: 0.11809608340263367 | PLCC: 0.898342490196228
Loss: 0.10130957514047623 | PLCC: 0.912479043006897
Avg PLCC 0.05110359479757873
   [Epoch 182] Train loss: 0.11045
    VAL  F-score 44.751 | MAP50 0.56042 | MAP15 0.22599
[Epoch: 183/200]
Loss: 0.10642363876104355 | PLCC: 0.9079372882843018
Loss: 0.10917682200670242 | PLCC: 0.9051549434661865
Loss: 0.1143253818154335 | PLCC: 0.9008254408836365
Loss: 0.11038284748792648 | PLCC: 0.9045125842094421
Avg PLCC 0.050477140935871634
   [Epoch 183] Train loss: 0.11008
    VAL  F-score 44.592 | MAP50 0.56425 | MAP15 0.22628
[Epoch: 184/200]
Loss: 0.11233851313591003 | PLCC: 0.9034071564674377
Loss: 0.10588029026985168 | PLCC: 0.9083448052406311
Loss: 0.11178502440452576 | PLCC: 0.9022217392921448
Loss: 0.10563244670629501 | PLCC: 0.9087851643562317
Avg PLCC 0.050402056482253654
   [Epoch 184] Train loss: 0.10891
    VAL  F-score 44.474 | MAP50 0.56119 | MAP15 0.22536
[Epoch: 185/200]
Loss: 0.10412880778312683 | PLCC: 0.9105690717697144
Loss: 0.10514510422945023 | PLCC: 0.9090334177017212
Loss: 0.11683729290962219 | PLCC: 0.8980375528335571
Loss: 0.11444781720638275 | PLCC: 0.9001657366752625
Avg PLCC 0.05000912180791298
   [Epoch 185] Train loss: 0.11014
    VAL  F-score 44.283 | MAP50 0.56618 | MAP15 0.23145
[Epoch: 186/200]
Loss: 0.10711958259344101 | PLCC: 0.9078363180160522
Loss: 0.11379449814558029 | PLCC: 0.9008827209472656
Loss: 0.10738129913806915 | PLCC: 0.9068009257316589
Loss: 0.10952813923358917 | PLCC: 0.9058113694190979
Avg PLCC 0.049984387093872734
   [Epoch 186] Train loss: 0.10946
    VAL  F-score 45.075 | MAP50 0.56755 | MAP15 0.23245
[Epoch: 187/200]
Loss: 0.10140010714530945 | PLCC: 0.9125012755393982
Loss: 0.10276737809181213 | PLCC: 0.9108017086982727
Loss: 0.10800879448652267 | PLCC: 0.9066688418388367
Loss: 0.12376648932695389 | PLCC: 0.8921958208084106
Avg PLCC 0.051982382157196604
   [Epoch 187] Train loss: 0.10899
    VAL  F-score 45.404 | MAP50 0.56445 | MAP15 0.22756
[Epoch: 188/200]
Loss: 0.1116626113653183 | PLCC: 0.90310138463974
Loss: 0.10531964898109436 | PLCC: 0.9092509150505066
Loss: 0.10744991898536682 | PLCC: 0.907009482383728
Loss: 0.10465925186872482 | PLCC: 0.9092501997947693
Avg PLCC 0.051902018007681225
   [Epoch 188] Train loss: 0.10727
    VAL  F-score 44.891 | MAP50 0.56296 | MAP15 0.22576
[Epoch: 189/200]
Loss: 0.11175082623958588 | PLCC: 0.9031785130500793
Loss: 0.10457192361354828 | PLCC: 0.9097452163696289
Loss: 0.10276371240615845 | PLCC: 0.9102670550346375
Loss: 0.10890861600637436 | PLCC: 0.9056758880615234
Avg PLCC 0.04867605574316147
   [Epoch 189] Train loss: 0.10700
    VAL  F-score 45.464 | MAP50 0.56083 | MAP15 0.22056
[Epoch: 190/200]
Loss: 0.10384995490312576 | PLCC: 0.9102312922477722
Loss: 0.1148638054728508 | PLCC: 0.9004247784614563
Loss: 0.09934491664171219 | PLCC: 0.9141022562980652
Loss: 0.1072809249162674 | PLCC: 0.9074153900146484
Avg PLCC 0.04979000624382135
   [Epoch 190] Train loss: 0.10633
    VAL  F-score 45.934 | MAP50 0.56246 | MAP15 0.22024
[Epoch: 191/200]
Loss: 0.10837603360414505 | PLCC: 0.9052138924598694
Loss: 0.10754077136516571 | PLCC: 0.9073762893676758
Loss: 0.09613809734582901 | PLCC: 0.916793704032898
Loss: 0.113650381565094 | PLCC: 0.9015073180198669
Avg PLCC 0.053663204125989454
   [Epoch 191] Train loss: 0.10643
    VAL  F-score 46.045 | MAP50 0.56438 | MAP15 0.22304
[Epoch: 192/200]
Loss: 0.11658462136983871 | PLCC: 0.8979110717773438
Loss: 0.09956119954586029 | PLCC: 0.914775550365448
Loss: 0.10684556514024734 | PLCC: 0.9074154496192932
Loss: 0.10151787102222443 | PLCC: 0.9127300381660461
Avg PLCC 0.051631180640084276
   [Epoch 192] Train loss: 0.10613
    VAL  F-score 45.632 | MAP50 0.56544 | MAP15 0.22654
[Epoch: 193/200]
Loss: 0.10905653238296509 | PLCC: 0.9055774807929993
Loss: 0.10372219979763031 | PLCC: 0.9095427393913269
Loss: 0.10142357647418976 | PLCC: 0.9125255346298218
Loss: 0.10779938101768494 | PLCC: 0.9065912365913391
Avg PLCC 0.048887272838108016
   [Epoch 193] Train loss: 0.10550
    VAL  F-score 45.042 | MAP50 0.56245 | MAP15 0.22541
[Epoch: 194/200]
Loss: 0.11107898503541946 | PLCC: 0.9033526182174683
Loss: 0.10760661959648132 | PLCC: 0.9069570302963257
Loss: 0.10234455019235611 | PLCC: 0.911988377571106
Loss: 0.0973462462425232 | PLCC: 0.9161909818649292
Avg PLCC 0.04879373151131652
   [Epoch 194] Train loss: 0.10459
    VAL  F-score 44.624 | MAP50 0.56443 | MAP15 0.22362
[Epoch: 195/200]
Loss: 0.09574496001005173 | PLCC: 0.9175615310668945
Loss: 0.11366346478462219 | PLCC: 0.9011254906654358
Loss: 0.09498760849237442 | PLCC: 0.9178597927093506
Loss: 0.11347706615924835 | PLCC: 0.9010288119316101
Avg PLCC 0.047735627430180706
   [Epoch 195] Train loss: 0.10447
    VAL  F-score 44.624 | MAP50 0.5646 | MAP15 0.22721
[Epoch: 196/200]
Loss: 0.08991547673940659 | PLCC: 0.9226309061050415
Loss: 0.10938452184200287 | PLCC: 0.9045346975326538
Loss: 0.1067509651184082 | PLCC: 0.907927930355072
Loss: 0.11024376004934311 | PLCC: 0.9048177003860474
Avg PLCC 0.032363046553324566
   [Epoch 196] Train loss: 0.10407
    VAL  F-score 44.215 | MAP50 0.56414 | MAP15 0.22827
[Epoch: 197/200]
Loss: 0.10191192477941513 | PLCC: 0.9113889336585999
Loss: 0.10686974227428436 | PLCC: 0.9071655869483948
Loss: 0.09823941439390182 | PLCC: 0.9156627655029297
Loss: 0.1059928685426712 | PLCC: 0.9080515503883362
Avg PLCC 0.02893022262971058
   [Epoch 197] Train loss: 0.10325
    VAL  F-score 45.023 | MAP50 0.56304 | MAP15 0.23288
[Epoch: 198/200]
Loss: 0.09668334573507309 | PLCC: 0.9164353609085083
Loss: 0.1038130521774292 | PLCC: 0.9090517163276672
Loss: 0.11473498493432999 | PLCC: 0.9000287055969238
Loss: 0.09695710986852646 | PLCC: 0.9173920750617981
Avg PLCC 0.031969089249755736
   [Epoch 198] Train loss: 0.10305
    VAL  F-score 45.286 | MAP50 0.56196 | MAP15 0.23128
[Epoch: 199/200]
Loss: 0.09911923110485077 | PLCC: 0.9142884612083435
Loss: 0.10174838453531265 | PLCC: 0.911990761756897
Loss: 0.10773438960313797 | PLCC: 0.9066615104675293
Loss: 0.09828197956085205 | PLCC: 0.9148626327514648
Avg PLCC 0.04132915666736098
   [Epoch 199] Train loss: 0.10172
    VAL  F-score 45.958 | MAP50 0.55919 | MAP15 0.23
   Best Val F1 score 53.393 @ epoch1
   Best Val MAP-50   0.59126 @ epoch21
   Best Val MAP-15   0.26431 @ epoch13
   Best Val PLCC   0.099022 @ epoch21

Testing Model:  Summaries/SL_module/dev/best_f1score_model/best_f1.pkl
Device:  cuda:0
------------------------------------------------------
   TEST RESULT on Summaries/SL_module/dev/best_f1score_model/best_f1.pkl: 
   TEST MRHiSum F-score 49.542 | MAP50 0.53672 | MAP15 0.22328
------------------------------------------------------
Testing Model:  Summaries/SL_module/dev/best_mAP50_model/best_map50.pkl
Device:  cuda:0
------------------------------------------------------
   TEST RESULT on Summaries/SL_module/dev/best_mAP50_model/best_map50.pkl: 
   TEST MRHiSum F-score 46.568 | MAP50 0.55595 | MAP15 0.21946
------------------------------------------------------
Testing Model:  Summaries/SL_module/dev/best_mAP15_model/best_map15.pkl
Device:  cuda:0
------------------------------------------------------
   TEST RESULT on Summaries/SL_module/dev/best_mAP15_model/best_map15.pkl: 
   TEST MRHiSum F-score 50.326 | MAP50 0.56262 | MAP15 0.24078
------------------------------------------------------
