Device being used: cuda:0
Number of train videos: 493, train keys: ['video_15446', 'video_28524', 'video_17946', 'video_23782', 'video_28531', 'video_2286', 'video_24593', 'video_13864', 'video_21008', 'video_1198', 'video_21003', 'video_22350', 'video_12846', 'video_2293', 'video_11584', 'video_24511', 'video_2295', 'video_27372', 'video_4974', 'video_15062', 'video_24956', 'video_12643', 'video_1849', 'video_13830', 'video_28526', 'video_15060', 'video_13836', 'video_24979', 'video_14727', 'video_27387', 'video_12841', 'video_2287', 'video_22369', 'video_2289', 'video_22360', 'video_5738', 'video_17939', 'video_22368', 'video_1860', 'video_28521', 'video_5740', 'video_4962', 'video_4960', 'video_4968', 'video_19216', 'video_23793', 'video_14732', 'video_19218', 'video_1851', 'video_11559', 'video_12644', 'video_11574', 'video_12844', 'video_13835', 'video_4973', 'video_15057', 'video_1188', 'video_15452', 'video_15447', 'video_14725', 'video_15055', 'video_22358', 'video_20988', 'video_1197', 'video_18851', 'video_28505', 'video_5748', 'video_15449', 'video_15184', 'video_1184', 'video_4971', 'video_23781', 'video_13871', 'video_13885', 'video_15181', 'video_2288', 'video_14736', 'video_11565', 'video_28512', 'video_12860', 'video_14735', 'video_28502', 'video_20991', 'video_2285', 'video_11585', 'video_15448', 'video_17927', 'video_1858', 'video_27386', 'video_12850', 'video_5749', 'video_1191', 'video_1196', 'video_21014', 'video_28516', 'video_14726', 'video_13867', 'video_12660', 'video_20992', 'video_28523', 'video_24523', 'video_1856', 'video_24978', 'video_1200', 'video_13869', 'video_13831', 'video_28508', 'video_28497', 'video_11571', 'video_15172', 'video_28513', 'video_18845', 'video_23785', 'video_24962', 'video_19212', 'video_15170', 'video_15166', 'video_1855', 'video_21012', 'video_14734', 'video_13868', 'video_1863', 'video_17936', 'video_1857', 'video_24517', 'video_24520', 'video_20989', 'video_18857', 'video_14721', 'video_12848', 'video_23798', 'video_14720', 'video_1193', 'video_22361', 'video_28506', 'video_18859', 'video_19208', 'video_12646', 'video_27375', 'video_15180', 'video_24954', 'video_11575', 'video_13879', 'video_20990', 'video_14719', 'video_15442', 'video_11581', 'video_11582', 'video_21015', 'video_21010', 'video_23776', 'video_12648', 'video_13876', 'video_18860', 'video_27374', 'video_12658', 'video_15167', 'video_4970', 'video_27381', 'video_24961', 'video_24968', 'video_24963', 'video_15059', 'video_15185', 'video_1181', 'video_28499', 'video_13841', 'video_28520', 'video_24952', 'video_24967', 'video_14741', 'video_21000', 'video_13880', 'video_5739', 'video_15441', 'video_12858', 'video_28533', 'video_11569', 'video_1866', 'video_2296', 'video_15178', 'video_21001', 'video_24969', 'video_12656', 'video_17944', 'video_17943', 'video_22367', 'video_24970', 'video_27383', 'video_22355', 'video_22365', 'video_4976', 'video_15051', 'video_19209', 'video_17945', 'video_23777', 'video_13832', 'video_14729', 'video_18852', 'video_14724', 'video_12647', 'video_26936', 'video_18864', 'video_5752', 'video_28504', 'video_11563', 'video_13870', 'video_28500', 'video_1182', 'video_24592', 'video_24586', 'video_13877', 'video_17937', 'video_12650', 'video_12843', 'video_12840', 'video_23786', 'video_1183', 'video_14718', 'video_14740', 'video_20995', 'video_19207', 'video_12836', 'video_23790', 'video_18854', 'video_28511', 'video_17932', 'video_12854', 'video_14717', 'video_12645', 'video_12845', 'video_15450', 'video_2290', 'video_28517', 'video_23788', 'video_12842', 'video_12839', 'video_11561', 'video_13837', 'video_23778', 'video_26941', 'video_12859', 'video_19214', 'video_1195', 'video_23784', 'video_5746', 'video_21011', 'video_15169', 'video_1854', 'video_5742', 'video_1194', 'video_24529', 'video_28507', 'video_18856', 'video_24973', 'video_23801', 'video_14737', 'video_13884', 'video_23789', 'video_24584', 'video_2298', 'video_28496', 'video_24960', 'video_20993', 'video_19219', 'video_26944', 'video_18863', 'video_24512', 'video_20997', 'video_1189', 'video_24966', 'video_1199', 'video_24519', 'video_28518', 'video_4963', 'video_23779', 'video_12654', 'video_23799', 'video_26942', 'video_26945', 'video_12857', 'video_28498', 'video_12663', 'video_2292', 'video_13886', 'video_13878', 'video_24591', 'video_15183', 'video_1187', 'video_11573', 'video_5747', 'video_21007', 'video_2294', 'video_28509', 'video_11577', 'video_13874', 'video_18849', 'video_13872', 'video_4967', 'video_13834', 'video_26937', 'video_19210', 'video_19213', 'video_23794', 'video_1862', 'video_17947', 'video_23787', 'video_15174', 'video_15177', 'video_18853', 'video_12653', 'video_18846', 'video_15053', 'video_12666', 'video_21002', 'video_24949', 'video_14730', 'video_18848', 'video_24509', 'video_18858', 'video_24953', 'video_18855', 'video_17942', 'video_11580', 'video_5741', 'video_24585', 'video_1186', 'video_12641', 'video_28522', 'video_22351', 'video_24510', 'video_24976', 'video_24972', 'video_15058', 'video_12655', 'video_22364', 'video_24515', 'video_12651', 'video_23783', 'video_1859', 'video_27382', 'video_13866', 'video_27378', 'video_12856', 'video_21004', 'video_17929', 'video_24514', 'video_28514', 'video_11578', 'video_4965', 'video_24971', 'video_20998', 'video_24974', 'video_28534', 'video_28525', 'video_2291', 'video_15168', 'video_17940', 'video_27371', 'video_14733', 'video_24955', 'video_24513', 'video_4966', 'video_14738', 'video_22354', 'video_12665', 'video_17928', 'video_1850', 'video_19215', 'video_11570', 'video_24975', 'video_11567', 'video_12863', 'video_4975', 'video_12851', 'video_24589', 'video_24950', 'video_13883', 'video_28530', 'video_28510', 'video_13881', 'video_2300', 'video_4979', 'video_24964', 'video_15445', 'video_15182', 'video_11576', 'video_17938', 'video_2297', 'video_22352', 'video_1192', 'video_18862', 'video_5753', 'video_19217', 'video_17933', 'video_12662', 'video_24957', 'video_27377', 'video_17941', 'video_17930', 'video_27373', 'video_24959', 'video_22349', 'video_24590', 'video_24516', 'video_1185', 'video_22372', 'video_4964', 'video_28515', 'video_15173', 'video_28527', 'video_4969', 'video_5743', 'video_11579', 'video_17931', 'video_18847', 'video_2299', 'video_14739', 'video_12667', 'video_20994', 'video_13873', 'video_17935', 'video_12664', 'video_27376', 'video_15061', 'video_12847', 'video_4959', 'video_28529', 'video_12849', 'video_24527', 'video_24526', 'video_15453', 'video_11566', 'video_15176', 'video_4961', 'video_17926', 'video_24965', 'video_27384', 'video_26940', 'video_2301', 'video_12837', 'video_22357', 'video_26938', 'video_21005', 'video_12861', 'video_24521', 'video_23780', 'video_21013', 'video_5744', 'video_23797', 'video_28532', 'video_26939', 'video_14722', 'video_4972', 'video_11572', 'video_12862', 'video_20996', 'video_2302', 'video_5750', 'video_12652', 'video_11564', 'video_4977', 'video_22362', 'video_13802', 'video_23796', 'video_12657', 'video_24528', 'video_13833', 'video_13838', 'video_24588', 'video_13829', 'video_15451', 'video_24977', 'video_19205', 'video_28528', 'video_28503', 'video_27379', 'video_13882', 'video_13840', 'video_22363', 'video_22359', 'video_15056', 'video_28519', 'video_21009', 'video_28501', 'video_22356', 'video_24525', 'video_18861', 'video_12838', 'video_4980', 'video_21006', 'video_24583', 'video_15171']
Number of val videos: 33, val keys: ['video_12853', 'video_20999', 'video_18850', 'video_5751', 'video_1864', 'video_15179', 'video_5745', 'video_23795', 'video_24524', 'video_13839', 'video_5754', 'video_15443', 'video_17934', 'video_15186', 'video_12852', 'video_1861', 'video_13865', 'video_26943', 'video_14723', 'video_11562', 'video_1852', 'video_19211', 'video_22370', 'video_4978', 'video_15444', 'video_22353', 'video_4981', 'video_15054', 'video_12855', 'video_15175', 'video_1848', 'video_12661', 'video_23791']
Number of test videos: 29, test keys: ['video_13875', 'video_11560', 'video_12642', 'video_11568', 'video_26935', 'video_12659', 'video_22366', 'video_19206', 'video_24522', 'video_13842', 'video_11583', 'video_24951', 'video_24587', 'video_24582', 'video_1853', 'video_27380', 'video_15454', 'video_1865', 'video_14731', 'video_23800', 'video_23792', 'video_27385', 'video_1190', 'video_12649', 'video_14728', 'video_15052', 'video_22371', 'video_24518', 'video_24958']
[Epoch: 0/200 ]
Loss: 1.1767512559890747 | PLCC: 0.018660902976989746
Loss: 1.214423656463623 | PLCC: -0.018653035163879395
Loss: 1.2021597623825073 | PLCC: -0.0035175085067749023
Loss: 1.194466471672058 | PLCC: 0.0027576684951782227
Avg PLCC -0.01899207170054345
   [Epoch 0] Train loss: 1.19695
    VAL  F-score 44.085 | MAP50 0.54563 | MAP15 0.25308
[Epoch: 1/200 ]
Loss: 1.1612080335617065 | PLCC: 0.02966099977493286
Loss: 1.188840627670288 | PLCC: 0.00451582670211792
Loss: 1.1326777935028076 | PLCC: 0.05095189809799194
Loss: 1.1220778226852417 | PLCC: 0.0662766695022583
Avg PLCC -0.017460024407641453
   [Epoch 1] Train loss: 1.15120
    VAL  F-score 43.269 | MAP50 0.54246 | MAP15 0.2521
[Epoch: 2/200 ]
Loss: 1.1461857557296753 | PLCC: 0.03979635238647461
Loss: 1.1481373310089111 | PLCC: 0.0359034538269043
Loss: 1.119731068611145 | PLCC: 0.062334418296813965
Loss: 1.096684455871582 | PLCC: 0.08657693862915039
Avg PLCC -0.014755808790637688
   [Epoch 2] Train loss: 1.12768
    VAL  F-score 42.83 | MAP50 0.5414 | MAP15 0.25365
[Epoch: 3/200 ]
Loss: 1.1094257831573486 | PLCC: 0.07131022214889526
Loss: 1.1161630153656006 | PLCC: 0.062048256397247314
Loss: 1.074750542640686 | PLCC: 0.09867268800735474
Loss: 1.06663179397583 | PLCC: 0.11580735445022583
Avg PLCC -0.011539246251975948
   [Epoch 3] Train loss: 1.09174
    VAL  F-score 42.233 | MAP50 0.5394 | MAP15 0.25011
[Epoch: 4/200 ]
Loss: 1.0618441104888916 | PLCC: 0.11031335592269897
Loss: 1.0848376750946045 | PLCC: 0.09108853340148926
Loss: 1.0848541259765625 | PLCC: 0.09076273441314697
Loss: 1.0296059846878052 | PLCC: 0.13912063837051392
Avg PLCC -0.0073467546537744274
   [Epoch 4] Train loss: 1.06529
    VAL  F-score 42.393 | MAP50 0.53885 | MAP15 0.25025
[Epoch: 5/200 ]
Loss: 1.0589468479156494 | PLCC: 0.1121777892112732
Loss: 1.0295387506484985 | PLCC: 0.1389148235321045
Loss: 1.0407941341400146 | PLCC: 0.12610924243927002
Loss: 1.0451418161392212 | PLCC: 0.12522077560424805
Avg PLCC -0.0033611479606902735
   [Epoch 5] Train loss: 1.04361
    VAL  F-score 41.527 | MAP50 0.53995 | MAP15 0.24685
[Epoch: 6/200 ]
Loss: 1.0046665668487549 | PLCC: 0.15603601932525635
Loss: 0.9919192790985107 | PLCC: 0.1739562749862671
Loss: 1.0344221591949463 | PLCC: 0.13714361190795898
Loss: 1.0515460968017578 | PLCC: 0.11213558912277222
Avg PLCC 0.0007630081169984558
   [Epoch 6] Train loss: 1.02064
    VAL  F-score 40.538 | MAP50 0.54092 | MAP15 0.24687
[Epoch: 7/200 ]
Loss: 0.973194420337677 | PLCC: 0.19370442628860474
Loss: 1.0190861225128174 | PLCC: 0.14158129692077637
Loss: 0.9782368540763855 | PLCC: 0.17985963821411133
Loss: 1.0175418853759766 | PLCC: 0.14180809259414673
Avg PLCC 0.004562888386179552
   [Epoch 7] Train loss: 0.99701
    VAL  F-score 39.467 | MAP50 0.54216 | MAP15 0.24487
[Epoch: 8/200 ]
Loss: 0.9855936765670776 | PLCC: 0.17320609092712402
Loss: 0.9590741991996765 | PLCC: 0.19736582040786743
Loss: 0.9799837470054626 | PLCC: 0.17810988426208496
Loss: 0.9657355546951294 | PLCC: 0.1923961639404297
Avg PLCC 0.008881433344813007
   [Epoch 8] Train loss: 0.97260
    VAL  F-score 40.04 | MAP50 0.54636 | MAP15 0.24691
[Epoch: 9/200 ]
Loss: 0.9912415742874146 | PLCC: 0.16850817203521729
Loss: 0.9799774885177612 | PLCC: 0.16905814409255981
Loss: 0.9109073877334595 | PLCC: 0.23875099420547485
Loss: 0.9002634286880493 | PLCC: 0.25523680448532104
Avg PLCC 0.01365806058156798
   [Epoch 9] Train loss: 0.94560
    VAL  F-score 40.335 | MAP50 0.54732 | MAP15 0.25144
[Epoch: 10/200]
Loss: 0.9531369805335999 | PLCC: 0.196586012840271
Loss: 0.9555163383483887 | PLCC: 0.2009788155555725
Loss: 0.902944028377533 | PLCC: 0.24758213758468628
Loss: 0.932246208190918 | PLCC: 0.22080254554748535
Avg PLCC 0.018708773098434463
   [Epoch 10] Train loss: 0.93596
    VAL  F-score 39.851 | MAP50 0.54869 | MAP15 0.2549
[Epoch: 11/200]
Loss: 0.9352387189865112 | PLCC: 0.21323931217193604
Loss: 0.9270957708358765 | PLCC: 0.22039753198623657
Loss: 0.8681411743164062 | PLCC: 0.27797794342041016
Loss: 0.9234182238578796 | PLCC: 0.22682398557662964
Avg PLCC 0.02303236759634632
   [Epoch 11] Train loss: 0.91347
    VAL  F-score 39.946 | MAP50 0.5487 | MAP15 0.25511
[Epoch: 12/200]
Loss: 0.9217358827590942 | PLCC: 0.23145872354507446
Loss: 0.898004412651062 | PLCC: 0.24385184049606323
Loss: 0.8570417761802673 | PLCC: 0.2838570475578308
Loss: 0.9092111587524414 | PLCC: 0.23897922039031982
Avg PLCC 0.026241880785109417
   [Epoch 12] Train loss: 0.89650
    VAL  F-score 39.821 | MAP50 0.54902 | MAP15 0.254
[Epoch: 13/200]
Loss: 0.8732452392578125 | PLCC: 0.2648129463195801
Loss: 0.8820429444313049 | PLCC: 0.2640331983566284
Loss: 0.889661967754364 | PLCC: 0.255648136138916
Loss: 0.8572200536727905 | PLCC: 0.2862844467163086
Avg PLCC 0.028920282214654213
   [Epoch 13] Train loss: 0.87554
    VAL  F-score 39.845 | MAP50 0.55024 | MAP15 0.25532
[Epoch: 14/200]
Loss: 0.885104775428772 | PLCC: 0.252519428730011
Loss: 0.8756069540977478 | PLCC: 0.27124059200286865
Loss: 0.8759272694587708 | PLCC: 0.2663944959640503
Loss: 0.7828781008720398 | PLCC: 0.3509034514427185
Avg PLCC 0.03131137429877664
   [Epoch 14] Train loss: 0.85488
    VAL  F-score 39.681 | MAP50 0.55185 | MAP15 0.25568
[Epoch: 15/200]
Loss: 0.8149199485778809 | PLCC: 0.3196108341217041
Loss: 0.832290530204773 | PLCC: 0.30503904819488525
Loss: 0.8315043449401855 | PLCC: 0.30898404121398926
Loss: 0.9087003469467163 | PLCC: 0.23254799842834473
Avg PLCC 0.033149818212471226
   [Epoch 15] Train loss: 0.84685
    VAL  F-score 39.74 | MAP50 0.5534 | MAP15 0.2562
[Epoch: 16/200]
Loss: 0.8301041722297668 | PLCC: 0.3057366609573364
Loss: 0.8284411430358887 | PLCC: 0.30689340829849243
Loss: 0.8493279218673706 | PLCC: 0.29260754585266113
Loss: 0.7990103363990784 | PLCC: 0.33353281021118164
Avg PLCC 0.03475625471522411
   [Epoch 16] Train loss: 0.82672
    VAL  F-score 39.666 | MAP50 0.55401 | MAP15 0.25625
[Epoch: 17/200]
Loss: 0.8168768286705017 | PLCC: 0.31954169273376465
Loss: 0.8026459813117981 | PLCC: 0.3310812711715698
Loss: 0.786736011505127 | PLCC: 0.3478114604949951
Loss: 0.851645827293396 | PLCC: 0.28326094150543213
Avg PLCC 0.035529442060964575
   [Epoch 17] Train loss: 0.81448
    VAL  F-score 39.196 | MAP50 0.5529 | MAP15 0.2582
[Epoch: 18/200]
Loss: 0.8154900670051575 | PLCC: 0.3214370012283325
Loss: 0.742017388343811 | PLCC: 0.3847076892852783
Loss: 0.8516761660575867 | PLCC: 0.2782202959060669
Loss: 0.8082647323608398 | PLCC: 0.33030641078948975
Avg PLCC 0.03649179681352424
   [Epoch 18] Train loss: 0.80436
    VAL  F-score 39.075 | MAP50 0.55279 | MAP15 0.2559
[Epoch: 19/200]
Loss: 0.7768616080284119 | PLCC: 0.354955792427063
Loss: 0.7625962495803833 | PLCC: 0.3680674433708191
Loss: 0.7791354656219482 | PLCC: 0.3507276177406311
Loss: 0.8006314635276794 | PLCC: 0.32702434062957764
Avg PLCC 0.03751162504495093
   [Epoch 19] Train loss: 0.77981
    VAL  F-score 37.91 | MAP50 0.55347 | MAP15 0.25503
[Epoch: 20/200]
Loss: 0.7735283374786377 | PLCC: 0.3545631170272827
Loss: 0.7349593043327332 | PLCC: 0.3921407461166382
Loss: 0.7452664375305176 | PLCC: 0.38234269618988037
Loss: 0.8137139081954956 | PLCC: 0.31863176822662354
Avg PLCC 0.03840884871103547
   [Epoch 20] Train loss: 0.76687
    VAL  F-score 37.469 | MAP50 0.55336 | MAP15 0.25203
[Epoch: 21/200]
Loss: 0.7762876749038696 | PLCC: 0.35057806968688965
Loss: 0.7722656726837158 | PLCC: 0.35224103927612305
Loss: 0.7382261753082275 | PLCC: 0.3918954133987427
Loss: 0.7229329347610474 | PLCC: 0.40281903743743896
Avg PLCC 0.03919289289324573
   [Epoch 21] Train loss: 0.75243
    VAL  F-score 37.477 | MAP50 0.55483 | MAP15 0.25393
[Epoch: 22/200]
Loss: 0.7752888202667236 | PLCC: 0.35348784923553467
Loss: 0.7604027986526489 | PLCC: 0.36465317010879517
Loss: 0.7170701026916504 | PLCC: 0.4089128375053406
Loss: 0.7149489521980286 | PLCC: 0.4092479348182678
Avg PLCC 0.03957287841617609
   [Epoch 22] Train loss: 0.74193
    VAL  F-score 37.477 | MAP50 0.55734 | MAP15 0.25457
[Epoch: 23/200]
Loss: 0.7509787678718567 | PLCC: 0.375518798828125
Loss: 0.7399141788482666 | PLCC: 0.3860541582107544
Loss: 0.7386650443077087 | PLCC: 0.3848222494125366
Loss: 0.6740002036094666 | PLCC: 0.4455702304840088
Avg PLCC 0.04000966714441099
   [Epoch 23] Train loss: 0.72589
    VAL  F-score 37.947 | MAP50 0.55902 | MAP15 0.25426
[Epoch: 24/200]
Loss: 0.6787840127944946 | PLCC: 0.4368096590042114
Loss: 0.6996967196464539 | PLCC: 0.42153000831604004
Loss: 0.740366518497467 | PLCC: 0.38514435291290283
Loss: 0.7406154870986938 | PLCC: 0.385262131690979
Avg PLCC 0.04000222273029839
   [Epoch 24] Train loss: 0.71487
    VAL  F-score 37.796 | MAP50 0.55895 | MAP15 0.25139
[Epoch: 25/200]
Loss: 0.7059475779533386 | PLCC: 0.4178040027618408
Loss: 0.7419077157974243 | PLCC: 0.3775448799133301
Loss: 0.6988485455513 | PLCC: 0.4235503673553467
Loss: 0.6601395606994629 | PLCC: 0.4557341933250427
Avg PLCC 0.039568588224056206
   [Epoch 25] Train loss: 0.70171
    VAL  F-score 37.489 | MAP50 0.55828 | MAP15 0.24826
[Epoch: 26/200]
Loss: 0.6809914112091064 | PLCC: 0.43852269649505615
Loss: 0.734561026096344 | PLCC: 0.3802140951156616
Loss: 0.6741709113121033 | PLCC: 0.44774627685546875
Loss: 0.7188225984573364 | PLCC: 0.406130850315094
Avg PLCC 0.03911458964064492
   [Epoch 26] Train loss: 0.70214
    VAL  F-score 38.174 | MAP50 0.55854 | MAP15 0.24653
[Epoch: 27/200]
Loss: 0.6967201828956604 | PLCC: 0.4210023880004883
Loss: 0.6727023124694824 | PLCC: 0.44537246227264404
Loss: 0.664619505405426 | PLCC: 0.4546668529510498
Loss: 0.712940514087677 | PLCC: 0.40695393085479736
Avg PLCC 0.03845609704413536
   [Epoch 27] Train loss: 0.68675
    VAL  F-score 38.269 | MAP50 0.55763 | MAP15 0.24575
[Epoch: 28/200]
Loss: 0.7049239873886108 | PLCC: 0.40846580266952515
Loss: 0.6683856844902039 | PLCC: 0.4512530565261841
Loss: 0.6683850884437561 | PLCC: 0.45021820068359375
Loss: 0.666103184223175 | PLCC: 0.4514317512512207
Avg PLCC 0.0379145368298685
   [Epoch 28] Train loss: 0.67695
    VAL  F-score 37.907 | MAP50 0.56033 | MAP15 0.24543
[Epoch: 29/200]
Loss: 0.6625179052352905 | PLCC: 0.45392560958862305
Loss: 0.6842798590660095 | PLCC: 0.4313002824783325
Loss: 0.6578850746154785 | PLCC: 0.45873314142227173
Loss: 0.6627464294433594 | PLCC: 0.4531826972961426
Avg PLCC 0.037304758644578134
   [Epoch 29] Train loss: 0.66686
    VAL  F-score 38.216 | MAP50 0.56126 | MAP15 0.24304
[Epoch: 30/200]
Loss: 0.629392683506012 | PLCC: 0.48228466510772705
Loss: 0.711112380027771 | PLCC: 0.4036470055580139
Loss: 0.633815348148346 | PLCC: 0.48061656951904297
Loss: 0.6541528105735779 | PLCC: 0.46356201171875
Avg PLCC 0.0367614377685117
   [Epoch 30] Train loss: 0.65712
    VAL  F-score 37.612 | MAP50 0.55912 | MAP15 0.23886
[Epoch: 31/200]
Loss: 0.6775299310684204 | PLCC: 0.4417128562927246
Loss: 0.6007757186889648 | PLCC: 0.5104047656059265
Loss: 0.614575207233429 | PLCC: 0.49690842628479004
Loss: 0.7002148032188416 | PLCC: 0.4109889268875122
Avg PLCC 0.03643358848057687
   [Epoch 31] Train loss: 0.64827
    VAL  F-score 37.999 | MAP50 0.55977 | MAP15 0.2369
[Epoch: 32/200]
Loss: 0.6190614700317383 | PLCC: 0.4902183413505554
Loss: 0.6706140637397766 | PLCC: 0.4437742829322815
Loss: 0.6255242824554443 | PLCC: 0.4884181022644043
Loss: 0.631969153881073 | PLCC: 0.4789036512374878
Avg PLCC 0.036143691589434944
   [Epoch 32] Train loss: 0.63679
    VAL  F-score 38.276 | MAP50 0.55865 | MAP15 0.23715
[Epoch: 33/200]
Loss: 0.6545805931091309 | PLCC: 0.4571843147277832
Loss: 0.6130957007408142 | PLCC: 0.49837982654571533
Loss: 0.6239233613014221 | PLCC: 0.48453670740127563
Loss: 0.6208963990211487 | PLCC: 0.4928649663925171
Avg PLCC 0.03564185924320058
   [Epoch 33] Train loss: 0.62812
    VAL  F-score 39.061 | MAP50 0.55788 | MAP15 0.23602
[Epoch: 34/200]
Loss: 0.6311193108558655 | PLCC: 0.4772559404373169
Loss: 0.6088964939117432 | PLCC: 0.5041266083717346
Loss: 0.6374214291572571 | PLCC: 0.47265124320983887
Loss: 0.6066392660140991 | PLCC: 0.5035189390182495
Avg PLCC 0.035062171603468334
   [Epoch 34] Train loss: 0.62102
    VAL  F-score 39.892 | MAP50 0.55913 | MAP15 0.23516
[Epoch: 35/200]
Loss: 0.6093563437461853 | PLCC: 0.49925827980041504
Loss: 0.6020376086235046 | PLCC: 0.5035721659660339
Loss: 0.6051641702651978 | PLCC: 0.5012328028678894
Loss: 0.6172870993614197 | PLCC: 0.4969160556793213
Avg PLCC 0.034438213291154665
   [Epoch 35] Train loss: 0.60846
    VAL  F-score 40.203 | MAP50 0.55716 | MAP15 0.23147
[Epoch: 36/200]
Loss: 0.6209444999694824 | PLCC: 0.48786914348602295
Loss: 0.6076590418815613 | PLCC: 0.49980270862579346
Loss: 0.5733712911605835 | PLCC: 0.5321505069732666
Loss: 0.6091358661651611 | PLCC: 0.5002866983413696
Avg PLCC 0.03374924993311817
   [Epoch 36] Train loss: 0.60278
    VAL  F-score 39.879 | MAP50 0.55775 | MAP15 0.23017
[Epoch: 37/200]
Loss: 0.5835010409355164 | PLCC: 0.5274706482887268
Loss: 0.5715830326080322 | PLCC: 0.534669041633606
Loss: 0.5818949937820435 | PLCC: 0.5197157263755798
Loss: 0.6757156848907471 | PLCC: 0.4333704113960266
Avg PLCC 0.03312753197370154
   [Epoch 37] Train loss: 0.60317
    VAL  F-score 39.016 | MAP50 0.55727 | MAP15 0.23129
[Epoch: 38/200]
Loss: 0.6027587652206421 | PLCC: 0.5023800730705261
Loss: 0.5659661293029785 | PLCC: 0.5424415469169617
Loss: 0.6212352514266968 | PLCC: 0.4845463037490845
Loss: 0.5816529989242554 | PLCC: 0.5245745182037354
Avg PLCC 0.03257921491890694
   [Epoch 38] Train loss: 0.59290
    VAL  F-score 39.611 | MAP50 0.55579 | MAP15 0.23004
[Epoch: 39/200]
Loss: 0.5562871098518372 | PLCC: 0.5533590912818909
Loss: 0.5748810768127441 | PLCC: 0.5274125337600708
Loss: 0.615541934967041 | PLCC: 0.48975837230682373
Loss: 0.5955403447151184 | PLCC: 0.5071518421173096
Avg PLCC 0.03204454717607322
   [Epoch 39] Train loss: 0.58556
    VAL  F-score 39.338 | MAP50 0.55556 | MAP15 0.2275
[Epoch: 40/200]
Loss: 0.5814455151557922 | PLCC: 0.5243883728981018
Loss: 0.6070289015769958 | PLCC: 0.49998247623443604
Loss: 0.5687950849533081 | PLCC: 0.5350747108459473
Loss: 0.5558938384056091 | PLCC: 0.5472798347473145
Avg PLCC 0.03144588359546932
   [Epoch 40] Train loss: 0.57829
    VAL  F-score 40.184 | MAP50 0.55651 | MAP15 0.22611
[Epoch: 41/200]
Loss: 0.549987256526947 | PLCC: 0.5547143816947937
Loss: 0.5917839407920837 | PLCC: 0.5135974884033203
Loss: 0.5766292810440063 | PLCC: 0.5269705653190613
Loss: 0.55995112657547 | PLCC: 0.541250467300415
Avg PLCC 0.031244857420185297
   [Epoch 41] Train loss: 0.56959
    VAL  F-score 39.623 | MAP50 0.55656 | MAP15 0.22635
[Epoch: 42/200]
Loss: 0.5807159543037415 | PLCC: 0.5218766331672668
Loss: 0.5716534852981567 | PLCC: 0.5343929529190063
Loss: 0.5848531126976013 | PLCC: 0.5163708925247192
Loss: 0.5237923860549927 | PLCC: 0.5804301500320435
Avg PLCC 0.031074127337584894
   [Epoch 42] Train loss: 0.56525
    VAL  F-score 39.608 | MAP50 0.55611 | MAP15 0.22473
[Epoch: 43/200]
Loss: 0.5408168435096741 | PLCC: 0.5637102127075195
Loss: 0.5707341432571411 | PLCC: 0.5277228355407715
Loss: 0.5409204959869385 | PLCC: 0.5645571947097778
Loss: 0.5972267985343933 | PLCC: 0.5015437006950378
Avg PLCC 0.0310494542178331
   [Epoch 43] Train loss: 0.56242
    VAL  F-score 39.608 | MAP50 0.55553 | MAP15 0.22382
[Epoch: 44/200]
Loss: 0.5841503143310547 | PLCC: 0.5162211656570435
Loss: 0.5338634848594666 | PLCC: 0.5651363730430603
Loss: 0.5425060391426086 | PLCC: 0.5632970333099365
Loss: 0.5408725738525391 | PLCC: 0.5573117136955261
Avg PLCC 0.030667500824413517
   [Epoch 44] Train loss: 0.55035
    VAL  F-score 39.608 | MAP50 0.55472 | MAP15 0.22341
[Epoch: 45/200]
Loss: 0.4788936674594879 | PLCC: 0.6178566813468933
Loss: 0.5734128952026367 | PLCC: 0.5281481742858887
Loss: 0.5542332530021667 | PLCC: 0.5470234155654907
Loss: 0.583508312702179 | PLCC: 0.519555389881134
Avg PLCC 0.0299435763930281
   [Epoch 45] Train loss: 0.54751
    VAL  F-score 39.608 | MAP50 0.55509 | MAP15 0.22375
[Epoch: 46/200]
Loss: 0.5346627831459045 | PLCC: 0.5618928670883179
Loss: 0.5573813915252686 | PLCC: 0.5466023683547974
Loss: 0.5092320442199707 | PLCC: 0.5883747935295105
Loss: 0.5533939003944397 | PLCC: 0.5476983189582825
Avg PLCC 0.029444683921720945
   [Epoch 46] Train loss: 0.53867
    VAL  F-score 39.298 | MAP50 0.55399 | MAP15 0.22168
[Epoch: 47/200]
Loss: 0.5511400699615479 | PLCC: 0.54862380027771
Loss: 0.49737024307250977 | PLCC: 0.6015914082527161
Loss: 0.541907012462616 | PLCC: 0.5596361756324768
Loss: 0.5498120188713074 | PLCC: 0.546736478805542
Avg PLCC 0.02899327395822514
   [Epoch 47] Train loss: 0.53506
    VAL  F-score 39.298 | MAP50 0.55434 | MAP15 0.22063
[Epoch: 48/200]
Loss: 0.5554436445236206 | PLCC: 0.5422656536102295
Loss: 0.4781191349029541 | PLCC: 0.6161614060401917
Loss: 0.5278670191764832 | PLCC: 0.5727330446243286
Loss: 0.550852358341217 | PLCC: 0.5503618717193604
Avg PLCC 0.02852689844527931
   [Epoch 48] Train loss: 0.52807
    VAL  F-score 38.851 | MAP50 0.55429 | MAP15 0.22216
[Epoch: 49/200]
Loss: 0.5071794986724854 | PLCC: 0.5945433378219604
Loss: 0.5620661377906799 | PLCC: 0.5359193682670593
Loss: 0.5283277630805969 | PLCC: 0.5698078274726868
Loss: 0.4965965449810028 | PLCC: 0.5967342853546143
Avg PLCC 0.028214430309493433
   [Epoch 49] Train loss: 0.52354
    VAL  F-score 38.538 | MAP50 0.55457 | MAP15 0.22314
[Epoch: 50/200]
Loss: 0.5108110308647156 | PLCC: 0.584189236164093
Loss: 0.5657268166542053 | PLCC: 0.5359851717948914
Loss: 0.5048773884773254 | PLCC: 0.5933164358139038
Loss: 0.495833158493042 | PLCC: 0.5998319983482361
Avg PLCC 0.027558977052456503
   [Epoch 50] Train loss: 0.51931
    VAL  F-score 37.987 | MAP50 0.55423 | MAP15 0.22105
[Epoch: 51/200]
Loss: 0.523363471031189 | PLCC: 0.5711314082145691
Loss: 0.5242696404457092 | PLCC: 0.5723836421966553
Loss: 0.5251721143722534 | PLCC: 0.5726978182792664
Loss: 0.4819851219654083 | PLCC: 0.6162442564964294
Avg PLCC 0.026751032564789057
   [Epoch 51] Train loss: 0.51370
    VAL  F-score 37.987 | MAP50 0.55406 | MAP15 0.22056
[Epoch: 52/200]
Loss: 0.5521456599235535 | PLCC: 0.5404337644577026
Loss: 0.5034885406494141 | PLCC: 0.5922480821609497
Loss: 0.49182605743408203 | PLCC: 0.6039945483207703
Loss: 0.48478060960769653 | PLCC: 0.6136203408241272
Avg PLCC 0.025914337852913322
   [Epoch 52] Train loss: 0.50806
    VAL  F-score 38.142 | MAP50 0.55417 | MAP15 0.21954
[Epoch: 53/200]
Loss: 0.5123157501220703 | PLCC: 0.5835726261138916
Loss: 0.49815061688423157 | PLCC: 0.5971444845199585
Loss: 0.4905945062637329 | PLCC: 0.6024690866470337
Loss: 0.5241544842720032 | PLCC: 0.5751602053642273
Avg PLCC 0.02549269659952684
   [Epoch 53] Train loss: 0.50630
    VAL  F-score 37.316 | MAP50 0.55351 | MAP15 0.21905
[Epoch: 54/200]
Loss: 0.5069387555122375 | PLCC: 0.5893383622169495
Loss: 0.4851228594779968 | PLCC: 0.6088594198226929
Loss: 0.5031749606132507 | PLCC: 0.5897859930992126
Loss: 0.5067448019981384 | PLCC: 0.5916821956634521
Avg PLCC 0.025029166051271288
   [Epoch 54] Train loss: 0.50050
    VAL  F-score 36.827 | MAP50 0.55285 | MAP15 0.21936
[Epoch: 55/200]
Loss: 0.505233645439148 | PLCC: 0.5908141136169434
Loss: 0.49154597520828247 | PLCC: 0.5985829830169678
Loss: 0.4828215539455414 | PLCC: 0.6124143600463867
Loss: 0.48254334926605225 | PLCC: 0.6104595065116882
Avg PLCC 0.024666189686148286
   [Epoch 55] Train loss: 0.49054
    VAL  F-score 36.827 | MAP50 0.55295 | MAP15 0.22147
[Epoch: 56/200]
Loss: 0.488503634929657 | PLCC: 0.6048506498336792
Loss: 0.5333036184310913 | PLCC: 0.5647599697113037
Loss: 0.45720115303993225 | PLCC: 0.6343377232551575
Loss: 0.46759194135665894 | PLCC: 0.6224594712257385
Avg PLCC 0.024148833200645942
   [Epoch 56] Train loss: 0.48665
    VAL  F-score 36.543 | MAP50 0.55225 | MAP15 0.22088
[Epoch: 57/200]
Loss: 0.47934621572494507 | PLCC: 0.6089421510696411
Loss: 0.48522284626960754 | PLCC: 0.6115878224372864
Loss: 0.48965832591056824 | PLCC: 0.604919970035553
Loss: 0.4758753478527069 | PLCC: 0.6147472262382507
Avg PLCC 0.023872770820603226
   [Epoch 57] Train loss: 0.48253
    VAL  F-score 36.296 | MAP50 0.55086 | MAP15 0.2198
[Epoch: 58/200]
Loss: 0.48605576157569885 | PLCC: 0.6040123105049133
Loss: 0.47123873233795166 | PLCC: 0.6233792304992676
Loss: 0.48301979899406433 | PLCC: 0.6090286374092102
Loss: 0.4926906228065491 | PLCC: 0.602064311504364
Avg PLCC 0.023689521949343158
   [Epoch 58] Train loss: 0.48325
    VAL  F-score 34.991 | MAP50 0.55189 | MAP15 0.22169
[Epoch: 59/200]
Loss: 0.5113677382469177 | PLCC: 0.5817334651947021
Loss: 0.4234786331653595 | PLCC: 0.66548752784729
Loss: 0.47543099522590637 | PLCC: 0.6159011125564575
Loss: 0.5036988258361816 | PLCC: 0.5911034345626831
Avg PLCC 0.02348338768140159
   [Epoch 59] Train loss: 0.47849
    VAL  F-score 34.969 | MAP50 0.55217 | MAP15 0.22145
[Epoch: 60/200]
Loss: 0.4536471664905548 | PLCC: 0.6376219391822815
Loss: 0.4697871804237366 | PLCC: 0.6249587535858154
Loss: 0.49180305004119873 | PLCC: 0.5982711911201477
Loss: 0.4857981503009796 | PLCC: 0.6046786904335022
Avg PLCC 0.023190784070527916
   [Epoch 60] Train loss: 0.47526
    VAL  F-score 35.233 | MAP50 0.55258 | MAP15 0.22044
[Epoch: 61/200]
Loss: 0.5035582184791565 | PLCC: 0.5899141430854797
Loss: 0.49038010835647583 | PLCC: 0.6025336384773254
Loss: 0.4205113351345062 | PLCC: 0.6648383140563965
Loss: 0.4634740948677063 | PLCC: 0.6286886930465698
Avg PLCC 0.022653734720678942
   [Epoch 61] Train loss: 0.46948
    VAL  F-score 35.095 | MAP50 0.55186 | MAP15 0.22007
[Epoch: 62/200]
Loss: 0.47474727034568787 | PLCC: 0.6139755845069885
Loss: 0.43753084540367126 | PLCC: 0.6487195491790771
Loss: 0.497022807598114 | PLCC: 0.5982543230056763
Loss: 0.4366304278373718 | PLCC: 0.6530474424362183
Avg PLCC 0.02201128944359494
   [Epoch 62] Train loss: 0.46148
    VAL  F-score 35.164 | MAP50 0.55124 | MAP15 0.21984
[Epoch: 63/200]
Loss: 0.4633939266204834 | PLCC: 0.6294825077056885
Loss: 0.45030832290649414 | PLCC: 0.6359773278236389
Loss: 0.4656914174556732 | PLCC: 0.6257156729698181
Loss: 0.4535095691680908 | PLCC: 0.6342865228652954
Avg PLCC 0.02166453084315766
   [Epoch 63] Train loss: 0.45823
    VAL  F-score 35.137 | MAP50 0.55139 | MAP15 0.22268
[Epoch: 64/200]
Loss: 0.48077553510665894 | PLCC: 0.6143845915794373
Loss: 0.43350180983543396 | PLCC: 0.6564883589744568
Loss: 0.4713422656059265 | PLCC: 0.6110968589782715
Loss: 0.46283426880836487 | PLCC: 0.6283356547355652
Avg PLCC 0.021180828878035147
   [Epoch 64] Train loss: 0.46211
    VAL  F-score 35.137 | MAP50 0.55258 | MAP15 0.22201
[Epoch: 65/200]
Loss: 0.4336608946323395 | PLCC: 0.6544727683067322
Loss: 0.449012815952301 | PLCC: 0.6385886073112488
Loss: 0.46336251497268677 | PLCC: 0.6277837157249451
Loss: 0.4706321954727173 | PLCC: 0.618538498878479
Avg PLCC 0.020832047931793513
   [Epoch 65] Train loss: 0.45417
    VAL  F-score 34.798 | MAP50 0.5524 | MAP15 0.22039
[Epoch: 66/200]
Loss: 0.4465094208717346 | PLCC: 0.6402504444122314
Loss: 0.46853163838386536 | PLCC: 0.6225472092628479
Loss: 0.42954280972480774 | PLCC: 0.6595697402954102
Loss: 0.4684649705886841 | PLCC: 0.6209101676940918
Avg PLCC 0.02061736545610157
   [Epoch 66] Train loss: 0.45326
    VAL  F-score 34.798 | MAP50 0.55242 | MAP15 0.22027
[Epoch: 67/200]
Loss: 0.43146854639053345 | PLCC: 0.6560198068618774
Loss: 0.47272107005119324 | PLCC: 0.6173146963119507
Loss: 0.4326220154762268 | PLCC: 0.6528300642967224
Loss: 0.4679977297782898 | PLCC: 0.6243894696235657
Avg PLCC 0.02042327094540903
   [Epoch 67] Train loss: 0.45120
    VAL  F-score 34.95 | MAP50 0.55308 | MAP15 0.22096
[Epoch: 68/200]
Loss: 0.4561695456504822 | PLCC: 0.6325326561927795
Loss: 0.4292585253715515 | PLCC: 0.6566160321235657
Loss: 0.4589362144470215 | PLCC: 0.6318819522857666
Loss: 0.4309578835964203 | PLCC: 0.6544790863990784
Avg PLCC 0.02005642865586913
   [Epoch 68] Train loss: 0.44383
    VAL  F-score 36.16 | MAP50 0.55295 | MAP15 0.22087
[Epoch: 69/200]
Loss: 0.40732669830322266 | PLCC: 0.6759170889854431
Loss: 0.4511331617832184 | PLCC: 0.6426360607147217
Loss: 0.42790740728378296 | PLCC: 0.6564769744873047
Loss: 0.50165855884552 | PLCC: 0.588107705116272
Avg PLCC 0.019749867659287924
   [Epoch 69] Train loss: 0.44701
    VAL  F-score 36.479 | MAP50 0.55258 | MAP15 0.22056
[Epoch: 70/200]
Loss: 0.4544159173965454 | PLCC: 0.6317187547683716
Loss: 0.4266740083694458 | PLCC: 0.6591168642044067
Loss: 0.43086808919906616 | PLCC: 0.6569232940673828
Loss: 0.43383166193962097 | PLCC: 0.6535287499427795
Avg PLCC 0.019304099408063023
   [Epoch 70] Train loss: 0.43645
    VAL  F-score 34.537 | MAP50 0.55292 | MAP15 0.22092
[Epoch: 71/200]
Loss: 0.4363406002521515 | PLCC: 0.6515198945999146
Loss: 0.4110666513442993 | PLCC: 0.6745181679725647
Loss: 0.4417562484741211 | PLCC: 0.643866777420044
Loss: 0.4567572772502899 | PLCC: 0.6313183307647705
Avg PLCC 0.018953437613549107
   [Epoch 71] Train loss: 0.43648
    VAL  F-score 34.012 | MAP50 0.55165 | MAP15 0.21839
[Epoch: 72/200]
Loss: 0.4737991392612457 | PLCC: 0.6167153120040894
Loss: 0.41657400131225586 | PLCC: 0.6676466464996338
Loss: 0.43441104888916016 | PLCC: 0.649242639541626
Loss: 0.39798247814178467 | PLCC: 0.6872795820236206
Avg PLCC 0.018533508085194186
   [Epoch 72] Train loss: 0.43069
    VAL  F-score 35.024 | MAP50 0.55143 | MAP15 0.21947
[Epoch: 73/200]
Loss: 0.44070714712142944 | PLCC: 0.6441087126731873
Loss: 0.42468520998954773 | PLCC: 0.6619353890419006
Loss: 0.44432294368743896 | PLCC: 0.642223596572876
Loss: 0.41964197158813477 | PLCC: 0.6676245331764221
Avg PLCC 0.01828732457590487
   [Epoch 73] Train loss: 0.43234
    VAL  F-score 35.35 | MAP50 0.55183 | MAP15 0.21939
[Epoch: 74/200]
Loss: 0.454833984375 | PLCC: 0.6296509504318237
Loss: 0.427024781703949 | PLCC: 0.6598163843154907
Loss: 0.4051055908203125 | PLCC: 0.6804417967796326
Loss: 0.43125036358833313 | PLCC: 0.6557779908180237
Avg PLCC 0.017875886913812297
   [Epoch 74] Train loss: 0.42955
    VAL  F-score 35.35 | MAP50 0.55183 | MAP15 0.21944
[Epoch: 75/200]
Loss: 0.4141514301300049 | PLCC: 0.6717433929443359
Loss: 0.41607269644737244 | PLCC: 0.6679917573928833
Loss: 0.41981619596481323 | PLCC: 0.6652291417121887
Loss: 0.4458550214767456 | PLCC: 0.6383006572723389
Avg PLCC 0.017475615188507647
   [Epoch 75] Train loss: 0.42397
    VAL  F-score 35.419 | MAP50 0.55183 | MAP15 0.22023
[Epoch: 76/200]
Loss: 0.4097352921962738 | PLCC: 0.6747083067893982
Loss: 0.41843822598457336 | PLCC: 0.6663077473640442
Loss: 0.42130428552627563 | PLCC: 0.6634989380836487
Loss: 0.4367026090621948 | PLCC: 0.6487712860107422
Avg PLCC 0.017126727750468435
   [Epoch 76] Train loss: 0.42155
    VAL  F-score 35.419 | MAP50 0.55106 | MAP15 0.21943
[Epoch: 77/200]
Loss: 0.41277363896369934 | PLCC: 0.6714743971824646
Loss: 0.4091384708881378 | PLCC: 0.6736111044883728
Loss: 0.41201597452163696 | PLCC: 0.6724829077720642
Loss: 0.43701547384262085 | PLCC: 0.648052990436554
Avg PLCC 0.01701191908002577
   [Epoch 77] Train loss: 0.41774
    VAL  F-score 34.974 | MAP50 0.55126 | MAP15 0.21931
[Epoch: 78/200]
Loss: 0.3865220546722412 | PLCC: 0.6915563941001892
Loss: 0.42736712098121643 | PLCC: 0.6594810485839844
Loss: 0.429787278175354 | PLCC: 0.6567077040672302
Loss: 0.41968339681625366 | PLCC: 0.665842592716217
Avg PLCC 0.01695638107643886
   [Epoch 78] Train loss: 0.41584
    VAL  F-score 34.974 | MAP50 0.55128 | MAP15 0.21869
[Epoch: 79/200]
Loss: 0.43882906436920166 | PLCC: 0.6459802985191345
Loss: 0.4025644361972809 | PLCC: 0.6786551475524902
Loss: 0.42339444160461426 | PLCC: 0.6637722253799438
Loss: 0.391055166721344 | PLCC: 0.6919958591461182
Avg PLCC 0.016671921687454662
   [Epoch 79] Train loss: 0.41396
    VAL  F-score 34.974 | MAP50 0.55133 | MAP15 0.21914
[Epoch: 80/200]
Loss: 0.406546413898468 | PLCC: 0.6747524738311768
Loss: 0.3952213525772095 | PLCC: 0.6902551651000977
Loss: 0.4178972542285919 | PLCC: 0.6671837568283081
Loss: 0.43963178992271423 | PLCC: 0.6433596014976501
Avg PLCC 0.01639720057331336
   [Epoch 80] Train loss: 0.41482
    VAL  F-score 35.058 | MAP50 0.55076 | MAP15 0.2185
[Epoch: 81/200]
Loss: 0.4295353591442108 | PLCC: 0.6519206762313843
Loss: 0.39578545093536377 | PLCC: 0.6900624632835388
Loss: 0.3996609151363373 | PLCC: 0.6830881834030151
Loss: 0.4054814279079437 | PLCC: 0.6762467622756958
Avg PLCC 0.016025646926595295
   [Epoch 81] Train loss: 0.40762
    VAL  F-score 35.058 | MAP50 0.55087 | MAP15 0.21832
[Epoch: 82/200]
Loss: 0.4125559329986572 | PLCC: 0.6690937280654907
Loss: 0.39121347665786743 | PLCC: 0.6906207203865051
Loss: 0.396330326795578 | PLCC: 0.6874786615371704
Loss: 0.42896538972854614 | PLCC: 0.6561069488525391
Avg PLCC 0.015587473445162741
   [Epoch 82] Train loss: 0.40727
    VAL  F-score 35.058 | MAP50 0.55035 | MAP15 0.21899
[Epoch: 83/200]
Loss: 0.4053056836128235 | PLCC: 0.6775143146514893
Loss: 0.3921350836753845 | PLCC: 0.6883028149604797
Loss: 0.4035712778568268 | PLCC: 0.6801235675811768
Loss: 0.41627809405326843 | PLCC: 0.6670219302177429
Avg PLCC 0.015464073473898074
   [Epoch 83] Train loss: 0.40432
    VAL  F-score 34.755 | MAP50 0.54983 | MAP15 0.21914
[Epoch: 84/200]
Loss: 0.4004950523376465 | PLCC: 0.6814157366752625
Loss: 0.39681923389434814 | PLCC: 0.6842101216316223
Loss: 0.4084775447845459 | PLCC: 0.6736652255058289
Loss: 0.39483046531677246 | PLCC: 0.6879439353942871
Avg PLCC 0.01573982427009579
   [Epoch 84] Train loss: 0.40016
    VAL  F-score 35.188 | MAP50 0.55023 | MAP15 0.21971
[Epoch: 85/200]
Loss: 0.4158855080604553 | PLCC: 0.6656091809272766
Loss: 0.38960325717926025 | PLCC: 0.6929340958595276
Loss: 0.3930875360965729 | PLCC: 0.6927399635314941
Loss: 0.4069209694862366 | PLCC: 0.6701253652572632
Avg PLCC 0.01576902416612332
   [Epoch 85] Train loss: 0.40137
    VAL  F-score 35.188 | MAP50 0.5502 | MAP15 0.2202
[Epoch: 86/200]
Loss: 0.3923329710960388 | PLCC: 0.6881830096244812
Loss: 0.4062175750732422 | PLCC: 0.6749958992004395
Loss: 0.4061906039714813 | PLCC: 0.6750249266624451
Loss: 0.38587233424186707 | PLCC: 0.6976848840713501
Avg PLCC 0.016077744067209125
   [Epoch 86] Train loss: 0.39765
    VAL  F-score 35.24 | MAP50 0.54956 | MAP15 0.2206
[Epoch: 87/200]
Loss: 0.380409300327301 | PLCC: 0.6985756158828735
Loss: 0.3768894076347351 | PLCC: 0.7026262283325195
Loss: 0.4217451810836792 | PLCC: 0.6627401113510132
Loss: 0.3976195454597473 | PLCC: 0.6840345859527588
Avg PLCC 0.0160888602681966
   [Epoch 87] Train loss: 0.39417
    VAL  F-score 36.271 | MAP50 0.54929 | MAP15 0.22152
[Epoch: 88/200]
Loss: 0.3917096257209778 | PLCC: 0.686333417892456
Loss: 0.39259225130081177 | PLCC: 0.6898849010467529
Loss: 0.3718852400779724 | PLCC: 0.7075524926185608
Loss: 0.4178750813007355 | PLCC: 0.6660134196281433
Avg PLCC 0.01593103865161538
   [Epoch 88] Train loss: 0.39352
    VAL  F-score 34.911 | MAP50 0.54778 | MAP15 0.22164
[Epoch: 89/200]
Loss: 0.3998567461967468 | PLCC: 0.6806861162185669
Loss: 0.3687083423137665 | PLCC: 0.7119373083114624
Loss: 0.4036804139614105 | PLCC: 0.676167368888855
Loss: 0.3821862041950226 | PLCC: 0.6987914443016052
Avg PLCC 0.015621695512284836
   [Epoch 89] Train loss: 0.38861
    VAL  F-score 35.494 | MAP50 0.54873 | MAP15 0.22156
[Epoch: 90/200]
Loss: 0.36144816875457764 | PLCC: 0.7179794311523438
Loss: 0.4186161756515503 | PLCC: 0.6633833050727844
Loss: 0.3823993504047394 | PLCC: 0.7000429630279541
Loss: 0.38968217372894287 | PLCC: 0.6862216591835022
Avg PLCC 0.015108753658944008
   [Epoch 90] Train loss: 0.38804
    VAL  F-score 35.494 | MAP50 0.54887 | MAP15 0.22159
[Epoch: 91/200]
Loss: 0.3708026707172394 | PLCC: 0.7084527015686035
Loss: 0.37558022141456604 | PLCC: 0.7053729891777039
Loss: 0.408078670501709 | PLCC: 0.6689206957817078
Loss: 0.3859788477420807 | PLCC: 0.6958155632019043
Avg PLCC 0.014834693774129406
   [Epoch 91] Train loss: 0.38511
    VAL  F-score 35.186 | MAP50 0.54906 | MAP15 0.22189
[Epoch: 92/200]
Loss: 0.3703833818435669 | PLCC: 0.7087312936782837
Loss: 0.367934912443161 | PLCC: 0.70991051197052
Loss: 0.40374621748924255 | PLCC: 0.6744839549064636
Loss: 0.40247035026550293 | PLCC: 0.683021605014801
Avg PLCC 0.014620955835914972
   [Epoch 92] Train loss: 0.38613
    VAL  F-score 34.693 | MAP50 0.54822 | MAP15 0.21964
[Epoch: 93/200]
Loss: 0.40929603576660156 | PLCC: 0.6695440411567688
Loss: 0.37747251987457275 | PLCC: 0.7037239670753479
Loss: 0.35505059361457825 | PLCC: 0.7232309579849243
Loss: 0.39260929822921753 | PLCC: 0.6881601214408875
Avg PLCC 0.014521892464747934
   [Epoch 93] Train loss: 0.38361
    VAL  F-score 35.27 | MAP50 0.54913 | MAP15 0.22098
[Epoch: 94/200]
Loss: 0.3910828232765198 | PLCC: 0.6887980699539185
Loss: 0.3785053491592407 | PLCC: 0.7014743685722351
Loss: 0.36976343393325806 | PLCC: 0.7096766233444214
Loss: 0.37919819355010986 | PLCC: 0.6977351903915405
Avg PLCC 0.014290688488858215
   [Epoch 94] Train loss: 0.37964
    VAL  F-score 34.957 | MAP50 0.54769 | MAP15 0.21998
[Epoch: 95/200]
Loss: 0.3729153275489807 | PLCC: 0.7049345970153809
Loss: 0.3691253364086151 | PLCC: 0.710445761680603
Loss: 0.39226043224334717 | PLCC: 0.6868672966957092
Loss: 0.37662267684936523 | PLCC: 0.7022866010665894
Avg PLCC 0.014137604499630856
   [Epoch 95] Train loss: 0.37773
    VAL  F-score 35.166 | MAP50 0.54767 | MAP15 0.22012
[Epoch: 96/200]
Loss: 0.36891716718673706 | PLCC: 0.7086056470870972
Loss: 0.3960976004600525 | PLCC: 0.684541642665863
Loss: 0.3541289269924164 | PLCC: 0.724208652973175
Loss: 0.3953198194503784 | PLCC: 0.6848866939544678
Avg PLCC 0.01396769324712681
   [Epoch 96] Train loss: 0.37862
    VAL  F-score 34.589 | MAP50 0.54822 | MAP15 0.2207
[Epoch: 97/200]
Loss: 0.3941628038883209 | PLCC: 0.6821131110191345
Loss: 0.395087867975235 | PLCC: 0.6834073066711426
Loss: 0.3535776138305664 | PLCC: 0.7261576652526855
Loss: 0.35844185948371887 | PLCC: 0.7202925086021423
Avg PLCC 0.01354102213217905
   [Epoch 97] Train loss: 0.37532
    VAL  F-score 34.693 | MAP50 0.54703 | MAP15 0.21819
[Epoch: 98/200]
Loss: 0.385684996843338 | PLCC: 0.6935642957687378
Loss: 0.3991549015045166 | PLCC: 0.6810619235038757
Loss: 0.34981250762939453 | PLCC: 0.72836834192276
Loss: 0.3435806930065155 | PLCC: 0.7294927835464478
Avg PLCC 0.013393060247780699
   [Epoch 98] Train loss: 0.36956
    VAL  F-score 34.693 | MAP50 0.5485 | MAP15 0.21883
[Epoch: 99/200]
Loss: 0.37219375371932983 | PLCC: 0.70731121301651
Loss: 0.3795776963233948 | PLCC: 0.6994765400886536
Loss: 0.377673864364624 | PLCC: 0.6984498500823975
Loss: 0.36168819665908813 | PLCC: 0.7169632315635681
Avg PLCC 0.013348498706226095
   [Epoch 99] Train loss: 0.37278
    VAL  F-score 34.693 | MAP50 0.5487 | MAP15 0.21901
[Epoch: 100/200]
Loss: 0.36282435059547424 | PLCC: 0.7132561206817627
Loss: 0.3533739149570465 | PLCC: 0.7220633029937744
Loss: 0.37253713607788086 | PLCC: 0.7074269652366638
Loss: 0.3741634488105774 | PLCC: 0.7025450468063354
Avg PLCC 0.013167387015666023
   [Epoch 100] Train loss: 0.36572
    VAL  F-score 34.693 | MAP50 0.54901 | MAP15 0.21874
[Epoch: 101/200]
Loss: 0.3773098587989807 | PLCC: 0.6980419158935547
Loss: 0.39314931631088257 | PLCC: 0.6900112628936768
Loss: 0.3737390339374542 | PLCC: 0.7023621797561646
Loss: 0.3267761468887329 | PLCC: 0.748458206653595
Avg PLCC 0.012956373308869925
   [Epoch 101] Train loss: 0.36774
    VAL  F-score 34.626 | MAP50 0.54866 | MAP15 0.21711
[Epoch: 102/200]
Loss: 0.3669580817222595 | PLCC: 0.7118139266967773
Loss: 0.3703128695487976 | PLCC: 0.7064730525016785
Loss: 0.36382174491882324 | PLCC: 0.7118712663650513
Loss: 0.35522013902664185 | PLCC: 0.7225459218025208
Avg PLCC 0.012543766011455746
   [Epoch 102] Train loss: 0.36408
    VAL  F-score 34.419 | MAP50 0.54814 | MAP15 0.2162
[Epoch: 103/200]
Loss: 0.3620774745941162 | PLCC: 0.7148942947387695
Loss: 0.3278394639492035 | PLCC: 0.7493205666542053
Loss: 0.3813936710357666 | PLCC: 0.6956018209457397
Loss: 0.39610981941223145 | PLCC: 0.6795550584793091
Avg PLCC 0.012109973467886448
   [Epoch 103] Train loss: 0.36686
    VAL  F-score 34.419 | MAP50 0.54798 | MAP15 0.21488
[Epoch: 104/200]
Loss: 0.35562074184417725 | PLCC: 0.7196646928787231
Loss: 0.3635829985141754 | PLCC: 0.7145194411277771
Loss: 0.3689366281032562 | PLCC: 0.7065960764884949
Loss: 0.3569484055042267 | PLCC: 0.7208579778671265
Avg PLCC 0.011639085767621344
   [Epoch 104] Train loss: 0.36127
    VAL  F-score 34.419 | MAP50 0.54778 | MAP15 0.21454
[Epoch: 105/200]
Loss: 0.36381596326828003 | PLCC: 0.7099428772926331
Loss: 0.37591177225112915 | PLCC: 0.6997120380401611
Loss: 0.34192919731140137 | PLCC: 0.7334989309310913
Loss: 0.3609164357185364 | PLCC: 0.7199292778968811
Avg PLCC 0.011222448764425335
   [Epoch 105] Train loss: 0.36064
    VAL  F-score 34.811 | MAP50 0.54736 | MAP15 0.21511
[Epoch: 106/200]
Loss: 0.36516982316970825 | PLCC: 0.7103014588356018
Loss: 0.36518558859825134 | PLCC: 0.7116124629974365
Loss: 0.35907989740371704 | PLCC: 0.7193602919578552
Loss: 0.3481088876724243 | PLCC: 0.7270428538322449
Avg PLCC 0.011104221723860863
   [Epoch 106] Train loss: 0.35939
    VAL  F-score 34.498 | MAP50 0.54742 | MAP15 0.2147
[Epoch: 107/200]
Loss: 0.3418862223625183 | PLCC: 0.7324644327163696
Loss: 0.35416319966316223 | PLCC: 0.7224741578102112
Loss: 0.37027034163475037 | PLCC: 0.7068445086479187
Loss: 0.35450559854507446 | PLCC: 0.7198389768600464
Avg PLCC 0.01117770529747235
   [Epoch 107] Train loss: 0.35521
    VAL  F-score 34.704 | MAP50 0.5478 | MAP15 0.21288
[Epoch: 108/200]
Loss: 0.33659377694129944 | PLCC: 0.7374337911605835
Loss: 0.3834078907966614 | PLCC: 0.6971935629844666
Loss: 0.3348805904388428 | PLCC: 0.7390289306640625
Loss: 0.3646104037761688 | PLCC: 0.7092797756195068
Avg PLCC 0.011106601739866715
   [Epoch 108] Train loss: 0.35487
    VAL  F-score 34.704 | MAP50 0.54666 | MAP15 0.21307
[Epoch: 109/200]
Loss: 0.3997747302055359 | PLCC: 0.675823986530304
Loss: 0.3362234830856323 | PLCC: 0.7392303943634033
Loss: 0.33469584584236145 | PLCC: 0.7401208281517029
Loss: 0.3497690260410309 | PLCC: 0.7259617447853088
Avg PLCC 0.011067442292573325
   [Epoch 109] Train loss: 0.35512
    VAL  F-score 34.704 | MAP50 0.54646 | MAP15 0.21264
[Epoch: 110/200]
Loss: 0.3620613217353821 | PLCC: 0.7132853865623474
Loss: 0.36274707317352295 | PLCC: 0.7145799398422241
Loss: 0.3413802981376648 | PLCC: 0.7323920130729675
Loss: 0.33455270528793335 | PLCC: 0.7393226027488708
Avg PLCC 0.011168372817337513
   [Epoch 110] Train loss: 0.35019
    VAL  F-score 34.704 | MAP50 0.54686 | MAP15 0.21388
[Epoch: 111/200]
Loss: 0.3246998190879822 | PLCC: 0.7489036917686462
Loss: 0.35924410820007324 | PLCC: 0.7165493369102478
Loss: 0.3544340431690216 | PLCC: 0.7192612290382385
Loss: 0.3780633807182312 | PLCC: 0.7008195519447327
Avg PLCC 0.011305030946845583
   [Epoch 111] Train loss: 0.35411
    VAL  F-score 34.986 | MAP50 0.54674 | MAP15 0.21573
[Epoch: 112/200]
Loss: 0.33192265033721924 | PLCC: 0.739626944065094
Loss: 0.36044156551361084 | PLCC: 0.7173764109611511
Loss: 0.36147111654281616 | PLCC: 0.7148561477661133
Loss: 0.33802369236946106 | PLCC: 0.7360779643058777
Avg PLCC 0.011470245647201822
   [Epoch 112] Train loss: 0.34796
    VAL  F-score 34.986 | MAP50 0.54701 | MAP15 0.21699
[Epoch: 113/200]
Loss: 0.36324721574783325 | PLCC: 0.7128110527992249
Loss: 0.36905384063720703 | PLCC: 0.7101750373840332
Loss: 0.3185630738735199 | PLCC: 0.7529141902923584
Loss: 0.3449997007846832 | PLCC: 0.7276715040206909
Avg PLCC 0.011483721336293402
   [Epoch 113] Train loss: 0.34897
    VAL  F-score 34.986 | MAP50 0.54668 | MAP15 0.2173
[Epoch: 114/200]
Loss: 0.34762927889823914 | PLCC: 0.7264310121536255
Loss: 0.3314794600009918 | PLCC: 0.7428570985794067
Loss: 0.35448431968688965 | PLCC: 0.7235268354415894
Loss: 0.3594343662261963 | PLCC: 0.7122567296028137
Avg PLCC 0.011563353875482624
   [Epoch 114] Train loss: 0.34826
    VAL  F-score 34.986 | MAP50 0.54646 | MAP15 0.21794
[Epoch: 115/200]
Loss: 0.33572596311569214 | PLCC: 0.7393501400947571
Loss: 0.3567690849304199 | PLCC: 0.7176948189735413
Loss: 0.3576483726501465 | PLCC: 0.7175939679145813
Loss: 0.3167676627635956 | PLCC: 0.7526451349258423
Avg PLCC 0.011935237220093382
   [Epoch 115] Train loss: 0.34173
    VAL  F-score 34.498 | MAP50 0.5463 | MAP15 0.21756
[Epoch: 116/200]
Loss: 0.36187511682510376 | PLCC: 0.710567831993103
Loss: 0.3347131609916687 | PLCC: 0.7427997589111328
Loss: 0.32830291986465454 | PLCC: 0.7405471801757812
Loss: 0.3475502133369446 | PLCC: 0.7277043461799622
Avg PLCC 0.012247049355540763
   [Epoch 116] Train loss: 0.34311
    VAL  F-score 35.136 | MAP50 0.54565 | MAP15 0.21764
[Epoch: 117/200]
Loss: 0.3308509588241577 | PLCC: 0.7399799227714539
Loss: 0.3392409086227417 | PLCC: 0.7323513031005859
Loss: 0.35552775859832764 | PLCC: 0.7218157052993774
Loss: 0.3337137699127197 | PLCC: 0.7399133443832397
Avg PLCC 0.012331354918635705
   [Epoch 117] Train loss: 0.33983
    VAL  F-score 35.136 | MAP50 0.54538 | MAP15 0.2174
[Epoch: 118/200]
Loss: 0.3395346403121948 | PLCC: 0.7340642213821411
Loss: 0.34416666626930237 | PLCC: 0.7283375859260559
Loss: 0.3376128077507019 | PLCC: 0.7376531362533569
Loss: 0.3277367651462555 | PLCC: 0.7430126667022705
Avg PLCC 0.012395818343837604
   [Epoch 118] Train loss: 0.33726
    VAL  F-score 35.136 | MAP50 0.54552 | MAP15 0.21794
[Epoch: 119/200]
Loss: 0.3233625888824463 | PLCC: 0.7491019368171692
Loss: 0.3510326147079468 | PLCC: 0.7224772572517395
Loss: 0.33435195684432983 | PLCC: 0.7413036823272705
Loss: 0.35465720295906067 | PLCC: 0.7170212864875793
Avg PLCC 0.012587515453836231
   [Epoch 119] Train loss: 0.34085
    VAL  F-score 35.136 | MAP50 0.54527 | MAP15 0.21906
[Epoch: 120/200]
Loss: 0.35645514726638794 | PLCC: 0.7193829417228699
Loss: 0.3086984157562256 | PLCC: 0.7624098658561707
Loss: 0.346751868724823 | PLCC: 0.7247213125228882
Loss: 0.33102747797966003 | PLCC: 0.7409193515777588
Avg PLCC 0.012685978079609798
   [Epoch 120] Train loss: 0.33573
    VAL  F-score 34.852 | MAP50 0.54566 | MAP15 0.21994
[Epoch: 121/200]
Loss: 0.3425946533679962 | PLCC: 0.7289126515388489
Loss: 0.3450154662132263 | PLCC: 0.7275315523147583
Loss: 0.31193655729293823 | PLCC: 0.7595153450965881
Loss: 0.34943705797195435 | PLCC: 0.7265543937683105
Avg PLCC 0.012549581415386814
   [Epoch 121] Train loss: 0.33725
    VAL  F-score 34.419 | MAP50 0.54523 | MAP15 0.22003
[Epoch: 122/200]
Loss: 0.33546602725982666 | PLCC: 0.7385477423667908
Loss: 0.3256991505622864 | PLCC: 0.7494009733200073
Loss: 0.3610418438911438 | PLCC: 0.7110487222671509
Loss: 0.3252618908882141 | PLCC: 0.7435765862464905
Avg PLCC 0.012262143773224318
   [Epoch 122] Train loss: 0.33687
    VAL  F-score 34.419 | MAP50 0.54562 | MAP15 0.21964
[Epoch: 123/200]
Loss: 0.3332058787345886 | PLCC: 0.7369222640991211
Loss: 0.3363582491874695 | PLCC: 0.7372785806655884
Loss: 0.327686607837677 | PLCC: 0.7439588904380798
Loss: 0.33019813895225525 | PLCC: 0.7424980998039246
Avg PLCC 0.012082169763743877
   [Epoch 123] Train loss: 0.33186
    VAL  F-score 34.205 | MAP50 0.54503 | MAP15 0.21987
[Epoch: 124/200]
Loss: 0.3305477201938629 | PLCC: 0.7400137782096863
Loss: 0.31436485052108765 | PLCC: 0.7571674585342407
Loss: 0.3513938784599304 | PLCC: 0.721420407295227
Loss: 0.3313845992088318 | PLCC: 0.7414878010749817
Avg PLCC 0.011908630360708092
   [Epoch 124] Train loss: 0.33192
    VAL  F-score 34.205 | MAP50 0.54568 | MAP15 0.21998
[Epoch: 125/200]
Loss: 0.32718944549560547 | PLCC: 0.7443484663963318
Loss: 0.31056463718414307 | PLCC: 0.7609362006187439
Loss: 0.3374679982662201 | PLCC: 0.7331872582435608
Loss: 0.35653746128082275 | PLCC: 0.7170100212097168
Avg PLCC 0.011700549332255667
   [Epoch 125] Train loss: 0.33294
    VAL  F-score 34.287 | MAP50 0.54528 | MAP15 0.22004
[Epoch: 126/200]
Loss: 0.319942831993103 | PLCC: 0.75138258934021
Loss: 0.3332688510417938 | PLCC: 0.735399603843689
Loss: 0.3398130238056183 | PLCC: 0.7310100793838501
Loss: 0.3182370364665985 | PLCC: 0.7556871771812439
Avg PLCC 0.01139066018389933
   [Epoch 126] Train loss: 0.32782
    VAL  F-score 34.142 | MAP50 0.54476 | MAP15 0.21873
[Epoch: 127/200]
Loss: 0.32776540517807007 | PLCC: 0.7451496720314026
Loss: 0.33847591280937195 | PLCC: 0.7340635657310486
Loss: 0.3225470781326294 | PLCC: 0.7463502883911133
Loss: 0.32570570707321167 | PLCC: 0.7471901774406433
Avg PLCC 0.011015869507735426
   [Epoch 127] Train loss: 0.32862
    VAL  F-score 34.211 | MAP50 0.54465 | MAP15 0.21878
[Epoch: 128/200]
Loss: 0.31404903531074524 | PLCC: 0.755386471748352
Loss: 0.31859609484672546 | PLCC: 0.7513530850410461
Loss: 0.3385331332683563 | PLCC: 0.7332783341407776
Loss: 0.33403775095939636 | PLCC: 0.7389212846755981
Avg PLCC 0.0109297414451386
   [Epoch 128] Train loss: 0.32630
    VAL  F-score 34.281 | MAP50 0.5444 | MAP15 0.21925
[Epoch: 129/200]
Loss: 0.33961111307144165 | PLCC: 0.7324457168579102
Loss: 0.3212175965309143 | PLCC: 0.7497740387916565
Loss: 0.31722864508628845 | PLCC: 0.7519142627716064
Loss: 0.32295504212379456 | PLCC: 0.7494555115699768
Avg PLCC 0.010964081594438263
   [Epoch 129] Train loss: 0.32525
    VAL  F-score 33.643 | MAP50 0.54407 | MAP15 0.22084
[Epoch: 130/200]
Loss: 0.3307774066925049 | PLCC: 0.7374119758605957
Loss: 0.3200971484184265 | PLCC: 0.7527626752853394
Loss: 0.3263481855392456 | PLCC: 0.7468796968460083
Loss: 0.3200797736644745 | PLCC: 0.7482970356941223
Avg PLCC 0.011082955777193561
   [Epoch 130] Train loss: 0.32433
    VAL  F-score 33.629 | MAP50 0.54393 | MAP15 0.21929
[Epoch: 131/200]
Loss: 0.3423446714878082 | PLCC: 0.7283356785774231
Loss: 0.32767951488494873 | PLCC: 0.7399740815162659
Loss: 0.29622936248779297 | PLCC: 0.7748310565948486
Loss: 0.3368242383003235 | PLCC: 0.7366077303886414
Avg PLCC 0.011159666164806395
   [Epoch 131] Train loss: 0.32577
    VAL  F-score 33.491 | MAP50 0.54548 | MAP15 0.22034
[Epoch: 132/200]
Loss: 0.323411762714386 | PLCC: 0.7468376755714417
Loss: 0.3228098154067993 | PLCC: 0.7495660781860352
Loss: 0.32700544595718384 | PLCC: 0.7421830892562866
Loss: 0.31578943133354187 | PLCC: 0.7544218897819519
Avg PLCC 0.011350562372668222
   [Epoch 132] Train loss: 0.32225
    VAL  F-score 33.491 | MAP50 0.54467 | MAP15 0.22057
[Epoch: 133/200]
Loss: 0.32466286420822144 | PLCC: 0.7460181713104248
Loss: 0.3125612139701843 | PLCC: 0.754987895488739
Loss: 0.3241526186466217 | PLCC: 0.7472079992294312
Loss: 0.32529452443122864 | PLCC: 0.7468945980072021
Avg PLCC 0.011439590545540506
   [Epoch 133] Train loss: 0.32167
    VAL  F-score 33.424 | MAP50 0.54405 | MAP15 0.22073
[Epoch: 134/200]
Loss: 0.3110203444957733 | PLCC: 0.7567300200462341
Loss: 0.32500821352005005 | PLCC: 0.7476707696914673
Loss: 0.3090195059776306 | PLCC: 0.7617995738983154
Loss: 0.3375568389892578 | PLCC: 0.7306172251701355
Avg PLCC 0.011466750254233679
   [Epoch 134] Train loss: 0.32065
    VAL  F-score 33.709 | MAP50 0.54408 | MAP15 0.22006
[Epoch: 135/200]
Loss: 0.3141516447067261 | PLCC: 0.7541792392730713
Loss: 0.3172632157802582 | PLCC: 0.752043604850769
Loss: 0.30795079469680786 | PLCC: 0.7644805908203125
Loss: 0.33803826570510864 | PLCC: 0.7313329577445984
Avg PLCC 0.011220496401868084
   [Epoch 135] Train loss: 0.31935
    VAL  F-score 33.709 | MAP50 0.54263 | MAP15 0.22067
[Epoch: 136/200]
Loss: 0.30880874395370483 | PLCC: 0.7598945498466492
Loss: 0.3167836368083954 | PLCC: 0.7537130117416382
Loss: 0.3215981721878052 | PLCC: 0.7486133575439453
Loss: 0.32014381885528564 | PLCC: 0.7475219368934631
Avg PLCC 0.010819738787232023
   [Epoch 136] Train loss: 0.31683
    VAL  F-score 34.193 | MAP50 0.54309 | MAP15 0.22071
[Epoch: 137/200]
Loss: 0.3358951508998871 | PLCC: 0.7316753268241882
Loss: 0.3057558536529541 | PLCC: 0.7661325931549072
Loss: 0.33638453483581543 | PLCC: 0.7333380579948425
Loss: 0.30630776286125183 | PLCC: 0.7640447020530701
Avg PLCC 0.010345143802238234
   [Epoch 137] Train loss: 0.32109
    VAL  F-score 34.193 | MAP50 0.54353 | MAP15 0.22204
[Epoch: 138/200]
Loss: 0.32520192861557007 | PLCC: 0.7456390261650085
Loss: 0.3017587661743164 | PLCC: 0.7657339572906494
Loss: 0.31390225887298584 | PLCC: 0.7550583481788635
Loss: 0.32288265228271484 | PLCC: 0.7470768690109253
Avg PLCC 0.010011799153730724
   [Epoch 138] Train loss: 0.31594
    VAL  F-score 33.587 | MAP50 0.54405 | MAP15 0.2229
[Epoch: 139/200]
Loss: 0.33081313967704773 | PLCC: 0.735744833946228
Loss: 0.3220270276069641 | PLCC: 0.750411331653595
Loss: 0.3148544132709503 | PLCC: 0.7536467909812927
Loss: 0.2835969924926758 | PLCC: 0.7830498218536377
Avg PLCC 0.009941041780014833
   [Epoch 139] Train loss: 0.31282
    VAL  F-score 33.443 | MAP50 0.54298 | MAP15 0.22296
[Epoch: 140/200]
Loss: 0.2926655113697052 | PLCC: 0.7733940482139587
Loss: 0.3342392146587372 | PLCC: 0.7376190423965454
Loss: 0.32339900732040405 | PLCC: 0.7484959959983826
Loss: 0.3050672709941864 | PLCC: 0.7609024047851562
Avg PLCC 0.009891834956678476
   [Epoch 140] Train loss: 0.31384
    VAL  F-score 33.443 | MAP50 0.54376 | MAP15 0.22411
[Epoch: 141/200]
Loss: 0.3169839382171631 | PLCC: 0.7538244128227234
Loss: 0.28812292218208313 | PLCC: 0.7778132557868958
Loss: 0.31535804271698 | PLCC: 0.7519368529319763
Loss: 0.33038657903671265 | PLCC: 0.7397802472114563
Avg PLCC 0.009796454684075081
   [Epoch 141] Train loss: 0.31271
    VAL  F-score 33.443 | MAP50 0.54331 | MAP15 0.22462
[Epoch: 142/200]
Loss: 0.30607226490974426 | PLCC: 0.760042130947113
Loss: 0.3103017210960388 | PLCC: 0.760764479637146
Loss: 0.30999651551246643 | PLCC: 0.7576017379760742
Loss: 0.32895514369010925 | PLCC: 0.7423150539398193
Avg PLCC 0.009624843880759947
   [Epoch 142] Train loss: 0.31383
    VAL  F-score 32.352 | MAP50 0.54212 | MAP15 0.22074
[Epoch: 143/200]
Loss: 0.29882824420928955 | PLCC: 0.7666859030723572
Loss: 0.329602986574173 | PLCC: 0.7406591176986694
Loss: 0.30819961428642273 | PLCC: 0.7620607018470764
Loss: 0.3063693046569824 | PLCC: 0.7614149451255798
Avg PLCC 0.009382622852695711
   [Epoch 143] Train loss: 0.31075
    VAL  F-score 32.352 | MAP50 0.54264 | MAP15 0.22156
[Epoch: 144/200]
Loss: 0.29944154620170593 | PLCC: 0.7666072845458984
Loss: 0.3140098750591278 | PLCC: 0.7562798857688904
Loss: 0.29869428277015686 | PLCC: 0.7696622610092163
Loss: 0.3204302489757538 | PLCC: 0.7466034293174744
Avg PLCC 0.009136226903082747
   [Epoch 144] Train loss: 0.30814
    VAL  F-score 32.352 | MAP50 0.54288 | MAP15 0.22181
[Epoch: 145/200]
Loss: 0.31066450476646423 | PLCC: 0.758290708065033
Loss: 0.31587302684783936 | PLCC: 0.7527512907981873
Loss: 0.31020915508270264 | PLCC: 0.7571316361427307
Loss: 0.2981947362422943 | PLCC: 0.7702735066413879
Avg PLCC 0.009179529931509134
   [Epoch 145] Train loss: 0.30874
    VAL  F-score 32.352 | MAP50 0.54168 | MAP15 0.2217
[Epoch: 146/200]
Loss: 0.3005520701408386 | PLCC: 0.7687103748321533
Loss: 0.31941771507263184 | PLCC: 0.7491457462310791
Loss: 0.3081909120082855 | PLCC: 0.7586675882339478
Loss: 0.29555952548980713 | PLCC: 0.7702202796936035
Avg PLCC 0.009440608435507977
   [Epoch 146] Train loss: 0.30593
    VAL  F-score 32.067 | MAP50 0.54179 | MAP15 0.22191
[Epoch: 147/200]
Loss: 0.29701560735702515 | PLCC: 0.7709348201751709
Loss: 0.31785741448402405 | PLCC: 0.7524617314338684
Loss: 0.31973451375961304 | PLCC: 0.7487867474555969
Loss: 0.295620322227478 | PLCC: 0.7690539360046387
Avg PLCC 0.00969712266867811
   [Epoch 147] Train loss: 0.30756
    VAL  F-score 32.067 | MAP50 0.54146 | MAP15 0.22253
[Epoch: 148/200]
Loss: 0.3125869333744049 | PLCC: 0.7545051574707031
Loss: 0.29854556918144226 | PLCC: 0.7695618271827698
Loss: 0.3028152883052826 | PLCC: 0.7652091383934021
Loss: 0.30376800894737244 | PLCC: 0.7620955109596252
Avg PLCC 0.01001014978145108
   [Epoch 148] Train loss: 0.30443
    VAL  F-score 32.162 | MAP50 0.54192 | MAP15 0.223
[Epoch: 149/200]
Loss: 0.28379228711128235 | PLCC: 0.7826085090637207
Loss: 0.2937266230583191 | PLCC: 0.7718490958213806
Loss: 0.3172677457332611 | PLCC: 0.7512537240982056
Loss: 0.3243979811668396 | PLCC: 0.7444151043891907
Avg PLCC 0.010218160029387835
   [Epoch 149] Train loss: 0.30480
    VAL  F-score 31.707 | MAP50 0.54202 | MAP15 0.22365
[Epoch: 150/200]
Loss: 0.3074905574321747 | PLCC: 0.758384644985199
Loss: 0.33836084604263306 | PLCC: 0.7314221262931824
Loss: 0.28125572204589844 | PLCC: 0.7850490212440491
Loss: 0.29133322834968567 | PLCC: 0.7753992676734924
Avg PLCC 0.01024793545630845
   [Epoch 150] Train loss: 0.30461
    VAL  F-score 31.707 | MAP50 0.54205 | MAP15 0.22239
[Epoch: 151/200]
Loss: 0.29003092646598816 | PLCC: 0.7762687802314758
Loss: 0.3273690342903137 | PLCC: 0.7398676872253418
Loss: 0.32060232758522034 | PLCC: 0.7490674257278442
Loss: 0.2798326909542084 | PLCC: 0.7857567071914673
Avg PLCC 0.010148321334837061
   [Epoch 151] Train loss: 0.30446
    VAL  F-score 31.707 | MAP50 0.54147 | MAP15 0.22222
[Epoch: 152/200]
Loss: 0.3120877742767334 | PLCC: 0.7545574903488159
Loss: 0.2958366572856903 | PLCC: 0.771409809589386
Loss: 0.2936556041240692 | PLCC: 0.7718185782432556
Loss: 0.29627344012260437 | PLCC: 0.7704879641532898
Avg PLCC 0.009828265220152609
   [Epoch 152] Train loss: 0.29946
    VAL  F-score 31.851 | MAP50 0.54093 | MAP15 0.22075
[Epoch: 153/200]
Loss: 0.2914459705352783 | PLCC: 0.7738930583000183
Loss: 0.30253350734710693 | PLCC: 0.7615193724632263
Loss: 0.311014860868454 | PLCC: 0.7553688883781433
Loss: 0.30279213190078735 | PLCC: 0.7692845463752747
Avg PLCC 0.009575097652321512
   [Epoch 153] Train loss: 0.30195
    VAL  F-score 31.946 | MAP50 0.54091 | MAP15 0.22037
[Epoch: 154/200]
Loss: 0.30485787987709045 | PLCC: 0.761685848236084
Loss: 0.2882409393787384 | PLCC: 0.7759371995925903
Loss: 0.29700028896331787 | PLCC: 0.7687389850616455
Loss: 0.3076765537261963 | PLCC: 0.7618217468261719
Avg PLCC 0.009306009209743052
   [Epoch 154] Train loss: 0.29944
    VAL  F-score 31.946 | MAP50 0.54099 | MAP15 0.22029
[Epoch: 155/200]
Loss: 0.30889827013015747 | PLCC: 0.7591063380241394
Loss: 0.30355605483055115 | PLCC: 0.7652132511138916
Loss: 0.2880024313926697 | PLCC: 0.7744534611701965
Loss: 0.28918278217315674 | PLCC: 0.7763825058937073
Avg PLCC 0.009150992740284313
   [Epoch 155] Train loss: 0.29741
    VAL  F-score 32.584 | MAP50 0.54148 | MAP15 0.22041
[Epoch: 156/200]
Loss: 0.29039302468299866 | PLCC: 0.7731125354766846
Loss: 0.29694005846977234 | PLCC: 0.7688981890678406
Loss: 0.3324029743671417 | PLCC: 0.7373420596122742
Loss: 0.2716218829154968 | PLCC: 0.7932103276252747
Avg PLCC 0.009212155882833582
   [Epoch 156] Train loss: 0.29784
    VAL  F-score 32.584 | MAP50 0.54333 | MAP15 0.21984
[Epoch: 157/200]
Loss: 0.2930971682071686 | PLCC: 0.7733424305915833
Loss: 0.3005939722061157 | PLCC: 0.7633157968521118
Loss: 0.2974775433540344 | PLCC: 0.7690387964248657
Loss: 0.2950977087020874 | PLCC: 0.7716100811958313
Avg PLCC 0.009425405638687538
   [Epoch 157] Train loss: 0.29657
    VAL  F-score 32.588 | MAP50 0.54327 | MAP15 0.22034
[Epoch: 158/200]
Loss: 0.2981451451778412 | PLCC: 0.7682643532752991
Loss: 0.27866190671920776 | PLCC: 0.7877316474914551
Loss: 0.3149765133857727 | PLCC: 0.7473899722099304
Loss: 0.2926509976387024 | PLCC: 0.7744219303131104
Avg PLCC 0.009446854590240753
   [Epoch 158] Train loss: 0.29611
    VAL  F-score 32.588 | MAP50 0.54345 | MAP15 0.22082
[Epoch: 159/200]
Loss: 0.3047786056995392 | PLCC: 0.7620688080787659
Loss: 0.2979867458343506 | PLCC: 0.7680066227912903
Loss: 0.2835732698440552 | PLCC: 0.7811581492424011
Loss: 0.29609668254852295 | PLCC: 0.7693443894386292
Avg PLCC 0.00943702453690948
   [Epoch 159] Train loss: 0.29561
    VAL  F-score 32.588 | MAP50 0.5433 | MAP15 0.2218
[Epoch: 160/200]
Loss: 0.3146108090877533 | PLCC: 0.750431478023529
Loss: 0.28714102506637573 | PLCC: 0.7805421948432922
Loss: 0.2979452908039093 | PLCC: 0.7690505385398865
Loss: 0.2754097580909729 | PLCC: 0.7852023243904114
Avg PLCC 0.009392435606004614
   [Epoch 160] Train loss: 0.29378
    VAL  F-score 33.017 | MAP50 0.54346 | MAP15 0.21885
[Epoch: 161/200]
Loss: 0.28451621532440186 | PLCC: 0.7792388796806335
Loss: 0.3061801493167877 | PLCC: 0.7604357004165649
Loss: 0.2928534150123596 | PLCC: 0.7736948132514954
Loss: 0.2881007194519043 | PLCC: 0.7758141756057739
Avg PLCC 0.009596303274685686
   [Epoch 161] Train loss: 0.29291
    VAL  F-score 33.042 | MAP50 0.54363 | MAP15 0.22004
[Epoch: 162/200]
Loss: 0.2790546417236328 | PLCC: 0.7832416296005249
Loss: 0.29309797286987305 | PLCC: 0.7747247815132141
Loss: 0.29001134634017944 | PLCC: 0.7723395228385925
Loss: 0.3100506663322449 | PLCC: 0.7580975294113159
Avg PLCC 0.009752390087779724
   [Epoch 162] Train loss: 0.29305
    VAL  F-score 33.042 | MAP50 0.54375 | MAP15 0.21837
[Epoch: 163/200]
Loss: 0.303323358297348 | PLCC: 0.7634708881378174
Loss: 0.2732688784599304 | PLCC: 0.789199948310852
Loss: 0.29964199662208557 | PLCC: 0.7645394802093506
Loss: 0.2912936210632324 | PLCC: 0.7750585675239563
Avg PLCC 0.009829835006684967
   [Epoch 163] Train loss: 0.29188
    VAL  F-score 33.042 | MAP50 0.54283 | MAP15 0.21978
[Epoch: 164/200]
Loss: 0.28266140818595886 | PLCC: 0.7812578082084656
Loss: 0.2811973989009857 | PLCC: 0.7812104225158691
Loss: 0.29414433240890503 | PLCC: 0.7721271514892578
Loss: 0.2909379005432129 | PLCC: 0.7732473611831665
Avg PLCC 0.009767900644378229
   [Epoch 164] Train loss: 0.28724
    VAL  F-score 32.834 | MAP50 0.54263 | MAP15 0.21901
[Epoch: 165/200]
Loss: 0.3001556396484375 | PLCC: 0.7652474641799927
Loss: 0.2877205014228821 | PLCC: 0.7755292654037476
Loss: 0.2840229272842407 | PLCC: 0.7785744667053223
Loss: 0.28670746088027954 | PLCC: 0.7806669473648071
Avg PLCC 0.009662032889371569
   [Epoch 165] Train loss: 0.28965
    VAL  F-score 32.401 | MAP50 0.54204 | MAP15 0.21911
[Epoch: 166/200]
Loss: 0.28944456577301025 | PLCC: 0.7750353217124939
Loss: 0.2906009554862976 | PLCC: 0.7729078531265259
Loss: 0.2708868384361267 | PLCC: 0.7935171723365784
Loss: 0.29455482959747314 | PLCC: 0.7683759927749634
Avg PLCC 0.009551103593725147
   [Epoch 166] Train loss: 0.28637
    VAL  F-score 32.401 | MAP50 0.54251 | MAP15 0.21982
[Epoch: 167/200]
Loss: 0.2870180308818817 | PLCC: 0.7762812376022339
Loss: 0.2831324338912964 | PLCC: 0.7802895307540894
Loss: 0.29460346698760986 | PLCC: 0.7728975415229797
Loss: 0.28443795442581177 | PLCC: 0.777245819568634
Avg PLCC 0.00944225566292351
   [Epoch 167] Train loss: 0.28730
    VAL  F-score 31.987 | MAP50 0.543 | MAP15 0.22008
[Epoch: 168/200]
Loss: 0.2790798842906952 | PLCC: 0.7840338945388794
Loss: 0.29586049914360046 | PLCC: 0.7684738636016846
Loss: 0.2914047837257385 | PLCC: 0.772294819355011
Loss: 0.27744966745376587 | PLCC: 0.7867167592048645
Avg PLCC 0.009101225571198896
   [Epoch 168] Train loss: 0.28595
    VAL  F-score 31.987 | MAP50 0.54257 | MAP15 0.22046
[Epoch: 169/200]
Loss: 0.26736530661582947 | PLCC: 0.7949515581130981
Loss: 0.29442834854125977 | PLCC: 0.7703032493591309
Loss: 0.2774413228034973 | PLCC: 0.785963237285614
Loss: 0.3088347315788269 | PLCC: 0.7559987306594849
Avg PLCC 0.008905853342377779
   [Epoch 169] Train loss: 0.28702
    VAL  F-score 32.625 | MAP50 0.54311 | MAP15 0.22233
[Epoch: 170/200]
Loss: 0.27544763684272766 | PLCC: 0.7842133045196533
Loss: 0.29203635454177856 | PLCC: 0.7732858657836914
Loss: 0.27515149116516113 | PLCC: 0.7904178500175476
Loss: 0.30742132663726807 | PLCC: 0.7572012543678284
Avg PLCC 0.008492938327518377
   [Epoch 170] Train loss: 0.28751
    VAL  F-score 32.625 | MAP50 0.54385 | MAP15 0.22391
[Epoch: 171/200]
Loss: 0.2957419157028198 | PLCC: 0.7677443027496338
Loss: 0.27500492334365845 | PLCC: 0.7899492383003235
Loss: 0.2769022583961487 | PLCC: 0.7871964573860168
Loss: 0.29635992646217346 | PLCC: 0.7656342387199402
Avg PLCC 0.008066119710830126
   [Epoch 171] Train loss: 0.28600
    VAL  F-score 32.625 | MAP50 0.54431 | MAP15 0.22409
[Epoch: 172/200]
Loss: 0.283740371465683 | PLCC: 0.782644510269165
Loss: 0.271993488073349 | PLCC: 0.7885648012161255
Loss: 0.31043878197669983 | PLCC: 0.7540873289108276
Loss: 0.26970866322517395 | PLCC: 0.7923363447189331
Avg PLCC 0.00781473122311361
   [Epoch 172] Train loss: 0.28397
    VAL  F-score 31.987 | MAP50 0.54209 | MAP15 0.22151
[Epoch: 173/200]
Loss: 0.2756916880607605 | PLCC: 0.7856609225273132
Loss: 0.26864880323410034 | PLCC: 0.7936345338821411
Loss: 0.2889763116836548 | PLCC: 0.7742937803268433
Loss: 0.2986697852611542 | PLCC: 0.7674210071563721
Avg PLCC 0.00762362400013389
   [Epoch 173] Train loss: 0.28300
    VAL  F-score 31.987 | MAP50 0.54147 | MAP15 0.22044
[Epoch: 174/200]
Loss: 0.27794280648231506 | PLCC: 0.7832788228988647
Loss: 0.2750881314277649 | PLCC: 0.7871941924095154
Loss: 0.2730971872806549 | PLCC: 0.7891507744789124
Loss: 0.2937580645084381 | PLCC: 0.7721276879310608
Avg PLCC 0.007460520913203557
   [Epoch 174] Train loss: 0.27997
    VAL  F-score 32.625 | MAP50 0.5414 | MAP15 0.21939
[Epoch: 175/200]
Loss: 0.27511629462242126 | PLCC: 0.7895214557647705
Loss: 0.27606260776519775 | PLCC: 0.7869917750358582
Loss: 0.2865378260612488 | PLCC: 0.7744354605674744
Loss: 0.288801372051239 | PLCC: 0.7736014723777771
Avg PLCC 0.00729064287787134
   [Epoch 175] Train loss: 0.28163
    VAL  F-score 32.625 | MAP50 0.541 | MAP15 0.21913
[Epoch: 176/200]
Loss: 0.2920314073562622 | PLCC: 0.7709821462631226
Loss: 0.25832775235176086 | PLCC: 0.8042020201683044
Loss: 0.2963733673095703 | PLCC: 0.7661626935005188
Loss: 0.28046512603759766 | PLCC: 0.7821706533432007
Avg PLCC 0.007262616644077229
   [Epoch 176] Train loss: 0.28180
    VAL  F-score 32.488 | MAP50 0.5406 | MAP15 0.21861
[Epoch: 177/200]
Loss: 0.2857899069786072 | PLCC: 0.7776197791099548
Loss: 0.27465569972991943 | PLCC: 0.7856862545013428
Loss: 0.26856011152267456 | PLCC: 0.7922481894493103
Loss: 0.2791191339492798 | PLCC: 0.7851548790931702
Avg PLCC 0.0074440362496357975
   [Epoch 177] Train loss: 0.27703
    VAL  F-score 32.901 | MAP50 0.54278 | MAP15 0.22046
[Epoch: 178/200]
Loss: 0.2862464189529419 | PLCC: 0.7768751382827759
Loss: 0.2756290137767792 | PLCC: 0.785444974899292
Loss: 0.2699529230594635 | PLCC: 0.7924295663833618
Loss: 0.27660804986953735 | PLCC: 0.7855112552642822
Avg PLCC 0.007573111293216546
   [Epoch 178] Train loss: 0.27711
    VAL  F-score 32.901 | MAP50 0.54287 | MAP15 0.22046
[Epoch: 179/200]
Loss: 0.2846692204475403 | PLCC: 0.7809114456176758
Loss: 0.2644975185394287 | PLCC: 0.7955610156059265
Loss: 0.28718262910842896 | PLCC: 0.7729047536849976
Loss: 0.271873414516449 | PLCC: 0.7899864912033081
Avg PLCC 0.007623132798030521
   [Epoch 179] Train loss: 0.27706
    VAL  F-score 31.956 | MAP50 0.54228 | MAP15 0.22056
[Epoch: 180/200]
Loss: 0.2839926779270172 | PLCC: 0.7774543762207031
Loss: 0.2877677381038666 | PLCC: 0.7748028039932251
Loss: 0.254984050989151 | PLCC: 0.8070535063743591
Loss: 0.28247886896133423 | PLCC: 0.7779769897460938
Avg PLCC 0.007439112276629065
   [Epoch 180] Train loss: 0.27731
    VAL  F-score 31.906 | MAP50 0.54225 | MAP15 0.21934
[Epoch: 181/200]
Loss: 0.27133268117904663 | PLCC: 0.7889990210533142
Loss: 0.27811750769615173 | PLCC: 0.7821068167686462
Loss: 0.28677523136138916 | PLCC: 0.7778887748718262
Loss: 0.27614620327949524 | PLCC: 0.7882515788078308
Avg PLCC 0.0073688283816657285
   [Epoch 181] Train loss: 0.27809
    VAL  F-score 32.957 | MAP50 0.54253 | MAP15 0.21885
[Epoch: 182/200]
Loss: 0.27554142475128174 | PLCC: 0.7853546738624573
Loss: 0.2643246650695801 | PLCC: 0.796202540397644
Loss: 0.2824063003063202 | PLCC: 0.7830348014831543
Loss: 0.2786763906478882 | PLCC: 0.7809444069862366
Avg PLCC 0.007405850122626306
   [Epoch 182] Train loss: 0.27524
    VAL  F-score 32.393 | MAP50 0.54246 | MAP15 0.21846
[Epoch: 183/200]
Loss: 0.27588018774986267 | PLCC: 0.784722626209259
Loss: 0.2628992795944214 | PLCC: 0.798629105091095
Loss: 0.2701606750488281 | PLCC: 0.7936298847198486
Loss: 0.28508472442626953 | PLCC: 0.7724677324295044
Avg PLCC 0.0075994083290976105
   [Epoch 183] Train loss: 0.27351
    VAL  F-score 32.393 | MAP50 0.54213 | MAP15 0.21796
[Epoch: 184/200]
Loss: 0.2810010313987732 | PLCC: 0.7792945504188538
Loss: 0.25588369369506836 | PLCC: 0.804537832736969
Loss: 0.2832873463630676 | PLCC: 0.7770591974258423
Loss: 0.28176602721214294 | PLCC: 0.7832183241844177
Avg PLCC 0.007793671931281235
   [Epoch 184] Train loss: 0.27548
    VAL  F-score 31.98 | MAP50 0.54173 | MAP15 0.21736
[Epoch: 185/200]
Loss: 0.269069105386734 | PLCC: 0.7939426898956299
Loss: 0.2837841212749481 | PLCC: 0.7777628302574158
Loss: 0.2659803032875061 | PLCC: 0.7935718894004822
Loss: 0.27469179034233093 | PLCC: 0.7861028909683228
Avg PLCC 0.007987141524526205
   [Epoch 185] Train loss: 0.27338
    VAL  F-score 31.98 | MAP50 0.54163 | MAP15 0.21683
[Epoch: 186/200]
Loss: 0.2711625397205353 | PLCC: 0.7890674471855164
Loss: 0.2635667026042938 | PLCC: 0.7956755757331848
Loss: 0.2732844948768616 | PLCC: 0.7885875105857849
Loss: 0.273980975151062 | PLCC: 0.7880811095237732
Avg PLCC 0.008094479640324911
   [Epoch 186] Train loss: 0.27050
    VAL  F-score 31.98 | MAP50 0.54172 | MAP15 0.21839
[Epoch: 187/200]
Loss: 0.270022451877594 | PLCC: 0.7899995446205139
Loss: 0.272695392370224 | PLCC: 0.7879138588905334
Loss: 0.27657389640808105 | PLCC: 0.7859352231025696
Loss: 0.2683500349521637 | PLCC: 0.7918263077735901
Avg PLCC 0.008102689502817211
   [Epoch 187] Train loss: 0.27191
    VAL  F-score 32.618 | MAP50 0.54172 | MAP15 0.21753
[Epoch: 188/200]
Loss: 0.28171926736831665 | PLCC: 0.7813602685928345
Loss: 0.27464157342910767 | PLCC: 0.7826249599456787
Loss: 0.2790507376194 | PLCC: 0.7819659113883972
Loss: 0.2519510090351105 | PLCC: 0.8097559809684753
Avg PLCC 0.008210858612349539
   [Epoch 188] Train loss: 0.27184
    VAL  F-score 33.195 | MAP50 0.54225 | MAP15 0.21758
[Epoch: 189/200]
Loss: 0.2641264498233795 | PLCC: 0.7945611476898193
Loss: 0.2712320387363434 | PLCC: 0.7908238768577576
Loss: 0.2792121171951294 | PLCC: 0.7799727916717529
Loss: 0.2605997622013092 | PLCC: 0.8010192513465881
Avg PLCC 0.008437920277091589
   [Epoch 189] Train loss: 0.26879
    VAL  F-score 33.608 | MAP50 0.54199 | MAP15 0.2159
[Epoch: 190/200]
Loss: 0.26994505524635315 | PLCC: 0.7922903895378113
Loss: 0.26958587765693665 | PLCC: 0.7890247106552124
Loss: 0.26751071214675903 | PLCC: 0.7910319566726685
Loss: 0.26506534218788147 | PLCC: 0.7966707944869995
Avg PLCC 0.008509488494107218
   [Epoch 190] Train loss: 0.26803
    VAL  F-score 33.851 | MAP50 0.54123 | MAP15 0.21563
[Epoch: 191/200]
Loss: 0.27379074692726135 | PLCC: 0.7882364392280579
Loss: 0.2550252676010132 | PLCC: 0.8018363118171692
Loss: 0.2748255729675293 | PLCC: 0.7879301905632019
Loss: 0.2740669846534729 | PLCC: 0.7849892973899841
Avg PLCC 0.008772516312698523
   [Epoch 191] Train loss: 0.26943
    VAL  F-score 33.851 | MAP50 0.54159 | MAP15 0.21575
[Epoch: 192/200]
Loss: 0.26843515038490295 | PLCC: 0.7912463545799255
Loss: 0.2710995674133301 | PLCC: 0.7878120541572571
Loss: 0.26638931035995483 | PLCC: 0.7944389581680298
Loss: 0.2653099596500397 | PLCC: 0.7957372665405273
Avg PLCC 0.008980583455978018
   [Epoch 192] Train loss: 0.26781
    VAL  F-score 33.851 | MAP50 0.54127 | MAP15 0.21565
[Epoch: 193/200]
Loss: 0.2729175090789795 | PLCC: 0.786952555179596
Loss: 0.2508586049079895 | PLCC: 0.8083900213241577
Loss: 0.28404152393341064 | PLCC: 0.7766509652137756
Loss: 0.26556459069252014 | PLCC: 0.7944526672363281
Avg PLCC 0.008852314175755688
   [Epoch 193] Train loss: 0.26835
    VAL  F-score 33.706 | MAP50 0.53994 | MAP15 0.21064
[Epoch: 194/200]
Loss: 0.26598501205444336 | PLCC: 0.7949208617210388
Loss: 0.2614268362522125 | PLCC: 0.7975025177001953
Loss: 0.2772662043571472 | PLCC: 0.7819567918777466
Loss: 0.25537192821502686 | PLCC: 0.8037440776824951
Avg PLCC 0.008824864233081991
   [Epoch 194] Train loss: 0.26501
    VAL  F-score 33.706 | MAP50 0.54044 | MAP15 0.21153
[Epoch: 195/200]
Loss: 0.28580209612846375 | PLCC: 0.7750667929649353
Loss: 0.2527356743812561 | PLCC: 0.8046960234642029
Loss: 0.2556573450565338 | PLCC: 0.8027075529098511
Loss: 0.260954350233078 | PLCC: 0.798896312713623
Avg PLCC 0.008737866865527449
   [Epoch 195] Train loss: 0.26379
    VAL  F-score 33.706 | MAP50 0.54125 | MAP15 0.2118
[Epoch: 196/200]
Loss: 0.2559371590614319 | PLCC: 0.7996301054954529
Loss: 0.26327434182167053 | PLCC: 0.7960802316665649
Loss: 0.2630145847797394 | PLCC: 0.7978992462158203
Loss: 0.2783258259296417 | PLCC: 0.7829892635345459
Avg PLCC 0.00877342215090087
   [Epoch 196] Train loss: 0.26514
    VAL  F-score 32.858 | MAP50 0.54031 | MAP15 0.21208
[Epoch: 197/200]
Loss: 0.2659858167171478 | PLCC: 0.7922032475471497
Loss: 0.25107043981552124 | PLCC: 0.8081154823303223
Loss: 0.25859594345092773 | PLCC: 0.7992534041404724
Loss: 0.2795748710632324 | PLCC: 0.7809831500053406
Avg PLCC 0.00884610280450998
   [Epoch 197] Train loss: 0.26381
    VAL  F-score 32.858 | MAP50 0.54069 | MAP15 0.21207
[Epoch: 198/200]
Loss: 0.2697082757949829 | PLCC: 0.7913205027580261
Loss: 0.24742679297924042 | PLCC: 0.8103423118591309
Loss: 0.2551221251487732 | PLCC: 0.803296685218811
Loss: 0.2881263196468353 | PLCC: 0.7709946632385254
Avg PLCC 0.008903302082961256
   [Epoch 198] Train loss: 0.26510
    VAL  F-score 32.858 | MAP50 0.54032 | MAP15 0.2118
[Epoch: 199/200]
Loss: 0.2806335985660553 | PLCC: 0.7786807417869568
Loss: 0.2688503563404083 | PLCC: 0.788370668888092
Loss: 0.2633323669433594 | PLCC: 0.7996549010276794
Loss: 0.24559080600738525 | PLCC: 0.8109954595565796
Avg PLCC 0.009107413560603603
   [Epoch 199] Train loss: 0.26460
    VAL  F-score 32.858 | MAP50 0.53937 | MAP15 0.21116
   Best Val F1 score 44.085 @ epoch0
   Best Val MAP-50   0.56126 @ epoch29
   Best Val MAP-15   0.2582 @ epoch17
   Best Val PLCC   0.04001 @ epoch23

Testing Model:  Summaries/VASNet/dev/best_f1score_model/best_f1.pkl
Device:  cuda:0
------------------------------------------------------
   TEST RESULT on Summaries/VASNet/dev/best_f1score_model/best_f1.pkl: 
   TEST MRHiSum F-score 48.033 | MAP50 0.56583 | MAP15 0.24006
------------------------------------------------------
Testing Model:  Summaries/VASNet/dev/best_mAP50_model/best_map50.pkl
Device:  cuda:0
------------------------------------------------------
   TEST RESULT on Summaries/VASNet/dev/best_mAP50_model/best_map50.pkl: 
   TEST MRHiSum F-score 39.332 | MAP50 0.56203 | MAP15 0.24023
------------------------------------------------------
Testing Model:  Summaries/VASNet/dev/best_mAP15_model/best_map15.pkl
Device:  cuda:0
------------------------------------------------------
   TEST RESULT on Summaries/VASNet/dev/best_mAP15_model/best_map15.pkl: 
   TEST MRHiSum F-score 42.574 | MAP50 0.56837 | MAP15 0.24223
------------------------------------------------------
